<?xml version="1.0" encoding="utf-8"?>
<TestRun id="c7cfae11-5c42-4adf-9abd-a1521496a36a" name="@runnervmlun5p 2026-09-19 07:09:42" xmlns="http://microsoft.com/schemas/VisualStudio/TeamTest/2010">
  <Times creation="2026-09-19T07:09:42.6366468+00:00" queuing="2026-09-19T07:09:42.6366469+00:00" start="2026-09-19T07:09:40.7822949+00:00" finish="2026-09-19T07:09:53.0177874+00:00" />
  <TestSettings name="default" id="d5f04d7a-2c6c-4161-a623-5a2cd9f6ea0a">
    <Deployment runDeploymentRoot="_runnervmlun5p_2026-09-19_07_09_42" />
  </TestSettings>
  <Results>
    <UnitTestResult executionId="8e5f34aa-0538-47f9-a576-3ffe25947449" testId="0f349738-363a-8ef0-8a25-a36953b9592a" testName="SonnetDB.CrashTests.CrashReliabilityTests.crash_kill9_mid_compaction_ReopenDoesNotDuplicateCommittedSegments" computerName="runnervmlun5p" duration="00:00:00.9663363" startTime="2026-09-19T07:09:49.6324727+00:00" endTime="2026-09-19T07:09:50.5987809+00:00" testType="13cdc9d9-ddb5-4fa4-a97d-d965ccfc6d4b" outcome="Passed" testListId="8c84fa94-04c1-424b-9868-57a2d4851a1d" relativeResultsDirectory="8e5f34aa-0538-47f9-a576-3ffe25947449" />
    <UnitTestResult executionId="3ada3f4d-3671-4294-8403-3aec7844e31f" testId="a6124360-9360-4e85-c15e-810c6f3af808" testName="SonnetDB.CrashTests.CrashReliabilityTests.Tsdb_CrossProcessRootDirectoryLease_RejectsConcurrentOwnerAndReopensAfterTermination" computerName="runnervmlun5p" duration="00:00:00.1998499" startTime="2026-09-19T07:09:41.6268265+00:00" endTime="2026-09-19T07:09:41.8154475+00:00" testType="13cdc9d9-ddb5-4fa4-a97d-d965ccfc6d4b" outcome="Passed" testListId="8c84fa94-04c1-424b-9868-57a2d4851a1d" relativeResultsDirectory="3ada3f4d-3671-4294-8403-3aec7844e31f" />
    <UnitTestResult executionId="53371454-2896-403e-af60-ca13580dc13e" testId="11a23f9f-3d89-2a20-74de-b011a86ee01b" testName="SonnetDB.CrashTests.CrashReliabilityTests.crash_kill9_triggerCompletionBoundary_ReopenSeesConsistentPair(scenario: &quot;crash_kill9_before_trigger_transaction_complete&quot;, expectedRows: 0)" computerName="runnervmlun5p" duration="00:00:00.3684220" startTime="2026-09-19T07:09:43.3203517+00:00" endTime="2026-09-19T07:09:43.6888209+00:00" testType="13cdc9d9-ddb5-4fa4-a97d-d965ccfc6d4b" outcome="Passed" testListId="8c84fa94-04c1-424b-9868-57a2d4851a1d" relativeResultsDirectory="53371454-2896-403e-af60-ca13580dc13e" />
    <UnitTestResult executionId="06b291f4-b0dd-42ab-b1d1-662f6ada0502" testId="978c8e87-93fe-a87c-29fe-9ff8978df767" testName="SonnetDB.CrashTests.CrashReliabilityTests.Tsdb_CrossProcessRootDirectoryLease_CrashSimulationCloseWalReleasesBeforeHolderTerminates" computerName="runnervmlun5p" duration="00:00:00.2038658" startTime="2026-09-19T07:09:52.6729512+00:00" endTime="2026-09-19T07:09:52.8767431+00:00" testType="13cdc9d9-ddb5-4fa4-a97d-d965ccfc6d4b" outcome="Passed" testListId="8c84fa94-04c1-424b-9868-57a2d4851a1d" relativeResultsDirectory="06b291f4-b0dd-42ab-b1d1-662f6ada0502" />
    <UnitTestResult executionId="204aef3c-ee21-4d57-bbb1-3b439ccfb3bd" testId="9150857f-c4e4-07c5-0035-9fdc417b3556" testName="SonnetDB.CrashTests.CrashReliabilityTests.disk_full_during_wal_append_PreservesPreviouslySyncedRecords" computerName="runnervmlun5p" duration="00:00:00.0216660" startTime="2026-09-19T07:09:51.9597548+00:00" endTime="2026-09-19T07:09:51.9814037+00:00" testType="13cdc9d9-ddb5-4fa4-a97d-d965ccfc6d4b" outcome="Passed" testListId="8c84fa94-04c1-424b-9868-57a2d4851a1d" relativeResultsDirectory="204aef3c-ee21-4d57-bbb1-3b439ccfb3bd" />
    <UnitTestResult executionId="4aafad45-5863-4a45-8872-cb9564c35c18" testId="36a2b4c3-da7a-2c3f-26ff-0d7127447f49" testName="SonnetDB.CrashTests.CrashReliabilityTests.crash_kill9_deferredTriggerCommit_ReopenSeesConsistentFinalState(scenario: &quot;crash_kill9_deferred_trigger_before_complete&quot;, expectedRows: 0)" computerName="runnervmlun5p" duration="00:00:00.5414300" startTime="2026-09-19T07:09:42.7790282+00:00" endTime="2026-09-19T07:09:43.3200767+00:00" testType="13cdc9d9-ddb5-4fa4-a97d-d965ccfc6d4b" outcome="Passed" testListId="8c84fa94-04c1-424b-9868-57a2d4851a1d" relativeResultsDirectory="4aafad45-5863-4a45-8872-cb9564c35c18" />
    <UnitTestResult executionId="6049326d-ef89-4e9a-8d76-d6ddac766fc0" testId="cf268a46-eed7-90c1-44fe-4c2f2f2de1b2" testName="SonnetDB.CrashTests.CrashReliabilityTests.GraphManager_CrossProcessLifecycleLease_RejectsConcurrentOwnerAndReopensAfterTermination" computerName="runnervmlun5p" duration="00:00:00.0709727" startTime="2026-09-19T07:09:52.8769664+00:00" endTime="2026-09-19T07:09:52.9478771+00:00" testType="13cdc9d9-ddb5-4fa4-a97d-d965ccfc6d4b" outcome="Passed" testListId="8c84fa94-04c1-424b-9868-57a2d4851a1d" relativeResultsDirectory="6049326d-ef89-4e9a-8d76-d6ddac766fc0" />
    <UnitTestResult executionId="94992410-46da-4b1f-ba88-2d77d9650369" testId="8ceaa522-85b6-0efa-4f63-95ef846062a3" testName="SonnetDB.CrashTests.CrashReliabilityTests.Tsdb_CrossProcessRootDirectoryLease_DisposeReleasesBeforeHolderTerminates" computerName="runnervmlun5p" duration="00:00:00.2052505" startTime="2026-09-19T07:09:49.2893341+00:00" endTime="2026-09-19T07:09:49.4945493+00:00" testType="13cdc9d9-ddb5-4fa4-a97d-d965ccfc6d4b" outcome="Passed" testListId="8c84fa94-04c1-424b-9868-57a2d4851a1d" relativeResultsDirectory="94992410-46da-4b1f-ba88-2d77d9650369" />
    <UnitTestResult executionId="d45ed454-8392-4780-95b1-67f08cf480cb" testId="1d354875-c8f0-7dd7-c220-60ae69f1fc29" testName="SonnetDB.CrashTests.CrashReliabilityTests.crash_kill9_deferredTriggerCommit_ReopenSeesConsistentFinalState(scenario: &quot;crash_kill9_deferred_trigger_between_tables&quot;, expectedRows: 0)" computerName="runnervmlun5p" duration="00:00:00.3888383" startTime="2026-09-19T07:09:42.3899211+00:00" endTime="2026-09-19T07:09:42.7785028+00:00" testType="13cdc9d9-ddb5-4fa4-a97d-d965ccfc6d4b" outcome="Passed" testListId="8c84fa94-04c1-424b-9868-57a2d4851a1d" relativeResultsDirectory="d45ed454-8392-4780-95b1-67f08cf480cb" />
    <UnitTestResult executionId="0e6d71af-5763-49ab-aa90-f024d2eea24e" testId="d32ad756-54c8-55c1-3acf-20b83d44656c" testName="SonnetDB.CrashTests.CrashReliabilityTests.crash_kill9_deferredTriggerBeforeCommit_ReopenDiscardsQueuedSourceAndAction" computerName="runnervmlun5p" duration="00:00:00.3584226" startTime="2026-09-19T07:09:45.2832172+00:00" endTime="2026-09-19T07:09:45.6414762+00:00" testType="13cdc9d9-ddb5-4fa4-a97d-d965ccfc6d4b" outcome="Passed" testListId="8c84fa94-04c1-424b-9868-57a2d4851a1d" relativeResultsDirectory="0e6d71af-5763-49ab-aa90-f024d2eea24e" />
    <UnitTestResult executionId="a2cbaa16-3939-48b8-bed1-278e3122fafe" testId="6d2529d1-17c4-74dd-8b49-9d11989bb1d3" testName="SonnetDB.CrashTests.CrashReliabilityTests.power_loss_torn_record_ReopenIgnoresTornWalTail" computerName="runnervmlun5p" duration="00:00:00.0259589" startTime="2026-09-19T07:09:50.5990547+00:00" endTime="2026-09-19T07:09:50.6249238+00:00" testType="13cdc9d9-ddb5-4fa4-a97d-d965ccfc6d4b" outcome="Passed" testListId="8c84fa94-04c1-424b-9868-57a2d4851a1d" relativeResultsDirectory="a2cbaa16-3939-48b8-bed1-278e3122fafe" />
    <UnitTestResult executionId="18f9400f-96ca-4041-b8a6-55135fdcba0e" testId="3ed8f3c2-3284-1a28-63f1-358738d5a81d" testName="SonnetDB.CrashTests.CrashReliabilityTests.oom_protection_memtable_backpressure_HardCapFlushesBeforeUnboundedGrowth" computerName="runnervmlun5p" duration="00:00:00.1375406" startTime="2026-09-19T07:09:49.4947602+00:00" endTime="2026-09-19T07:09:49.6322657+00:00" testType="13cdc9d9-ddb5-4fa4-a97d-d965ccfc6d4b" outcome="Passed" testListId="8c84fa94-04c1-424b-9868-57a2d4851a1d" relativeResultsDirectory="18f9400f-96ca-4041-b8a6-55135fdcba0e" />
    <UnitTestResult executionId="3582e2ec-bb84-4937-a90d-017979f61bad" testId="cbacb637-f33d-723f-1062-c8637f0fe42b" testName="SonnetDB.CrashTests.CrashReliabilityTests.crash_kill9_during_fsync_ReopenReplaysOnlyValidWalRecords" computerName="runnervmlun5p" duration="00:00:00.6911149" startTime="2026-09-19T07:09:51.9815717+00:00" endTime="2026-09-19T07:09:52.6727220+00:00" testType="13cdc9d9-ddb5-4fa4-a97d-d965ccfc6d4b" outcome="Passed" testListId="8c84fa94-04c1-424b-9868-57a2d4851a1d" relativeResultsDirectory="3582e2ec-bb84-4937-a90d-017979f61bad" />
    <UnitTestResult executionId="5c9006b1-9008-418f-a4fa-f42720304552" testId="1152b2df-d817-fafa-4e35-672f99ea42ca" testName="SonnetDB.CrashTests.CrashReliabilityTests.crash_kill9_triggerCompletionBoundary_ReopenSeesConsistentPair(scenario: &quot;crash_kill9_after_trigger_transaction_complete&quot;, expectedRows: 1)" computerName="runnervmlun5p" duration="00:00:00.4535147" startTime="2026-09-19T07:09:44.0422498+00:00" endTime="2026-09-19T07:09:44.4957996+00:00" testType="13cdc9d9-ddb5-4fa4-a97d-d965ccfc6d4b" outcome="Passed" testListId="8c84fa94-04c1-424b-9868-57a2d4851a1d" relativeResultsDirectory="5c9006b1-9008-418f-a4fa-f42720304552" />
    <UnitTestResult executionId="d38acce7-9f43-4fb7-8682-d8ad3e951c1e" testId="79f8a71e-0af1-90e5-f359-3d9e7db01079" testName="SonnetDB.CrashTests.CrashReliabilityTests.crash_kill9_triggerCompletionBoundary_ReopenSeesConsistentPair(scenario: &quot;crash_kill9_advanced_trigger_after_complete&quot;, expectedRows: 1)" computerName="runnervmlun5p" duration="00:00:00.3826375" startTime="2026-09-19T07:09:44.9002970+00:00" endTime="2026-09-19T07:09:45.2828997+00:00" testType="13cdc9d9-ddb5-4fa4-a97d-d965ccfc6d4b" outcome="Passed" testListId="8c84fa94-04c1-424b-9868-57a2d4851a1d" relativeResultsDirectory="d38acce7-9f43-4fb7-8682-d8ad3e951c1e" />
    <UnitTestResult executionId="bd7f9dbb-1d6f-4fb1-b85e-f7922c7bf29a" testId="2de5c52b-3b77-4ba4-f807-938e2a551123" testName="SonnetDB.CrashTests.CrashReliabilityTests.crash_kill9_triggerCompletionBoundary_ReopenSeesConsistentPair(scenario: &quot;crash_kill9_advanced_trigger_before_complete&quot;, expectedRows: 0)" computerName="runnervmlun5p" duration="00:00:00.3529406" startTime="2026-09-19T07:09:43.6890658+00:00" endTime="2026-09-19T07:09:44.0420585+00:00" testType="13cdc9d9-ddb5-4fa4-a97d-d965ccfc6d4b" outcome="Passed" testListId="8c84fa94-04c1-424b-9868-57a2d4851a1d" relativeResultsDirectory="bd7f9dbb-1d6f-4fb1-b85e-f7922c7bf29a" />
    <UnitTestResult executionId="b7c08713-d8c9-4cd0-b21f-7179c58daa82" testId="52c2e835-217a-0902-ba59-d6e9a6480af2" testName="SonnetDB.CrashTests.CrashReliabilityTests.crash_kill9_deferredTriggerCommit_ReopenSeesConsistentFinalState(scenario: &quot;crash_kill9_deferred_trigger_after_complete&quot;, expectedRows: 1)" computerName="runnervmlun5p" duration="00:00:00.5738817" startTime="2026-09-19T07:09:41.8164224+00:00" endTime="2026-09-19T07:09:42.3895565+00:00" testType="13cdc9d9-ddb5-4fa4-a97d-d965ccfc6d4b" outcome="Passed" testListId="8c84fa94-04c1-424b-9868-57a2d4851a1d" relativeResultsDirectory="b7c08713-d8c9-4cd0-b21f-7179c58daa82" />
    <UnitTestResult executionId="1efa20e7-de27-4db5-936f-3c13df4dc6c9" testId="c69b76cf-c18e-bebd-fa50-e1cbed3f35a7" testName="SonnetDB.CrashTests.CrashReliabilityTests.crash_kill9_after_delete_DeletedRangeStaysDeleted" computerName="runnervmlun5p" duration="00:00:00.6238757" startTime="2026-09-19T07:09:48.6655519+00:00" endTime="2026-09-19T07:09:49.2891369+00:00" testType="13cdc9d9-ddb5-4fa4-a97d-d965ccfc6d4b" outcome="Passed" testListId="8c84fa94-04c1-424b-9868-57a2d4851a1d" relativeResultsDirectory="1efa20e7-de27-4db5-936f-3c13df4dc6c9" />
    <UnitTestResult executionId="0b9aa60c-80de-4800-8e24-f6f0bb20f223" testId="719ee9c2-b843-29cb-bb45-ddae30178768" testName="SonnetDB.CrashTests.CrashReliabilityTests.power_loss_half_renamed_segment_PendingReplacementIsIgnoredOnReopen" computerName="runnervmlun5p" duration="00:00:00.2749151" startTime="2026-09-19T07:09:41.3320821+00:00" endTime="2026-09-19T07:09:41.6150785+00:00" testType="13cdc9d9-ddb5-4fa4-a97d-d965ccfc6d4b" outcome="Passed" testListId="8c84fa94-04c1-424b-9868-57a2d4851a1d" relativeResultsDirectory="0b9aa60c-80de-4800-8e24-f6f0bb20f223" />
    <UnitTestResult executionId="14a28816-63a7-4d0f-a0f7-9afb5b4a60be" testId="658c13a1-8492-90f3-7d5e-93f24b8faa31" testName="SonnetDB.CrashTests.CrashReliabilityTests.crash_kill9_betweenTriggerTableCommits_ReopenRollsBackBothTables" computerName="runnervmlun5p" duration="00:00:00.3456593" startTime="2026-09-19T07:09:51.1650940+00:00" endTime="2026-09-19T07:09:51.5106997+00:00" testType="13cdc9d9-ddb5-4fa4-a97d-d965ccfc6d4b" outcome="Passed" testListId="8c84fa94-04c1-424b-9868-57a2d4851a1d" relativeResultsDirectory="14a28816-63a7-4d0f-a0f7-9afb5b4a60be" />
    <UnitTestResult executionId="b37afaf1-8c70-4fb8-8204-02bca1255d5c" testId="939f4755-8654-694a-aa27-8a1c688f8ed8" testName="SonnetDB.CrashTests.CrashReliabilityTests.crash_kill9_os_flushed_writes_AckedWritesSurviveProcessCrash" computerName="runnervmlun5p" duration="00:00:00.5396831" startTime="2026-09-19T07:09:50.6251351+00:00" endTime="2026-09-19T07:09:51.1648037+00:00" testType="13cdc9d9-ddb5-4fa4-a97d-d965ccfc6d4b" outcome="Passed" testListId="8c84fa94-04c1-424b-9868-57a2d4851a1d" relativeResultsDirectory="b37afaf1-8c70-4fb8-8204-02bca1255d5c" />
    <UnitTestResult executionId="fa95af22-478f-4306-8a57-d3e7a8b9ac1b" testId="3eed3e40-3266-52e9-b887-4306172c153e" testName="SonnetDB.CrashTests.CrashReliabilityTests.crash_kill9_triggerCompletionBoundary_ReopenSeesConsistentPair(scenario: &quot;crash_kill9_advanced_trigger_between_tables&quot;, expectedRows: 0)" computerName="runnervmlun5p" duration="00:00:00.4040174" startTime="2026-09-19T07:09:44.4960827+00:00" endTime="2026-09-19T07:09:44.9000607+00:00" testType="13cdc9d9-ddb5-4fa4-a97d-d965ccfc6d4b" outcome="Passed" testListId="8c84fa94-04c1-424b-9868-57a2d4851a1d" relativeResultsDirectory="fa95af22-478f-4306-8a57-d3e7a8b9ac1b" />
    <UnitTestResult executionId="7caf1c2f-9ce2-43ef-816f-780e6c57535b" testId="9886afc0-672a-97e0-ed39-88927ab30892" testName="SonnetDB.CrashTests.CrashReliabilityTests.crash_kill9_outboxDeliveryBeforeAck_ReopenRedeliversSameEventAndPersistsAcknowledgement" computerName="runnervmlun5p" duration="00:00:00.4487451" startTime="2026-09-19T07:09:51.5109321+00:00" endTime="2026-09-19T07:09:51.9595679+00:00" testType="13cdc9d9-ddb5-4fa4-a97d-d965ccfc6d4b" outcome="Passed" testListId="8c84fa94-04c1-424b-9868-57a2d4851a1d" relativeResultsDirectory="7caf1c2f-9ce2-43ef-816f-780e6c57535b" />
    <UnitTestResult executionId="8810b055-665d-42e3-a3d9-079e3c271f70" testId="4016c876-7137-477e-613d-c468d2334112" testName="SonnetDB.CrashTests.CrashReliabilityTests.crash_kill9_graph_batch_during_fsync_ReopenSeesOnlyCompletePreOrPostState" computerName="runnervmlun5p" duration="00:00:03.0233289" startTime="2026-09-19T07:09:45.6417088+00:00" endTime="2026-09-19T07:09:48.6650565+00:00" testType="13cdc9d9-ddb5-4fa4-a97d-d965ccfc6d4b" outcome="Passed" testListId="8c84fa94-04c1-424b-9868-57a2d4851a1d" relativeResultsDirectory="8810b055-665d-42e3-a3d9-079e3c271f70" />
  </Results>
  <TestDefinitions>
    <UnitTest name="SonnetDB.CrashTests.CrashReliabilityTests.crash_kill9_betweenTriggerTableCommits_ReopenRollsBackBothTables" storage="/home/runner/work/sonnetdb/sonnetdb/tests/sonnetdb.crashtests/bin/release/net10.0/sonnetdb.crashtests.dll" id="658c13a1-8492-90f3-7d5e-93f24b8faa31">
      <Execution id="14a28816-63a7-4d0f-a0f7-9afb5b4a60be" />
      <TestMethod codeBase="/home/runner/work/SonnetDB/SonnetDB/tests/SonnetDB.CrashTests/bin/Release/net10.0/SonnetDB.CrashTests.dll" adapterTypeName="executor://xunit/VsTestRunner3/netcore/" className="SonnetDB.CrashTests.CrashReliabilityTests" name="crash_kill9_betweenTriggerTableCommits_ReopenRollsBackBothTables" />
    </UnitTest>
    <UnitTest name="SonnetDB.CrashTests.CrashReliabilityTests.Tsdb_CrossProcessRootDirectoryLease_DisposeReleasesBeforeHolderTerminates" storage="/home/runner/work/sonnetdb/sonnetdb/tests/sonnetdb.crashtests/bin/release/net10.0/sonnetdb.crashtests.dll" id="8ceaa522-85b6-0efa-4f63-95ef846062a3">
      <Execution id="94992410-46da-4b1f-ba88-2d77d9650369" />
      <TestMethod codeBase="/home/runner/work/SonnetDB/SonnetDB/tests/SonnetDB.CrashTests/bin/Release/net10.0/SonnetDB.CrashTests.dll" adapterTypeName="executor://xunit/VsTestRunner3/netcore/" className="SonnetDB.CrashTests.CrashReliabilityTests" name="Tsdb_CrossProcessRootDirectoryLease_DisposeReleasesBeforeHolderTerminates" />
    </UnitTest>
    <UnitTest name="SonnetDB.CrashTests.CrashReliabilityTests.crash_kill9_os_flushed_writes_AckedWritesSurviveProcessCrash" storage="/home/runner/work/sonnetdb/sonnetdb/tests/sonnetdb.crashtests/bin/release/net10.0/sonnetdb.crashtests.dll" id="939f4755-8654-694a-aa27-8a1c688f8ed8">
      <Execution id="b37afaf1-8c70-4fb8-8204-02bca1255d5c" />
      <TestMethod codeBase="/home/runner/work/SonnetDB/SonnetDB/tests/SonnetDB.CrashTests/bin/Release/net10.0/SonnetDB.CrashTests.dll" adapterTypeName="executor://xunit/VsTestRunner3/netcore/" className="SonnetDB.CrashTests.CrashReliabilityTests" name="crash_kill9_os_flushed_writes_AckedWritesSurviveProcessCrash" />
    </UnitTest>
    <UnitTest name="SonnetDB.CrashTests.CrashReliabilityTests.crash_kill9_triggerCompletionBoundary_ReopenSeesConsistentPair(scenario: &quot;crash_kill9_advanced_trigger_between_tables&quot;, expectedRows: 0)" storage="/home/runner/work/sonnetdb/sonnetdb/tests/sonnetdb.crashtests/bin/release/net10.0/sonnetdb.crashtests.dll" id="3eed3e40-3266-52e9-b887-4306172c153e">
      <Execution id="fa95af22-478f-4306-8a57-d3e7a8b9ac1b" />
      <TestMethod codeBase="/home/runner/work/SonnetDB/SonnetDB/tests/SonnetDB.CrashTests/bin/Release/net10.0/SonnetDB.CrashTests.dll" adapterTypeName="executor://xunit/VsTestRunner3/netcore/" className="SonnetDB.CrashTests.CrashReliabilityTests" name="crash_kill9_triggerCompletionBoundary_ReopenSeesConsistentPair" />
    </UnitTest>
    <UnitTest name="SonnetDB.CrashTests.CrashReliabilityTests.crash_kill9_deferredTriggerCommit_ReopenSeesConsistentFinalState(scenario: &quot;crash_kill9_deferred_trigger_after_complete&quot;, expectedRows: 1)" storage="/home/runner/work/sonnetdb/sonnetdb/tests/sonnetdb.crashtests/bin/release/net10.0/sonnetdb.crashtests.dll" id="52c2e835-217a-0902-ba59-d6e9a6480af2">
      <Execution id="b7c08713-d8c9-4cd0-b21f-7179c58daa82" />
      <TestMethod codeBase="/home/runner/work/SonnetDB/SonnetDB/tests/SonnetDB.CrashTests/bin/Release/net10.0/SonnetDB.CrashTests.dll" adapterTypeName="executor://xunit/VsTestRunner3/netcore/" className="SonnetDB.CrashTests.CrashReliabilityTests" name="crash_kill9_deferredTriggerCommit_ReopenSeesConsistentFinalState" />
    </UnitTest>
    <UnitTest name="SonnetDB.CrashTests.CrashReliabilityTests.crash_kill9_after_delete_DeletedRangeStaysDeleted" storage="/home/runner/work/sonnetdb/sonnetdb/tests/sonnetdb.crashtests/bin/release/net10.0/sonnetdb.crashtests.dll" id="c69b76cf-c18e-bebd-fa50-e1cbed3f35a7">
      <Execution id="1efa20e7-de27-4db5-936f-3c13df4dc6c9" />
      <TestMethod codeBase="/home/runner/work/SonnetDB/SonnetDB/tests/SonnetDB.CrashTests/bin/Release/net10.0/SonnetDB.CrashTests.dll" adapterTypeName="executor://xunit/VsTestRunner3/netcore/" className="SonnetDB.CrashTests.CrashReliabilityTests" name="crash_kill9_after_delete_DeletedRangeStaysDeleted" />
    </UnitTest>
    <UnitTest name="SonnetDB.CrashTests.CrashReliabilityTests.crash_kill9_deferredTriggerCommit_ReopenSeesConsistentFinalState(scenario: &quot;crash_kill9_deferred_trigger_between_tables&quot;, expectedRows: 0)" storage="/home/runner/work/sonnetdb/sonnetdb/tests/sonnetdb.crashtests/bin/release/net10.0/sonnetdb.crashtests.dll" id="1d354875-c8f0-7dd7-c220-60ae69f1fc29">
      <Execution id="d45ed454-8392-4780-95b1-67f08cf480cb" />
      <TestMethod codeBase="/home/runner/work/SonnetDB/SonnetDB/tests/SonnetDB.CrashTests/bin/Release/net10.0/SonnetDB.CrashTests.dll" adapterTypeName="executor://xunit/VsTestRunner3/netcore/" className="SonnetDB.CrashTests.CrashReliabilityTests" name="crash_kill9_deferredTriggerCommit_ReopenSeesConsistentFinalState" />
    </UnitTest>
    <UnitTest name="SonnetDB.CrashTests.CrashReliabilityTests.crash_kill9_deferredTriggerCommit_ReopenSeesConsistentFinalState(scenario: &quot;crash_kill9_deferred_trigger_before_complete&quot;, expectedRows: 0)" storage="/home/runner/work/sonnetdb/sonnetdb/tests/sonnetdb.crashtests/bin/release/net10.0/sonnetdb.crashtests.dll" id="36a2b4c3-da7a-2c3f-26ff-0d7127447f49">
      <Execution id="4aafad45-5863-4a45-8872-cb9564c35c18" />
      <TestMethod codeBase="/home/runner/work/SonnetDB/SonnetDB/tests/SonnetDB.CrashTests/bin/Release/net10.0/SonnetDB.CrashTests.dll" adapterTypeName="executor://xunit/VsTestRunner3/netcore/" className="SonnetDB.CrashTests.CrashReliabilityTests" name="crash_kill9_deferredTriggerCommit_ReopenSeesConsistentFinalState" />
    </UnitTest>
    <UnitTest name="SonnetDB.CrashTests.CrashReliabilityTests.power_loss_half_renamed_segment_PendingReplacementIsIgnoredOnReopen" storage="/home/runner/work/sonnetdb/sonnetdb/tests/sonnetdb.crashtests/bin/release/net10.0/sonnetdb.crashtests.dll" id="719ee9c2-b843-29cb-bb45-ddae30178768">
      <Execution id="0b9aa60c-80de-4800-8e24-f6f0bb20f223" />
      <TestMethod codeBase="/home/runner/work/SonnetDB/SonnetDB/tests/SonnetDB.CrashTests/bin/Release/net10.0/SonnetDB.CrashTests.dll" adapterTypeName="executor://xunit/VsTestRunner3/netcore/" className="SonnetDB.CrashTests.CrashReliabilityTests" name="power_loss_half_renamed_segment_PendingReplacementIsIgnoredOnReopen" />
    </UnitTest>
    <UnitTest name="SonnetDB.CrashTests.CrashReliabilityTests.crash_kill9_triggerCompletionBoundary_ReopenSeesConsistentPair(scenario: &quot;crash_kill9_after_trigger_transaction_complete&quot;, expectedRows: 1)" storage="/home/runner/work/sonnetdb/sonnetdb/tests/sonnetdb.crashtests/bin/release/net10.0/sonnetdb.crashtests.dll" id="1152b2df-d817-fafa-4e35-672f99ea42ca">
      <Execution id="5c9006b1-9008-418f-a4fa-f42720304552" />
      <TestMethod codeBase="/home/runner/work/SonnetDB/SonnetDB/tests/SonnetDB.CrashTests/bin/Release/net10.0/SonnetDB.CrashTests.dll" adapterTypeName="executor://xunit/VsTestRunner3/netcore/" className="SonnetDB.CrashTests.CrashReliabilityTests" name="crash_kill9_triggerCompletionBoundary_ReopenSeesConsistentPair" />
    </UnitTest>
    <UnitTest name="SonnetDB.CrashTests.CrashReliabilityTests.Tsdb_CrossProcessRootDirectoryLease_CrashSimulationCloseWalReleasesBeforeHolderTerminates" storage="/home/runner/work/sonnetdb/sonnetdb/tests/sonnetdb.crashtests/bin/release/net10.0/sonnetdb.crashtests.dll" id="978c8e87-93fe-a87c-29fe-9ff8978df767">
      <Execution id="06b291f4-b0dd-42ab-b1d1-662f6ada0502" />
      <TestMethod codeBase="/home/runner/work/SonnetDB/SonnetDB/tests/SonnetDB.CrashTests/bin/Release/net10.0/SonnetDB.CrashTests.dll" adapterTypeName="executor://xunit/VsTestRunner3/netcore/" className="SonnetDB.CrashTests.CrashReliabilityTests" name="Tsdb_CrossProcessRootDirectoryLease_CrashSimulationCloseWalReleasesBeforeHolderTerminates" />
    </UnitTest>
    <UnitTest name="SonnetDB.CrashTests.CrashReliabilityTests.disk_full_during_wal_append_PreservesPreviouslySyncedRecords" storage="/home/runner/work/sonnetdb/sonnetdb/tests/sonnetdb.crashtests/bin/release/net10.0/sonnetdb.crashtests.dll" id="9150857f-c4e4-07c5-0035-9fdc417b3556">
      <Execution id="204aef3c-ee21-4d57-bbb1-3b439ccfb3bd" />
      <TestMethod codeBase="/home/runner/work/SonnetDB/SonnetDB/tests/SonnetDB.CrashTests/bin/Release/net10.0/SonnetDB.CrashTests.dll" adapterTypeName="executor://xunit/VsTestRunner3/netcore/" className="SonnetDB.CrashTests.CrashReliabilityTests" name="disk_full_during_wal_append_PreservesPreviouslySyncedRecords" />
    </UnitTest>
    <UnitTest name="SonnetDB.CrashTests.CrashReliabilityTests.GraphManager_CrossProcessLifecycleLease_RejectsConcurrentOwnerAndReopensAfterTermination" storage="/home/runner/work/sonnetdb/sonnetdb/tests/sonnetdb.crashtests/bin/release/net10.0/sonnetdb.crashtests.dll" id="cf268a46-eed7-90c1-44fe-4c2f2f2de1b2">
      <Execution id="6049326d-ef89-4e9a-8d76-d6ddac766fc0" />
      <TestMethod codeBase="/home/runner/work/SonnetDB/SonnetDB/tests/SonnetDB.CrashTests/bin/Release/net10.0/SonnetDB.CrashTests.dll" adapterTypeName="executor://xunit/VsTestRunner3/netcore/" className="SonnetDB.CrashTests.CrashReliabilityTests" name="GraphManager_CrossProcessLifecycleLease_RejectsConcurrentOwnerAndReopensAfterTermination" />
    </UnitTest>
    <UnitTest name="SonnetDB.CrashTests.CrashReliabilityTests.crash_kill9_triggerCompletionBoundary_ReopenSeesConsistentPair(scenario: &quot;crash_kill9_advanced_trigger_after_complete&quot;, expectedRows: 1)" storage="/home/runner/work/sonnetdb/sonnetdb/tests/sonnetdb.crashtests/bin/release/net10.0/sonnetdb.crashtests.dll" id="79f8a71e-0af1-90e5-f359-3d9e7db01079">
      <Execution id="d38acce7-9f43-4fb7-8682-d8ad3e951c1e" />
      <TestMethod codeBase="/home/runner/work/SonnetDB/SonnetDB/tests/SonnetDB.CrashTests/bin/Release/net10.0/SonnetDB.CrashTests.dll" adapterTypeName="executor://xunit/VsTestRunner3/netcore/" className="SonnetDB.CrashTests.CrashReliabilityTests" name="crash_kill9_triggerCompletionBoundary_ReopenSeesConsistentPair" />
    </UnitTest>
    <UnitTest name="SonnetDB.CrashTests.CrashReliabilityTests.crash_kill9_triggerCompletionBoundary_ReopenSeesConsistentPair(scenario: &quot;crash_kill9_advanced_trigger_before_complete&quot;, expectedRows: 0)" storage="/home/runner/work/sonnetdb/sonnetdb/tests/sonnetdb.crashtests/bin/release/net10.0/sonnetdb.crashtests.dll" id="2de5c52b-3b77-4ba4-f807-938e2a551123">
      <Execution id="bd7f9dbb-1d6f-4fb1-b85e-f7922c7bf29a" />
      <TestMethod codeBase="/home/runner/work/SonnetDB/SonnetDB/tests/SonnetDB.CrashTests/bin/Release/net10.0/SonnetDB.CrashTests.dll" adapterTypeName="executor://xunit/VsTestRunner3/netcore/" className="SonnetDB.CrashTests.CrashReliabilityTests" name="crash_kill9_triggerCompletionBoundary_ReopenSeesConsistentPair" />
    </UnitTest>
    <UnitTest name="SonnetDB.CrashTests.CrashReliabilityTests.crash_kill9_outboxDeliveryBeforeAck_ReopenRedeliversSameEventAndPersistsAcknowledgement" storage="/home/runner/work/sonnetdb/sonnetdb/tests/sonnetdb.crashtests/bin/release/net10.0/sonnetdb.crashtests.dll" id="9886afc0-672a-97e0-ed39-88927ab30892">
      <Execution id="7caf1c2f-9ce2-43ef-816f-780e6c57535b" />
      <TestMethod codeBase="/home/runner/work/SonnetDB/SonnetDB/tests/SonnetDB.CrashTests/bin/Release/net10.0/SonnetDB.CrashTests.dll" adapterTypeName="executor://xunit/VsTestRunner3/netcore/" className="SonnetDB.CrashTests.CrashReliabilityTests" name="crash_kill9_outboxDeliveryBeforeAck_ReopenRedeliversSameEventAndPersistsAcknowledgement" />
    </UnitTest>
    <UnitTest name="SonnetDB.CrashTests.CrashReliabilityTests.crash_kill9_during_fsync_ReopenReplaysOnlyValidWalRecords" storage="/home/runner/work/sonnetdb/sonnetdb/tests/sonnetdb.crashtests/bin/release/net10.0/sonnetdb.crashtests.dll" id="cbacb637-f33d-723f-1062-c8637f0fe42b">
      <Execution id="3582e2ec-bb84-4937-a90d-017979f61bad" />
      <TestMethod codeBase="/home/runner/work/SonnetDB/SonnetDB/tests/SonnetDB.CrashTests/bin/Release/net10.0/SonnetDB.CrashTests.dll" adapterTypeName="executor://xunit/VsTestRunner3/netcore/" className="SonnetDB.CrashTests.CrashReliabilityTests" name="crash_kill9_during_fsync_ReopenReplaysOnlyValidWalRecords" />
    </UnitTest>
    <UnitTest name="SonnetDB.CrashTests.CrashReliabilityTests.oom_protection_memtable_backpressure_HardCapFlushesBeforeUnboundedGrowth" storage="/home/runner/work/sonnetdb/sonnetdb/tests/sonnetdb.crashtests/bin/release/net10.0/sonnetdb.crashtests.dll" id="3ed8f3c2-3284-1a28-63f1-358738d5a81d">
      <Execution id="18f9400f-96ca-4041-b8a6-55135fdcba0e" />
      <TestMethod codeBase="/home/runner/work/SonnetDB/SonnetDB/tests/SonnetDB.CrashTests/bin/Release/net10.0/SonnetDB.CrashTests.dll" adapterTypeName="executor://xunit/VsTestRunner3/netcore/" className="SonnetDB.CrashTests.CrashReliabilityTests" name="oom_protection_memtable_backpressure_HardCapFlushesBeforeUnboundedGrowth" />
    </UnitTest>
    <UnitTest name="SonnetDB.CrashTests.CrashReliabilityTests.Tsdb_CrossProcessRootDirectoryLease_RejectsConcurrentOwnerAndReopensAfterTermination" storage="/home/runner/work/sonnetdb/sonnetdb/tests/sonnetdb.crashtests/bin/release/net10.0/sonnetdb.crashtests.dll" id="a6124360-9360-4e85-c15e-810c6f3af808">
      <Execution id="3ada3f4d-3671-4294-8403-3aec7844e31f" />
      <TestMethod codeBase="/home/runner/work/SonnetDB/SonnetDB/tests/SonnetDB.CrashTests/bin/Release/net10.0/SonnetDB.CrashTests.dll" adapterTypeName="executor://xunit/VsTestRunner3/netcore/" className="SonnetDB.CrashTests.CrashReliabilityTests" name="Tsdb_CrossProcessRootDirectoryLease_RejectsConcurrentOwnerAndReopensAfterTermination" />
    </UnitTest>
    <UnitTest name="SonnetDB.CrashTests.CrashReliabilityTests.crash_kill9_mid_compaction_ReopenDoesNotDuplicateCommittedSegments" storage="/home/runner/work/sonnetdb/sonnetdb/tests/sonnetdb.crashtests/bin/release/net10.0/sonnetdb.crashtests.dll" id="0f349738-363a-8ef0-8a25-a36953b9592a">
      <Execution id="8e5f34aa-0538-47f9-a576-3ffe25947449" />
      <TestMethod codeBase="/home/runner/work/SonnetDB/SonnetDB/tests/SonnetDB.CrashTests/bin/Release/net10.0/SonnetDB.CrashTests.dll" adapterTypeName="executor://xunit/VsTestRunner3/netcore/" className="SonnetDB.CrashTests.CrashReliabilityTests" name="crash_kill9_mid_compaction_ReopenDoesNotDuplicateCommittedSegments" />
    </UnitTest>
    <UnitTest name="SonnetDB.CrashTests.CrashReliabilityTests.crash_kill9_graph_batch_during_fsync_ReopenSeesOnlyCompletePreOrPostState" storage="/home/runner/work/sonnetdb/sonnetdb/tests/sonnetdb.crashtests/bin/release/net10.0/sonnetdb.crashtests.dll" id="4016c876-7137-477e-613d-c468d2334112">
      <Execution id="8810b055-665d-42e3-a3d9-079e3c271f70" />
      <TestMethod codeBase="/home/runner/work/SonnetDB/SonnetDB/tests/SonnetDB.CrashTests/bin/Release/net10.0/SonnetDB.CrashTests.dll" adapterTypeName="executor://xunit/VsTestRunner3/netcore/" className="SonnetDB.CrashTests.CrashReliabilityTests" name="crash_kill9_graph_batch_during_fsync_ReopenSeesOnlyCompletePreOrPostState" />
    </UnitTest>
    <UnitTest name="SonnetDB.CrashTests.CrashReliabilityTests.power_loss_torn_record_ReopenIgnoresTornWalTail" storage="/home/runner/work/sonnetdb/sonnetdb/tests/sonnetdb.crashtests/bin/release/net10.0/sonnetdb.crashtests.dll" id="6d2529d1-17c4-74dd-8b49-9d11989bb1d3">
      <Execution id="a2cbaa16-3939-48b8-bed1-278e3122fafe" />
      <TestMethod codeBase="/home/runner/work/SonnetDB/SonnetDB/tests/SonnetDB.CrashTests/bin/Release/net10.0/SonnetDB.CrashTests.dll" adapterTypeName="executor://xunit/VsTestRunner3/netcore/" className="SonnetDB.CrashTests.CrashReliabilityTests" name="power_loss_torn_record_ReopenIgnoresTornWalTail" />
    </UnitTest>
    <UnitTest name="SonnetDB.CrashTests.CrashReliabilityTests.crash_kill9_deferredTriggerBeforeCommit_ReopenDiscardsQueuedSourceAndAction" storage="/home/runner/work/sonnetdb/sonnetdb/tests/sonnetdb.crashtests/bin/release/net10.0/sonnetdb.crashtests.dll" id="d32ad756-54c8-55c1-3acf-20b83d44656c">
      <Execution id="0e6d71af-5763-49ab-aa90-f024d2eea24e" />
      <TestMethod codeBase="/home/runner/work/SonnetDB/SonnetDB/tests/SonnetDB.CrashTests/bin/Release/net10.0/SonnetDB.CrashTests.dll" adapterTypeName="executor://xunit/VsTestRunner3/netcore/" className="SonnetDB.CrashTests.CrashReliabilityTests" name="crash_kill9_deferredTriggerBeforeCommit_ReopenDiscardsQueuedSourceAndAction" />
    </UnitTest>
    <UnitTest name="SonnetDB.CrashTests.CrashReliabilityTests.crash_kill9_triggerCompletionBoundary_ReopenSeesConsistentPair(scenario: &quot;crash_kill9_before_trigger_transaction_complete&quot;, expectedRows: 0)" storage="/home/runner/work/sonnetdb/sonnetdb/tests/sonnetdb.crashtests/bin/release/net10.0/sonnetdb.crashtests.dll" id="11a23f9f-3d89-2a20-74de-b011a86ee01b">
      <Execution id="53371454-2896-403e-af60-ca13580dc13e" />
      <TestMethod codeBase="/home/runner/work/SonnetDB/SonnetDB/tests/SonnetDB.CrashTests/bin/Release/net10.0/SonnetDB.CrashTests.dll" adapterTypeName="executor://xunit/VsTestRunner3/netcore/" className="SonnetDB.CrashTests.CrashReliabilityTests" name="crash_kill9_triggerCompletionBoundary_ReopenSeesConsistentPair" />
    </UnitTest>
  </TestDefinitions>
  <TestEntries>
    <TestEntry testId="0f349738-363a-8ef0-8a25-a36953b9592a" executionId="8e5f34aa-0538-47f9-a576-3ffe25947449" testListId="8c84fa94-04c1-424b-9868-57a2d4851a1d" />
    <TestEntry testId="a6124360-9360-4e85-c15e-810c6f3af808" executionId="3ada3f4d-3671-4294-8403-3aec7844e31f" testListId="8c84fa94-04c1-424b-9868-57a2d4851a1d" />
    <TestEntry testId="11a23f9f-3d89-2a20-74de-b011a86ee01b" executionId="53371454-2896-403e-af60-ca13580dc13e" testListId="8c84fa94-04c1-424b-9868-57a2d4851a1d" />
    <TestEntry testId="978c8e87-93fe-a87c-29fe-9ff8978df767" executionId="06b291f4-b0dd-42ab-b1d1-662f6ada0502" testListId="8c84fa94-04c1-424b-9868-57a2d4851a1d" />
    <TestEntry testId="9150857f-c4e4-07c5-0035-9fdc417b3556" executionId="204aef3c-ee21-4d57-bbb1-3b439ccfb3bd" testListId="8c84fa94-04c1-424b-9868-57a2d4851a1d" />
    <TestEntry testId="36a2b4c3-da7a-2c3f-26ff-0d7127447f49" executionId="4aafad45-5863-4a45-8872-cb9564c35c18" testListId="8c84fa94-04c1-424b-9868-57a2d4851a1d" />
    <TestEntry testId="cf268a46-eed7-90c1-44fe-4c2f2f2de1b2" executionId="6049326d-ef89-4e9a-8d76-d6ddac766fc0" testListId="8c84fa94-04c1-424b-9868-57a2d4851a1d" />
    <TestEntry testId="8ceaa522-85b6-0efa-4f63-95ef846062a3" executionId="94992410-46da-4b1f-ba88-2d77d9650369" testListId="8c84fa94-04c1-424b-9868-57a2d4851a1d" />
    <TestEntry testId="1d354875-c8f0-7dd7-c220-60ae69f1fc29" executionId="d45ed454-8392-4780-95b1-67f08cf480cb" testListId="8c84fa94-04c1-424b-9868-57a2d4851a1d" />
    <TestEntry testId="d32ad756-54c8-55c1-3acf-20b83d44656c" executionId="0e6d71af-5763-49ab-aa90-f024d2eea24e" testListId="8c84fa94-04c1-424b-9868-57a2d4851a1d" />
    <TestEntry testId="6d2529d1-17c4-74dd-8b49-9d11989bb1d3" executionId="a2cbaa16-3939-48b8-bed1-278e3122fafe" testListId="8c84fa94-04c1-424b-9868-57a2d4851a1d" />
    <TestEntry testId="3ed8f3c2-3284-1a28-63f1-358738d5a81d" executionId="18f9400f-96ca-4041-b8a6-55135fdcba0e" testListId="8c84fa94-04c1-424b-9868-57a2d4851a1d" />
    <TestEntry testId="cbacb637-f33d-723f-1062-c8637f0fe42b" executionId="3582e2ec-bb84-4937-a90d-017979f61bad" testListId="8c84fa94-04c1-424b-9868-57a2d4851a1d" />
    <TestEntry testId="1152b2df-d817-fafa-4e35-672f99ea42ca" executionId="5c9006b1-9008-418f-a4fa-f42720304552" testListId="8c84fa94-04c1-424b-9868-57a2d4851a1d" />
    <TestEntry testId="79f8a71e-0af1-90e5-f359-3d9e7db01079" executionId="d38acce7-9f43-4fb7-8682-d8ad3e951c1e" testListId="8c84fa94-04c1-424b-9868-57a2d4851a1d" />
    <TestEntry testId="2de5c52b-3b77-4ba4-f807-938e2a551123" executionId="bd7f9dbb-1d6f-4fb1-b85e-f7922c7bf29a" testListId="8c84fa94-04c1-424b-9868-57a2d4851a1d" />
    <TestEntry testId="52c2e835-217a-0902-ba59-d6e9a6480af2" executionId="b7c08713-d8c9-4cd0-b21f-7179c58daa82" testListId="8c84fa94-04c1-424b-9868-57a2d4851a1d" />
    <TestEntry testId="c69b76cf-c18e-bebd-fa50-e1cbed3f35a7" executionId="1efa20e7-de27-4db5-936f-3c13df4dc6c9" testListId="8c84fa94-04c1-424b-9868-57a2d4851a1d" />
    <TestEntry testId="719ee9c2-b843-29cb-bb45-ddae30178768" executionId="0b9aa60c-80de-4800-8e24-f6f0bb20f223" testListId="8c84fa94-04c1-424b-9868-57a2d4851a1d" />
    <TestEntry testId="658c13a1-8492-90f3-7d5e-93f24b8faa31" executionId="14a28816-63a7-4d0f-a0f7-9afb5b4a60be" testListId="8c84fa94-04c1-424b-9868-57a2d4851a1d" />
    <TestEntry testId="939f4755-8654-694a-aa27-8a1c688f8ed8" executionId="b37afaf1-8c70-4fb8-8204-02bca1255d5c" testListId="8c84fa94-04c1-424b-9868-57a2d4851a1d" />
    <TestEntry testId="3eed3e40-3266-52e9-b887-4306172c153e" executionId="fa95af22-478f-4306-8a57-d3e7a8b9ac1b" testListId="8c84fa94-04c1-424b-9868-57a2d4851a1d" />
    <TestEntry testId="9886afc0-672a-97e0-ed39-88927ab30892" executionId="7caf1c2f-9ce2-43ef-816f-780e6c57535b" testListId="8c84fa94-04c1-424b-9868-57a2d4851a1d" />
    <TestEntry testId="4016c876-7137-477e-613d-c468d2334112" executionId="8810b055-665d-42e3-a3d9-079e3c271f70" testListId="8c84fa94-04c1-424b-9868-57a2d4851a1d" />
  </TestEntries>
  <TestLists>
    <TestList name="Results Not in a List" id="8c84fa94-04c1-424b-9868-57a2d4851a1d" />
    <TestList name="All Loaded Results" id="19431567-8539-422a-85d7-44ee4e166bda" />
  </TestLists>
  <ResultSummary outcome="Completed">
    <Counters total="24" executed="24" passed="24" failed="0" error="0" timeout="0" aborted="0" inconclusive="0" passedButRunAborted="0" notRunnable="0" notExecuted="0" disconnected="0" warning="0" completed="0" inProgress="0" pending="0" />
    <Output>
      <StdOut>[xUnit.net 00:00:00.00] xUnit.net VSTest Adapter v4.0.0+05679a7ab5 (64-bit .NET 10.0.12)
[xUnit.net 00:00:00.08]   Discovering: SonnetDB.CrashTests
[xUnit.net 00:00:00.14]   Discovered:  SonnetDB.CrashTests
[xUnit.net 00:00:00.17]   Starting:    SonnetDB.CrashTests
[xUnit.net 00:00:11.82]   Finished:    SonnetDB.CrashTests
</StdOut>
    </Output>
  </ResultSummary>
</TestRun>