<?xml version="1.0" encoding="utf-8"?>
<TestRun id="518fd0f6-392b-4300-8ee9-85facd6c417e" name="@runnervmlun5p 2026-09-13 07:18:19" xmlns="http://microsoft.com/schemas/VisualStudio/TeamTest/2010">
  <Times creation="2026-09-13T07:18:19.6223560+00:00" queuing="2026-09-13T07:18:19.6223561+00:00" start="2026-09-13T07:18:17.7550346+00:00" finish="2026-09-13T07:18:29.5676286+00:00" />
  <TestSettings name="default" id="be013791-470c-4955-adb2-3512f31886a7">
    <Deployment runDeploymentRoot="_runnervmlun5p_2026-09-13_07_18_19" />
  </TestSettings>
  <Results>
    <UnitTestResult executionId="eae1588c-f00d-4cad-998d-ce83b1f205f6" testId="11a23f9f-3d89-2a20-74de-b011a86ee01b" testName="SonnetDB.CrashTests.CrashReliabilityTests.crash_kill9_triggerCompletionBoundary_ReopenSeesConsistentPair(scenario: &quot;crash_kill9_before_trigger_transaction_complete&quot;, expectedRows: 0)" computerName="runnervmlun5p" duration="00:00:00.4453405" startTime="2026-09-13T07:18:20.1024647+00:00" endTime="2026-09-13T07:18:20.5473927+00:00" testType="13cdc9d9-ddb5-4fa4-a97d-d965ccfc6d4b" outcome="Passed" testListId="8c84fa94-04c1-424b-9868-57a2d4851a1d" relativeResultsDirectory="eae1588c-f00d-4cad-998d-ce83b1f205f6" />
    <UnitTestResult executionId="803e2cba-cf8d-4de8-b02d-c43f77c42d9d" testId="36a2b4c3-da7a-2c3f-26ff-0d7127447f49" testName="SonnetDB.CrashTests.CrashReliabilityTests.crash_kill9_deferredTriggerCommit_ReopenSeesConsistentFinalState(scenario: &quot;crash_kill9_deferred_trigger_before_complete&quot;, expectedRows: 0)" computerName="runnervmlun5p" duration="00:00:00.5158731" startTime="2026-09-13T07:18:19.5863277+00:00" endTime="2026-09-13T07:18:20.1018991+00:00" testType="13cdc9d9-ddb5-4fa4-a97d-d965ccfc6d4b" outcome="Passed" testListId="8c84fa94-04c1-424b-9868-57a2d4851a1d" relativeResultsDirectory="803e2cba-cf8d-4de8-b02d-c43f77c42d9d" />
    <UnitTestResult executionId="6484fbf7-807e-4de4-9a6a-2a68e6924199" testId="9886afc0-672a-97e0-ed39-88927ab30892" testName="SonnetDB.CrashTests.CrashReliabilityTests.crash_kill9_outboxDeliveryBeforeAck_ReopenRedeliversSameEventAndPersistsAcknowledgement" computerName="runnervmlun5p" duration="00:00:00.4935479" startTime="2026-09-13T07:18:28.1587110+00:00" endTime="2026-09-13T07:18:28.6521530+00:00" testType="13cdc9d9-ddb5-4fa4-a97d-d965ccfc6d4b" outcome="Passed" testListId="8c84fa94-04c1-424b-9868-57a2d4851a1d" relativeResultsDirectory="6484fbf7-807e-4de4-9a6a-2a68e6924199" />
    <UnitTestResult executionId="3c5e08f7-7178-47c8-83be-c1ea53c96cb7" testId="4016c876-7137-477e-613d-c468d2334112" testName="SonnetDB.CrashTests.CrashReliabilityTests.crash_kill9_graph_batch_during_fsync_ReopenSeesOnlyCompletePreOrPostState" computerName="runnervmlun5p" duration="00:00:02.7787768" startTime="2026-09-13T07:18:22.7196950+00:00" endTime="2026-09-13T07:18:25.4984970+00:00" testType="13cdc9d9-ddb5-4fa4-a97d-d965ccfc6d4b" outcome="Passed" testListId="8c84fa94-04c1-424b-9868-57a2d4851a1d" relativeResultsDirectory="3c5e08f7-7178-47c8-83be-c1ea53c96cb7" />
    <UnitTestResult executionId="cd87ffc5-f403-41b2-be1e-7a53f7491c9a" testId="0f349738-363a-8ef0-8a25-a36953b9592a" testName="SonnetDB.CrashTests.CrashReliabilityTests.crash_kill9_mid_compaction_ReopenDoesNotDuplicateCommittedSegments" computerName="runnervmlun5p" duration="00:00:00.9578641" startTime="2026-09-13T07:18:26.2199443+00:00" endTime="2026-09-13T07:18:27.1777131+00:00" testType="13cdc9d9-ddb5-4fa4-a97d-d965ccfc6d4b" outcome="Passed" testListId="8c84fa94-04c1-424b-9868-57a2d4851a1d" relativeResultsDirectory="cd87ffc5-f403-41b2-be1e-7a53f7491c9a" />
    <UnitTestResult executionId="397cb1e0-919e-4cb6-824a-dce22ff151ac" testId="52c2e835-217a-0902-ba59-d6e9a6480af2" testName="SonnetDB.CrashTests.CrashReliabilityTests.crash_kill9_deferredTriggerCommit_ReopenSeesConsistentFinalState(scenario: &quot;crash_kill9_deferred_trigger_after_complete&quot;, expectedRows: 1)" computerName="runnervmlun5p" duration="00:00:00.5626722" startTime="2026-09-13T07:18:18.5999753+00:00" endTime="2026-09-13T07:18:19.1507941+00:00" testType="13cdc9d9-ddb5-4fa4-a97d-d965ccfc6d4b" outcome="Passed" testListId="8c84fa94-04c1-424b-9868-57a2d4851a1d" relativeResultsDirectory="397cb1e0-919e-4cb6-824a-dce22ff151ac" />
    <UnitTestResult executionId="49942a58-d3a7-48c1-b2ae-7c0c9185e6bf" testId="cf268a46-eed7-90c1-44fe-4c2f2f2de1b2" testName="SonnetDB.CrashTests.CrashReliabilityTests.GraphManager_CrossProcessLifecycleLease_RejectsConcurrentOwnerAndReopensAfterTermination" computerName="runnervmlun5p" duration="00:00:00.0923296" startTime="2026-09-13T07:18:29.4055356+00:00" endTime="2026-09-13T07:18:29.4977945+00:00" testType="13cdc9d9-ddb5-4fa4-a97d-d965ccfc6d4b" outcome="Passed" testListId="8c84fa94-04c1-424b-9868-57a2d4851a1d" relativeResultsDirectory="49942a58-d3a7-48c1-b2ae-7c0c9185e6bf" />
    <UnitTestResult executionId="2628f235-3fa7-45e3-a134-fbbd6155ed47" testId="79f8a71e-0af1-90e5-f359-3d9e7db01079" testName="SonnetDB.CrashTests.CrashReliabilityTests.crash_kill9_triggerCompletionBoundary_ReopenSeesConsistentPair(scenario: &quot;crash_kill9_advanced_trigger_after_complete&quot;, expectedRows: 1)" computerName="runnervmlun5p" duration="00:00:00.4469364" startTime="2026-09-13T07:18:21.9071298+00:00" endTime="2026-09-13T07:18:22.3539869+00:00" testType="13cdc9d9-ddb5-4fa4-a97d-d965ccfc6d4b" outcome="Passed" testListId="8c84fa94-04c1-424b-9868-57a2d4851a1d" relativeResultsDirectory="2628f235-3fa7-45e3-a134-fbbd6155ed47" />
    <UnitTestResult executionId="3fe4f034-8bdf-4d86-931c-8be157a9bb58" testId="1152b2df-d817-fafa-4e35-672f99ea42ca" testName="SonnetDB.CrashTests.CrashReliabilityTests.crash_kill9_triggerCompletionBoundary_ReopenSeesConsistentPair(scenario: &quot;crash_kill9_after_trigger_transaction_complete&quot;, expectedRows: 1)" computerName="runnervmlun5p" duration="00:00:00.4510816" startTime="2026-09-13T07:18:21.0394865+00:00" endTime="2026-09-13T07:18:21.4904499+00:00" testType="13cdc9d9-ddb5-4fa4-a97d-d965ccfc6d4b" outcome="Passed" testListId="8c84fa94-04c1-424b-9868-57a2d4851a1d" relativeResultsDirectory="3fe4f034-8bdf-4d86-931c-8be157a9bb58" />
    <UnitTestResult executionId="971e01d8-0351-4c16-83cc-bcf177f1bf17" testId="3eed3e40-3266-52e9-b887-4306172c153e" testName="SonnetDB.CrashTests.CrashReliabilityTests.crash_kill9_triggerCompletionBoundary_ReopenSeesConsistentPair(scenario: &quot;crash_kill9_advanced_trigger_between_tables&quot;, expectedRows: 0)" computerName="runnervmlun5p" duration="00:00:00.4162234" startTime="2026-09-13T07:18:21.4906423+00:00" endTime="2026-09-13T07:18:21.9068914+00:00" testType="13cdc9d9-ddb5-4fa4-a97d-d965ccfc6d4b" outcome="Passed" testListId="8c84fa94-04c1-424b-9868-57a2d4851a1d" relativeResultsDirectory="971e01d8-0351-4c16-83cc-bcf177f1bf17" />
    <UnitTestResult executionId="e23d5a84-54f2-4664-810f-51a4e205321e" testId="3ed8f3c2-3284-1a28-63f1-358738d5a81d" testName="SonnetDB.CrashTests.CrashReliabilityTests.oom_protection_memtable_backpressure_HardCapFlushesBeforeUnboundedGrowth" computerName="runnervmlun5p" duration="00:00:00.0728139" startTime="2026-09-13T07:18:26.1469776+00:00" endTime="2026-09-13T07:18:26.2197330+00:00" testType="13cdc9d9-ddb5-4fa4-a97d-d965ccfc6d4b" outcome="Passed" testListId="8c84fa94-04c1-424b-9868-57a2d4851a1d" relativeResultsDirectory="e23d5a84-54f2-4664-810f-51a4e205321e" />
    <UnitTestResult executionId="d465de5c-7562-4031-9c9a-702b39ee4969" testId="d32ad756-54c8-55c1-3acf-20b83d44656c" testName="SonnetDB.CrashTests.CrashReliabilityTests.crash_kill9_deferredTriggerBeforeCommit_ReopenDiscardsQueuedSourceAndAction" computerName="runnervmlun5p" duration="00:00:00.3652508" startTime="2026-09-13T07:18:22.3542175+00:00" endTime="2026-09-13T07:18:22.7194977+00:00" testType="13cdc9d9-ddb5-4fa4-a97d-d965ccfc6d4b" outcome="Passed" testListId="8c84fa94-04c1-424b-9868-57a2d4851a1d" relativeResultsDirectory="d465de5c-7562-4031-9c9a-702b39ee4969" />
    <UnitTestResult executionId="84eec3a7-cb44-477a-8d72-7328c290e75e" testId="6d2529d1-17c4-74dd-8b49-9d11989bb1d3" testName="SonnetDB.CrashTests.CrashReliabilityTests.power_loss_torn_record_ReopenIgnoresTornWalTail" computerName="runnervmlun5p" duration="00:00:00.0197623" startTime="2026-09-13T07:18:27.1778781+00:00" endTime="2026-09-13T07:18:27.1976587+00:00" testType="13cdc9d9-ddb5-4fa4-a97d-d965ccfc6d4b" outcome="Passed" testListId="8c84fa94-04c1-424b-9868-57a2d4851a1d" relativeResultsDirectory="84eec3a7-cb44-477a-8d72-7328c290e75e" />
    <UnitTestResult executionId="c83c3b6f-a99a-429d-b683-05e9bba88414" testId="9150857f-c4e4-07c5-0035-9fdc417b3556" testName="SonnetDB.CrashTests.CrashReliabilityTests.disk_full_during_wal_append_PreservesPreviouslySyncedRecords" computerName="runnervmlun5p" duration="00:00:00.0192945" startTime="2026-09-13T07:18:28.6523479+00:00" endTime="2026-09-13T07:18:28.6716378+00:00" testType="13cdc9d9-ddb5-4fa4-a97d-d965ccfc6d4b" outcome="Passed" testListId="8c84fa94-04c1-424b-9868-57a2d4851a1d" relativeResultsDirectory="c83c3b6f-a99a-429d-b683-05e9bba88414" />
    <UnitTestResult executionId="4a893e60-46d3-40d2-a4fd-43e2824031c3" testId="719ee9c2-b843-29cb-bb45-ddae30178768" testName="SonnetDB.CrashTests.CrashReliabilityTests.power_loss_half_renamed_segment_PendingReplacementIsIgnoredOnReopen" computerName="runnervmlun5p" duration="00:00:00.2515052" startTime="2026-09-13T07:18:18.3286786+00:00" endTime="2026-09-13T07:18:18.5876226+00:00" testType="13cdc9d9-ddb5-4fa4-a97d-d965ccfc6d4b" outcome="Passed" testListId="8c84fa94-04c1-424b-9868-57a2d4851a1d" relativeResultsDirectory="4a893e60-46d3-40d2-a4fd-43e2824031c3" />
    <UnitTestResult executionId="63e64403-93fb-4bce-9d5d-0539ddd8f9a0" testId="c69b76cf-c18e-bebd-fa50-e1cbed3f35a7" testName="SonnetDB.CrashTests.CrashReliabilityTests.crash_kill9_after_delete_DeletedRangeStaysDeleted" computerName="runnervmlun5p" duration="00:00:00.6480927" startTime="2026-09-13T07:18:25.4987192+00:00" endTime="2026-09-13T07:18:26.1467496+00:00" testType="13cdc9d9-ddb5-4fa4-a97d-d965ccfc6d4b" outcome="Passed" testListId="8c84fa94-04c1-424b-9868-57a2d4851a1d" relativeResultsDirectory="63e64403-93fb-4bce-9d5d-0539ddd8f9a0" />
    <UnitTestResult executionId="284077c0-cfb6-4caa-abef-63d01361401d" testId="2de5c52b-3b77-4ba4-f807-938e2a551123" testName="SonnetDB.CrashTests.CrashReliabilityTests.crash_kill9_triggerCompletionBoundary_ReopenSeesConsistentPair(scenario: &quot;crash_kill9_advanced_trigger_before_complete&quot;, expectedRows: 0)" computerName="runnervmlun5p" duration="00:00:00.4916328" startTime="2026-09-13T07:18:20.5476602+00:00" endTime="2026-09-13T07:18:21.0392170+00:00" testType="13cdc9d9-ddb5-4fa4-a97d-d965ccfc6d4b" outcome="Passed" testListId="8c84fa94-04c1-424b-9868-57a2d4851a1d" relativeResultsDirectory="284077c0-cfb6-4caa-abef-63d01361401d" />
    <UnitTestResult executionId="b3a7349a-a201-4f85-a1d4-118b83bf71dc" testId="1d354875-c8f0-7dd7-c220-60ae69f1fc29" testName="SonnetDB.CrashTests.CrashReliabilityTests.crash_kill9_deferredTriggerCommit_ReopenSeesConsistentFinalState(scenario: &quot;crash_kill9_deferred_trigger_between_tables&quot;, expectedRows: 0)" computerName="runnervmlun5p" duration="00:00:00.4348182" startTime="2026-09-13T07:18:19.1518141+00:00" endTime="2026-09-13T07:18:19.5857803+00:00" testType="13cdc9d9-ddb5-4fa4-a97d-d965ccfc6d4b" outcome="Passed" testListId="8c84fa94-04c1-424b-9868-57a2d4851a1d" relativeResultsDirectory="b3a7349a-a201-4f85-a1d4-118b83bf71dc" />
    <UnitTestResult executionId="cd20e0d3-30b2-4000-ac5a-ca2ae3aa234d" testId="939f4755-8654-694a-aa27-8a1c688f8ed8" testName="SonnetDB.CrashTests.CrashReliabilityTests.crash_kill9_os_flushed_writes_AckedWritesSurviveProcessCrash" computerName="runnervmlun5p" duration="00:00:00.5783625" startTime="2026-09-13T07:18:27.1978640+00:00" endTime="2026-09-13T07:18:27.7761881+00:00" testType="13cdc9d9-ddb5-4fa4-a97d-d965ccfc6d4b" outcome="Passed" testListId="8c84fa94-04c1-424b-9868-57a2d4851a1d" relativeResultsDirectory="cd20e0d3-30b2-4000-ac5a-ca2ae3aa234d" />
    <UnitTestResult executionId="b6457a1a-bfbf-4c5c-bf5e-bf3753a8112d" testId="658c13a1-8492-90f3-7d5e-93f24b8faa31" testName="SonnetDB.CrashTests.CrashReliabilityTests.crash_kill9_betweenTriggerTableCommits_ReopenRollsBackBothTables" computerName="runnervmlun5p" duration="00:00:00.3820192" startTime="2026-09-13T07:18:27.7764632+00:00" endTime="2026-09-13T07:18:28.1584744+00:00" testType="13cdc9d9-ddb5-4fa4-a97d-d965ccfc6d4b" outcome="Passed" testListId="8c84fa94-04c1-424b-9868-57a2d4851a1d" relativeResultsDirectory="b6457a1a-bfbf-4c5c-bf5e-bf3753a8112d" />
    <UnitTestResult executionId="24d54710-106d-4d77-b69c-87353e94fb05" testId="cbacb637-f33d-723f-1062-c8637f0fe42b" testName="SonnetDB.CrashTests.CrashReliabilityTests.crash_kill9_during_fsync_ReopenReplaysOnlyValidWalRecords" computerName="runnervmlun5p" duration="00:00:00.7334759" startTime="2026-09-13T07:18:28.6717935+00:00" endTime="2026-09-13T07:18:29.4053129+00:00" testType="13cdc9d9-ddb5-4fa4-a97d-d965ccfc6d4b" outcome="Passed" testListId="8c84fa94-04c1-424b-9868-57a2d4851a1d" relativeResultsDirectory="24d54710-106d-4d77-b69c-87353e94fb05" />
  </Results>
  <TestDefinitions>
    <UnitTest name="SonnetDB.CrashTests.CrashReliabilityTests.crash_kill9_betweenTriggerTableCommits_ReopenRollsBackBothTables" storage="/home/runner/work/sonnetdb/sonnetdb/tests/sonnetdb.crashtests/bin/release/net10.0/sonnetdb.crashtests.dll" id="658c13a1-8492-90f3-7d5e-93f24b8faa31">
      <Execution id="b6457a1a-bfbf-4c5c-bf5e-bf3753a8112d" />
      <TestMethod codeBase="/home/runner/work/SonnetDB/SonnetDB/tests/SonnetDB.CrashTests/bin/Release/net10.0/SonnetDB.CrashTests.dll" adapterTypeName="executor://xunit/VsTestRunner3/netcore/" className="SonnetDB.CrashTests.CrashReliabilityTests" name="crash_kill9_betweenTriggerTableCommits_ReopenRollsBackBothTables" />
    </UnitTest>
    <UnitTest name="SonnetDB.CrashTests.CrashReliabilityTests.crash_kill9_os_flushed_writes_AckedWritesSurviveProcessCrash" storage="/home/runner/work/sonnetdb/sonnetdb/tests/sonnetdb.crashtests/bin/release/net10.0/sonnetdb.crashtests.dll" id="939f4755-8654-694a-aa27-8a1c688f8ed8">
      <Execution id="cd20e0d3-30b2-4000-ac5a-ca2ae3aa234d" />
      <TestMethod codeBase="/home/runner/work/SonnetDB/SonnetDB/tests/SonnetDB.CrashTests/bin/Release/net10.0/SonnetDB.CrashTests.dll" adapterTypeName="executor://xunit/VsTestRunner3/netcore/" className="SonnetDB.CrashTests.CrashReliabilityTests" name="crash_kill9_os_flushed_writes_AckedWritesSurviveProcessCrash" />
    </UnitTest>
    <UnitTest name="SonnetDB.CrashTests.CrashReliabilityTests.crash_kill9_triggerCompletionBoundary_ReopenSeesConsistentPair(scenario: &quot;crash_kill9_advanced_trigger_between_tables&quot;, expectedRows: 0)" storage="/home/runner/work/sonnetdb/sonnetdb/tests/sonnetdb.crashtests/bin/release/net10.0/sonnetdb.crashtests.dll" id="3eed3e40-3266-52e9-b887-4306172c153e">
      <Execution id="971e01d8-0351-4c16-83cc-bcf177f1bf17" />
      <TestMethod codeBase="/home/runner/work/SonnetDB/SonnetDB/tests/SonnetDB.CrashTests/bin/Release/net10.0/SonnetDB.CrashTests.dll" adapterTypeName="executor://xunit/VsTestRunner3/netcore/" className="SonnetDB.CrashTests.CrashReliabilityTests" name="crash_kill9_triggerCompletionBoundary_ReopenSeesConsistentPair" />
    </UnitTest>
    <UnitTest name="SonnetDB.CrashTests.CrashReliabilityTests.crash_kill9_deferredTriggerCommit_ReopenSeesConsistentFinalState(scenario: &quot;crash_kill9_deferred_trigger_after_complete&quot;, expectedRows: 1)" storage="/home/runner/work/sonnetdb/sonnetdb/tests/sonnetdb.crashtests/bin/release/net10.0/sonnetdb.crashtests.dll" id="52c2e835-217a-0902-ba59-d6e9a6480af2">
      <Execution id="397cb1e0-919e-4cb6-824a-dce22ff151ac" />
      <TestMethod codeBase="/home/runner/work/SonnetDB/SonnetDB/tests/SonnetDB.CrashTests/bin/Release/net10.0/SonnetDB.CrashTests.dll" adapterTypeName="executor://xunit/VsTestRunner3/netcore/" className="SonnetDB.CrashTests.CrashReliabilityTests" name="crash_kill9_deferredTriggerCommit_ReopenSeesConsistentFinalState" />
    </UnitTest>
    <UnitTest name="SonnetDB.CrashTests.CrashReliabilityTests.crash_kill9_after_delete_DeletedRangeStaysDeleted" storage="/home/runner/work/sonnetdb/sonnetdb/tests/sonnetdb.crashtests/bin/release/net10.0/sonnetdb.crashtests.dll" id="c69b76cf-c18e-bebd-fa50-e1cbed3f35a7">
      <Execution id="63e64403-93fb-4bce-9d5d-0539ddd8f9a0" />
      <TestMethod codeBase="/home/runner/work/SonnetDB/SonnetDB/tests/SonnetDB.CrashTests/bin/Release/net10.0/SonnetDB.CrashTests.dll" adapterTypeName="executor://xunit/VsTestRunner3/netcore/" className="SonnetDB.CrashTests.CrashReliabilityTests" name="crash_kill9_after_delete_DeletedRangeStaysDeleted" />
    </UnitTest>
    <UnitTest name="SonnetDB.CrashTests.CrashReliabilityTests.crash_kill9_deferredTriggerCommit_ReopenSeesConsistentFinalState(scenario: &quot;crash_kill9_deferred_trigger_between_tables&quot;, expectedRows: 0)" storage="/home/runner/work/sonnetdb/sonnetdb/tests/sonnetdb.crashtests/bin/release/net10.0/sonnetdb.crashtests.dll" id="1d354875-c8f0-7dd7-c220-60ae69f1fc29">
      <Execution id="b3a7349a-a201-4f85-a1d4-118b83bf71dc" />
      <TestMethod codeBase="/home/runner/work/SonnetDB/SonnetDB/tests/SonnetDB.CrashTests/bin/Release/net10.0/SonnetDB.CrashTests.dll" adapterTypeName="executor://xunit/VsTestRunner3/netcore/" className="SonnetDB.CrashTests.CrashReliabilityTests" name="crash_kill9_deferredTriggerCommit_ReopenSeesConsistentFinalState" />
    </UnitTest>
    <UnitTest name="SonnetDB.CrashTests.CrashReliabilityTests.crash_kill9_deferredTriggerCommit_ReopenSeesConsistentFinalState(scenario: &quot;crash_kill9_deferred_trigger_before_complete&quot;, expectedRows: 0)" storage="/home/runner/work/sonnetdb/sonnetdb/tests/sonnetdb.crashtests/bin/release/net10.0/sonnetdb.crashtests.dll" id="36a2b4c3-da7a-2c3f-26ff-0d7127447f49">
      <Execution id="803e2cba-cf8d-4de8-b02d-c43f77c42d9d" />
      <TestMethod codeBase="/home/runner/work/SonnetDB/SonnetDB/tests/SonnetDB.CrashTests/bin/Release/net10.0/SonnetDB.CrashTests.dll" adapterTypeName="executor://xunit/VsTestRunner3/netcore/" className="SonnetDB.CrashTests.CrashReliabilityTests" name="crash_kill9_deferredTriggerCommit_ReopenSeesConsistentFinalState" />
    </UnitTest>
    <UnitTest name="SonnetDB.CrashTests.CrashReliabilityTests.power_loss_half_renamed_segment_PendingReplacementIsIgnoredOnReopen" storage="/home/runner/work/sonnetdb/sonnetdb/tests/sonnetdb.crashtests/bin/release/net10.0/sonnetdb.crashtests.dll" id="719ee9c2-b843-29cb-bb45-ddae30178768">
      <Execution id="4a893e60-46d3-40d2-a4fd-43e2824031c3" />
      <TestMethod codeBase="/home/runner/work/SonnetDB/SonnetDB/tests/SonnetDB.CrashTests/bin/Release/net10.0/SonnetDB.CrashTests.dll" adapterTypeName="executor://xunit/VsTestRunner3/netcore/" className="SonnetDB.CrashTests.CrashReliabilityTests" name="power_loss_half_renamed_segment_PendingReplacementIsIgnoredOnReopen" />
    </UnitTest>
    <UnitTest name="SonnetDB.CrashTests.CrashReliabilityTests.crash_kill9_triggerCompletionBoundary_ReopenSeesConsistentPair(scenario: &quot;crash_kill9_after_trigger_transaction_complete&quot;, expectedRows: 1)" storage="/home/runner/work/sonnetdb/sonnetdb/tests/sonnetdb.crashtests/bin/release/net10.0/sonnetdb.crashtests.dll" id="1152b2df-d817-fafa-4e35-672f99ea42ca">
      <Execution id="3fe4f034-8bdf-4d86-931c-8be157a9bb58" />
      <TestMethod codeBase="/home/runner/work/SonnetDB/SonnetDB/tests/SonnetDB.CrashTests/bin/Release/net10.0/SonnetDB.CrashTests.dll" adapterTypeName="executor://xunit/VsTestRunner3/netcore/" className="SonnetDB.CrashTests.CrashReliabilityTests" name="crash_kill9_triggerCompletionBoundary_ReopenSeesConsistentPair" />
    </UnitTest>
    <UnitTest name="SonnetDB.CrashTests.CrashReliabilityTests.disk_full_during_wal_append_PreservesPreviouslySyncedRecords" storage="/home/runner/work/sonnetdb/sonnetdb/tests/sonnetdb.crashtests/bin/release/net10.0/sonnetdb.crashtests.dll" id="9150857f-c4e4-07c5-0035-9fdc417b3556">
      <Execution id="c83c3b6f-a99a-429d-b683-05e9bba88414" />
      <TestMethod codeBase="/home/runner/work/SonnetDB/SonnetDB/tests/SonnetDB.CrashTests/bin/Release/net10.0/SonnetDB.CrashTests.dll" adapterTypeName="executor://xunit/VsTestRunner3/netcore/" className="SonnetDB.CrashTests.CrashReliabilityTests" name="disk_full_during_wal_append_PreservesPreviouslySyncedRecords" />
    </UnitTest>
    <UnitTest name="SonnetDB.CrashTests.CrashReliabilityTests.GraphManager_CrossProcessLifecycleLease_RejectsConcurrentOwnerAndReopensAfterTermination" storage="/home/runner/work/sonnetdb/sonnetdb/tests/sonnetdb.crashtests/bin/release/net10.0/sonnetdb.crashtests.dll" id="cf268a46-eed7-90c1-44fe-4c2f2f2de1b2">
      <Execution id="49942a58-d3a7-48c1-b2ae-7c0c9185e6bf" />
      <TestMethod codeBase="/home/runner/work/SonnetDB/SonnetDB/tests/SonnetDB.CrashTests/bin/Release/net10.0/SonnetDB.CrashTests.dll" adapterTypeName="executor://xunit/VsTestRunner3/netcore/" className="SonnetDB.CrashTests.CrashReliabilityTests" name="GraphManager_CrossProcessLifecycleLease_RejectsConcurrentOwnerAndReopensAfterTermination" />
    </UnitTest>
    <UnitTest name="SonnetDB.CrashTests.CrashReliabilityTests.crash_kill9_triggerCompletionBoundary_ReopenSeesConsistentPair(scenario: &quot;crash_kill9_advanced_trigger_after_complete&quot;, expectedRows: 1)" storage="/home/runner/work/sonnetdb/sonnetdb/tests/sonnetdb.crashtests/bin/release/net10.0/sonnetdb.crashtests.dll" id="79f8a71e-0af1-90e5-f359-3d9e7db01079">
      <Execution id="2628f235-3fa7-45e3-a134-fbbd6155ed47" />
      <TestMethod codeBase="/home/runner/work/SonnetDB/SonnetDB/tests/SonnetDB.CrashTests/bin/Release/net10.0/SonnetDB.CrashTests.dll" adapterTypeName="executor://xunit/VsTestRunner3/netcore/" className="SonnetDB.CrashTests.CrashReliabilityTests" name="crash_kill9_triggerCompletionBoundary_ReopenSeesConsistentPair" />
    </UnitTest>
    <UnitTest name="SonnetDB.CrashTests.CrashReliabilityTests.crash_kill9_triggerCompletionBoundary_ReopenSeesConsistentPair(scenario: &quot;crash_kill9_advanced_trigger_before_complete&quot;, expectedRows: 0)" storage="/home/runner/work/sonnetdb/sonnetdb/tests/sonnetdb.crashtests/bin/release/net10.0/sonnetdb.crashtests.dll" id="2de5c52b-3b77-4ba4-f807-938e2a551123">
      <Execution id="284077c0-cfb6-4caa-abef-63d01361401d" />
      <TestMethod codeBase="/home/runner/work/SonnetDB/SonnetDB/tests/SonnetDB.CrashTests/bin/Release/net10.0/SonnetDB.CrashTests.dll" adapterTypeName="executor://xunit/VsTestRunner3/netcore/" className="SonnetDB.CrashTests.CrashReliabilityTests" name="crash_kill9_triggerCompletionBoundary_ReopenSeesConsistentPair" />
    </UnitTest>
    <UnitTest name="SonnetDB.CrashTests.CrashReliabilityTests.crash_kill9_outboxDeliveryBeforeAck_ReopenRedeliversSameEventAndPersistsAcknowledgement" storage="/home/runner/work/sonnetdb/sonnetdb/tests/sonnetdb.crashtests/bin/release/net10.0/sonnetdb.crashtests.dll" id="9886afc0-672a-97e0-ed39-88927ab30892">
      <Execution id="6484fbf7-807e-4de4-9a6a-2a68e6924199" />
      <TestMethod codeBase="/home/runner/work/SonnetDB/SonnetDB/tests/SonnetDB.CrashTests/bin/Release/net10.0/SonnetDB.CrashTests.dll" adapterTypeName="executor://xunit/VsTestRunner3/netcore/" className="SonnetDB.CrashTests.CrashReliabilityTests" name="crash_kill9_outboxDeliveryBeforeAck_ReopenRedeliversSameEventAndPersistsAcknowledgement" />
    </UnitTest>
    <UnitTest name="SonnetDB.CrashTests.CrashReliabilityTests.crash_kill9_during_fsync_ReopenReplaysOnlyValidWalRecords" storage="/home/runner/work/sonnetdb/sonnetdb/tests/sonnetdb.crashtests/bin/release/net10.0/sonnetdb.crashtests.dll" id="cbacb637-f33d-723f-1062-c8637f0fe42b">
      <Execution id="24d54710-106d-4d77-b69c-87353e94fb05" />
      <TestMethod codeBase="/home/runner/work/SonnetDB/SonnetDB/tests/SonnetDB.CrashTests/bin/Release/net10.0/SonnetDB.CrashTests.dll" adapterTypeName="executor://xunit/VsTestRunner3/netcore/" className="SonnetDB.CrashTests.CrashReliabilityTests" name="crash_kill9_during_fsync_ReopenReplaysOnlyValidWalRecords" />
    </UnitTest>
    <UnitTest name="SonnetDB.CrashTests.CrashReliabilityTests.oom_protection_memtable_backpressure_HardCapFlushesBeforeUnboundedGrowth" storage="/home/runner/work/sonnetdb/sonnetdb/tests/sonnetdb.crashtests/bin/release/net10.0/sonnetdb.crashtests.dll" id="3ed8f3c2-3284-1a28-63f1-358738d5a81d">
      <Execution id="e23d5a84-54f2-4664-810f-51a4e205321e" />
      <TestMethod codeBase="/home/runner/work/SonnetDB/SonnetDB/tests/SonnetDB.CrashTests/bin/Release/net10.0/SonnetDB.CrashTests.dll" adapterTypeName="executor://xunit/VsTestRunner3/netcore/" className="SonnetDB.CrashTests.CrashReliabilityTests" name="oom_protection_memtable_backpressure_HardCapFlushesBeforeUnboundedGrowth" />
    </UnitTest>
    <UnitTest name="SonnetDB.CrashTests.CrashReliabilityTests.crash_kill9_mid_compaction_ReopenDoesNotDuplicateCommittedSegments" storage="/home/runner/work/sonnetdb/sonnetdb/tests/sonnetdb.crashtests/bin/release/net10.0/sonnetdb.crashtests.dll" id="0f349738-363a-8ef0-8a25-a36953b9592a">
      <Execution id="cd87ffc5-f403-41b2-be1e-7a53f7491c9a" />
      <TestMethod codeBase="/home/runner/work/SonnetDB/SonnetDB/tests/SonnetDB.CrashTests/bin/Release/net10.0/SonnetDB.CrashTests.dll" adapterTypeName="executor://xunit/VsTestRunner3/netcore/" className="SonnetDB.CrashTests.CrashReliabilityTests" name="crash_kill9_mid_compaction_ReopenDoesNotDuplicateCommittedSegments" />
    </UnitTest>
    <UnitTest name="SonnetDB.CrashTests.CrashReliabilityTests.crash_kill9_graph_batch_during_fsync_ReopenSeesOnlyCompletePreOrPostState" storage="/home/runner/work/sonnetdb/sonnetdb/tests/sonnetdb.crashtests/bin/release/net10.0/sonnetdb.crashtests.dll" id="4016c876-7137-477e-613d-c468d2334112">
      <Execution id="3c5e08f7-7178-47c8-83be-c1ea53c96cb7" />
      <TestMethod codeBase="/home/runner/work/SonnetDB/SonnetDB/tests/SonnetDB.CrashTests/bin/Release/net10.0/SonnetDB.CrashTests.dll" adapterTypeName="executor://xunit/VsTestRunner3/netcore/" className="SonnetDB.CrashTests.CrashReliabilityTests" name="crash_kill9_graph_batch_during_fsync_ReopenSeesOnlyCompletePreOrPostState" />
    </UnitTest>
    <UnitTest name="SonnetDB.CrashTests.CrashReliabilityTests.power_loss_torn_record_ReopenIgnoresTornWalTail" storage="/home/runner/work/sonnetdb/sonnetdb/tests/sonnetdb.crashtests/bin/release/net10.0/sonnetdb.crashtests.dll" id="6d2529d1-17c4-74dd-8b49-9d11989bb1d3">
      <Execution id="84eec3a7-cb44-477a-8d72-7328c290e75e" />
      <TestMethod codeBase="/home/runner/work/SonnetDB/SonnetDB/tests/SonnetDB.CrashTests/bin/Release/net10.0/SonnetDB.CrashTests.dll" adapterTypeName="executor://xunit/VsTestRunner3/netcore/" className="SonnetDB.CrashTests.CrashReliabilityTests" name="power_loss_torn_record_ReopenIgnoresTornWalTail" />
    </UnitTest>
    <UnitTest name="SonnetDB.CrashTests.CrashReliabilityTests.crash_kill9_deferredTriggerBeforeCommit_ReopenDiscardsQueuedSourceAndAction" storage="/home/runner/work/sonnetdb/sonnetdb/tests/sonnetdb.crashtests/bin/release/net10.0/sonnetdb.crashtests.dll" id="d32ad756-54c8-55c1-3acf-20b83d44656c">
      <Execution id="d465de5c-7562-4031-9c9a-702b39ee4969" />
      <TestMethod codeBase="/home/runner/work/SonnetDB/SonnetDB/tests/SonnetDB.CrashTests/bin/Release/net10.0/SonnetDB.CrashTests.dll" adapterTypeName="executor://xunit/VsTestRunner3/netcore/" className="SonnetDB.CrashTests.CrashReliabilityTests" name="crash_kill9_deferredTriggerBeforeCommit_ReopenDiscardsQueuedSourceAndAction" />
    </UnitTest>
    <UnitTest name="SonnetDB.CrashTests.CrashReliabilityTests.crash_kill9_triggerCompletionBoundary_ReopenSeesConsistentPair(scenario: &quot;crash_kill9_before_trigger_transaction_complete&quot;, expectedRows: 0)" storage="/home/runner/work/sonnetdb/sonnetdb/tests/sonnetdb.crashtests/bin/release/net10.0/sonnetdb.crashtests.dll" id="11a23f9f-3d89-2a20-74de-b011a86ee01b">
      <Execution id="eae1588c-f00d-4cad-998d-ce83b1f205f6" />
      <TestMethod codeBase="/home/runner/work/SonnetDB/SonnetDB/tests/SonnetDB.CrashTests/bin/Release/net10.0/SonnetDB.CrashTests.dll" adapterTypeName="executor://xunit/VsTestRunner3/netcore/" className="SonnetDB.CrashTests.CrashReliabilityTests" name="crash_kill9_triggerCompletionBoundary_ReopenSeesConsistentPair" />
    </UnitTest>
  </TestDefinitions>
  <TestEntries>
    <TestEntry testId="11a23f9f-3d89-2a20-74de-b011a86ee01b" executionId="eae1588c-f00d-4cad-998d-ce83b1f205f6" testListId="8c84fa94-04c1-424b-9868-57a2d4851a1d" />
    <TestEntry testId="36a2b4c3-da7a-2c3f-26ff-0d7127447f49" executionId="803e2cba-cf8d-4de8-b02d-c43f77c42d9d" testListId="8c84fa94-04c1-424b-9868-57a2d4851a1d" />
    <TestEntry testId="9886afc0-672a-97e0-ed39-88927ab30892" executionId="6484fbf7-807e-4de4-9a6a-2a68e6924199" testListId="8c84fa94-04c1-424b-9868-57a2d4851a1d" />
    <TestEntry testId="4016c876-7137-477e-613d-c468d2334112" executionId="3c5e08f7-7178-47c8-83be-c1ea53c96cb7" testListId="8c84fa94-04c1-424b-9868-57a2d4851a1d" />
    <TestEntry testId="0f349738-363a-8ef0-8a25-a36953b9592a" executionId="cd87ffc5-f403-41b2-be1e-7a53f7491c9a" testListId="8c84fa94-04c1-424b-9868-57a2d4851a1d" />
    <TestEntry testId="52c2e835-217a-0902-ba59-d6e9a6480af2" executionId="397cb1e0-919e-4cb6-824a-dce22ff151ac" testListId="8c84fa94-04c1-424b-9868-57a2d4851a1d" />
    <TestEntry testId="cf268a46-eed7-90c1-44fe-4c2f2f2de1b2" executionId="49942a58-d3a7-48c1-b2ae-7c0c9185e6bf" testListId="8c84fa94-04c1-424b-9868-57a2d4851a1d" />
    <TestEntry testId="79f8a71e-0af1-90e5-f359-3d9e7db01079" executionId="2628f235-3fa7-45e3-a134-fbbd6155ed47" testListId="8c84fa94-04c1-424b-9868-57a2d4851a1d" />
    <TestEntry testId="1152b2df-d817-fafa-4e35-672f99ea42ca" executionId="3fe4f034-8bdf-4d86-931c-8be157a9bb58" testListId="8c84fa94-04c1-424b-9868-57a2d4851a1d" />
    <TestEntry testId="3eed3e40-3266-52e9-b887-4306172c153e" executionId="971e01d8-0351-4c16-83cc-bcf177f1bf17" testListId="8c84fa94-04c1-424b-9868-57a2d4851a1d" />
    <TestEntry testId="3ed8f3c2-3284-1a28-63f1-358738d5a81d" executionId="e23d5a84-54f2-4664-810f-51a4e205321e" testListId="8c84fa94-04c1-424b-9868-57a2d4851a1d" />
    <TestEntry testId="d32ad756-54c8-55c1-3acf-20b83d44656c" executionId="d465de5c-7562-4031-9c9a-702b39ee4969" testListId="8c84fa94-04c1-424b-9868-57a2d4851a1d" />
    <TestEntry testId="6d2529d1-17c4-74dd-8b49-9d11989bb1d3" executionId="84eec3a7-cb44-477a-8d72-7328c290e75e" testListId="8c84fa94-04c1-424b-9868-57a2d4851a1d" />
    <TestEntry testId="9150857f-c4e4-07c5-0035-9fdc417b3556" executionId="c83c3b6f-a99a-429d-b683-05e9bba88414" testListId="8c84fa94-04c1-424b-9868-57a2d4851a1d" />
    <TestEntry testId="719ee9c2-b843-29cb-bb45-ddae30178768" executionId="4a893e60-46d3-40d2-a4fd-43e2824031c3" testListId="8c84fa94-04c1-424b-9868-57a2d4851a1d" />
    <TestEntry testId="c69b76cf-c18e-bebd-fa50-e1cbed3f35a7" executionId="63e64403-93fb-4bce-9d5d-0539ddd8f9a0" testListId="8c84fa94-04c1-424b-9868-57a2d4851a1d" />
    <TestEntry testId="2de5c52b-3b77-4ba4-f807-938e2a551123" executionId="284077c0-cfb6-4caa-abef-63d01361401d" testListId="8c84fa94-04c1-424b-9868-57a2d4851a1d" />
    <TestEntry testId="1d354875-c8f0-7dd7-c220-60ae69f1fc29" executionId="b3a7349a-a201-4f85-a1d4-118b83bf71dc" testListId="8c84fa94-04c1-424b-9868-57a2d4851a1d" />
    <TestEntry testId="939f4755-8654-694a-aa27-8a1c688f8ed8" executionId="cd20e0d3-30b2-4000-ac5a-ca2ae3aa234d" testListId="8c84fa94-04c1-424b-9868-57a2d4851a1d" />
    <TestEntry testId="658c13a1-8492-90f3-7d5e-93f24b8faa31" executionId="b6457a1a-bfbf-4c5c-bf5e-bf3753a8112d" testListId="8c84fa94-04c1-424b-9868-57a2d4851a1d" />
    <TestEntry testId="cbacb637-f33d-723f-1062-c8637f0fe42b" executionId="24d54710-106d-4d77-b69c-87353e94fb05" testListId="8c84fa94-04c1-424b-9868-57a2d4851a1d" />
  </TestEntries>
  <TestLists>
    <TestList name="Results Not in a List" id="8c84fa94-04c1-424b-9868-57a2d4851a1d" />
    <TestList name="All Loaded Results" id="19431567-8539-422a-85d7-44ee4e166bda" />
  </TestLists>
  <ResultSummary outcome="Completed">
    <Counters total="21" executed="21" passed="21" failed="0" error="0" timeout="0" aborted="0" inconclusive="0" passedButRunAborted="0" notRunnable="0" notExecuted="0" disconnected="0" warning="0" completed="0" inProgress="0" pending="0" />
    <Output>
      <StdOut>[xUnit.net 00:00:00.00] xUnit.net VSTest Adapter v4.0.0+05679a7ab5 (64-bit .NET 10.0.12)
[xUnit.net 00:00:00.09]   Discovering: SonnetDB.CrashTests
[xUnit.net 00:00:00.15]   Discovered:  SonnetDB.CrashTests
[xUnit.net 00:00:00.18]   Starting:    SonnetDB.CrashTests
[xUnit.net 00:00:11.38]   Finished:    SonnetDB.CrashTests
</StdOut>
    </Output>
  </ResultSummary>
</TestRun>