<?xml version="1.0" encoding="utf-8"?>
<TestRun id="a4bed8e9-1f3f-44ca-932f-1fa028fbea56" name="@runnervm3jd5f 2026-07-24 05:26:26" xmlns="http://microsoft.com/schemas/VisualStudio/TeamTest/2010">
  <Times creation="2026-07-24T05:26:26.5313576+00:00" queuing="2026-07-24T05:26:26.5313576+00:00" start="2026-07-24T05:26:24.7024149+00:00" finish="2026-07-24T05:26:28.2598661+00:00" />
  <TestSettings name="default" id="4d22706b-7124-4dc7-8c5a-80d217aa6baf">
    <Deployment runDeploymentRoot="_runnervm3jd5f_2026-07-24_05_26_26" />
  </TestSettings>
  <Results>
    <UnitTestResult executionId="8c68aa76-81a4-4aca-8960-8f0f193ef7f3" testId="9150857f-c4e4-07c5-0035-9fdc417b3556" testName="SonnetDB.CrashTests.CrashReliabilityTests.disk_full_during_wal_append_PreservesPreviouslySyncedRecords" computerName="runnervm3jd5f" duration="00:00:00.0125034" startTime="2026-07-24T05:26:27.5177107+00:00" endTime="2026-07-24T05:26:27.5301827+00:00" testType="13cdc9d9-ddb5-4fa4-a97d-d965ccfc6d4b" outcome="Passed" testListId="8c84fa94-04c1-424b-9868-57a2d4851a1d" relativeResultsDirectory="8c68aa76-81a4-4aca-8960-8f0f193ef7f3" />
    <UnitTestResult executionId="97063688-bafb-4bb4-af8a-4b9463741968" testId="939f4755-8654-694a-aa27-8a1c688f8ed8" testName="SonnetDB.CrashTests.CrashReliabilityTests.crash_kill9_os_flushed_writes_AckedWritesSurviveProcessCrash" computerName="runnervm3jd5f" duration="00:00:00.5157739" startTime="2026-07-24T05:26:27.0018234+00:00" endTime="2026-07-24T05:26:27.5175208+00:00" testType="13cdc9d9-ddb5-4fa4-a97d-d965ccfc6d4b" outcome="Passed" testListId="8c84fa94-04c1-424b-9868-57a2d4851a1d" relativeResultsDirectory="97063688-bafb-4bb4-af8a-4b9463741968" />
    <UnitTestResult executionId="556a4ced-a667-4f65-801a-df1e73243892" testId="719ee9c2-b843-29cb-bb45-ddae30178768" testName="SonnetDB.CrashTests.CrashReliabilityTests.power_loss_half_renamed_segment_PendingReplacementIsIgnoredOnReopen" computerName="runnervm3jd5f" duration="00:00:00.1985834" startTime="2026-07-24T05:26:25.2178402+00:00" endTime="2026-07-24T05:26:25.4234323+00:00" testType="13cdc9d9-ddb5-4fa4-a97d-d965ccfc6d4b" outcome="Passed" testListId="8c84fa94-04c1-424b-9868-57a2d4851a1d" relativeResultsDirectory="556a4ced-a667-4f65-801a-df1e73243892" />
    <UnitTestResult executionId="0b34840e-6917-473d-834f-4915d6c8caf6" testId="6d2529d1-17c4-74dd-8b49-9d11989bb1d3" testName="SonnetDB.CrashTests.CrashReliabilityTests.power_loss_torn_record_ReopenIgnoresTornWalTail" computerName="runnervm3jd5f" duration="00:00:00.0158962" startTime="2026-07-24T05:26:26.9859064+00:00" endTime="2026-07-24T05:26:27.0016102+00:00" testType="13cdc9d9-ddb5-4fa4-a97d-d965ccfc6d4b" outcome="Passed" testListId="8c84fa94-04c1-424b-9868-57a2d4851a1d" relativeResultsDirectory="0b34840e-6917-473d-834f-4915d6c8caf6" />
    <UnitTestResult executionId="fefb06d3-90dc-4285-9b4d-cba90332290e" testId="cbacb637-f33d-723f-1062-c8637f0fe42b" testName="SonnetDB.CrashTests.CrashReliabilityTests.crash_kill9_during_fsync_ReopenReplaysOnlyValidWalRecords" computerName="runnervm3jd5f" duration="00:00:00.6600661" startTime="2026-07-24T05:26:27.5303093+00:00" endTime="2026-07-24T05:26:28.1903817+00:00" testType="13cdc9d9-ddb5-4fa4-a97d-d965ccfc6d4b" outcome="Passed" testListId="8c84fa94-04c1-424b-9868-57a2d4851a1d" relativeResultsDirectory="fefb06d3-90dc-4285-9b4d-cba90332290e" />
    <UnitTestResult executionId="22ac0cf4-6472-4f13-a7fd-0d22a5e96963" testId="3ed8f3c2-3284-1a28-63f1-358738d5a81d" testName="SonnetDB.CrashTests.CrashReliabilityTests.oom_protection_memtable_backpressure_HardCapFlushesBeforeUnboundedGrowth" computerName="runnervm3jd5f" duration="00:00:00.0623482" startTime="2026-07-24T05:26:26.0194551+00:00" endTime="2026-07-24T05:26:26.0811552+00:00" testType="13cdc9d9-ddb5-4fa4-a97d-d965ccfc6d4b" outcome="Passed" testListId="8c84fa94-04c1-424b-9868-57a2d4851a1d" relativeResultsDirectory="22ac0cf4-6472-4f13-a7fd-0d22a5e96963" />
    <UnitTestResult executionId="ffd6aa1a-2888-4696-907a-a433fa559a95" testId="0f349738-363a-8ef0-8a25-a36953b9592a" testName="SonnetDB.CrashTests.CrashReliabilityTests.crash_kill9_mid_compaction_ReopenDoesNotDuplicateCommittedSegments" computerName="runnervm3jd5f" duration="00:00:00.9042001" startTime="2026-07-24T05:26:26.0813861+00:00" endTime="2026-07-24T05:26:26.9855091+00:00" testType="13cdc9d9-ddb5-4fa4-a97d-d965ccfc6d4b" outcome="Passed" testListId="8c84fa94-04c1-424b-9868-57a2d4851a1d" relativeResultsDirectory="ffd6aa1a-2888-4696-907a-a433fa559a95" />
    <UnitTestResult executionId="ec0fbdbd-5765-4490-86d1-46a007e5c9ce" testId="c69b76cf-c18e-bebd-fa50-e1cbed3f35a7" testName="SonnetDB.CrashTests.CrashReliabilityTests.crash_kill9_after_delete_DeletedRangeStaysDeleted" computerName="runnervm3jd5f" duration="00:00:00.5950264" startTime="2026-07-24T05:26:25.4349262+00:00" endTime="2026-07-24T05:26:26.0186851+00:00" testType="13cdc9d9-ddb5-4fa4-a97d-d965ccfc6d4b" outcome="Passed" testListId="8c84fa94-04c1-424b-9868-57a2d4851a1d" relativeResultsDirectory="ec0fbdbd-5765-4490-86d1-46a007e5c9ce" />
  </Results>
  <TestDefinitions>
    <UnitTest name="SonnetDB.CrashTests.CrashReliabilityTests.crash_kill9_during_fsync_ReopenReplaysOnlyValidWalRecords" storage="/home/runner/work/sonnetdb/sonnetdb/tests/sonnetdb.crashtests/bin/release/net10.0/sonnetdb.crashtests.dll" id="cbacb637-f33d-723f-1062-c8637f0fe42b">
      <Execution id="fefb06d3-90dc-4285-9b4d-cba90332290e" />
      <TestMethod codeBase="/home/runner/work/SonnetDB/SonnetDB/tests/SonnetDB.CrashTests/bin/Release/net10.0/SonnetDB.CrashTests.dll" adapterTypeName="executor://xunit/VsTestRunner3/netcore/" className="SonnetDB.CrashTests.CrashReliabilityTests" name="crash_kill9_during_fsync_ReopenReplaysOnlyValidWalRecords" />
    </UnitTest>
    <UnitTest name="SonnetDB.CrashTests.CrashReliabilityTests.oom_protection_memtable_backpressure_HardCapFlushesBeforeUnboundedGrowth" storage="/home/runner/work/sonnetdb/sonnetdb/tests/sonnetdb.crashtests/bin/release/net10.0/sonnetdb.crashtests.dll" id="3ed8f3c2-3284-1a28-63f1-358738d5a81d">
      <Execution id="22ac0cf4-6472-4f13-a7fd-0d22a5e96963" />
      <TestMethod codeBase="/home/runner/work/SonnetDB/SonnetDB/tests/SonnetDB.CrashTests/bin/Release/net10.0/SonnetDB.CrashTests.dll" adapterTypeName="executor://xunit/VsTestRunner3/netcore/" className="SonnetDB.CrashTests.CrashReliabilityTests" name="oom_protection_memtable_backpressure_HardCapFlushesBeforeUnboundedGrowth" />
    </UnitTest>
    <UnitTest name="SonnetDB.CrashTests.CrashReliabilityTests.crash_kill9_after_delete_DeletedRangeStaysDeleted" storage="/home/runner/work/sonnetdb/sonnetdb/tests/sonnetdb.crashtests/bin/release/net10.0/sonnetdb.crashtests.dll" id="c69b76cf-c18e-bebd-fa50-e1cbed3f35a7">
      <Execution id="ec0fbdbd-5765-4490-86d1-46a007e5c9ce" />
      <TestMethod codeBase="/home/runner/work/SonnetDB/SonnetDB/tests/SonnetDB.CrashTests/bin/Release/net10.0/SonnetDB.CrashTests.dll" adapterTypeName="executor://xunit/VsTestRunner3/netcore/" className="SonnetDB.CrashTests.CrashReliabilityTests" name="crash_kill9_after_delete_DeletedRangeStaysDeleted" />
    </UnitTest>
    <UnitTest name="SonnetDB.CrashTests.CrashReliabilityTests.crash_kill9_os_flushed_writes_AckedWritesSurviveProcessCrash" storage="/home/runner/work/sonnetdb/sonnetdb/tests/sonnetdb.crashtests/bin/release/net10.0/sonnetdb.crashtests.dll" id="939f4755-8654-694a-aa27-8a1c688f8ed8">
      <Execution id="97063688-bafb-4bb4-af8a-4b9463741968" />
      <TestMethod codeBase="/home/runner/work/SonnetDB/SonnetDB/tests/SonnetDB.CrashTests/bin/Release/net10.0/SonnetDB.CrashTests.dll" adapterTypeName="executor://xunit/VsTestRunner3/netcore/" className="SonnetDB.CrashTests.CrashReliabilityTests" name="crash_kill9_os_flushed_writes_AckedWritesSurviveProcessCrash" />
    </UnitTest>
    <UnitTest name="SonnetDB.CrashTests.CrashReliabilityTests.power_loss_half_renamed_segment_PendingReplacementIsIgnoredOnReopen" storage="/home/runner/work/sonnetdb/sonnetdb/tests/sonnetdb.crashtests/bin/release/net10.0/sonnetdb.crashtests.dll" id="719ee9c2-b843-29cb-bb45-ddae30178768">
      <Execution id="556a4ced-a667-4f65-801a-df1e73243892" />
      <TestMethod codeBase="/home/runner/work/SonnetDB/SonnetDB/tests/SonnetDB.CrashTests/bin/Release/net10.0/SonnetDB.CrashTests.dll" adapterTypeName="executor://xunit/VsTestRunner3/netcore/" className="SonnetDB.CrashTests.CrashReliabilityTests" name="power_loss_half_renamed_segment_PendingReplacementIsIgnoredOnReopen" />
    </UnitTest>
    <UnitTest name="SonnetDB.CrashTests.CrashReliabilityTests.crash_kill9_mid_compaction_ReopenDoesNotDuplicateCommittedSegments" storage="/home/runner/work/sonnetdb/sonnetdb/tests/sonnetdb.crashtests/bin/release/net10.0/sonnetdb.crashtests.dll" id="0f349738-363a-8ef0-8a25-a36953b9592a">
      <Execution id="ffd6aa1a-2888-4696-907a-a433fa559a95" />
      <TestMethod codeBase="/home/runner/work/SonnetDB/SonnetDB/tests/SonnetDB.CrashTests/bin/Release/net10.0/SonnetDB.CrashTests.dll" adapterTypeName="executor://xunit/VsTestRunner3/netcore/" className="SonnetDB.CrashTests.CrashReliabilityTests" name="crash_kill9_mid_compaction_ReopenDoesNotDuplicateCommittedSegments" />
    </UnitTest>
    <UnitTest name="SonnetDB.CrashTests.CrashReliabilityTests.disk_full_during_wal_append_PreservesPreviouslySyncedRecords" storage="/home/runner/work/sonnetdb/sonnetdb/tests/sonnetdb.crashtests/bin/release/net10.0/sonnetdb.crashtests.dll" id="9150857f-c4e4-07c5-0035-9fdc417b3556">
      <Execution id="8c68aa76-81a4-4aca-8960-8f0f193ef7f3" />
      <TestMethod codeBase="/home/runner/work/SonnetDB/SonnetDB/tests/SonnetDB.CrashTests/bin/Release/net10.0/SonnetDB.CrashTests.dll" adapterTypeName="executor://xunit/VsTestRunner3/netcore/" className="SonnetDB.CrashTests.CrashReliabilityTests" name="disk_full_during_wal_append_PreservesPreviouslySyncedRecords" />
    </UnitTest>
    <UnitTest name="SonnetDB.CrashTests.CrashReliabilityTests.power_loss_torn_record_ReopenIgnoresTornWalTail" storage="/home/runner/work/sonnetdb/sonnetdb/tests/sonnetdb.crashtests/bin/release/net10.0/sonnetdb.crashtests.dll" id="6d2529d1-17c4-74dd-8b49-9d11989bb1d3">
      <Execution id="0b34840e-6917-473d-834f-4915d6c8caf6" />
      <TestMethod codeBase="/home/runner/work/SonnetDB/SonnetDB/tests/SonnetDB.CrashTests/bin/Release/net10.0/SonnetDB.CrashTests.dll" adapterTypeName="executor://xunit/VsTestRunner3/netcore/" className="SonnetDB.CrashTests.CrashReliabilityTests" name="power_loss_torn_record_ReopenIgnoresTornWalTail" />
    </UnitTest>
  </TestDefinitions>
  <TestEntries>
    <TestEntry testId="9150857f-c4e4-07c5-0035-9fdc417b3556" executionId="8c68aa76-81a4-4aca-8960-8f0f193ef7f3" testListId="8c84fa94-04c1-424b-9868-57a2d4851a1d" />
    <TestEntry testId="939f4755-8654-694a-aa27-8a1c688f8ed8" executionId="97063688-bafb-4bb4-af8a-4b9463741968" testListId="8c84fa94-04c1-424b-9868-57a2d4851a1d" />
    <TestEntry testId="719ee9c2-b843-29cb-bb45-ddae30178768" executionId="556a4ced-a667-4f65-801a-df1e73243892" testListId="8c84fa94-04c1-424b-9868-57a2d4851a1d" />
    <TestEntry testId="6d2529d1-17c4-74dd-8b49-9d11989bb1d3" executionId="0b34840e-6917-473d-834f-4915d6c8caf6" testListId="8c84fa94-04c1-424b-9868-57a2d4851a1d" />
    <TestEntry testId="cbacb637-f33d-723f-1062-c8637f0fe42b" executionId="fefb06d3-90dc-4285-9b4d-cba90332290e" testListId="8c84fa94-04c1-424b-9868-57a2d4851a1d" />
    <TestEntry testId="3ed8f3c2-3284-1a28-63f1-358738d5a81d" executionId="22ac0cf4-6472-4f13-a7fd-0d22a5e96963" testListId="8c84fa94-04c1-424b-9868-57a2d4851a1d" />
    <TestEntry testId="0f349738-363a-8ef0-8a25-a36953b9592a" executionId="ffd6aa1a-2888-4696-907a-a433fa559a95" testListId="8c84fa94-04c1-424b-9868-57a2d4851a1d" />
    <TestEntry testId="c69b76cf-c18e-bebd-fa50-e1cbed3f35a7" executionId="ec0fbdbd-5765-4490-86d1-46a007e5c9ce" testListId="8c84fa94-04c1-424b-9868-57a2d4851a1d" />
  </TestEntries>
  <TestLists>
    <TestList name="Results Not in a List" id="8c84fa94-04c1-424b-9868-57a2d4851a1d" />
    <TestList name="All Loaded Results" id="19431567-8539-422a-85d7-44ee4e166bda" />
  </TestLists>
  <ResultSummary outcome="Completed">
    <Counters total="8" executed="8" passed="8" failed="0" error="0" timeout="0" aborted="0" inconclusive="0" passedButRunAborted="0" notRunnable="0" notExecuted="0" disconnected="0" warning="0" completed="0" inProgress="0" pending="0" />
    <Output>
      <StdOut>[xUnit.net 00:00:00.00] xUnit.net VSTest Adapter v3.1.5+1b188a7b0a (64-bit .NET 10.0.10)
[xUnit.net 00:00:00.09]   Discovering: SonnetDB.CrashTests
[xUnit.net 00:00:00.13]   Discovered:  SonnetDB.CrashTests
[xUnit.net 00:00:00.15]   Starting:    SonnetDB.CrashTests
[xUnit.net 00:00:03.15]   Finished:    SonnetDB.CrashTests
</StdOut>
    </Output>
  </ResultSummary>
</TestRun>