<?xml version="1.0" encoding="utf-8"?>
<TestRun id="3783e7be-7548-4853-885e-ebf68b5102e1" name="@runnervm76f27 2026-08-22 03:00:03" xmlns="http://microsoft.com/schemas/VisualStudio/TeamTest/2010">
  <Times creation="2026-08-22T03:00:03.0655860+00:00" queuing="2026-08-22T03:00:03.0655860+00:00" start="2026-08-22T03:00:01.1528826+00:00" finish="2026-08-22T03:02:11.4923791+00:00" />
  <TestSettings name="default" id="c350864e-860f-439c-a516-2891bf14a073">
    <Deployment runDeploymentRoot="_runnervm76f27_2026-08-22_03_00_03" />
  </TestSettings>
  <Results>
    <UnitTestResult executionId="8490af85-f0c8-4a31-b2c1-3e4bcfa13e76" testId="66e61c5f-c702-a767-f8b5-e32fbd491049" testName="SonnetDB.Parity.Runner.FrameRestTransportParitySuite.FrameHttp2_And_Rest_AreSemanticallyEquivalent_ForAllServices" computerName="runnervm76f27" duration="00:00:00.0410331" startTime="2026-08-22T03:00:01.8623488+00:00" endTime="2026-08-22T03:00:05.0845164+00:00" testType="13cdc9d9-ddb5-4fa4-a97d-d965ccfc6d4b" outcome="Failed" testListId="8c84fa94-04c1-424b-9868-57a2d4851a1d" relativeResultsDirectory="8490af85-f0c8-4a31-b2c1-3e4bcfa13e76">
      <Output>
        <ErrorInfo>
          <Message>SonnetDB.Data.SndbServerException : [200 OK] frame_transport_error: 帧端点连接失败：The HTTP/2 server closed the connection. HTTP/2 error code 'HTTP_1_1_REQUIRED' (0xd). (HttpProtocolError)</Message>
          <StackTrace>   at SonnetDB.Data.Remote.FrameChannel.HandleTransportFailure(String message) in /home/runner/work/SonnetDB/SonnetDB/src/SonnetDB.Data/Remote/FrameChannel.cs:line 113
   at SonnetDB.Data.Remote.FrameChannel.TrySendAsync(ReadOnlyMemory`1 requestFrames, CancellationToken cancellationToken) in /home/runner/work/SonnetDB/SonnetDB/src/SonnetDB.Data/Remote/FrameChannel.cs:line 80
   at SonnetDB.Data.Remote.FrameChannel.SendUnaryAsync(ReadOnlyMemory`1 requestFrame, CancellationToken cancellationToken) in /home/runner/work/SonnetDB/SonnetDB/src/SonnetDB.Data/Remote/FrameChannel.cs:line 92
   at SonnetDB.Data.Mq.SndbMqClient.PublishAsync(String topic, Byte[] payload, IReadOnlyDictionary`2 headers, CancellationToken cancellationToken) in /home/runner/work/SonnetDB/SonnetDB/src/SonnetDB.Data/Mq/SndbMqClient.cs:line 68
   at SonnetDB.Parity.Runner.FrameRestTransportParitySuite.ExerciseMqAsync(String protocol, String topic) in /home/runner/work/SonnetDB/SonnetDB/tests/SonnetDB.Parity/runner/FrameRestTransportParitySuite.cs:line 108
   at SonnetDB.Parity.Runner.FrameRestTransportParitySuite.AssertMqParityAsync() in /home/runner/work/SonnetDB/SonnetDB/tests/SonnetDB.Parity/runner/FrameRestTransportParitySuite.cs:line 96
   at SonnetDB.Parity.Runner.FrameRestTransportParitySuite.FrameHttp2_And_Rest_AreSemanticallyEquivalent_ForAllServices() in /home/runner/work/SonnetDB/SonnetDB/tests/SonnetDB.Parity/runner/FrameRestTransportParitySuite.cs:line 85
--- End of stack trace from previous location ---</StackTrace>
        </ErrorInfo>
      </Output>
    </UnitTestResult>
    <UnitTestResult executionId="5a681277-c5ae-4653-9c8a-9f710f6ce43e" testId="907c1091-f136-9237-2fef-0d4a35743dd3" testName="SonnetDB.Parity.Runner.ParityRunner.GraphBetaSuite_SonnetDbPassesAndExternalParityRemainsNotRun" computerName="runnervm76f27" duration="00:00:01.0550555" startTime="2026-08-22T03:00:01.7353052+00:00" endTime="2026-08-22T03:00:02.7969888+00:00" testType="13cdc9d9-ddb5-4fa4-a97d-d965ccfc6d4b" outcome="Passed" testListId="8c84fa94-04c1-424b-9868-57a2d4851a1d" relativeResultsDirectory="5a681277-c5ae-4653-9c8a-9f710f6ce43e" />
    <UnitTestResult executionId="d95ac69f-3f45-4c29-87da-dbc95759ef6e" testId="56b0765d-9cc2-4c9e-e01f-ce69614fa9ee" testName="SonnetDB.Parity.Runner.ParityRunner.AnalyticsSuite_SonnetDbMatchesClickHouse" computerName="runnervm76f27" duration="00:00:00.7510958" startTime="2026-08-22T03:02:01.1037402+00:00" endTime="2026-08-22T03:02:01.8544892+00:00" testType="13cdc9d9-ddb5-4fa4-a97d-d965ccfc6d4b" outcome="Passed" testListId="8c84fa94-04c1-424b-9868-57a2d4851a1d" relativeResultsDirectory="d95ac69f-3f45-4c29-87da-dbc95759ef6e" />
    <UnitTestResult executionId="be06d9cc-be6a-4823-9746-2c6251185ab1" testId="b2f087cf-30a2-36dc-426f-7c7c70967bf0" testName="SonnetDB.Parity.Runner.ParityRunner.KvSuite_SonnetDbMatchesRedis" computerName="runnervm76f27" duration="00:01:54.4159985" startTime="2026-08-22T03:00:02.7977125+00:00" endTime="2026-08-22T03:01:57.2142971+00:00" testType="13cdc9d9-ddb5-4fa4-a97d-d965ccfc6d4b" outcome="Passed" testListId="8c84fa94-04c1-424b-9868-57a2d4851a1d" relativeResultsDirectory="be06d9cc-be6a-4823-9746-2c6251185ab1" />
    <UnitTestResult executionId="59fb6726-8b32-481f-b80b-3e9f92898ee6" testId="e7b8d2f1-2350-3ae7-4d72-5c147a8fd3cb" testName="SonnetDB.Parity.Adapters.RelationalResultMaterializerTests.ReadAsync_WithIntegralDecimal_NormalizesToInt64" computerName="runnervm76f27" duration="00:00:00.0174530" startTime="2026-08-22T03:00:01.8477627+00:00" endTime="2026-08-22T03:00:01.8569741+00:00" testType="13cdc9d9-ddb5-4fa4-a97d-d965ccfc6d4b" outcome="Passed" testListId="8c84fa94-04c1-424b-9868-57a2d4851a1d" relativeResultsDirectory="59fb6726-8b32-481f-b80b-3e9f92898ee6" />
    <UnitTestResult executionId="f6caeeaa-97a9-4fc5-8d4c-f6ad6295e8c2" testId="707c162a-e09a-96a2-445c-c45322d5e8e8" testName="SonnetDB.Parity.Runner.ParityRunner.MqSuite_SonnetMqMatchesNatsJetStream" computerName="runnervm76f27" duration="00:00:00.6017003" startTime="2026-08-22T03:02:09.5301132+00:00" endTime="2026-08-22T03:02:10.1318242+00:00" testType="13cdc9d9-ddb5-4fa4-a97d-d965ccfc6d4b" outcome="Passed" testListId="8c84fa94-04c1-424b-9868-57a2d4851a1d" relativeResultsDirectory="f6caeeaa-97a9-4fc5-8d4c-f6ad6295e8c2" />
    <UnitTestResult executionId="dc3a7c25-1e55-40e1-a250-b979f638e127" testId="326f18ea-ff47-0d78-2a31-253eef3e3b9d" testName="SonnetDB.Parity.Runner.ResultDifferTests.DiffSqlResults_WithTimeBucketContract_KeepsValueColumnsStrict" computerName="runnervm76f27" duration="00:00:00.0019057" startTime="2026-08-22T03:00:01.8593955+00:00" endTime="2026-08-22T03:00:01.8613291+00:00" testType="13cdc9d9-ddb5-4fa4-a97d-d965ccfc6d4b" outcome="Passed" testListId="8c84fa94-04c1-424b-9868-57a2d4851a1d" relativeResultsDirectory="dc3a7c25-1e55-40e1-a250-b979f638e127" />
    <UnitTestResult executionId="e4908cb4-c33b-42ae-8021-94030d8da954" testId="9d48f0d2-2ffa-3aeb-e036-ad27082d0bb4" testName="SonnetDB.Parity.Adapters.RelationalResultMaterializerTests.ReadAsync_WithFractionalDecimal_NormalizesToDouble" computerName="runnervm76f27" duration="00:00:00.0982329" startTime="2026-08-22T03:00:01.7365205+00:00" endTime="2026-08-22T03:00:01.8396009+00:00" testType="13cdc9d9-ddb5-4fa4-a97d-d965ccfc6d4b" outcome="Passed" testListId="8c84fa94-04c1-424b-9868-57a2d4851a1d" relativeResultsDirectory="e4908cb4-c33b-42ae-8021-94030d8da954" />
    <UnitTestResult executionId="6b9ccadd-277d-443d-be31-f3af1393f8b1" testId="0c4b18d7-aafc-8287-45d4-75233304d011" testName="SonnetDB.Parity.Runner.ParityRunner.FullTextSuite_SonnetDbMatchesMeilisearch" computerName="runnervm76f27" duration="00:00:00.7696756" startTime="2026-08-22T03:02:06.2531214+00:00" endTime="2026-08-22T03:02:07.0229721+00:00" testType="13cdc9d9-ddb5-4fa4-a97d-d965ccfc6d4b" outcome="Passed" testListId="8c84fa94-04c1-424b-9868-57a2d4851a1d" relativeResultsDirectory="6b9ccadd-277d-443d-be31-f3af1393f8b1" />
    <UnitTestResult executionId="510233a4-dfe8-4e83-be3c-a0f41d33b8ab" testId="da7990f2-5dd5-68c9-cd8b-83165d59ca0a" testName="SonnetDB.Parity.Runner.ParityRunner.TsdbSuite_SonnetDbMatchesInfluxDbAndVictoriaMetrics" computerName="runnervm76f27" duration="00:00:00.6135220" startTime="2026-08-22T03:02:04.1678863+00:00" endTime="2026-08-22T03:02:04.7814821+00:00" testType="13cdc9d9-ddb5-4fa4-a97d-d965ccfc6d4b" outcome="Passed" testListId="8c84fa94-04c1-424b-9868-57a2d4851a1d" relativeResultsDirectory="510233a4-dfe8-4e83-be3c-a0f41d33b8ab" />
    <UnitTestResult executionId="3d569053-7926-49f1-bdde-8cf6922d92a4" testId="6cfb7d90-74fc-c7a3-287d-37b4650aa54d" testName="SonnetDB.Parity.Runner.ParityRunner.VectorSuite_SonnetDbMatchesQdrant" computerName="runnervm76f27" duration="00:00:01.4708804" startTime="2026-08-22T03:02:04.7817052+00:00" endTime="2026-08-22T03:02:06.2528519+00:00" testType="13cdc9d9-ddb5-4fa4-a97d-d965ccfc6d4b" outcome="Passed" testListId="8c84fa94-04c1-424b-9868-57a2d4851a1d" relativeResultsDirectory="3d569053-7926-49f1-bdde-8cf6922d92a4" />
    <UnitTestResult executionId="5c800ee7-f018-4294-9de2-74bc1aa7eb9c" testId="ee07b8ae-2701-101a-fee5-0fb9b5b109b4" testName="SonnetDB.Parity.Runner.ResultDifferTests.DiffSqlResults_WithBucketAlias_AcceptsEquivalentTimeColumnName" computerName="runnervm76f27" duration="00:00:00.0001098" startTime="2026-08-22T03:00:01.8617560+00:00" endTime="2026-08-22T03:00:01.8618195+00:00" testType="13cdc9d9-ddb5-4fa4-a97d-d965ccfc6d4b" outcome="Passed" testListId="8c84fa94-04c1-424b-9868-57a2d4851a1d" relativeResultsDirectory="5c800ee7-f018-4294-9de2-74bc1aa7eb9c" />
    <UnitTestResult executionId="98518b24-bbd9-477d-8073-81471dd75c23" testId="da0cedfe-ae28-1d5e-524f-235c86149b72" testName="SonnetDB.Parity.Runner.ParityRunner.DocumentSuite_SonnetDbMatchesMongoDbSemantics" computerName="runnervm76f27" duration="00:00:03.8880005" startTime="2026-08-22T03:01:57.2157357+00:00" endTime="2026-08-22T03:02:01.1032284+00:00" testType="13cdc9d9-ddb5-4fa4-a97d-d965ccfc6d4b" outcome="Passed" testListId="8c84fa94-04c1-424b-9868-57a2d4851a1d" relativeResultsDirectory="98518b24-bbd9-477d-8073-81471dd75c23" />
    <UnitTestResult executionId="edae93bd-b9c9-4f04-838b-7862dd3cc9d2" testId="acb2f3ab-260f-16f2-daed-19b4d6b5945b" testName="SonnetDB.Parity.Runner.ResultDifferTests.DiffSqlResults_WithTimeBucketContract_NormalizesWindowStopOnEitherSide" computerName="runnervm76f27" duration="00:00:00.0000899" startTime="2026-08-22T03:00:01.8619118+00:00" endTime="2026-08-22T03:00:01.8619549+00:00" testType="13cdc9d9-ddb5-4fa4-a97d-d965ccfc6d4b" outcome="Passed" testListId="8c84fa94-04c1-424b-9868-57a2d4851a1d" relativeResultsDirectory="edae93bd-b9c9-4f04-838b-7862dd3cc9d2" />
    <UnitTestResult executionId="abacc49b-a6c9-4e67-9837-c2823b0c6a1b" testId="66a88082-7872-fe6d-92d1-1ef9f0689ba7" testName="SonnetDB.Parity.Runner.ParityRunner.ObjectSuite_SonnetDbMatchesMinio" computerName="runnervm76f27" duration="00:00:02.3124878" startTime="2026-08-22T03:02:01.8547406+00:00" endTime="2026-08-22T03:02:04.1674646+00:00" testType="13cdc9d9-ddb5-4fa4-a97d-d965ccfc6d4b" outcome="Passed" testListId="8c84fa94-04c1-424b-9868-57a2d4851a1d" relativeResultsDirectory="abacc49b-a6c9-4e67-9837-c2823b0c6a1b" />
    <UnitTestResult executionId="2f636b4f-cfba-4bff-8553-076fd5038be8" testId="7a2f4258-eca0-9ab2-de74-b48e51c31b91" testName="SonnetDB.Parity.Runner.ProtocolIngestParitySuite.LineProtocol_HttpUdpMqttAndCoap_ProduceEquivalentRows" computerName="runnervm76f27" duration="00:00:00.1108310" startTime="2026-08-22T03:02:10.1326893+00:00" endTime="2026-08-22T03:02:11.4309441+00:00" testType="13cdc9d9-ddb5-4fa4-a97d-d965ccfc6d4b" outcome="Passed" testListId="8c84fa94-04c1-424b-9868-57a2d4851a1d" relativeResultsDirectory="2f636b4f-cfba-4bff-8553-076fd5038be8" />
    <UnitTestResult executionId="ddb7b841-747a-41b4-ae36-c17913577fcf" testId="a3dce82f-2060-f755-ba41-589eaef086cf" testName="SonnetDB.Parity.Runner.ParityRunner.RelationalSuite_SonnetDbMatchesPostgres" computerName="runnervm76f27" duration="00:00:02.5062338" startTime="2026-08-22T03:02:07.0231856+00:00" endTime="2026-08-22T03:02:09.5297131+00:00" testType="13cdc9d9-ddb5-4fa4-a97d-d965ccfc6d4b" outcome="Passed" testListId="8c84fa94-04c1-424b-9868-57a2d4851a1d" relativeResultsDirectory="ddb7b841-747a-41b4-ae36-c17913577fcf" />
    <UnitTestResult executionId="aba8a6fe-e6ac-4740-a15e-7914b5892472" testId="45a94119-4f7f-2202-c475-1c2e4d283298" testName="SonnetDB.Parity.Runner.ResultDifferTests.DiffSqlResults_WithTimeBucketContract_NormalizesWindowStopToBucketStart" computerName="runnervm76f27" duration="00:00:00.0002774" startTime="2026-08-22T03:00:01.8614476+00:00" endTime="2026-08-22T03:00:01.8616634+00:00" testType="13cdc9d9-ddb5-4fa4-a97d-d965ccfc6d4b" outcome="Passed" testListId="8c84fa94-04c1-424b-9868-57a2d4851a1d" relativeResultsDirectory="aba8a6fe-e6ac-4740-a15e-7914b5892472" />
  </Results>
  <TestDefinitions>
    <UnitTest name="SonnetDB.Parity.Runner.ParityRunner.DocumentSuite_SonnetDbMatchesMongoDbSemantics" storage="/home/runner/work/sonnetdb/sonnetdb/tests/sonnetdb.parity/bin/release/net10.0/sonnetdb.parity.dll" id="da0cedfe-ae28-1d5e-524f-235c86149b72">
      <Execution id="98518b24-bbd9-477d-8073-81471dd75c23" />
      <TestMethod codeBase="/home/runner/work/SonnetDB/SonnetDB/tests/SonnetDB.Parity/bin/Release/net10.0/SonnetDB.Parity.dll" adapterTypeName="executor://xunit/VsTestRunner3/netcore/" className="SonnetDB.Parity.Runner.ParityRunner" name="DocumentSuite_SonnetDbMatchesMongoDbSemantics" />
    </UnitTest>
    <UnitTest name="SonnetDB.Parity.Runner.ParityRunner.TsdbSuite_SonnetDbMatchesInfluxDbAndVictoriaMetrics" storage="/home/runner/work/sonnetdb/sonnetdb/tests/sonnetdb.parity/bin/release/net10.0/sonnetdb.parity.dll" id="da7990f2-5dd5-68c9-cd8b-83165d59ca0a">
      <Execution id="510233a4-dfe8-4e83-be3c-a0f41d33b8ab" />
      <TestMethod codeBase="/home/runner/work/SonnetDB/SonnetDB/tests/SonnetDB.Parity/bin/Release/net10.0/SonnetDB.Parity.dll" adapterTypeName="executor://xunit/VsTestRunner3/netcore/" className="SonnetDB.Parity.Runner.ParityRunner" name="TsdbSuite_SonnetDbMatchesInfluxDbAndVictoriaMetrics" />
    </UnitTest>
    <UnitTest name="SonnetDB.Parity.Runner.ParityRunner.GraphBetaSuite_SonnetDbPassesAndExternalParityRemainsNotRun" storage="/home/runner/work/sonnetdb/sonnetdb/tests/sonnetdb.parity/bin/release/net10.0/sonnetdb.parity.dll" id="907c1091-f136-9237-2fef-0d4a35743dd3">
      <Execution id="5a681277-c5ae-4653-9c8a-9f710f6ce43e" />
      <TestMethod codeBase="/home/runner/work/SonnetDB/SonnetDB/tests/SonnetDB.Parity/bin/Release/net10.0/SonnetDB.Parity.dll" adapterTypeName="executor://xunit/VsTestRunner3/netcore/" className="SonnetDB.Parity.Runner.ParityRunner" name="GraphBetaSuite_SonnetDbPassesAndExternalParityRemainsNotRun" />
    </UnitTest>
    <UnitTest name="SonnetDB.Parity.Runner.ParityRunner.RelationalSuite_SonnetDbMatchesPostgres" storage="/home/runner/work/sonnetdb/sonnetdb/tests/sonnetdb.parity/bin/release/net10.0/sonnetdb.parity.dll" id="a3dce82f-2060-f755-ba41-589eaef086cf">
      <Execution id="ddb7b841-747a-41b4-ae36-c17913577fcf" />
      <TestMethod codeBase="/home/runner/work/SonnetDB/SonnetDB/tests/SonnetDB.Parity/bin/Release/net10.0/SonnetDB.Parity.dll" adapterTypeName="executor://xunit/VsTestRunner3/netcore/" className="SonnetDB.Parity.Runner.ParityRunner" name="RelationalSuite_SonnetDbMatchesPostgres" />
    </UnitTest>
    <UnitTest name="SonnetDB.Parity.Adapters.RelationalResultMaterializerTests.ReadAsync_WithIntegralDecimal_NormalizesToInt64" storage="/home/runner/work/sonnetdb/sonnetdb/tests/sonnetdb.parity/bin/release/net10.0/sonnetdb.parity.dll" id="e7b8d2f1-2350-3ae7-4d72-5c147a8fd3cb">
      <Execution id="59fb6726-8b32-481f-b80b-3e9f92898ee6" />
      <TestMethod codeBase="/home/runner/work/SonnetDB/SonnetDB/tests/SonnetDB.Parity/bin/Release/net10.0/SonnetDB.Parity.dll" adapterTypeName="executor://xunit/VsTestRunner3/netcore/" className="SonnetDB.Parity.Adapters.RelationalResultMaterializerTests" name="ReadAsync_WithIntegralDecimal_NormalizesToInt64" />
    </UnitTest>
    <UnitTest name="SonnetDB.Parity.Runner.ProtocolIngestParitySuite.LineProtocol_HttpUdpMqttAndCoap_ProduceEquivalentRows" storage="/home/runner/work/sonnetdb/sonnetdb/tests/sonnetdb.parity/bin/release/net10.0/sonnetdb.parity.dll" id="7a2f4258-eca0-9ab2-de74-b48e51c31b91">
      <Execution id="2f636b4f-cfba-4bff-8553-076fd5038be8" />
      <TestMethod codeBase="/home/runner/work/SonnetDB/SonnetDB/tests/SonnetDB.Parity/bin/Release/net10.0/SonnetDB.Parity.dll" adapterTypeName="executor://xunit/VsTestRunner3/netcore/" className="SonnetDB.Parity.Runner.ProtocolIngestParitySuite" name="LineProtocol_HttpUdpMqttAndCoap_ProduceEquivalentRows" />
    </UnitTest>
    <UnitTest name="SonnetDB.Parity.Runner.FrameRestTransportParitySuite.FrameHttp2_And_Rest_AreSemanticallyEquivalent_ForAllServices" storage="/home/runner/work/sonnetdb/sonnetdb/tests/sonnetdb.parity/bin/release/net10.0/sonnetdb.parity.dll" id="66e61c5f-c702-a767-f8b5-e32fbd491049">
      <Execution id="8490af85-f0c8-4a31-b2c1-3e4bcfa13e76" />
      <TestMethod codeBase="/home/runner/work/SonnetDB/SonnetDB/tests/SonnetDB.Parity/bin/Release/net10.0/SonnetDB.Parity.dll" adapterTypeName="executor://xunit/VsTestRunner3/netcore/" className="SonnetDB.Parity.Runner.FrameRestTransportParitySuite" name="FrameHttp2_And_Rest_AreSemanticallyEquivalent_ForAllServices" />
    </UnitTest>
    <UnitTest name="SonnetDB.Parity.Runner.ResultDifferTests.DiffSqlResults_WithTimeBucketContract_KeepsValueColumnsStrict" storage="/home/runner/work/sonnetdb/sonnetdb/tests/sonnetdb.parity/bin/release/net10.0/sonnetdb.parity.dll" id="326f18ea-ff47-0d78-2a31-253eef3e3b9d">
      <Execution id="dc3a7c25-1e55-40e1-a250-b979f638e127" />
      <TestMethod codeBase="/home/runner/work/SonnetDB/SonnetDB/tests/SonnetDB.Parity/bin/Release/net10.0/SonnetDB.Parity.dll" adapterTypeName="executor://xunit/VsTestRunner3/netcore/" className="SonnetDB.Parity.Runner.ResultDifferTests" name="DiffSqlResults_WithTimeBucketContract_KeepsValueColumnsStrict" />
    </UnitTest>
    <UnitTest name="SonnetDB.Parity.Runner.ParityRunner.MqSuite_SonnetMqMatchesNatsJetStream" storage="/home/runner/work/sonnetdb/sonnetdb/tests/sonnetdb.parity/bin/release/net10.0/sonnetdb.parity.dll" id="707c162a-e09a-96a2-445c-c45322d5e8e8">
      <Execution id="f6caeeaa-97a9-4fc5-8d4c-f6ad6295e8c2" />
      <TestMethod codeBase="/home/runner/work/SonnetDB/SonnetDB/tests/SonnetDB.Parity/bin/Release/net10.0/SonnetDB.Parity.dll" adapterTypeName="executor://xunit/VsTestRunner3/netcore/" className="SonnetDB.Parity.Runner.ParityRunner" name="MqSuite_SonnetMqMatchesNatsJetStream" />
    </UnitTest>
    <UnitTest name="SonnetDB.Parity.Runner.ResultDifferTests.DiffSqlResults_WithTimeBucketContract_NormalizesWindowStopToBucketStart" storage="/home/runner/work/sonnetdb/sonnetdb/tests/sonnetdb.parity/bin/release/net10.0/sonnetdb.parity.dll" id="45a94119-4f7f-2202-c475-1c2e4d283298">
      <Execution id="aba8a6fe-e6ac-4740-a15e-7914b5892472" />
      <TestMethod codeBase="/home/runner/work/SonnetDB/SonnetDB/tests/SonnetDB.Parity/bin/Release/net10.0/SonnetDB.Parity.dll" adapterTypeName="executor://xunit/VsTestRunner3/netcore/" className="SonnetDB.Parity.Runner.ResultDifferTests" name="DiffSqlResults_WithTimeBucketContract_NormalizesWindowStopToBucketStart" />
    </UnitTest>
    <UnitTest name="SonnetDB.Parity.Adapters.RelationalResultMaterializerTests.ReadAsync_WithFractionalDecimal_NormalizesToDouble" storage="/home/runner/work/sonnetdb/sonnetdb/tests/sonnetdb.parity/bin/release/net10.0/sonnetdb.parity.dll" id="9d48f0d2-2ffa-3aeb-e036-ad27082d0bb4">
      <Execution id="e4908cb4-c33b-42ae-8021-94030d8da954" />
      <TestMethod codeBase="/home/runner/work/SonnetDB/SonnetDB/tests/SonnetDB.Parity/bin/Release/net10.0/SonnetDB.Parity.dll" adapterTypeName="executor://xunit/VsTestRunner3/netcore/" className="SonnetDB.Parity.Adapters.RelationalResultMaterializerTests" name="ReadAsync_WithFractionalDecimal_NormalizesToDouble" />
    </UnitTest>
    <UnitTest name="SonnetDB.Parity.Runner.ParityRunner.ObjectSuite_SonnetDbMatchesMinio" storage="/home/runner/work/sonnetdb/sonnetdb/tests/sonnetdb.parity/bin/release/net10.0/sonnetdb.parity.dll" id="66a88082-7872-fe6d-92d1-1ef9f0689ba7">
      <Execution id="abacc49b-a6c9-4e67-9837-c2823b0c6a1b" />
      <TestMethod codeBase="/home/runner/work/SonnetDB/SonnetDB/tests/SonnetDB.Parity/bin/Release/net10.0/SonnetDB.Parity.dll" adapterTypeName="executor://xunit/VsTestRunner3/netcore/" className="SonnetDB.Parity.Runner.ParityRunner" name="ObjectSuite_SonnetDbMatchesMinio" />
    </UnitTest>
    <UnitTest name="SonnetDB.Parity.Runner.ParityRunner.KvSuite_SonnetDbMatchesRedis" storage="/home/runner/work/sonnetdb/sonnetdb/tests/sonnetdb.parity/bin/release/net10.0/sonnetdb.parity.dll" id="b2f087cf-30a2-36dc-426f-7c7c70967bf0">
      <Execution id="be06d9cc-be6a-4823-9746-2c6251185ab1" />
      <TestMethod codeBase="/home/runner/work/SonnetDB/SonnetDB/tests/SonnetDB.Parity/bin/Release/net10.0/SonnetDB.Parity.dll" adapterTypeName="executor://xunit/VsTestRunner3/netcore/" className="SonnetDB.Parity.Runner.ParityRunner" name="KvSuite_SonnetDbMatchesRedis" />
    </UnitTest>
    <UnitTest name="SonnetDB.Parity.Runner.ParityRunner.FullTextSuite_SonnetDbMatchesMeilisearch" storage="/home/runner/work/sonnetdb/sonnetdb/tests/sonnetdb.parity/bin/release/net10.0/sonnetdb.parity.dll" id="0c4b18d7-aafc-8287-45d4-75233304d011">
      <Execution id="6b9ccadd-277d-443d-be31-f3af1393f8b1" />
      <TestMethod codeBase="/home/runner/work/SonnetDB/SonnetDB/tests/SonnetDB.Parity/bin/Release/net10.0/SonnetDB.Parity.dll" adapterTypeName="executor://xunit/VsTestRunner3/netcore/" className="SonnetDB.Parity.Runner.ParityRunner" name="FullTextSuite_SonnetDbMatchesMeilisearch" />
    </UnitTest>
    <UnitTest name="SonnetDB.Parity.Runner.ParityRunner.AnalyticsSuite_SonnetDbMatchesClickHouse" storage="/home/runner/work/sonnetdb/sonnetdb/tests/sonnetdb.parity/bin/release/net10.0/sonnetdb.parity.dll" id="56b0765d-9cc2-4c9e-e01f-ce69614fa9ee">
      <Execution id="d95ac69f-3f45-4c29-87da-dbc95759ef6e" />
      <TestMethod codeBase="/home/runner/work/SonnetDB/SonnetDB/tests/SonnetDB.Parity/bin/Release/net10.0/SonnetDB.Parity.dll" adapterTypeName="executor://xunit/VsTestRunner3/netcore/" className="SonnetDB.Parity.Runner.ParityRunner" name="AnalyticsSuite_SonnetDbMatchesClickHouse" />
    </UnitTest>
    <UnitTest name="SonnetDB.Parity.Runner.ResultDifferTests.DiffSqlResults_WithTimeBucketContract_NormalizesWindowStopOnEitherSide" storage="/home/runner/work/sonnetdb/sonnetdb/tests/sonnetdb.parity/bin/release/net10.0/sonnetdb.parity.dll" id="acb2f3ab-260f-16f2-daed-19b4d6b5945b">
      <Execution id="edae93bd-b9c9-4f04-838b-7862dd3cc9d2" />
      <TestMethod codeBase="/home/runner/work/SonnetDB/SonnetDB/tests/SonnetDB.Parity/bin/Release/net10.0/SonnetDB.Parity.dll" adapterTypeName="executor://xunit/VsTestRunner3/netcore/" className="SonnetDB.Parity.Runner.ResultDifferTests" name="DiffSqlResults_WithTimeBucketContract_NormalizesWindowStopOnEitherSide" />
    </UnitTest>
    <UnitTest name="SonnetDB.Parity.Runner.ResultDifferTests.DiffSqlResults_WithBucketAlias_AcceptsEquivalentTimeColumnName" storage="/home/runner/work/sonnetdb/sonnetdb/tests/sonnetdb.parity/bin/release/net10.0/sonnetdb.parity.dll" id="ee07b8ae-2701-101a-fee5-0fb9b5b109b4">
      <Execution id="5c800ee7-f018-4294-9de2-74bc1aa7eb9c" />
      <TestMethod codeBase="/home/runner/work/SonnetDB/SonnetDB/tests/SonnetDB.Parity/bin/Release/net10.0/SonnetDB.Parity.dll" adapterTypeName="executor://xunit/VsTestRunner3/netcore/" className="SonnetDB.Parity.Runner.ResultDifferTests" name="DiffSqlResults_WithBucketAlias_AcceptsEquivalentTimeColumnName" />
    </UnitTest>
    <UnitTest name="SonnetDB.Parity.Runner.ParityRunner.VectorSuite_SonnetDbMatchesQdrant" storage="/home/runner/work/sonnetdb/sonnetdb/tests/sonnetdb.parity/bin/release/net10.0/sonnetdb.parity.dll" id="6cfb7d90-74fc-c7a3-287d-37b4650aa54d">
      <Execution id="3d569053-7926-49f1-bdde-8cf6922d92a4" />
      <TestMethod codeBase="/home/runner/work/SonnetDB/SonnetDB/tests/SonnetDB.Parity/bin/Release/net10.0/SonnetDB.Parity.dll" adapterTypeName="executor://xunit/VsTestRunner3/netcore/" className="SonnetDB.Parity.Runner.ParityRunner" name="VectorSuite_SonnetDbMatchesQdrant" />
    </UnitTest>
  </TestDefinitions>
  <TestEntries>
    <TestEntry testId="66e61c5f-c702-a767-f8b5-e32fbd491049" executionId="8490af85-f0c8-4a31-b2c1-3e4bcfa13e76" testListId="8c84fa94-04c1-424b-9868-57a2d4851a1d" />
    <TestEntry testId="907c1091-f136-9237-2fef-0d4a35743dd3" executionId="5a681277-c5ae-4653-9c8a-9f710f6ce43e" testListId="8c84fa94-04c1-424b-9868-57a2d4851a1d" />
    <TestEntry testId="56b0765d-9cc2-4c9e-e01f-ce69614fa9ee" executionId="d95ac69f-3f45-4c29-87da-dbc95759ef6e" testListId="8c84fa94-04c1-424b-9868-57a2d4851a1d" />
    <TestEntry testId="b2f087cf-30a2-36dc-426f-7c7c70967bf0" executionId="be06d9cc-be6a-4823-9746-2c6251185ab1" testListId="8c84fa94-04c1-424b-9868-57a2d4851a1d" />
    <TestEntry testId="e7b8d2f1-2350-3ae7-4d72-5c147a8fd3cb" executionId="59fb6726-8b32-481f-b80b-3e9f92898ee6" testListId="8c84fa94-04c1-424b-9868-57a2d4851a1d" />
    <TestEntry testId="707c162a-e09a-96a2-445c-c45322d5e8e8" executionId="f6caeeaa-97a9-4fc5-8d4c-f6ad6295e8c2" testListId="8c84fa94-04c1-424b-9868-57a2d4851a1d" />
    <TestEntry testId="326f18ea-ff47-0d78-2a31-253eef3e3b9d" executionId="dc3a7c25-1e55-40e1-a250-b979f638e127" testListId="8c84fa94-04c1-424b-9868-57a2d4851a1d" />
    <TestEntry testId="9d48f0d2-2ffa-3aeb-e036-ad27082d0bb4" executionId="e4908cb4-c33b-42ae-8021-94030d8da954" testListId="8c84fa94-04c1-424b-9868-57a2d4851a1d" />
    <TestEntry testId="0c4b18d7-aafc-8287-45d4-75233304d011" executionId="6b9ccadd-277d-443d-be31-f3af1393f8b1" testListId="8c84fa94-04c1-424b-9868-57a2d4851a1d" />
    <TestEntry testId="da7990f2-5dd5-68c9-cd8b-83165d59ca0a" executionId="510233a4-dfe8-4e83-be3c-a0f41d33b8ab" testListId="8c84fa94-04c1-424b-9868-57a2d4851a1d" />
    <TestEntry testId="6cfb7d90-74fc-c7a3-287d-37b4650aa54d" executionId="3d569053-7926-49f1-bdde-8cf6922d92a4" testListId="8c84fa94-04c1-424b-9868-57a2d4851a1d" />
    <TestEntry testId="ee07b8ae-2701-101a-fee5-0fb9b5b109b4" executionId="5c800ee7-f018-4294-9de2-74bc1aa7eb9c" testListId="8c84fa94-04c1-424b-9868-57a2d4851a1d" />
    <TestEntry testId="da0cedfe-ae28-1d5e-524f-235c86149b72" executionId="98518b24-bbd9-477d-8073-81471dd75c23" testListId="8c84fa94-04c1-424b-9868-57a2d4851a1d" />
    <TestEntry testId="acb2f3ab-260f-16f2-daed-19b4d6b5945b" executionId="edae93bd-b9c9-4f04-838b-7862dd3cc9d2" testListId="8c84fa94-04c1-424b-9868-57a2d4851a1d" />
    <TestEntry testId="66a88082-7872-fe6d-92d1-1ef9f0689ba7" executionId="abacc49b-a6c9-4e67-9837-c2823b0c6a1b" testListId="8c84fa94-04c1-424b-9868-57a2d4851a1d" />
    <TestEntry testId="7a2f4258-eca0-9ab2-de74-b48e51c31b91" executionId="2f636b4f-cfba-4bff-8553-076fd5038be8" testListId="8c84fa94-04c1-424b-9868-57a2d4851a1d" />
    <TestEntry testId="a3dce82f-2060-f755-ba41-589eaef086cf" executionId="ddb7b841-747a-41b4-ae36-c17913577fcf" testListId="8c84fa94-04c1-424b-9868-57a2d4851a1d" />
    <TestEntry testId="45a94119-4f7f-2202-c475-1c2e4d283298" executionId="aba8a6fe-e6ac-4740-a15e-7914b5892472" testListId="8c84fa94-04c1-424b-9868-57a2d4851a1d" />
  </TestEntries>
  <TestLists>
    <TestList name="Results Not in a List" id="8c84fa94-04c1-424b-9868-57a2d4851a1d" />
    <TestList name="All Loaded Results" id="19431567-8539-422a-85d7-44ee4e166bda" />
  </TestLists>
  <ResultSummary outcome="Failed">
    <Counters total="18" executed="18" passed="17" failed="1" error="0" timeout="0" aborted="0" inconclusive="0" passedButRunAborted="0" notRunnable="0" notExecuted="0" disconnected="0" warning="0" completed="0" inProgress="0" pending="0" />
    <Output>
      <StdOut>[xUnit.net 00:00:00.00] xUnit.net VSTest Adapter v3.1.5+1b188a7b0a (64-bit .NET 10.0.11)
[xUnit.net 00:00:00.10]   Discovering: SonnetDB.Parity
[xUnit.net 00:00:00.17]   Discovered:  SonnetDB.Parity
[xUnit.net 00:00:00.19]   Starting:    SonnetDB.Parity
{"Timestamp":"2026-08-22T03:00:04.698Z","EventId":14,"LogLevel":"Information","Category":"Microsoft.Hosting.Lifetime","Message":"Now listening on: http://127.0.0.1:35775","State":{"address":"http://127.0.0.1:35775","{OriginalFormat}":"Now listening on: {address}"},"Scopes":[]}
{"Timestamp":"2026-08-22T03:00:04.700Z","EventId":0,"LogLevel":"Information","Category":"Microsoft.Hosting.Lifetime","Message":"Application started. Press Ctrl\u002BC to shut down.","State":{"{OriginalFormat}":"Application started. Press Ctrl\u002BC to shut down."},"Scopes":[]}
{"Timestamp":"2026-08-22T03:00:04.701Z","EventId":0,"LogLevel":"Information","Category":"Microsoft.Hosting.Lifetime","Message":"Hosting environment: Production","State":{"EnvName":"Production","{OriginalFormat}":"Hosting environment: {EnvName}"},"Scopes":[]}
{"Timestamp":"2026-08-22T03:00:04.701Z","EventId":0,"LogLevel":"Information","Category":"Microsoft.Hosting.Lifetime","Message":"Content root path: /tmp/sonnetdb-parity-host-27d076efb45a4bd7a1d112940f989e4e","State":{"ContentRoot":"/tmp/sonnetdb-parity-host-27d076efb45a4bd7a1d112940f989e4e","{OriginalFormat}":"Content root path: {ContentRoot}"},"Scopes":[]}
{"Timestamp":"2026-08-22T03:00:04.810Z","EventId":1,"LogLevel":"Information","Category":"Microsoft.AspNetCore.Hosting.Diagnostics","Message":"Request starting HTTP/1.1 POST http://127.0.0.1:35775/v1/db - application/json;\u002Bcharset=utf-8 27","State":{"Protocol":"HTTP/1.1","Method":"POST","ContentType":"application/json; charset=utf-8","ContentLength":27,"Scheme":"http","Host":"127.0.0.1:35775","PathBase":"","Path":"/v1/db","QueryString":"","{OriginalFormat}":"Request starting {Protocol} {Method} {Scheme}://{Host}{PathBase}{Path}{QueryString} - {ContentType} {ContentLength}"},"Scopes":[{"Message":"SpanId:d88188b40c808cc4, TraceId:b33d1b3651971216fa533781e0bb7962, ParentId:3e3c22a184d799ba","SpanId":"d88188b40c808cc4","TraceId":"b33d1b3651971216fa533781e0bb7962","ParentId":"3e3c22a184d799ba"},{"Message":"http.request.method:POST, server.address:127.0.0.1, server.port:35775, url.scheme:http, url.path:/v1/db, network.protocol.version:1.1","http.request.method":"POST","server.address":"127.0.0.1","server.port":35775,"url.scheme":"http","url.path":"/v1/db","network.protocol.version":"1.1"},{"Message":"ConnectionId:0HNNVV5RLDI8K","ConnectionId":"0HNNVV5RLDI8K"},{"Message":"RequestPath:/v1/db RequestId:0HNNVV5RLDI8K:00000001","RequestId":"0HNNVV5RLDI8K:00000001","RequestPath":"/v1/db"}]}
{"Timestamp":"2026-08-22T03:00:04.862Z","EventId":0,"LogLevel":"Information","Category":"Microsoft.AspNetCore.Routing.EndpointMiddleware","Message":"Executing endpoint \u0027HTTP: POST /v1/db\u0027","State":{"EndpointName":"HTTP: POST /v1/db","{OriginalFormat}":"Executing endpoint \u0027{EndpointName}\u0027"},"Scopes":[{"Message":"SpanId:d88188b40c808cc4, TraceId:b33d1b3651971216fa533781e0bb7962, ParentId:3e3c22a184d799ba","SpanId":"d88188b40c808cc4","TraceId":"b33d1b3651971216fa533781e0bb7962","ParentId":"3e3c22a184d799ba"},{"Message":"http.request.method:POST, server.address:127.0.0.1, server.port:35775, url.scheme:http, url.path:/v1/db, network.protocol.version:1.1","http.request.method":"POST","server.address":"127.0.0.1","server.port":35775,"url.scheme":"http","url.path":"/v1/db","network.protocol.version":"1.1"},{"Message":"ConnectionId:0HNNVV5RLDI8K","ConnectionId":"0HNNVV5RLDI8K"},{"Message":"RequestPath:/v1/db RequestId:0HNNVV5RLDI8K:00000001","RequestId":"0HNNVV5RLDI8K:00000001","RequestPath":"/v1/db"}]}
{"Timestamp":"2026-08-22T03:00:04.890Z","EventId":1,"LogLevel":"Information","Category":"Microsoft.AspNetCore.Http.Result.JsonResult","Message":"Setting HTTP status code 201.","State":{"StatusCode":201,"{OriginalFormat}":"Setting HTTP status code {StatusCode}."},"Scopes":[{"Message":"SpanId:d88188b40c808cc4, TraceId:b33d1b3651971216fa533781e0bb7962, ParentId:3e3c22a184d799ba","SpanId":"d88188b40c808cc4","TraceId":"b33d1b3651971216fa533781e0bb7962","ParentId":"3e3c22a184d799ba"},{"Message":"http.request.method:POST, server.address:127.0.0.1, server.port:35775, url.scheme:http, url.path:/v1/db, network.protocol.version:1.1","http.request.method":"POST","server.address":"127.0.0.1","server.port":35775,"url.scheme":"http","url.path":"/v1/db","network.protocol.version":"1.1"},{"Message":"ConnectionId:0HNNVV5RLDI8K","ConnectionId":"0HNNVV5RLDI8K"},{"Message":"RequestPath:/v1/db RequestId:0HNNVV5RLDI8K:00000001","RequestId":"0HNNVV5RLDI8K:00000001","RequestPath":"/v1/db"}]}
{"Timestamp":"2026-08-22T03:00:04.890Z","EventId":3,"LogLevel":"Information","Category":"Microsoft.AspNetCore.Http.Result.JsonResult","Message":"Writing value of type \u0027DatabaseOperationResponse\u0027 as Json.","State":{"Type":"DatabaseOperationResponse","{OriginalFormat}":"Writing value of type \u0027{Type}\u0027 as Json."},"Scopes":[{"Message":"SpanId:d88188b40c808cc4, TraceId:b33d1b3651971216fa533781e0bb7962, ParentId:3e3c22a184d799ba","SpanId":"d88188b40c808cc4","TraceId":"b33d1b3651971216fa533781e0bb7962","ParentId":"3e3c22a184d799ba"},{"Message":"http.request.method:POST, server.address:127.0.0.1, server.port:35775, url.scheme:http, url.path:/v1/db, network.protocol.version:1.1","http.request.method":"POST","server.address":"127.0.0.1","server.port":35775,"url.scheme":"http","url.path":"/v1/db","network.protocol.version":"1.1"},{"Message":"ConnectionId:0HNNVV5RLDI8K","ConnectionId":"0HNNVV5RLDI8K"},{"Message":"RequestPath:/v1/db RequestId:0HNNVV5RLDI8K:00000001","RequestId":"0HNNVV5RLDI8K:00000001","RequestPath":"/v1/db"}]}
{"Timestamp":"2026-08-22T03:00:04.909Z","EventId":1,"LogLevel":"Information","Category":"Microsoft.AspNetCore.Routing.EndpointMiddleware","Message":"Executed endpoint \u0027HTTP: POST /v1/db\u0027","State":{"EndpointName":"HTTP: POST /v1/db","{OriginalFormat}":"Executed endpoint \u0027{EndpointName}\u0027"},"Scopes":[{"Message":"SpanId:d88188b40c808cc4, TraceId:b33d1b3651971216fa533781e0bb7962, ParentId:3e3c22a184d799ba","SpanId":"d88188b40c808cc4","TraceId":"b33d1b3651971216fa533781e0bb7962","ParentId":"3e3c22a184d799ba"},{"Message":"http.request.method:POST, server.address:127.0.0.1, server.port:35775, url.scheme:http, url.path:/v1/db, network.protocol.version:1.1","http.request.method":"POST","server.address":"127.0.0.1","server.port":35775,"url.scheme":"http","url.path":"/v1/db","network.protocol.version":"1.1"},{"Message":"ConnectionId:0HNNVV5RLDI8K","ConnectionId":"0HNNVV5RLDI8K"},{"Message":"RequestPath:/v1/db RequestId:0HNNVV5RLDI8K:00000001","RequestId":"0HNNVV5RLDI8K:00000001","RequestPath":"/v1/db"}]}
{"Timestamp":"2026-08-22T03:00:04.911Z","EventId":2,"LogLevel":"Information","Category":"Microsoft.AspNetCore.Hosting.Diagnostics","Message":"Request finished HTTP/1.1 POST http://127.0.0.1:35775/v1/db - 201 - application/json;\u002Bcharset=utf-8 100.7986ms","State":{"ElapsedMilliseconds":100.7986,"StatusCode":201,"ContentType":"application/json; charset=utf-8","ContentLength":null,"Protocol":"HTTP/1.1","Method":"POST","Scheme":"http","Host":"127.0.0.1:35775","PathBase":"","Path":"/v1/db","QueryString":"","{OriginalFormat}":"Request finished {Protocol} {Method} {Scheme}://{Host}{PathBase}{Path}{QueryString} - {StatusCode} {ContentLength} {ContentType} {ElapsedMilliseconds}ms"},"Scopes":[{"Message":"SpanId:d88188b40c808cc4, TraceId:b33d1b3651971216fa533781e0bb7962, ParentId:3e3c22a184d799ba","SpanId":"d88188b40c808cc4","TraceId":"b33d1b3651971216fa533781e0bb7962","ParentId":"3e3c22a184d799ba"},{"Message":"http.request.method:POST, server.address:127.0.0.1, server.port:35775, url.scheme:http, url.path:/v1/db, network.protocol.version:1.1","http.request.method":"POST","server.address":"127.0.0.1","server.port":35775,"url.scheme":"http","url.path":"/v1/db","network.protocol.version":"1.1"},{"Message":"ConnectionId:0HNNVV5RLDI8K","ConnectionId":"0HNNVV5RLDI8K"},{"Message":"RequestPath:/v1/db RequestId:0HNNVV5RLDI8K:00000001","RequestId":"0HNNVV5RLDI8K:00000001","RequestPath":"/v1/db"}]}
{"Timestamp":"2026-08-22T03:00:04.958Z","EventId":0,"LogLevel":"Information","Category":"Microsoft.Hosting.Lifetime","Message":"Application is shutting down...","State":{"{OriginalFormat}":"Application is shutting down..."},"Scopes":[]}
[xUnit.net 00:00:03.56]       SonnetDB.Data.SndbServerException : [200 OK] frame_transport_error: 帧端点连接失败：The HTTP/2 server closed the connection. HTTP/2 error code 'HTTP_1_1_REQUIRED' (0xd). (HttpProtocolError)
[xUnit.net 00:00:03.56]       Stack Trace:
[xUnit.net 00:00:03.56]         /home/runner/work/SonnetDB/SonnetDB/src/SonnetDB.Data/Remote/FrameChannel.cs(113,0): at SonnetDB.Data.Remote.FrameChannel.HandleTransportFailure(String message)
[xUnit.net 00:00:03.56]         /home/runner/work/SonnetDB/SonnetDB/src/SonnetDB.Data/Remote/FrameChannel.cs(80,0): at SonnetDB.Data.Remote.FrameChannel.TrySendAsync(ReadOnlyMemory`1 requestFrames, CancellationToken cancellationToken)
[xUnit.net 00:00:03.56]         /home/runner/work/SonnetDB/SonnetDB/src/SonnetDB.Data/Remote/FrameChannel.cs(92,0): at SonnetDB.Data.Remote.FrameChannel.SendUnaryAsync(ReadOnlyMemory`1 requestFrame, CancellationToken cancellationToken)
[xUnit.net 00:00:03.56]         /home/runner/work/SonnetDB/SonnetDB/src/SonnetDB.Data/Mq/SndbMqClient.cs(68,0): at SonnetDB.Data.Mq.SndbMqClient.PublishAsync(String topic, Byte[] payload, IReadOnlyDictionary`2 headers, CancellationToken cancellationToken)
[xUnit.net 00:00:03.56]         /home/runner/work/SonnetDB/SonnetDB/tests/SonnetDB.Parity/runner/FrameRestTransportParitySuite.cs(108,0): at SonnetDB.Parity.Runner.FrameRestTransportParitySuite.ExerciseMqAsync(String protocol, String topic)
[xUnit.net 00:00:03.56]         /home/runner/work/SonnetDB/SonnetDB/tests/SonnetDB.Parity/runner/FrameRestTransportParitySuite.cs(96,0): at SonnetDB.Parity.Runner.FrameRestTransportParitySuite.AssertMqParityAsync()
[xUnit.net 00:00:03.56]         /home/runner/work/SonnetDB/SonnetDB/tests/SonnetDB.Parity/runner/FrameRestTransportParitySuite.cs(85,0): at SonnetDB.Parity.Runner.FrameRestTransportParitySuite.FrameHttp2_And_Rest_AreSemanticallyEquivalent_ForAllServices()
[xUnit.net 00:00:03.56]         --- End of stack trace from previous location ---
{"Timestamp":"2026-08-22T03:02:10.235Z","EventId":0,"LogLevel":"Information","Category":"SonnetDB.Coap","Message":"CoAP \u660E\u6587 UDP \u76D1\u542C\u5DF2\u542F\u7528\uFF1A0.0.0.0:49598","State":{"Port":49598,"{OriginalFormat}":"CoAP \u660E\u6587 UDP \u76D1\u542C\u5DF2\u542F\u7528\uFF1A0.0.0.0:{Port}"},"Scopes":[]}
{"Timestamp":"2026-08-22T03:02:10.425Z","EventId":14,"LogLevel":"Information","Category":"Microsoft.Hosting.Lifetime","Message":"Now listening on: http://[::]:35869","State":{"address":"http://[::]:35869","{OriginalFormat}":"Now listening on: {address}"},"Scopes":[]}
{"Timestamp":"2026-08-22T03:02:10.425Z","EventId":14,"LogLevel":"Information","Category":"Microsoft.Hosting.Lifetime","Message":"Now listening on: http://127.0.0.1:38711","State":{"address":"http://127.0.0.1:38711","{OriginalFormat}":"Now listening on: {address}"},"Scopes":[]}
{"Timestamp":"2026-08-22T03:02:10.428Z","EventId":0,"LogLevel":"Information","Category":"Microsoft.Hosting.Lifetime","Message":"Application started. Press Ctrl\u002BC to shut down.","State":{"{OriginalFormat}":"Application started. Press Ctrl\u002BC to shut down."},"Scopes":[]}
{"Timestamp":"2026-08-22T03:02:10.429Z","EventId":0,"LogLevel":"Information","Category":"Microsoft.Hosting.Lifetime","Message":"Hosting environment: Production","State":{"EnvName":"Production","{OriginalFormat}":"Hosting environment: {EnvName}"},"Scopes":[]}
{"Timestamp":"2026-08-22T03:02:10.429Z","EventId":0,"LogLevel":"Information","Category":"Microsoft.Hosting.Lifetime","Message":"Content root path: /tmp/sndb-protocol-parity-host-f0da39c22e07415c89826752cf647533","State":{"ContentRoot":"/tmp/sndb-protocol-parity-host-f0da39c22e07415c89826752cf647533","{OriginalFormat}":"Content root path: {ContentRoot}"},"Scopes":[]}
{"Timestamp":"2026-08-22T03:02:10.436Z","EventId":1012,"LogLevel":"Information","Category":"SonnetDB.LineProtocolUdp.LineProtocolUdpListenerService","Message":"Line Protocol UDP \u76D1\u542C\u5DF2\u542F\u7528\uFF1A0.0.0.0:50518 -\u003E database \u0027protocol_udp\u0027\uFF0C\u65E0\u9274\u6743/\u65E0 ack\uFF0C\u4EC5\u9650\u53EF\u4FE1\u5185\u7F51","State":{"Port":50518,"Database":"protocol_udp","{OriginalFormat}":"Line Protocol UDP \u76D1\u542C\u5DF2\u542F\u7528\uFF1A0.0.0.0:{Port} -\u003E database \u0027{Database}\u0027\uFF0C\u65E0\u9274\u6743/\u65E0 ack\uFF0C\u4EC5\u9650\u53EF\u4FE1\u5185\u7F51"},"Scopes":[]}
{"Timestamp":"2026-08-22T03:02:10.456Z","EventId":1,"LogLevel":"Information","Category":"Microsoft.AspNetCore.Hosting.Diagnostics","Message":"Request starting HTTP/1.1 GET http://127.0.0.1:38711/healthz - - -","State":{"Protocol":"HTTP/1.1","Method":"GET","ContentType":null,"ContentLength":null,"Scheme":"http","Host":"127.0.0.1:38711","PathBase":"","Path":"/healthz","QueryString":"","{OriginalFormat}":"Request starting {Protocol} {Method} {Scheme}://{Host}{PathBase}{Path}{QueryString} - {ContentType} {ContentLength}"},"Scopes":[{"Message":"SpanId:10912ff944748c6e, TraceId:9a4e85ad08d5100299eaec7e49daf65b, ParentId:bfe719ff57d84759","SpanId":"10912ff944748c6e","TraceId":"9a4e85ad08d5100299eaec7e49daf65b","ParentId":"bfe719ff57d84759"},{"Message":"http.request.method:GET, server.address:127.0.0.1, server.port:38711, url.scheme:http, url.path:/healthz, network.protocol.version:1.1","http.request.method":"GET","server.address":"127.0.0.1","server.port":38711,"url.scheme":"http","url.path":"/healthz","network.protocol.version":"1.1"},{"Message":"ConnectionId:0HNNVV5RLDI8N","ConnectionId":"0HNNVV5RLDI8N"},{"Message":"RequestPath:/healthz RequestId:0HNNVV5RLDI8N:00000001","RequestId":"0HNNVV5RLDI8N:00000001","RequestPath":"/healthz"}]}
{"Timestamp":"2026-08-22T03:02:10.460Z","EventId":0,"LogLevel":"Information","Category":"Microsoft.AspNetCore.Routing.EndpointMiddleware","Message":"Executing endpoint \u0027HTTP: GET /healthz\u0027","State":{"EndpointName":"HTTP: GET /healthz","{OriginalFormat}":"Executing endpoint \u0027{EndpointName}\u0027"},"Scopes":[{"Message":"SpanId:10912ff944748c6e, TraceId:9a4e85ad08d5100299eaec7e49daf65b, ParentId:bfe719ff57d84759","SpanId":"10912ff944748c6e","TraceId":"9a4e85ad08d5100299eaec7e49daf65b","ParentId":"bfe719ff57d84759"},{"Message":"http.request.method:GET, server.address:127.0.0.1, server.port:38711, url.scheme:http, url.path:/healthz, network.protocol.version:1.1","http.request.method":"GET","server.address":"127.0.0.1","server.port":38711,"url.scheme":"http","url.path":"/healthz","network.protocol.version":"1.1"},{"Message":"ConnectionId:0HNNVV5RLDI8N","ConnectionId":"0HNNVV5RLDI8N"},{"Message":"RequestPath:/healthz RequestId:0HNNVV5RLDI8N:00000001","RequestId":"0HNNVV5RLDI8N:00000001","RequestPath":"/healthz"}]}
{"Timestamp":"2026-08-22T03:02:10.463Z","EventId":3,"LogLevel":"Information","Category":"Microsoft.AspNetCore.Http.Result.JsonResult","Message":"Writing value of type \u0027HealthResponse\u0027 as Json.","State":{"Type":"HealthResponse","{OriginalFormat}":"Writing value of type \u0027{Type}\u0027 as Json."},"Scopes":[{"Message":"SpanId:10912ff944748c6e, TraceId:9a4e85ad08d5100299eaec7e49daf65b, ParentId:bfe719ff57d84759","SpanId":"10912ff944748c6e","TraceId":"9a4e85ad08d5100299eaec7e49daf65b","ParentId":"bfe719ff57d84759"},{"Message":"http.request.method:GET, server.address:127.0.0.1, server.port:38711, url.scheme:http, url.path:/healthz, network.protocol.version:1.1","http.request.method":"GET","server.address":"127.0.0.1","server.port":38711,"url.scheme":"http","url.path":"/healthz","network.protocol.version":"1.1"},{"Message":"ConnectionId:0HNNVV5RLDI8N","ConnectionId":"0HNNVV5RLDI8N"},{"Message":"RequestPath:/healthz RequestId:0HNNVV5RLDI8N:00000001","RequestId":"0HNNVV5RLDI8N:00000001","RequestPath":"/healthz"}]}
{"Timestamp":"2026-08-22T03:02:10.464Z","EventId":1,"LogLevel":"Information","Category":"Microsoft.AspNetCore.Routing.EndpointMiddleware","Message":"Executed endpoint \u0027HTTP: GET /healthz\u0027","State":{"EndpointName":"HTTP: GET /healthz","{OriginalFormat}":"Executed endpoint \u0027{EndpointName}\u0027"},"Scopes":[{"Message":"SpanId:10912ff944748c6e, TraceId:9a4e85ad08d5100299eaec7e49daf65b, ParentId:bfe719ff57d84759","SpanId":"10912ff944748c6e","TraceId":"9a4e85ad08d5100299eaec7e49daf65b","ParentId":"bfe719ff57d84759"},{"Message":"http.request.method:GET, server.address:127.0.0.1, server.port:38711, url.scheme:http, url.path:/healthz, network.protocol.version:1.1","http.request.method":"GET","server.address":"127.0.0.1","server.port":38711,"url.scheme":"http","url.path":"/healthz","network.protocol.version":"1.1"},{"Message":"ConnectionId:0HNNVV5RLDI8N","ConnectionId":"0HNNVV5RLDI8N"},{"Message":"RequestPath:/healthz RequestId:0HNNVV5RLDI8N:00000001","RequestId":"0HNNVV5RLDI8N:00000001","RequestPath":"/healthz"}]}
{"Timestamp":"2026-08-22T03:02:10.464Z","EventId":2,"LogLevel":"Information","Category":"Microsoft.AspNetCore.Hosting.Diagnostics","Message":"Request finished HTTP/1.1 GET http://127.0.0.1:38711/healthz - 200 - application/json;\u002Bcharset=utf-8 8.2209ms","State":{"ElapsedMilliseconds":8.2209,"StatusCode":200,"ContentType":"application/json; charset=utf-8","ContentLength":null,"Protocol":"HTTP/1.1","Method":"GET","Scheme":"http","Host":"127.0.0.1:38711","PathBase":"","Path":"/healthz","QueryString":"","{OriginalFormat}":"Request finished {Protocol} {Method} {Scheme}://{Host}{PathBase}{Path}{QueryString} - {StatusCode} {ContentLength} {ContentType} {ElapsedMilliseconds}ms"},"Scopes":[{"Message":"SpanId:10912ff944748c6e, TraceId:9a4e85ad08d5100299eaec7e49daf65b, ParentId:bfe719ff57d84759","SpanId":"10912ff944748c6e","TraceId":"9a4e85ad08d5100299eaec7e49daf65b","ParentId":"bfe719ff57d84759"},{"Message":"http.request.method:GET, server.address:127.0.0.1, server.port:38711, url.scheme:http, url.path:/healthz, network.protocol.version:1.1","http.request.method":"GET","server.address":"127.0.0.1","server.port":38711,"url.scheme":"http","url.path":"/healthz","network.protocol.version":"1.1"},{"Message":"ConnectionId:0HNNVV5RLDI8N","ConnectionId":"0HNNVV5RLDI8N"},{"Message":"RequestPath:/healthz RequestId:0HNNVV5RLDI8N:00000001","RequestId":"0HNNVV5RLDI8N:00000001","RequestPath":"/healthz"}]}
{"Timestamp":"2026-08-22T03:02:10.467Z","EventId":1,"LogLevel":"Information","Category":"Microsoft.AspNetCore.Hosting.Diagnostics","Message":"Request starting HTTP/1.1 POST http://127.0.0.1:38711/v1/db - application/json;\u002Bcharset=utf-8 24","State":{"Protocol":"HTTP/1.1","Method":"POST","ContentType":"application/json; charset=utf-8","ContentLength":24,"Scheme":"http","Host":"127.0.0.1:38711","PathBase":"","Path":"/v1/db","QueryString":"","{OriginalFormat}":"Request starting {Protocol} {Method} {Scheme}://{Host}{PathBase}{Path}{QueryString} - {ContentType} {ContentLength}"},"Scopes":[{"Message":"SpanId:a5e079c10d6c0b3b, TraceId:e0b0033549798accfe2458ea5e6d0ec6, ParentId:f938054fa6377ea7","SpanId":"a5e079c10d6c0b3b","TraceId":"e0b0033549798accfe2458ea5e6d0ec6","ParentId":"f938054fa6377ea7"},{"Message":"http.request.method:POST, server.address:127.0.0.1, server.port:38711, url.scheme:http, url.path:/v1/db, network.protocol.version:1.1","http.request.method":"POST","server.address":"127.0.0.1","server.port":38711,"url.scheme":"http","url.path":"/v1/db","network.protocol.version":"1.1"},{"Message":"ConnectionId:0HNNVV5RLDI8O","ConnectionId":"0HNNVV5RLDI8O"},{"Message":"RequestPath:/v1/db RequestId:0HNNVV5RLDI8O:00000001","RequestId":"0HNNVV5RLDI8O:00000001","RequestPath":"/v1/db"}]}
{"Timestamp":"2026-08-22T03:02:10.468Z","EventId":0,"LogLevel":"Information","Category":"Microsoft.AspNetCore.Routing.EndpointMiddleware","Message":"Executing endpoint \u0027HTTP: POST /v1/db\u0027","State":{"EndpointName":"HTTP: POST /v1/db","{OriginalFormat}":"Executing endpoint \u0027{EndpointName}\u0027"},"Scopes":[{"Message":"SpanId:a5e079c10d6c0b3b, TraceId:e0b0033549798accfe2458ea5e6d0ec6, ParentId:f938054fa6377ea7","SpanId":"a5e079c10d6c0b3b","TraceId":"e0b0033549798accfe2458ea5e6d0ec6","ParentId":"f938054fa6377ea7"},{"Message":"http.request.method:POST, server.address:127.0.0.1, server.port:38711, url.scheme:http, url.path:/v1/db, network.protocol.version:1.1","http.request.method":"POST","server.address":"127.0.0.1","server.port":38711,"url.scheme":"http","url.path":"/v1/db","network.protocol.version":"1.1"},{"Message":"ConnectionId:0HNNVV5RLDI8O","ConnectionId":"0HNNVV5RLDI8O"},{"Message":"RequestPath:/v1/db RequestId:0HNNVV5RLDI8O:00000001","RequestId":"0HNNVV5RLDI8O:00000001","RequestPath":"/v1/db"}]}
{"Timestamp":"2026-08-22T03:02:10.470Z","EventId":1,"LogLevel":"Information","Category":"Microsoft.AspNetCore.Http.Result.JsonResult","Message":"Setting HTTP status code 201.","State":{"StatusCode":201,"{OriginalFormat}":"Setting HTTP status code {StatusCode}."},"Scopes":[{"Message":"SpanId:a5e079c10d6c0b3b, TraceId:e0b0033549798accfe2458ea5e6d0ec6, ParentId:f938054fa6377ea7","SpanId":"a5e079c10d6c0b3b","TraceId":"e0b0033549798accfe2458ea5e6d0ec6","ParentId":"f938054fa6377ea7"},{"Message":"http.request.method:POST, server.address:127.0.0.1, server.port:38711, url.scheme:http, url.path:/v1/db, network.protocol.version:1.1","http.request.method":"POST","server.address":"127.0.0.1","server.port":38711,"url.scheme":"http","url.path":"/v1/db","network.protocol.version":"1.1"},{"Message":"ConnectionId:0HNNVV5RLDI8O","ConnectionId":"0HNNVV5RLDI8O"},{"Message":"RequestPath:/v1/db RequestId:0HNNVV5RLDI8O:00000001","RequestId":"0HNNVV5RLDI8O:00000001","RequestPath":"/v1/db"}]}
{"Timestamp":"2026-08-22T03:02:10.471Z","EventId":3,"LogLevel":"Information","Category":"Microsoft.AspNetCore.Http.Result.JsonResult","Message":"Writing value of type \u0027DatabaseOperationResponse\u0027 as Json.","State":{"Type":"DatabaseOperationResponse","{OriginalFormat}":"Writing value of type \u0027{Type}\u0027 as Json."},"Scopes":[{"Message":"SpanId:a5e079c10d6c0b3b, TraceId:e0b0033549798accfe2458ea5e6d0ec6, ParentId:f938054fa6377ea7","SpanId":"a5e079c10d6c0b3b","TraceId":"e0b0033549798accfe2458ea5e6d0ec6","ParentId":"f938054fa6377ea7"},{"Message":"http.request.method:POST, server.address:127.0.0.1, server.port:38711, url.scheme:http, url.path:/v1/db, network.protocol.version:1.1","http.request.method":"POST","server.address":"127.0.0.1","server.port":38711,"url.scheme":"http","url.path":"/v1/db","network.protocol.version":"1.1"},{"Message":"ConnectionId:0HNNVV5RLDI8O","ConnectionId":"0HNNVV5RLDI8O"},{"Message":"RequestPath:/v1/db RequestId:0HNNVV5RLDI8O:00000001","RequestId":"0HNNVV5RLDI8O:00000001","RequestPath":"/v1/db"}]}
{"Timestamp":"2026-08-22T03:02:10.471Z","EventId":1,"LogLevel":"Information","Category":"Microsoft.AspNetCore.Routing.EndpointMiddleware","Message":"Executed endpoint \u0027HTTP: POST /v1/db\u0027","State":{"EndpointName":"HTTP: POST /v1/db","{OriginalFormat}":"Executed endpoint \u0027{EndpointName}\u0027"},"Scopes":[{"Message":"SpanId:a5e079c10d6c0b3b, TraceId:e0b0033549798accfe2458ea5e6d0ec6, ParentId:f938054fa6377ea7","SpanId":"a5e079c10d6c0b3b","TraceId":"e0b0033549798accfe2458ea5e6d0ec6","ParentId":"f938054fa6377ea7"},{"Message":"http.request.method:POST, server.address:127.0.0.1, server.port:38711, url.scheme:http, url.path:/v1/db, network.protocol.version:1.1","http.request.method":"POST","server.address":"127.0.0.1","server.port":38711,"url.scheme":"http","url.path":"/v1/db","network.protocol.version":"1.1"},{"Message":"ConnectionId:0HNNVV5RLDI8O","ConnectionId":"0HNNVV5RLDI8O"},{"Message":"RequestPath:/v1/db RequestId:0HNNVV5RLDI8O:00000001","RequestId":"0HNNVV5RLDI8O:00000001","RequestPath":"/v1/db"}]}
{"Timestamp":"2026-08-22T03:02:10.471Z","EventId":2,"LogLevel":"Information","Category":"Microsoft.AspNetCore.Hosting.Diagnostics","Message":"Request finished HTTP/1.1 POST http://127.0.0.1:38711/v1/db - 201 - application/json;\u002Bcharset=utf-8 3.8966ms","State":{"ElapsedMilliseconds":3.8966,"StatusCode":201,"ContentType":"application/json; charset=utf-8","ContentLength":null,"Protocol":"HTTP/1.1","Method":"POST","Scheme":"http","Host":"127.0.0.1:38711","PathBase":"","Path":"/v1/db","QueryString":"","{OriginalFormat}":"Request finished {Protocol} {Method} {Scheme}://{Host}{PathBase}{Path}{QueryString} - {StatusCode} {ContentLength} {ContentType} {ElapsedMilliseconds}ms"},"Scopes":[{"Message":"SpanId:a5e079c10d6c0b3b, TraceId:e0b0033549798accfe2458ea5e6d0ec6, ParentId:f938054fa6377ea7","SpanId":"a5e079c10d6c0b3b","TraceId":"e0b0033549798accfe2458ea5e6d0ec6","ParentId":"f938054fa6377ea7"},{"Message":"http.request.method:POST, server.address:127.0.0.1, server.port:38711, url.scheme:http, url.path:/v1/db, network.protocol.version:1.1","http.request.method":"POST","server.address":"127.0.0.1","server.port":38711,"url.scheme":"http","url.path":"/v1/db","network.protocol.version":"1.1"},{"Message":"ConnectionId:0HNNVV5RLDI8O","ConnectionId":"0HNNVV5RLDI8O"},{"Message":"RequestPath:/v1/db RequestId:0HNNVV5RLDI8O:00000001","RequestId":"0HNNVV5RLDI8O:00000001","RequestPath":"/v1/db"}]}
{"Timestamp":"2026-08-22T03:02:10.474Z","EventId":1,"LogLevel":"Information","Category":"Microsoft.AspNetCore.Hosting.Diagnostics","Message":"Request starting HTTP/1.1 POST http://127.0.0.1:38711/v1/db/protocol_http/sql - application/json;\u002Bcharset=utf-8 71","State":{"Protocol":"HTTP/1.1","Method":"POST","ContentType":"application/json; charset=utf-8","ContentLength":71,"Scheme":"http","Host":"127.0.0.1:38711","PathBase":"","Path":"/v1/db/protocol_http/sql","QueryString":"","{OriginalFormat}":"Request starting {Protocol} {Method} {Scheme}://{Host}{PathBase}{Path}{QueryString} - {ContentType} {ContentLength}"},"Scopes":[{"Message":"SpanId:8a24247b49545131, TraceId:8a1a5096d91d0274d69d837e9f802a6e, ParentId:b477272a926cf121","SpanId":"8a24247b49545131","TraceId":"8a1a5096d91d0274d69d837e9f802a6e","ParentId":"b477272a926cf121"},{"Message":"http.request.method:POST, server.address:127.0.0.1, server.port:38711, url.scheme:http, url.path:/v1/db/protocol_http/sql, network.protocol.version:1.1","http.request.method":"POST","server.address":"127.0.0.1","server.port":38711,"url.scheme":"http","url.path":"/v1/db/protocol_http/sql","network.protocol.version":"1.1"},{"Message":"ConnectionId:0HNNVV5RLDI8P","ConnectionId":"0HNNVV5RLDI8P"},{"Message":"RequestPath:/v1/db/protocol_http/sql RequestId:0HNNVV5RLDI8P:00000001","RequestId":"0HNNVV5RLDI8P:00000001","RequestPath":"/v1/db/protocol_http/sql"}]}
{"Timestamp":"2026-08-22T03:02:10.475Z","EventId":0,"LogLevel":"Information","Category":"Microsoft.AspNetCore.Routing.EndpointMiddleware","Message":"Executing endpoint \u0027HTTP: POST /v1/db/{db}/sql\u0027","State":{"EndpointName":"HTTP: POST /v1/db/{db}/sql","{OriginalFormat}":"Executing endpoint \u0027{EndpointName}\u0027"},"Scopes":[{"Message":"SpanId:8a24247b49545131, TraceId:8a1a5096d91d0274d69d837e9f802a6e, ParentId:b477272a926cf121","SpanId":"8a24247b49545131","TraceId":"8a1a5096d91d0274d69d837e9f802a6e","ParentId":"b477272a926cf121"},{"Message":"http.request.method:POST, server.address:127.0.0.1, server.port:38711, url.scheme:http, url.path:/v1/db/protocol_http/sql, network.protocol.version:1.1","http.request.method":"POST","server.address":"127.0.0.1","server.port":38711,"url.scheme":"http","url.path":"/v1/db/protocol_http/sql","network.protocol.version":"1.1"},{"Message":"ConnectionId:0HNNVV5RLDI8P","ConnectionId":"0HNNVV5RLDI8P"},{"Message":"RequestPath:/v1/db/protocol_http/sql RequestId:0HNNVV5RLDI8P:00000001","RequestId":"0HNNVV5RLDI8P:00000001","RequestPath":"/v1/db/protocol_http/sql"}]}
{"Timestamp":"2026-08-22T03:02:10.512Z","EventId":1,"LogLevel":"Information","Category":"Microsoft.AspNetCore.Routing.EndpointMiddleware","Message":"Executed endpoint \u0027HTTP: POST /v1/db/{db}/sql\u0027","State":{"EndpointName":"HTTP: POST /v1/db/{db}/sql","{OriginalFormat}":"Executed endpoint \u0027{EndpointName}\u0027"},"Scopes":[{"Message":"SpanId:8a24247b49545131, TraceId:8a1a5096d91d0274d69d837e9f802a6e, ParentId:b477272a926cf121","SpanId":"8a24247b49545131","TraceId":"8a1a5096d91d0274d69d837e9f802a6e","ParentId":"b477272a926cf121"},{"Message":"http.request.method:POST, server.address:127.0.0.1, server.port:38711, url.scheme:http, url.path:/v1/db/protocol_http/sql, network.protocol.version:1.1","http.request.method":"POST","server.address":"127.0.0.1","server.port":38711,"url.scheme":"http","url.path":"/v1/db/protocol_http/sql","network.protocol.version":"1.1"},{"Message":"ConnectionId:0HNNVV5RLDI8P","ConnectionId":"0HNNVV5RLDI8P"},{"Message":"RequestPath:/v1/db/protocol_http/sql RequestId:0HNNVV5RLDI8P:00000001","RequestId":"0HNNVV5RLDI8P:00000001","RequestPath":"/v1/db/protocol_http/sql"}]}
{"Timestamp":"2026-08-22T03:02:10.512Z","EventId":2,"LogLevel":"Information","Category":"Microsoft.AspNetCore.Hosting.Diagnostics","Message":"Request finished HTTP/1.1 POST http://127.0.0.1:38711/v1/db/protocol_http/sql - 200 - application/x-ndjson;\u002Bcharset=utf-8 38.3388ms","State":{"ElapsedMilliseconds":38.3388,"StatusCode":200,"ContentType":"application/x-ndjson; charset=utf-8","ContentLength":null,"Protocol":"HTTP/1.1","Method":"POST","Scheme":"http","Host":"127.0.0.1:38711","PathBase":"","Path":"/v1/db/protocol_http/sql","QueryString":"","{OriginalFormat}":"Request finished {Protocol} {Method} {Scheme}://{Host}{PathBase}{Path}{QueryString} - {StatusCode} {ContentLength} {ContentType} {ElapsedMilliseconds}ms"},"Scopes":[{"Message":"SpanId:8a24247b49545131, TraceId:8a1a5096d91d0274d69d837e9f802a6e, ParentId:b477272a926cf121","SpanId":"8a24247b49545131","TraceId":"8a1a5096d91d0274d69d837e9f802a6e","ParentId":"b477272a926cf121"},{"Message":"http.request.method:POST, server.address:127.0.0.1, server.port:38711, url.scheme:http, url.path:/v1/db/protocol_http/sql, network.protocol.version:1.1","http.request.method":"POST","server.address":"127.0.0.1","server.port":38711,"url.scheme":"http","url.path":"/v1/db/protocol_http/sql","network.protocol.version":"1.1"},{"Message":"ConnectionId:0HNNVV5RLDI8P","ConnectionId":"0HNNVV5RLDI8P"},{"Message":"RequestPath:/v1/db/protocol_http/sql RequestId:0HNNVV5RLDI8P:00000001","RequestId":"0HNNVV5RLDI8P:00000001","RequestPath":"/v1/db/protocol_http/sql"}]}
{"Timestamp":"2026-08-22T03:02:10.514Z","EventId":1,"LogLevel":"Information","Category":"Microsoft.AspNetCore.Hosting.Diagnostics","Message":"Request starting HTTP/1.1 POST http://127.0.0.1:38711/v1/db - application/json;\u002Bcharset=utf-8 23","State":{"Protocol":"HTTP/1.1","Method":"POST","ContentType":"application/json; charset=utf-8","ContentLength":23,"Scheme":"http","Host":"127.0.0.1:38711","PathBase":"","Path":"/v1/db","QueryString":"","{OriginalFormat}":"Request starting {Protocol} {Method} {Scheme}://{Host}{PathBase}{Path}{QueryString} - {ContentType} {ContentLength}"},"Scopes":[{"Message":"SpanId:1fdc88ec2ba24bed, TraceId:ddd42112c99d53d59fd513b59b6885f1, ParentId:a3b14d9f83083aaf","SpanId":"1fdc88ec2ba24bed","TraceId":"ddd42112c99d53d59fd513b59b6885f1","ParentId":"a3b14d9f83083aaf"},{"Message":"http.request.method:POST, server.address:127.0.0.1, server.port:38711, url.scheme:http, url.path:/v1/db, network.protocol.version:1.1","http.request.method":"POST","server.address":"127.0.0.1","server.port":38711,"url.scheme":"http","url.path":"/v1/db","network.protocol.version":"1.1"},{"Message":"ConnectionId:0HNNVV5RLDI8Q","ConnectionId":"0HNNVV5RLDI8Q"},{"Message":"RequestPath:/v1/db RequestId:0HNNVV5RLDI8Q:00000001","RequestId":"0HNNVV5RLDI8Q:00000001","RequestPath":"/v1/db"}]}
{"Timestamp":"2026-08-22T03:02:10.514Z","EventId":0,"LogLevel":"Information","Category":"Microsoft.AspNetCore.Routing.EndpointMiddleware","Message":"Executing endpoint \u0027HTTP: POST /v1/db\u0027","State":{"EndpointName":"HTTP: POST /v1/db","{OriginalFormat}":"Executing endpoint \u0027{EndpointName}\u0027"},"Scopes":[{"Message":"SpanId:1fdc88ec2ba24bed, TraceId:ddd42112c99d53d59fd513b59b6885f1, ParentId:a3b14d9f83083aaf","SpanId":"1fdc88ec2ba24bed","TraceId":"ddd42112c99d53d59fd513b59b6885f1","ParentId":"a3b14d9f83083aaf"},{"Message":"http.request.method:POST, server.address:127.0.0.1, server.port:38711, url.scheme:http, url.path:/v1/db, network.protocol.version:1.1","http.request.method":"POST","server.address":"127.0.0.1","server.port":38711,"url.scheme":"http","url.path":"/v1/db","network.protocol.version":"1.1"},{"Message":"ConnectionId:0HNNVV5RLDI8Q","ConnectionId":"0HNNVV5RLDI8Q"},{"Message":"RequestPath:/v1/db RequestId:0HNNVV5RLDI8Q:00000001","RequestId":"0HNNVV5RLDI8Q:00000001","RequestPath":"/v1/db"}]}
{"Timestamp":"2026-08-22T03:02:10.609Z","EventId":1,"LogLevel":"Information","Category":"Microsoft.AspNetCore.Http.Result.JsonResult","Message":"Setting HTTP status code 201.","State":{"StatusCode":201,"{OriginalFormat}":"Setting HTTP status code {StatusCode}."},"Scopes":[{"Message":"SpanId:1fdc88ec2ba24bed, TraceId:ddd42112c99d53d59fd513b59b6885f1, ParentId:a3b14d9f83083aaf","SpanId":"1fdc88ec2ba24bed","TraceId":"ddd42112c99d53d59fd513b59b6885f1","ParentId":"a3b14d9f83083aaf"},{"Message":"http.request.method:POST, server.address:127.0.0.1, server.port:38711, url.scheme:http, url.path:/v1/db, network.protocol.version:1.1","http.request.method":"POST","server.address":"127.0.0.1","server.port":38711,"url.scheme":"http","url.path":"/v1/db","network.protocol.version":"1.1"},{"Message":"ConnectionId:0HNNVV5RLDI8Q","ConnectionId":"0HNNVV5RLDI8Q"},{"Message":"RequestPath:/v1/db RequestId:0HNNVV5RLDI8Q:00000001","RequestId":"0HNNVV5RLDI8Q:00000001","RequestPath":"/v1/db"}]}
{"Timestamp":"2026-08-22T03:02:10.609Z","EventId":3,"LogLevel":"Information","Category":"Microsoft.AspNetCore.Http.Result.JsonResult","Message":"Writing value of type \u0027DatabaseOperationResponse\u0027 as Json.","State":{"Type":"DatabaseOperationResponse","{OriginalFormat}":"Writing value of type \u0027{Type}\u0027 as Json."},"Scopes":[{"Message":"SpanId:1fdc88ec2ba24bed, TraceId:ddd42112c99d53d59fd513b59b6885f1, ParentId:a3b14d9f83083aaf","SpanId":"1fdc88ec2ba24bed","TraceId":"ddd42112c99d53d59fd513b59b6885f1","ParentId":"a3b14d9f83083aaf"},{"Message":"http.request.method:POST, server.address:127.0.0.1, server.port:38711, url.scheme:http, url.path:/v1/db, network.protocol.version:1.1","http.request.method":"POST","server.address":"127.0.0.1","server.port":38711,"url.scheme":"http","url.path":"/v1/db","network.protocol.version":"1.1"},{"Message":"ConnectionId:0HNNVV5RLDI8Q","ConnectionId":"0HNNVV5RLDI8Q"},{"Message":"RequestPath:/v1/db RequestId:0HNNVV5RLDI8Q:00000001","RequestId":"0HNNVV5RLDI8Q:00000001","RequestPath":"/v1/db"}]}
{"Timestamp":"2026-08-22T03:02:10.609Z","EventId":1,"LogLevel":"Information","Category":"Microsoft.AspNetCore.Routing.EndpointMiddleware","Message":"Executed endpoint \u0027HTTP: POST /v1/db\u0027","State":{"EndpointName":"HTTP: POST /v1/db","{OriginalFormat}":"Executed endpoint \u0027{EndpointName}\u0027"},"Scopes":[{"Message":"SpanId:1fdc88ec2ba24bed, TraceId:ddd42112c99d53d59fd513b59b6885f1, ParentId:a3b14d9f83083aaf","SpanId":"1fdc88ec2ba24bed","TraceId":"ddd42112c99d53d59fd513b59b6885f1","ParentId":"a3b14d9f83083aaf"},{"Message":"http.request.method:POST, server.address:127.0.0.1, server.port:38711, url.scheme:http, url.path:/v1/db, network.protocol.version:1.1","http.request.method":"POST","server.address":"127.0.0.1","server.port":38711,"url.scheme":"http","url.path":"/v1/db","network.protocol.version":"1.1"},{"Message":"ConnectionId:0HNNVV5RLDI8Q","ConnectionId":"0HNNVV5RLDI8Q"},{"Message":"RequestPath:/v1/db RequestId:0HNNVV5RLDI8Q:00000001","RequestId":"0HNNVV5RLDI8Q:00000001","RequestPath":"/v1/db"}]}
{"Timestamp":"2026-08-22T03:02:10.610Z","EventId":2,"LogLevel":"Information","Category":"Microsoft.AspNetCore.Hosting.Diagnostics","Message":"Request finished HTTP/1.1 POST http://127.0.0.1:38711/v1/db - 201 - application/json;\u002Bcharset=utf-8 95.6243ms","State":{"ElapsedMilliseconds":95.6243,"StatusCode":201,"ContentType":"application/json; charset=utf-8","ContentLength":null,"Protocol":"HTTP/1.1","Method":"POST","Scheme":"http","Host":"127.0.0.1:38711","PathBase":"","Path":"/v1/db","QueryString":"","{OriginalFormat}":"Request finished {Protocol} {Method} {Scheme}://{Host}{PathBase}{Path}{QueryString} - {StatusCode} {ContentLength} {ContentType} {ElapsedMilliseconds}ms"},"Scopes":[{"Message":"SpanId:1fdc88ec2ba24bed, TraceId:ddd42112c99d53d59fd513b59b6885f1, ParentId:a3b14d9f83083aaf","SpanId":"1fdc88ec2ba24bed","TraceId":"ddd42112c99d53d59fd513b59b6885f1","ParentId":"a3b14d9f83083aaf"},{"Message":"http.request.method:POST, server.address:127.0.0.1, server.port:38711, url.scheme:http, url.path:/v1/db, network.protocol.version:1.1","http.request.method":"POST","server.address":"127.0.0.1","server.port":38711,"url.scheme":"http","url.path":"/v1/db","network.protocol.version":"1.1"},{"Message":"ConnectionId:0HNNVV5RLDI8Q","ConnectionId":"0HNNVV5RLDI8Q"},{"Message":"RequestPath:/v1/db RequestId:0HNNVV5RLDI8Q:00000001","RequestId":"0HNNVV5RLDI8Q:00000001","RequestPath":"/v1/db"}]}
{"Timestamp":"2026-08-22T03:02:10.611Z","EventId":1,"LogLevel":"Information","Category":"Microsoft.AspNetCore.Hosting.Diagnostics","Message":"Request starting HTTP/1.1 POST http://127.0.0.1:38711/v1/db/protocol_udp/sql - application/json;\u002Bcharset=utf-8 71","State":{"Protocol":"HTTP/1.1","Method":"POST","ContentType":"application/json; charset=utf-8","ContentLength":71,"Scheme":"http","Host":"127.0.0.1:38711","PathBase":"","Path":"/v1/db/protocol_udp/sql","QueryString":"","{OriginalFormat}":"Request starting {Protocol} {Method} {Scheme}://{Host}{PathBase}{Path}{QueryString} - {ContentType} {ContentLength}"},"Scopes":[{"Message":"SpanId:926c864ac62dab43, TraceId:344e7dfda520fba5117e0cbe41ca44db, ParentId:f38ba38a56d80e9f","SpanId":"926c864ac62dab43","TraceId":"344e7dfda520fba5117e0cbe41ca44db","ParentId":"f38ba38a56d80e9f"},{"Message":"http.request.method:POST, server.address:127.0.0.1, server.port:38711, url.scheme:http, url.path:/v1/db/protocol_udp/sql, network.protocol.version:1.1","http.request.method":"POST","server.address":"127.0.0.1","server.port":38711,"url.scheme":"http","url.path":"/v1/db/protocol_udp/sql","network.protocol.version":"1.1"},{"Message":"ConnectionId:0HNNVV5RLDI8R","ConnectionId":"0HNNVV5RLDI8R"},{"Message":"RequestPath:/v1/db/protocol_udp/sql RequestId:0HNNVV5RLDI8R:00000001","RequestId":"0HNNVV5RLDI8R:00000001","RequestPath":"/v1/db/protocol_udp/sql"}]}
{"Timestamp":"2026-08-22T03:02:10.612Z","EventId":0,"LogLevel":"Information","Category":"Microsoft.AspNetCore.Routing.EndpointMiddleware","Message":"Executing endpoint \u0027HTTP: POST /v1/db/{db}/sql\u0027","State":{"EndpointName":"HTTP: POST /v1/db/{db}/sql","{OriginalFormat}":"Executing endpoint \u0027{EndpointName}\u0027"},"Scopes":[{"Message":"SpanId:926c864ac62dab43, TraceId:344e7dfda520fba5117e0cbe41ca44db, ParentId:f38ba38a56d80e9f","SpanId":"926c864ac62dab43","TraceId":"344e7dfda520fba5117e0cbe41ca44db","ParentId":"f38ba38a56d80e9f"},{"Message":"http.request.method:POST, server.address:127.0.0.1, server.port:38711, url.scheme:http, url.path:/v1/db/protocol_udp/sql, network.protocol.version:1.1","http.request.method":"POST","server.address":"127.0.0.1","server.port":38711,"url.scheme":"http","url.path":"/v1/db/protocol_udp/sql","network.protocol.version":"1.1"},{"Message":"ConnectionId:0HNNVV5RLDI8R","ConnectionId":"0HNNVV5RLDI8R"},{"Message":"RequestPath:/v1/db/protocol_udp/sql RequestId:0HNNVV5RLDI8R:00000001","RequestId":"0HNNVV5RLDI8R:00000001","RequestPath":"/v1/db/protocol_udp/sql"}]}
{"Timestamp":"2026-08-22T03:02:10.626Z","EventId":1,"LogLevel":"Information","Category":"Microsoft.AspNetCore.Routing.EndpointMiddleware","Message":"Executed endpoint \u0027HTTP: POST /v1/db/{db}/sql\u0027","State":{"EndpointName":"HTTP: POST /v1/db/{db}/sql","{OriginalFormat}":"Executed endpoint \u0027{EndpointName}\u0027"},"Scopes":[{"Message":"SpanId:926c864ac62dab43, TraceId:344e7dfda520fba5117e0cbe41ca44db, ParentId:f38ba38a56d80e9f","SpanId":"926c864ac62dab43","TraceId":"344e7dfda520fba5117e0cbe41ca44db","ParentId":"f38ba38a56d80e9f"},{"Message":"http.request.method:POST, server.address:127.0.0.1, server.port:38711, url.scheme:http, url.path:/v1/db/protocol_udp/sql, network.protocol.version:1.1","http.request.method":"POST","server.address":"127.0.0.1","server.port":38711,"url.scheme":"http","url.path":"/v1/db/protocol_udp/sql","network.protocol.version":"1.1"},{"Message":"ConnectionId:0HNNVV5RLDI8R","ConnectionId":"0HNNVV5RLDI8R"},{"Message":"RequestPath:/v1/db/protocol_udp/sql RequestId:0HNNVV5RLDI8R:00000001","RequestId":"0HNNVV5RLDI8R:00000001","RequestPath":"/v1/db/protocol_udp/sql"}]}
{"Timestamp":"2026-08-22T03:02:10.626Z","EventId":2,"LogLevel":"Information","Category":"Microsoft.AspNetCore.Hosting.Diagnostics","Message":"Request finished HTTP/1.1 POST http://127.0.0.1:38711/v1/db/protocol_udp/sql - 200 - application/x-ndjson;\u002Bcharset=utf-8 15.0945ms","State":{"ElapsedMilliseconds":15.0945,"StatusCode":200,"ContentType":"application/x-ndjson; charset=utf-8","ContentLength":null,"Protocol":"HTTP/1.1","Method":"POST","Scheme":"http","Host":"127.0.0.1:38711","PathBase":"","Path":"/v1/db/protocol_udp/sql","QueryString":"","{OriginalFormat}":"Request finished {Protocol} {Method} {Scheme}://{Host}{PathBase}{Path}{QueryString} - {StatusCode} {ContentLength} {ContentType} {ElapsedMilliseconds}ms"},"Scopes":[{"Message":"SpanId:926c864ac62dab43, TraceId:344e7dfda520fba5117e0cbe41ca44db, ParentId:f38ba38a56d80e9f","SpanId":"926c864ac62dab43","TraceId":"344e7dfda520fba5117e0cbe41ca44db","ParentId":"f38ba38a56d80e9f"},{"Message":"http.request.method:POST, server.address:127.0.0.1, server.port:38711, url.scheme:http, url.path:/v1/db/protocol_udp/sql, network.protocol.version:1.1","http.request.method":"POST","server.address":"127.0.0.1","server.port":38711,"url.scheme":"http","url.path":"/v1/db/protocol_udp/sql","network.protocol.version":"1.1"},{"Message":"ConnectionId:0HNNVV5RLDI8R","ConnectionId":"0HNNVV5RLDI8R"},{"Message":"RequestPath:/v1/db/protocol_udp/sql RequestId:0HNNVV5RLDI8R:00000001","RequestId":"0HNNVV5RLDI8R:00000001","RequestPath":"/v1/db/protocol_udp/sql"}]}
{"Timestamp":"2026-08-22T03:02:10.627Z","EventId":1,"LogLevel":"Information","Category":"Microsoft.AspNetCore.Hosting.Diagnostics","Message":"Request starting HTTP/1.1 POST http://127.0.0.1:38711/v1/db - application/json;\u002Bcharset=utf-8 24","State":{"Protocol":"HTTP/1.1","Method":"POST","ContentType":"application/json; charset=utf-8","ContentLength":24,"Scheme":"http","Host":"127.0.0.1:38711","PathBase":"","Path":"/v1/db","QueryString":"","{OriginalFormat}":"Request starting {Protocol} {Method} {Scheme}://{Host}{PathBase}{Path}{QueryString} - {ContentType} {ContentLength}"},"Scopes":[{"Message":"SpanId:16df22cb79b05a8e, TraceId:47a303296f62a1acb5b4caa227e6a9b6, ParentId:296b788249c1f8f3","SpanId":"16df22cb79b05a8e","TraceId":"47a303296f62a1acb5b4caa227e6a9b6","ParentId":"296b788249c1f8f3"},{"Message":"http.request.method:POST, server.address:127.0.0.1, server.port:38711, url.scheme:http, url.path:/v1/db, network.protocol.version:1.1","http.request.method":"POST","server.address":"127.0.0.1","server.port":38711,"url.scheme":"http","url.path":"/v1/db","network.protocol.version":"1.1"},{"Message":"ConnectionId:0HNNVV5RLDI8S","ConnectionId":"0HNNVV5RLDI8S"},{"Message":"RequestPath:/v1/db RequestId:0HNNVV5RLDI8S:00000001","RequestId":"0HNNVV5RLDI8S:00000001","RequestPath":"/v1/db"}]}
{"Timestamp":"2026-08-22T03:02:10.627Z","EventId":0,"LogLevel":"Information","Category":"Microsoft.AspNetCore.Routing.EndpointMiddleware","Message":"Executing endpoint \u0027HTTP: POST /v1/db\u0027","State":{"EndpointName":"HTTP: POST /v1/db","{OriginalFormat}":"Executing endpoint \u0027{EndpointName}\u0027"},"Scopes":[{"Message":"SpanId:16df22cb79b05a8e, TraceId:47a303296f62a1acb5b4caa227e6a9b6, ParentId:296b788249c1f8f3","SpanId":"16df22cb79b05a8e","TraceId":"47a303296f62a1acb5b4caa227e6a9b6","ParentId":"296b788249c1f8f3"},{"Message":"http.request.method:POST, server.address:127.0.0.1, server.port:38711, url.scheme:http, url.path:/v1/db, network.protocol.version:1.1","http.request.method":"POST","server.address":"127.0.0.1","server.port":38711,"url.scheme":"http","url.path":"/v1/db","network.protocol.version":"1.1"},{"Message":"ConnectionId:0HNNVV5RLDI8S","ConnectionId":"0HNNVV5RLDI8S"},{"Message":"RequestPath:/v1/db RequestId:0HNNVV5RLDI8S:00000001","RequestId":"0HNNVV5RLDI8S:00000001","RequestPath":"/v1/db"}]}
{"Timestamp":"2026-08-22T03:02:10.766Z","EventId":1,"LogLevel":"Information","Category":"Microsoft.AspNetCore.Http.Result.JsonResult","Message":"Setting HTTP status code 201.","State":{"StatusCode":201,"{OriginalFormat}":"Setting HTTP status code {StatusCode}."},"Scopes":[{"Message":"SpanId:16df22cb79b05a8e, TraceId:47a303296f62a1acb5b4caa227e6a9b6, ParentId:296b788249c1f8f3","SpanId":"16df22cb79b05a8e","TraceId":"47a303296f62a1acb5b4caa227e6a9b6","ParentId":"296b788249c1f8f3"},{"Message":"http.request.method:POST, server.address:127.0.0.1, server.port:38711, url.scheme:http, url.path:/v1/db, network.protocol.version:1.1","http.request.method":"POST","server.address":"127.0.0.1","server.port":38711,"url.scheme":"http","url.path":"/v1/db","network.protocol.version":"1.1"},{"Message":"ConnectionId:0HNNVV5RLDI8S","ConnectionId":"0HNNVV5RLDI8S"},{"Message":"RequestPath:/v1/db RequestId:0HNNVV5RLDI8S:00000001","RequestId":"0HNNVV5RLDI8S:00000001","RequestPath":"/v1/db"}]}
{"Timestamp":"2026-08-22T03:02:10.766Z","EventId":3,"LogLevel":"Information","Category":"Microsoft.AspNetCore.Http.Result.JsonResult","Message":"Writing value of type \u0027DatabaseOperationResponse\u0027 as Json.","State":{"Type":"DatabaseOperationResponse","{OriginalFormat}":"Writing value of type \u0027{Type}\u0027 as Json."},"Scopes":[{"Message":"SpanId:16df22cb79b05a8e, TraceId:47a303296f62a1acb5b4caa227e6a9b6, ParentId:296b788249c1f8f3","SpanId":"16df22cb79b05a8e","TraceId":"47a303296f62a1acb5b4caa227e6a9b6","ParentId":"296b788249c1f8f3"},{"Message":"http.request.method:POST, server.address:127.0.0.1, server.port:38711, url.scheme:http, url.path:/v1/db, network.protocol.version:1.1","http.request.method":"POST","server.address":"127.0.0.1","server.port":38711,"url.scheme":"http","url.path":"/v1/db","network.protocol.version":"1.1"},{"Message":"ConnectionId:0HNNVV5RLDI8S","ConnectionId":"0HNNVV5RLDI8S"},{"Message":"RequestPath:/v1/db RequestId:0HNNVV5RLDI8S:00000001","RequestId":"0HNNVV5RLDI8S:00000001","RequestPath":"/v1/db"}]}
{"Timestamp":"2026-08-22T03:02:10.766Z","EventId":1,"LogLevel":"Information","Category":"Microsoft.AspNetCore.Routing.EndpointMiddleware","Message":"Executed endpoint \u0027HTTP: POST /v1/db\u0027","State":{"EndpointName":"HTTP: POST /v1/db","{OriginalFormat}":"Executed endpoint \u0027{EndpointName}\u0027"},"Scopes":[{"Message":"SpanId:16df22cb79b05a8e, TraceId:47a303296f62a1acb5b4caa227e6a9b6, ParentId:296b788249c1f8f3","SpanId":"16df22cb79b05a8e","TraceId":"47a303296f62a1acb5b4caa227e6a9b6","ParentId":"296b788249c1f8f3"},{"Message":"http.request.method:POST, server.address:127.0.0.1, server.port:38711, url.scheme:http, url.path:/v1/db, network.protocol.version:1.1","http.request.method":"POST","server.address":"127.0.0.1","server.port":38711,"url.scheme":"http","url.path":"/v1/db","network.protocol.version":"1.1"},{"Message":"ConnectionId:0HNNVV5RLDI8S","ConnectionId":"0HNNVV5RLDI8S"},{"Message":"RequestPath:/v1/db RequestId:0HNNVV5RLDI8S:00000001","RequestId":"0HNNVV5RLDI8S:00000001","RequestPath":"/v1/db"}]}
{"Timestamp":"2026-08-22T03:02:10.766Z","EventId":2,"LogLevel":"Information","Category":"Microsoft.AspNetCore.Hosting.Diagnostics","Message":"Request finished HTTP/1.1 POST http://127.0.0.1:38711/v1/db - 201 - application/json;\u002Bcharset=utf-8 139.3401ms","State":{"ElapsedMilliseconds":139.3401,"StatusCode":201,"ContentType":"application/json; charset=utf-8","ContentLength":null,"Protocol":"HTTP/1.1","Method":"POST","Scheme":"http","Host":"127.0.0.1:38711","PathBase":"","Path":"/v1/db","QueryString":"","{OriginalFormat}":"Request finished {Protocol} {Method} {Scheme}://{Host}{PathBase}{Path}{QueryString} - {StatusCode} {ContentLength} {ContentType} {ElapsedMilliseconds}ms"},"Scopes":[{"Message":"SpanId:16df22cb79b05a8e, TraceId:47a303296f62a1acb5b4caa227e6a9b6, ParentId:296b788249c1f8f3","SpanId":"16df22cb79b05a8e","TraceId":"47a303296f62a1acb5b4caa227e6a9b6","ParentId":"296b788249c1f8f3"},{"Message":"http.request.method:POST, server.address:127.0.0.1, server.port:38711, url.scheme:http, url.path:/v1/db, network.protocol.version:1.1","http.request.method":"POST","server.address":"127.0.0.1","server.port":38711,"url.scheme":"http","url.path":"/v1/db","network.protocol.version":"1.1"},{"Message":"ConnectionId:0HNNVV5RLDI8S","ConnectionId":"0HNNVV5RLDI8S"},{"Message":"RequestPath:/v1/db RequestId:0HNNVV5RLDI8S:00000001","RequestId":"0HNNVV5RLDI8S:00000001","RequestPath":"/v1/db"}]}
{"Timestamp":"2026-08-22T03:02:10.767Z","EventId":1,"LogLevel":"Information","Category":"Microsoft.AspNetCore.Hosting.Diagnostics","Message":"Request starting HTTP/1.1 POST http://127.0.0.1:38711/v1/db/protocol_mqtt/sql - application/json;\u002Bcharset=utf-8 71","State":{"Protocol":"HTTP/1.1","Method":"POST","ContentType":"application/json; charset=utf-8","ContentLength":71,"Scheme":"http","Host":"127.0.0.1:38711","PathBase":"","Path":"/v1/db/protocol_mqtt/sql","QueryString":"","{OriginalFormat}":"Request starting {Protocol} {Method} {Scheme}://{Host}{PathBase}{Path}{QueryString} - {ContentType} {ContentLength}"},"Scopes":[{"Message":"SpanId:9b3782dce89a9ae2, TraceId:52e38197e4b70a6db2d6375166124a95, ParentId:9996905aae0b4de5","SpanId":"9b3782dce89a9ae2","TraceId":"52e38197e4b70a6db2d6375166124a95","ParentId":"9996905aae0b4de5"},{"Message":"http.request.method:POST, server.address:127.0.0.1, server.port:38711, url.scheme:http, url.path:/v1/db/protocol_mqtt/sql, network.protocol.version:1.1","http.request.method":"POST","server.address":"127.0.0.1","server.port":38711,"url.scheme":"http","url.path":"/v1/db/protocol_mqtt/sql","network.protocol.version":"1.1"},{"Message":"ConnectionId:0HNNVV5RLDI8T","ConnectionId":"0HNNVV5RLDI8T"},{"Message":"RequestPath:/v1/db/protocol_mqtt/sql RequestId:0HNNVV5RLDI8T:00000001","RequestId":"0HNNVV5RLDI8T:00000001","RequestPath":"/v1/db/protocol_mqtt/sql"}]}
{"Timestamp":"2026-08-22T03:02:10.768Z","EventId":0,"LogLevel":"Information","Category":"Microsoft.AspNetCore.Routing.EndpointMiddleware","Message":"Executing endpoint \u0027HTTP: POST /v1/db/{db}/sql\u0027","State":{"EndpointName":"HTTP: POST /v1/db/{db}/sql","{OriginalFormat}":"Executing endpoint \u0027{EndpointName}\u0027"},"Scopes":[{"Message":"SpanId:9b3782dce89a9ae2, TraceId:52e38197e4b70a6db2d6375166124a95, ParentId:9996905aae0b4de5","SpanId":"9b3782dce89a9ae2","TraceId":"52e38197e4b70a6db2d6375166124a95","ParentId":"9996905aae0b4de5"},{"Message":"http.request.method:POST, server.address:127.0.0.1, server.port:38711, url.scheme:http, url.path:/v1/db/protocol_mqtt/sql, network.protocol.version:1.1","http.request.method":"POST","server.address":"127.0.0.1","server.port":38711,"url.scheme":"http","url.path":"/v1/db/protocol_mqtt/sql","network.protocol.version":"1.1"},{"Message":"ConnectionId:0HNNVV5RLDI8T","ConnectionId":"0HNNVV5RLDI8T"},{"Message":"RequestPath:/v1/db/protocol_mqtt/sql RequestId:0HNNVV5RLDI8T:00000001","RequestId":"0HNNVV5RLDI8T:00000001","RequestPath":"/v1/db/protocol_mqtt/sql"}]}
[...]
{"Timestamp":"2026-08-22T03:02:10.874Z","EventId":0,"LogLevel":"Information","Category":"Microsoft.AspNetCore.Routing.EndpointMiddleware","Message":"Executing endpoint \u0027HTTP: POST /v1/db/{db}/sql\u0027","State":{"EndpointName":"HTTP: POST /v1/db/{db}/sql","{OriginalFormat}":"Executing endpoint \u0027{EndpointName}\u0027"},"Scopes":[{"Message":"SpanId:a6a62ceb00174acc, TraceId:4bbbd1899cac693dc53543fdb58953d5, ParentId:dc1b39d502b842dc","SpanId":"a6a62ceb00174acc","TraceId":"4bbbd1899cac693dc53543fdb58953d5","ParentId":"dc1b39d502b842dc"},{"Message":"http.request.method:POST, server.address:127.0.0.1, server.port:38711, url.scheme:http, url.path:/v1/db/protocol_http/sql, network.protocol.version:1.1","http.request.method":"POST","server.address":"127.0.0.1","server.port":38711,"url.scheme":"http","url.path":"/v1/db/protocol_http/sql","network.protocol.version":"1.1"},{"Message":"ConnectionId:0HNNVV5RLDI92","ConnectionId":"0HNNVV5RLDI92"},{"Message":"RequestPath:/v1/db/protocol_http/sql RequestId:0HNNVV5RLDI92:00000001","RequestId":"0HNNVV5RLDI92:00000001","RequestPath":"/v1/db/protocol_http/sql"}]}
{"Timestamp":"2026-08-22T03:02:10.878Z","EventId":1,"LogLevel":"Information","Category":"Microsoft.AspNetCore.Routing.EndpointMiddleware","Message":"Executed endpoint \u0027HTTP: POST /v1/db/{db}/sql\u0027","State":{"EndpointName":"HTTP: POST /v1/db/{db}/sql","{OriginalFormat}":"Executed endpoint \u0027{EndpointName}\u0027"},"Scopes":[{"Message":"SpanId:a6a62ceb00174acc, TraceId:4bbbd1899cac693dc53543fdb58953d5, ParentId:dc1b39d502b842dc","SpanId":"a6a62ceb00174acc","TraceId":"4bbbd1899cac693dc53543fdb58953d5","ParentId":"dc1b39d502b842dc"},{"Message":"http.request.method:POST, server.address:127.0.0.1, server.port:38711, url.scheme:http, url.path:/v1/db/protocol_http/sql, network.protocol.version:1.1","http.request.method":"POST","server.address":"127.0.0.1","server.port":38711,"url.scheme":"http","url.path":"/v1/db/protocol_http/sql","network.protocol.version":"1.1"},{"Message":"ConnectionId:0HNNVV5RLDI92","ConnectionId":"0HNNVV5RLDI92"},{"Message":"RequestPath:/v1/db/protocol_http/sql RequestId:0HNNVV5RLDI92:00000001","RequestId":"0HNNVV5RLDI92:00000001","RequestPath":"/v1/db/protocol_http/sql"}]}
{"Timestamp":"2026-08-22T03:02:10.878Z","EventId":2,"LogLevel":"Information","Category":"Microsoft.AspNetCore.Hosting.Diagnostics","Message":"Request finished HTTP/1.1 POST http://127.0.0.1:38711/v1/db/protocol_http/sql - 200 - application/x-ndjson;\u002Bcharset=utf-8 3.9527ms","State":{"ElapsedMilliseconds":3.9527,"StatusCode":200,"ContentType":"application/x-ndjson; charset=utf-8","ContentLength":null,"Protocol":"HTTP/1.1","Method":"POST","Scheme":"http","Host":"127.0.0.1:38711","PathBase":"","Path":"/v1/db/protocol_http/sql","QueryString":"","{OriginalFormat}":"Request finished {Protocol} {Method} {Scheme}://{Host}{PathBase}{Path}{QueryString} - {StatusCode} {ContentLength} {ContentType} {ElapsedMilliseconds}ms"},"Scopes":[{"Message":"SpanId:a6a62ceb00174acc, TraceId:4bbbd1899cac693dc53543fdb58953d5, ParentId:dc1b39d502b842dc","SpanId":"a6a62ceb00174acc","TraceId":"4bbbd1899cac693dc53543fdb58953d5","ParentId":"dc1b39d502b842dc"},{"Message":"http.request.method:POST, server.address:127.0.0.1, server.port:38711, url.scheme:http, url.path:/v1/db/protocol_http/sql, network.protocol.version:1.1","http.request.method":"POST","server.address":"127.0.0.1","server.port":38711,"url.scheme":"http","url.path":"/v1/db/protocol_http/sql","network.protocol.version":"1.1"},{"Message":"ConnectionId:0HNNVV5RLDI92","ConnectionId":"0HNNVV5RLDI92"},{"Message":"RequestPath:/v1/db/protocol_http/sql RequestId:0HNNVV5RLDI92:00000001","RequestId":"0HNNVV5RLDI92:00000001","RequestPath":"/v1/db/protocol_http/sql"}]}
{"Timestamp":"2026-08-22T03:02:10.882Z","EventId":1,"LogLevel":"Information","Category":"Microsoft.AspNetCore.Hosting.Diagnostics","Message":"Request starting HTTP/1.1 POST http://127.0.0.1:38711/v1/db/protocol_udp/sql - application/json;\u002Bcharset=utf-8 66","State":{"Protocol":"HTTP/1.1","Method":"POST","ContentType":"application/json; charset=utf-8","ContentLength":66,"Scheme":"http","Host":"127.0.0.1:38711","PathBase":"","Path":"/v1/db/protocol_udp/sql","QueryString":"","{OriginalFormat}":"Request starting {Protocol} {Method} {Scheme}://{Host}{PathBase}{Path}{QueryString} - {ContentType} {ContentLength}"},"Scopes":[{"Message":"SpanId:bf78295f1c593107, TraceId:b4cf598a64180cebaa92cda49d638b3d, ParentId:699635012ecfdcfb","SpanId":"bf78295f1c593107","TraceId":"b4cf598a64180cebaa92cda49d638b3d","ParentId":"699635012ecfdcfb"},{"Message":"http.request.method:POST, server.address:127.0.0.1, server.port:38711, url.scheme:http, url.path:/v1/db/protocol_udp/sql, network.protocol.version:1.1","http.request.method":"POST","server.address":"127.0.0.1","server.port":38711,"url.scheme":"http","url.path":"/v1/db/protocol_udp/sql","network.protocol.version":"1.1"},{"Message":"ConnectionId:0HNNVV5RLDI92","ConnectionId":"0HNNVV5RLDI92"},{"Message":"RequestPath:/v1/db/protocol_udp/sql RequestId:0HNNVV5RLDI92:00000002","RequestId":"0HNNVV5RLDI92:00000002","RequestPath":"/v1/db/protocol_udp/sql"}]}
{"Timestamp":"2026-08-22T03:02:10.882Z","EventId":0,"LogLevel":"Information","Category":"Microsoft.AspNetCore.Routing.EndpointMiddleware","Message":"Executing endpoint \u0027HTTP: POST /v1/db/{db}/sql\u0027","State":{"EndpointName":"HTTP: POST /v1/db/{db}/sql","{OriginalFormat}":"Executing endpoint \u0027{EndpointName}\u0027"},"Scopes":[{"Message":"SpanId:bf78295f1c593107, TraceId:b4cf598a64180cebaa92cda49d638b3d, ParentId:699635012ecfdcfb","SpanId":"bf78295f1c593107","TraceId":"b4cf598a64180cebaa92cda49d638b3d","ParentId":"699635012ecfdcfb"},{"Message":"http.request.method:POST, server.address:127.0.0.1, server.port:38711, url.scheme:http, url.path:/v1/db/protocol_udp/sql, network.protocol.version:1.1","http.request.method":"POST","server.address":"127.0.0.1","server.port":38711,"url.scheme":"http","url.path":"/v1/db/protocol_udp/sql","network.protocol.version":"1.1"},{"Message":"ConnectionId:0HNNVV5RLDI92","ConnectionId":"0HNNVV5RLDI92"},{"Message":"RequestPath:/v1/db/protocol_udp/sql RequestId:0HNNVV5RLDI92:00000002","RequestId":"0HNNVV5RLDI92:00000002","RequestPath":"/v1/db/protocol_udp/sql"}]}
{"Timestamp":"2026-08-22T03:02:10.883Z","EventId":1,"LogLevel":"Information","Category":"Microsoft.AspNetCore.Routing.EndpointMiddleware","Message":"Executed endpoint \u0027HTTP: POST /v1/db/{db}/sql\u0027","State":{"EndpointName":"HTTP: POST /v1/db/{db}/sql","{OriginalFormat}":"Executed endpoint \u0027{EndpointName}\u0027"},"Scopes":[{"Message":"SpanId:bf78295f1c593107, TraceId:b4cf598a64180cebaa92cda49d638b3d, ParentId:699635012ecfdcfb","SpanId":"bf78295f1c593107","TraceId":"b4cf598a64180cebaa92cda49d638b3d","ParentId":"699635012ecfdcfb"},{"Message":"http.request.method:POST, server.address:127.0.0.1, server.port:38711, url.scheme:http, url.path:/v1/db/protocol_udp/sql, network.protocol.version:1.1","http.request.method":"POST","server.address":"127.0.0.1","server.port":38711,"url.scheme":"http","url.path":"/v1/db/protocol_udp/sql","network.protocol.version":"1.1"},{"Message":"ConnectionId:0HNNVV5RLDI92","ConnectionId":"0HNNVV5RLDI92"},{"Message":"RequestPath:/v1/db/protocol_udp/sql RequestId:0HNNVV5RLDI92:00000002","RequestId":"0HNNVV5RLDI92:00000002","RequestPath":"/v1/db/protocol_udp/sql"}]}
{"Timestamp":"2026-08-22T03:02:10.883Z","EventId":2,"LogLevel":"Information","Category":"Microsoft.AspNetCore.Hosting.Diagnostics","Message":"Request finished HTTP/1.1 POST http://127.0.0.1:38711/v1/db/protocol_udp/sql - 200 - application/x-ndjson;\u002Bcharset=utf-8 0.6194ms","State":{"ElapsedMilliseconds":0.6194,"StatusCode":200,"ContentType":"application/x-ndjson; charset=utf-8","ContentLength":null,"Protocol":"HTTP/1.1","Method":"POST","Scheme":"http","Host":"127.0.0.1:38711","PathBase":"","Path":"/v1/db/protocol_udp/sql","QueryString":"","{OriginalFormat}":"Request finished {Protocol} {Method} {Scheme}://{Host}{PathBase}{Path}{QueryString} - {StatusCode} {ContentLength} {ContentType} {ElapsedMilliseconds}ms"},"Scopes":[{"Message":"SpanId:bf78295f1c593107, TraceId:b4cf598a64180cebaa92cda49d638b3d, ParentId:699635012ecfdcfb","SpanId":"bf78295f1c593107","TraceId":"b4cf598a64180cebaa92cda49d638b3d","ParentId":"699635012ecfdcfb"},{"Message":"http.request.method:POST, server.address:127.0.0.1, server.port:38711, url.scheme:http, url.path:/v1/db/protocol_udp/sql, network.protocol.version:1.1","http.request.method":"POST","server.address":"127.0.0.1","server.port":38711,"url.scheme":"http","url.path":"/v1/db/protocol_udp/sql","network.protocol.version":"1.1"},{"Message":"ConnectionId:0HNNVV5RLDI92","ConnectionId":"0HNNVV5RLDI92"},{"Message":"RequestPath:/v1/db/protocol_udp/sql RequestId:0HNNVV5RLDI92:00000002","RequestId":"0HNNVV5RLDI92:00000002","RequestPath":"/v1/db/protocol_udp/sql"}]}
{"Timestamp":"2026-08-22T03:02:10.884Z","EventId":1,"LogLevel":"Information","Category":"Microsoft.AspNetCore.Hosting.Diagnostics","Message":"Request starting HTTP/1.1 POST http://127.0.0.1:38711/v1/db/protocol_mqtt/sql - application/json;\u002Bcharset=utf-8 66","State":{"Protocol":"HTTP/1.1","Method":"POST","ContentType":"application/json; charset=utf-8","ContentLength":66,"Scheme":"http","Host":"127.0.0.1:38711","PathBase":"","Path":"/v1/db/protocol_mqtt/sql","QueryString":"","{OriginalFormat}":"Request starting {Protocol} {Method} {Scheme}://{Host}{PathBase}{Path}{QueryString} - {ContentType} {ContentLength}"},"Scopes":[{"Message":"SpanId:9fd985f34a23806f, TraceId:61ba49485d2baefa8f384641f6a6966a, ParentId:ac10e5ecaf0e76b3","SpanId":"9fd985f34a23806f","TraceId":"61ba49485d2baefa8f384641f6a6966a","ParentId":"ac10e5ecaf0e76b3"},{"Message":"http.request.method:POST, server.address:127.0.0.1, server.port:38711, url.scheme:http, url.path:/v1/db/protocol_mqtt/sql, network.protocol.version:1.1","http.request.method":"POST","server.address":"127.0.0.1","server.port":38711,"url.scheme":"http","url.path":"/v1/db/protocol_mqtt/sql","network.protocol.version":"1.1"},{"Message":"ConnectionId:0HNNVV5RLDI92","ConnectionId":"0HNNVV5RLDI92"},{"Message":"RequestPath:/v1/db/protocol_mqtt/sql RequestId:0HNNVV5RLDI92:00000003","RequestId":"0HNNVV5RLDI92:00000003","RequestPath":"/v1/db/protocol_mqtt/sql"}]}
{"Timestamp":"2026-08-22T03:02:10.884Z","EventId":0,"LogLevel":"Information","Category":"Microsoft.AspNetCore.Routing.EndpointMiddleware","Message":"Executing endpoint \u0027HTTP: POST /v1/db/{db}/sql\u0027","State":{"EndpointName":"HTTP: POST /v1/db/{db}/sql","{OriginalFormat}":"Executing endpoint \u0027{EndpointName}\u0027"},"Scopes":[{"Message":"SpanId:9fd985f34a23806f, TraceId:61ba49485d2baefa8f384641f6a6966a, ParentId:ac10e5ecaf0e76b3","SpanId":"9fd985f34a23806f","TraceId":"61ba49485d2baefa8f384641f6a6966a","ParentId":"ac10e5ecaf0e76b3"},{"Message":"http.request.method:POST, server.address:127.0.0.1, server.port:38711, url.scheme:http, url.path:/v1/db/protocol_mqtt/sql, network.protocol.version:1.1","http.request.method":"POST","server.address":"127.0.0.1","server.port":38711,"url.scheme":"http","url.path":"/v1/db/protocol_mqtt/sql","network.protocol.version":"1.1"},{"Message":"ConnectionId:0HNNVV5RLDI92","ConnectionId":"0HNNVV5RLDI92"},{"Message":"RequestPath:/v1/db/protocol_mqtt/sql RequestId:0HNNVV5RLDI92:00000003","RequestId":"0HNNVV5RLDI92:00000003","RequestPath":"/v1/db/protocol_mqtt/sql"}]}
{"Timestamp":"2026-08-22T03:02:10.884Z","EventId":1,"LogLevel":"Information","Category":"Microsoft.AspNetCore.Routing.EndpointMiddleware","Message":"Executed endpoint \u0027HTTP: POST /v1/db/{db}/sql\u0027","State":{"EndpointName":"HTTP: POST /v1/db/{db}/sql","{OriginalFormat}":"Executed endpoint \u0027{EndpointName}\u0027"},"Scopes":[{"Message":"SpanId:9fd985f34a23806f, TraceId:61ba49485d2baefa8f384641f6a6966a, ParentId:ac10e5ecaf0e76b3","SpanId":"9fd985f34a23806f","TraceId":"61ba49485d2baefa8f384641f6a6966a","ParentId":"ac10e5ecaf0e76b3"},{"Message":"http.request.method:POST, server.address:127.0.0.1, server.port:38711, url.scheme:http, url.path:/v1/db/protocol_mqtt/sql, network.protocol.version:1.1","http.request.method":"POST","server.address":"127.0.0.1","server.port":38711,"url.scheme":"http","url.path":"/v1/db/protocol_mqtt/sql","network.protocol.version":"1.1"},{"Message":"ConnectionId:0HNNVV5RLDI92","ConnectionId":"0HNNVV5RLDI92"},{"Message":"RequestPath:/v1/db/protocol_mqtt/sql RequestId:0HNNVV5RLDI92:00000003","RequestId":"0HNNVV5RLDI92:00000003","RequestPath":"/v1/db/protocol_mqtt/sql"}]}
{"Timestamp":"2026-08-22T03:02:10.884Z","EventId":2,"LogLevel":"Information","Category":"Microsoft.AspNetCore.Hosting.Diagnostics","Message":"Request finished HTTP/1.1 POST http://127.0.0.1:38711/v1/db/protocol_mqtt/sql - 200 - application/x-ndjson;\u002Bcharset=utf-8 0.5254ms","State":{"ElapsedMilliseconds":0.5254,"StatusCode":200,"ContentType":"application/x-ndjson; charset=utf-8","ContentLength":null,"Protocol":"HTTP/1.1","Method":"POST","Scheme":"http","Host":"127.0.0.1:38711","PathBase":"","Path":"/v1/db/protocol_mqtt/sql","QueryString":"","{OriginalFormat}":"Request finished {Protocol} {Method} {Scheme}://{Host}{PathBase}{Path}{QueryString} - {StatusCode} {ContentLength} {ContentType} {ElapsedMilliseconds}ms"},"Scopes":[{"Message":"SpanId:9fd985f34a23806f, TraceId:61ba49485d2baefa8f384641f6a6966a, ParentId:ac10e5ecaf0e76b3","SpanId":"9fd985f34a23806f","TraceId":"61ba49485d2baefa8f384641f6a6966a","ParentId":"ac10e5ecaf0e76b3"},{"Message":"http.request.method:POST, server.address:127.0.0.1, server.port:38711, url.scheme:http, url.path:/v1/db/protocol_mqtt/sql, network.protocol.version:1.1","http.request.method":"POST","server.address":"127.0.0.1","server.port":38711,"url.scheme":"http","url.path":"/v1/db/protocol_mqtt/sql","network.protocol.version":"1.1"},{"Message":"ConnectionId:0HNNVV5RLDI92","ConnectionId":"0HNNVV5RLDI92"},{"Message":"RequestPath:/v1/db/protocol_mqtt/sql RequestId:0HNNVV5RLDI92:00000003","RequestId":"0HNNVV5RLDI92:00000003","RequestPath":"/v1/db/protocol_mqtt/sql"}]}
{"Timestamp":"2026-08-22T03:02:10.885Z","EventId":1,"LogLevel":"Information","Category":"Microsoft.AspNetCore.Hosting.Diagnostics","Message":"Request starting HTTP/1.1 POST http://127.0.0.1:38711/v1/db/protocol_coap/sql - application/json;\u002Bcharset=utf-8 66","State":{"Protocol":"HTTP/1.1","Method":"POST","ContentType":"application/json; charset=utf-8","ContentLength":66,"Scheme":"http","Host":"127.0.0.1:38711","PathBase":"","Path":"/v1/db/protocol_coap/sql","QueryString":"","{OriginalFormat}":"Request starting {Protocol} {Method} {Scheme}://{Host}{PathBase}{Path}{QueryString} - {ContentType} {ContentLength}"},"Scopes":[{"Message":"SpanId:3f4df1a0dd3e6249, TraceId:d19917270b69a2fe16def6ca1a917dc7, ParentId:ab6419203214ba1d","SpanId":"3f4df1a0dd3e6249","TraceId":"d19917270b69a2fe16def6ca1a917dc7","ParentId":"ab6419203214ba1d"},{"Message":"http.request.method:POST, server.address:127.0.0.1, server.port:38711, url.scheme:http, url.path:/v1/db/protocol_coap/sql, network.protocol.version:1.1","http.request.method":"POST","server.address":"127.0.0.1","server.port":38711,"url.scheme":"http","url.path":"/v1/db/protocol_coap/sql","network.protocol.version":"1.1"},{"Message":"ConnectionId:0HNNVV5RLDI92","ConnectionId":"0HNNVV5RLDI92"},{"Message":"RequestPath:/v1/db/protocol_coap/sql RequestId:0HNNVV5RLDI92:00000004","RequestId":"0HNNVV5RLDI92:00000004","RequestPath":"/v1/db/protocol_coap/sql"}]}
{"Timestamp":"2026-08-22T03:02:10.885Z","EventId":0,"LogLevel":"Information","Category":"Microsoft.AspNetCore.Routing.EndpointMiddleware","Message":"Executing endpoint \u0027HTTP: POST /v1/db/{db}/sql\u0027","State":{"EndpointName":"HTTP: POST /v1/db/{db}/sql","{OriginalFormat}":"Executing endpoint \u0027{EndpointName}\u0027"},"Scopes":[{"Message":"SpanId:3f4df1a0dd3e6249, TraceId:d19917270b69a2fe16def6ca1a917dc7, ParentId:ab6419203214ba1d","SpanId":"3f4df1a0dd3e6249","TraceId":"d19917270b69a2fe16def6ca1a917dc7","ParentId":"ab6419203214ba1d"},{"Message":"http.request.method:POST, server.address:127.0.0.1, server.port:38711, url.scheme:http, url.path:/v1/db/protocol_coap/sql, network.protocol.version:1.1","http.request.method":"POST","server.address":"127.0.0.1","server.port":38711,"url.scheme":"http","url.path":"/v1/db/protocol_coap/sql","network.protocol.version":"1.1"},{"Message":"ConnectionId:0HNNVV5RLDI92","ConnectionId":"0HNNVV5RLDI92"},{"Message":"RequestPath:/v1/db/protocol_coap/sql RequestId:0HNNVV5RLDI92:00000004","RequestId":"0HNNVV5RLDI92:00000004","RequestPath":"/v1/db/protocol_coap/sql"}]}
{"Timestamp":"2026-08-22T03:02:10.885Z","EventId":1,"LogLevel":"Information","Category":"Microsoft.AspNetCore.Routing.EndpointMiddleware","Message":"Executed endpoint \u0027HTTP: POST /v1/db/{db}/sql\u0027","State":{"EndpointName":"HTTP: POST /v1/db/{db}/sql","{OriginalFormat}":"Executed endpoint \u0027{EndpointName}\u0027"},"Scopes":[{"Message":"SpanId:3f4df1a0dd3e6249, TraceId:d19917270b69a2fe16def6ca1a917dc7, ParentId:ab6419203214ba1d","SpanId":"3f4df1a0dd3e6249","TraceId":"d19917270b69a2fe16def6ca1a917dc7","ParentId":"ab6419203214ba1d"},{"Message":"http.request.method:POST, server.address:127.0.0.1, server.port:38711, url.scheme:http, url.path:/v1/db/protocol_coap/sql, network.protocol.version:1.1","http.request.method":"POST","server.address":"127.0.0.1","server.port":38711,"url.scheme":"http","url.path":"/v1/db/protocol_coap/sql","network.protocol.version":"1.1"},{"Message":"ConnectionId:0HNNVV5RLDI92","ConnectionId":"0HNNVV5RLDI92"},{"Message":"RequestPath:/v1/db/protocol_coap/sql RequestId:0HNNVV5RLDI92:00000004","RequestId":"0HNNVV5RLDI92:00000004","RequestPath":"/v1/db/protocol_coap/sql"}]}
{"Timestamp":"2026-08-22T03:02:10.885Z","EventId":2,"LogLevel":"Information","Category":"Microsoft.AspNetCore.Hosting.Diagnostics","Message":"Request finished HTTP/1.1 POST http://127.0.0.1:38711/v1/db/protocol_coap/sql - 200 - application/x-ndjson;\u002Bcharset=utf-8 0.4268ms","State":{"ElapsedMilliseconds":0.4268,"StatusCode":200,"ContentType":"application/x-ndjson; charset=utf-8","ContentLength":null,"Protocol":"HTTP/1.1","Method":"POST","Scheme":"http","Host":"127.0.0.1:38711","PathBase":"","Path":"/v1/db/protocol_coap/sql","QueryString":"","{OriginalFormat}":"Request finished {Protocol} {Method} {Scheme}://{Host}{PathBase}{Path}{QueryString} - {StatusCode} {ContentLength} {ContentType} {ElapsedMilliseconds}ms"},"Scopes":[{"Message":"SpanId:3f4df1a0dd3e6249, TraceId:d19917270b69a2fe16def6ca1a917dc7, ParentId:ab6419203214ba1d","SpanId":"3f4df1a0dd3e6249","TraceId":"d19917270b69a2fe16def6ca1a917dc7","ParentId":"ab6419203214ba1d"},{"Message":"http.request.method:POST, server.address:127.0.0.1, server.port:38711, url.scheme:http, url.path:/v1/db/protocol_coap/sql, network.protocol.version:1.1","http.request.method":"POST","server.address":"127.0.0.1","server.port":38711,"url.scheme":"http","url.path":"/v1/db/protocol_coap/sql","network.protocol.version":"1.1"},{"Message":"ConnectionId:0HNNVV5RLDI92","ConnectionId":"0HNNVV5RLDI92"},{"Message":"RequestPath:/v1/db/protocol_coap/sql RequestId:0HNNVV5RLDI92:00000004","RequestId":"0HNNVV5RLDI92:00000004","RequestPath":"/v1/db/protocol_coap/sql"}]}
{"Timestamp":"2026-08-22T03:02:10.888Z","EventId":0,"LogLevel":"Information","Category":"Microsoft.Hosting.Lifetime","Message":"Application is shutting down...","State":{"{OriginalFormat}":"Application is shutting down..."},"Scopes":[]}
[xUnit.net 00:02:09.90]   Finished:    SonnetDB.Parity
</StdOut>
    </Output>
    <RunInfos>
      <RunInfo computerName="runnervm76f27" outcome="Error" timestamp="2026-08-22T03:00:05.0872250+00:00">
        <Text>[xUnit.net 00:00:03.56]     SonnetDB.Parity.Runner.FrameRestTransportParitySuite.FrameHttp2_And_Rest_AreSemanticallyEquivalent_ForAllServices [FAIL]</Text>
      </RunInfo>
    </RunInfos>
  </ResultSummary>
</TestRun>