<?xml version="1.0" encoding="utf-8"?>
<TestRun id="ef49d791-f531-4222-bab8-bac0a1df667b" name="@runnervmtr4k5 2026-09-26 07:20:15" xmlns="http://microsoft.com/schemas/VisualStudio/TeamTest/2010">
  <Times creation="2026-09-26T07:20:15.5803459+00:00" queuing="2026-09-26T07:20:15.5803460+00:00" start="2026-09-26T07:20:14.0560116+00:00" finish="2026-09-26T07:21:39.3412929+00:00" />
  <TestSettings name="default" id="69e1f314-b84c-48e7-8a10-d7eb75d7ba15">
    <Deployment runDeploymentRoot="_runnervmtr4k5_2026-09-26_07_20_15" />
  </TestSettings>
  <Results>
    <UnitTestResult executionId="1bf0ab53-f82c-45f2-9c79-c2d9b873db5c" testId="acb2f3ab-260f-16f2-daed-19b4d6b5945b" testName="SonnetDB.Parity.Runner.ResultDifferTests.DiffSqlResults_WithTimeBucketContract_NormalizesWindowStopOnEitherSide" computerName="runnervmtr4k5" duration="00:00:00.0002643" startTime="2026-09-26T07:20:15.5502772+00:00" endTime="2026-09-26T07:20:15.5503796+00:00" testType="13cdc9d9-ddb5-4fa4-a97d-d965ccfc6d4b" outcome="Passed" testListId="8c84fa94-04c1-424b-9868-57a2d4851a1d" relativeResultsDirectory="1bf0ab53-f82c-45f2-9c79-c2d9b873db5c" />
    <UnitTestResult executionId="c0ba703e-29a2-4e8f-bffb-117563ac2a6f" testId="326f18ea-ff47-0d78-2a31-253eef3e3b9d" testName="SonnetDB.Parity.Runner.ResultDifferTests.DiffSqlResults_WithTimeBucketContract_KeepsValueColumnsStrict" computerName="runnervmtr4k5" duration="00:00:00.0038441" startTime="2026-09-26T07:20:15.4901921+00:00" endTime="2026-09-26T07:20:15.4936991+00:00" testType="13cdc9d9-ddb5-4fa4-a97d-d965ccfc6d4b" outcome="Passed" testListId="8c84fa94-04c1-424b-9868-57a2d4851a1d" relativeResultsDirectory="c0ba703e-29a2-4e8f-bffb-117563ac2a6f" />
    <UnitTestResult executionId="8a85f357-e546-4d00-b76d-c33d3d9b3df5" testId="e7b8d2f1-2350-3ae7-4d72-5c147a8fd3cb" testName="SonnetDB.Parity.Adapters.RelationalResultMaterializerTests.ReadAsync_WithIntegralDecimal_NormalizesToInt64" computerName="runnervmtr4k5" duration="00:00:00.0032573" startTime="2026-09-26T07:20:15.4842012+00:00" endTime="2026-09-26T07:20:15.4873428+00:00" testType="13cdc9d9-ddb5-4fa4-a97d-d965ccfc6d4b" outcome="Passed" testListId="8c84fa94-04c1-424b-9868-57a2d4851a1d" relativeResultsDirectory="8a85f357-e546-4d00-b76d-c33d3d9b3df5" />
    <UnitTestResult executionId="79003338-3282-4484-a2b1-facf57f55d6d" testId="b2f087cf-30a2-36dc-426f-7c7c70967bf0" testName="SonnetDB.Parity.Runner.ParityRunner.KvSuite_SonnetDbMatchesRedis" computerName="runnervmtr4k5" duration="00:00:14.0395713" startTime="2026-09-26T07:20:15.5510226+00:00" endTime="2026-09-26T07:20:29.5545719+00:00" testType="13cdc9d9-ddb5-4fa4-a97d-d965ccfc6d4b" outcome="Passed" testListId="8c84fa94-04c1-424b-9868-57a2d4851a1d" relativeResultsDirectory="79003338-3282-4484-a2b1-facf57f55d6d" />
    <UnitTestResult executionId="85b7e8bb-6c9e-4d08-8eb4-0edbcc0cc7e1" testId="907c1091-f136-9237-2fef-0d4a35743dd3" testName="SonnetDB.Parity.Runner.ParityRunner.GraphBetaSuite_SonnetDbPassesAndExternalParityRemainsNotRun" computerName="runnervmtr4k5" duration="00:00:00.5985971" startTime="2026-09-26T07:20:14.9152795+00:00" endTime="2026-09-26T07:20:15.5506879+00:00" testType="13cdc9d9-ddb5-4fa4-a97d-d965ccfc6d4b" outcome="Passed" testListId="8c84fa94-04c1-424b-9868-57a2d4851a1d" relativeResultsDirectory="85b7e8bb-6c9e-4d08-8eb4-0edbcc0cc7e1" />
    <UnitTestResult executionId="c0cdfc03-ff8e-44fd-b8ec-e7bea72707d6" testId="da7990f2-5dd5-68c9-cd8b-83165d59ca0a" testName="SonnetDB.Parity.Runner.ParityRunner.TsdbSuite_SonnetDbMatchesInfluxDbAndVictoriaMetrics" computerName="runnervmtr4k5" duration="00:00:57.9074971" startTime="2026-09-26T07:20:32.3053417+00:00" endTime="2026-09-26T07:21:30.2129052+00:00" testType="13cdc9d9-ddb5-4fa4-a97d-d965ccfc6d4b" outcome="Passed" testListId="8c84fa94-04c1-424b-9868-57a2d4851a1d" relativeResultsDirectory="c0cdfc03-ff8e-44fd-b8ec-e7bea72707d6" />
    <UnitTestResult executionId="8cc40ec3-d23e-4199-ba13-ad8049f591d2" testId="da0cedfe-ae28-1d5e-524f-235c86149b72" testName="SonnetDB.Parity.Runner.ParityRunner.DocumentSuite_SonnetDbMatchesMongoDbSemantics" computerName="runnervmtr4k5" duration="00:00:01.5290103" startTime="2026-09-26T07:20:29.5551953+00:00" endTime="2026-09-26T07:20:31.0841106+00:00" testType="13cdc9d9-ddb5-4fa4-a97d-d965ccfc6d4b" outcome="Passed" testListId="8c84fa94-04c1-424b-9868-57a2d4851a1d" relativeResultsDirectory="8cc40ec3-d23e-4199-ba13-ad8049f591d2" />
    <UnitTestResult executionId="1af76318-c2eb-404a-b826-939907131c0b" testId="7a2f4258-eca0-9ab2-de74-b48e51c31b91" testName="SonnetDB.Parity.Runner.ProtocolIngestParitySuite.LineProtocol_HttpUdpMqttAndCoap_ProduceEquivalentRows" computerName="runnervmtr4k5" duration="00:00:00.1476741" startTime="2026-09-26T07:21:38.5592881+00:00" endTime="2026-09-26T07:21:39.2450507+00:00" testType="13cdc9d9-ddb5-4fa4-a97d-d965ccfc6d4b" outcome="Passed" testListId="8c84fa94-04c1-424b-9868-57a2d4851a1d" relativeResultsDirectory="1af76318-c2eb-404a-b826-939907131c0b" />
    <UnitTestResult executionId="c8782854-f6ae-473c-aefe-f9d5f668dbae" testId="1d39a543-9216-307e-aa42-b1cd546885af" testName="SonnetDB.Parity.Adapters.VictoriaMetrics.VictoriaMetricsAdapterTests.IngestAsync_MultipleMeasurements_WaitsForEveryMeasurement" computerName="runnervmtr4k5" duration="00:00:00.6852963" startTime="2026-09-26T07:20:14.7621701+00:00" endTime="2026-09-26T07:20:15.4577994+00:00" testType="13cdc9d9-ddb5-4fa4-a97d-d965ccfc6d4b" outcome="Passed" testListId="8c84fa94-04c1-424b-9868-57a2d4851a1d" relativeResultsDirectory="c8782854-f6ae-473c-aefe-f9d5f668dbae" />
    <UnitTestResult executionId="9020b7d7-88ef-4738-83fc-d594bd228c36" testId="6cfb7d90-74fc-c7a3-287d-37b4650aa54d" testName="SonnetDB.Parity.Runner.ParityRunner.VectorSuite_SonnetDbMatchesQdrant" computerName="runnervmtr4k5" duration="00:00:01.8381170" startTime="2026-09-26T07:21:30.2136060+00:00" endTime="2026-09-26T07:21:32.0515846+00:00" testType="13cdc9d9-ddb5-4fa4-a97d-d965ccfc6d4b" outcome="Passed" testListId="8c84fa94-04c1-424b-9868-57a2d4851a1d" relativeResultsDirectory="9020b7d7-88ef-4738-83fc-d594bd228c36" />
    <UnitTestResult executionId="61070cc3-cbba-4126-b033-ec3700009e15" testId="66a88082-7872-fe6d-92d1-1ef9f0689ba7" testName="SonnetDB.Parity.Runner.ParityRunner.ObjectSuite_SonnetDbMatchesMinio" computerName="runnervmtr4k5" duration="00:00:00.8139423" startTime="2026-09-26T07:20:31.4905875+00:00" endTime="2026-09-26T07:20:32.3048789+00:00" testType="13cdc9d9-ddb5-4fa4-a97d-d965ccfc6d4b" outcome="Passed" testListId="8c84fa94-04c1-424b-9868-57a2d4851a1d" relativeResultsDirectory="61070cc3-cbba-4126-b033-ec3700009e15" />
    <UnitTestResult executionId="30f8fbc1-52b8-4b5b-8915-ca3d91414cfc" testId="66e61c5f-c702-a767-f8b5-e32fbd491049" testName="SonnetDB.Parity.Runner.FrameRestTransportParitySuite.FrameHttp2_And_Rest_AreSemanticallyEquivalent_ForAllServices" computerName="runnervmtr4k5" duration="00:00:01.0974295" startTime="2026-09-26T07:20:14.7604213+00:00" endTime="2026-09-26T07:20:18.2326507+00:00" testType="13cdc9d9-ddb5-4fa4-a97d-d965ccfc6d4b" outcome="Passed" testListId="8c84fa94-04c1-424b-9868-57a2d4851a1d" relativeResultsDirectory="30f8fbc1-52b8-4b5b-8915-ca3d91414cfc" />
    <UnitTestResult executionId="1874ab0e-c8fd-4041-b390-b5f472aafbf2" testId="707c162a-e09a-96a2-445c-c45322d5e8e8" testName="SonnetDB.Parity.Runner.ParityRunner.MqSuite_SonnetMqMatchesNatsJetStream" computerName="runnervmtr4k5" duration="00:00:01.0734900" startTime="2026-09-26T07:21:37.4846487+00:00" endTime="2026-09-26T07:21:38.5584583+00:00" testType="13cdc9d9-ddb5-4fa4-a97d-d965ccfc6d4b" outcome="Passed" testListId="8c84fa94-04c1-424b-9868-57a2d4851a1d" relativeResultsDirectory="1874ab0e-c8fd-4041-b390-b5f472aafbf2" />
    <UnitTestResult executionId="72486031-f31a-46a6-8389-ebded11d57cb" testId="4ba57b39-7c9e-9151-6726-36b4a75bd9f7" testName="SonnetDB.Parity.Adapters.VictoriaMetrics.VictoriaMetricsAdapterTests.IngestAsync_PartialBatchVisible_WaitsForExactPointCount" computerName="runnervmtr4k5" duration="00:00:00.1041847" startTime="2026-09-26T07:20:15.4698977+00:00" endTime="2026-09-26T07:20:15.5711036+00:00" testType="13cdc9d9-ddb5-4fa4-a97d-d965ccfc6d4b" outcome="Passed" testListId="8c84fa94-04c1-424b-9868-57a2d4851a1d" relativeResultsDirectory="72486031-f31a-46a6-8389-ebded11d57cb" />
    <UnitTestResult executionId="5b2f21ca-6a5f-47bf-a25a-7d1d12377c52" testId="0c4b18d7-aafc-8287-45d4-75233304d011" testName="SonnetDB.Parity.Runner.ParityRunner.FullTextSuite_SonnetDbMatchesMeilisearch" computerName="runnervmtr4k5" duration="00:00:04.8832755" startTime="2026-09-26T07:21:32.0520524+00:00" endTime="2026-09-26T07:21:36.9354673+00:00" testType="13cdc9d9-ddb5-4fa4-a97d-d965ccfc6d4b" outcome="Passed" testListId="8c84fa94-04c1-424b-9868-57a2d4851a1d" relativeResultsDirectory="5b2f21ca-6a5f-47bf-a25a-7d1d12377c52" />
    <UnitTestResult executionId="e59a4605-3d41-4721-b824-ef54935d8316" testId="9d48f0d2-2ffa-3aeb-e036-ad27082d0bb4" testName="SonnetDB.Parity.Adapters.RelationalResultMaterializerTests.ReadAsync_WithFractionalDecimal_NormalizesToDouble" computerName="runnervmtr4k5" duration="00:00:00.0661675" startTime="2026-09-26T07:20:15.4179472+00:00" endTime="2026-09-26T07:20:15.4840060+00:00" testType="13cdc9d9-ddb5-4fa4-a97d-d965ccfc6d4b" outcome="Passed" testListId="8c84fa94-04c1-424b-9868-57a2d4851a1d" relativeResultsDirectory="e59a4605-3d41-4721-b824-ef54935d8316" />
    <UnitTestResult executionId="7fa12e25-8dcb-4c39-b29e-a96c547214c4" testId="ee07b8ae-2701-101a-fee5-0fb9b5b109b4" testName="SonnetDB.Parity.Runner.ResultDifferTests.DiffSqlResults_WithBucketAlias_AcceptsEquivalentTimeColumnName" computerName="runnervmtr4k5" duration="00:00:00.0002855" startTime="2026-09-26T07:20:15.5498645+00:00" endTime="2026-09-26T07:20:15.5499538+00:00" testType="13cdc9d9-ddb5-4fa4-a97d-d965ccfc6d4b" outcome="Passed" testListId="8c84fa94-04c1-424b-9868-57a2d4851a1d" relativeResultsDirectory="7fa12e25-8dcb-4c39-b29e-a96c547214c4" />
    <UnitTestResult executionId="b986e83f-c006-49bf-87ee-85bd319c6e03" testId="a3dce82f-2060-f755-ba41-589eaef086cf" testName="SonnetDB.Parity.Runner.ParityRunner.RelationalSuite_SonnetDbMatchesPostgres" computerName="runnervmtr4k5" duration="00:00:00.5484995" startTime="2026-09-26T07:21:36.9361461+00:00" endTime="2026-09-26T07:21:37.4844522+00:00" testType="13cdc9d9-ddb5-4fa4-a97d-d965ccfc6d4b" outcome="Passed" testListId="8c84fa94-04c1-424b-9868-57a2d4851a1d" relativeResultsDirectory="b986e83f-c006-49bf-87ee-85bd319c6e03" />
    <UnitTestResult executionId="cb87a0cb-202c-4fcf-b39a-3b278cd6d95f" testId="45a94119-4f7f-2202-c475-1c2e4d283298" testName="SonnetDB.Parity.Runner.ResultDifferTests.DiffSqlResults_WithTimeBucketContract_NormalizesWindowStopToBucketStart" computerName="runnervmtr4k5" duration="00:00:00.0003476" startTime="2026-09-26T07:20:15.5494023+00:00" endTime="2026-09-26T07:20:15.5495165+00:00" testType="13cdc9d9-ddb5-4fa4-a97d-d965ccfc6d4b" outcome="Passed" testListId="8c84fa94-04c1-424b-9868-57a2d4851a1d" relativeResultsDirectory="cb87a0cb-202c-4fcf-b39a-3b278cd6d95f" />
    <UnitTestResult executionId="353f45ef-542b-4f3d-adbb-3a484f5582e2" testId="dce1a77f-75f4-f9f3-6550-62642b421ce1" testName="SonnetDB.Parity.Adapters.VictoriaMetrics.VictoriaMetricsAdapterTests.IngestAsync_IncompleteBatch_TimesOutWithObservedCount" computerName="runnervmtr4k5" duration="00:00:00.0566288" startTime="2026-09-26T07:20:15.5715395+00:00" endTime="2026-09-26T07:20:15.6277669+00:00" testType="13cdc9d9-ddb5-4fa4-a97d-d965ccfc6d4b" outcome="Passed" testListId="8c84fa94-04c1-424b-9868-57a2d4851a1d" relativeResultsDirectory="353f45ef-542b-4f3d-adbb-3a484f5582e2" />
    <UnitTestResult executionId="440ba747-a014-45a6-a486-dc6923b7692d" testId="56b0765d-9cc2-4c9e-e01f-ce69614fa9ee" testName="SonnetDB.Parity.Runner.ParityRunner.AnalyticsSuite_SonnetDbMatchesClickHouse" computerName="runnervmtr4k5" duration="00:00:00.4055184" startTime="2026-09-26T07:20:31.0848000+00:00" endTime="2026-09-26T07:20:31.4902701+00:00" testType="13cdc9d9-ddb5-4fa4-a97d-d965ccfc6d4b" outcome="Passed" testListId="8c84fa94-04c1-424b-9868-57a2d4851a1d" relativeResultsDirectory="440ba747-a014-45a6-a486-dc6923b7692d" />
    <UnitTestResult executionId="e2d6f144-b1c3-446f-9a4c-930c8461c949" testId="1105bd56-63a9-e893-012a-36527775b0d9" testName="SonnetDB.Parity.Adapters.VictoriaMetrics.VictoriaMetricsAdapterTests.IngestAsync_ExtraPoint_FailsWithoutAcceptingCount" computerName="runnervmtr4k5" duration="00:00:00.0032340" startTime="2026-09-26T07:20:15.4688438+00:00" endTime="2026-09-26T07:20:15.4689680+00:00" testType="13cdc9d9-ddb5-4fa4-a97d-d965ccfc6d4b" outcome="Passed" testListId="8c84fa94-04c1-424b-9868-57a2d4851a1d" relativeResultsDirectory="e2d6f144-b1c3-446f-9a4c-930c8461c949" />
    <UnitTestResult executionId="000073fb-8659-46f0-bd1f-ebfd83dcb23e" testId="18758bee-ece6-d19c-f58a-556417652e46" testName="SonnetDB.Parity.Adapters.VictoriaMetrics.VictoriaMetricsAdapterTests.IngestAsync_CallerCancels_PropagatesCancellation" computerName="runnervmtr4k5" duration="00:00:00.0025866" startTime="2026-09-26T07:20:15.4696871+00:00" endTime="2026-09-26T07:20:15.4697405+00:00" testType="13cdc9d9-ddb5-4fa4-a97d-d965ccfc6d4b" outcome="Passed" testListId="8c84fa94-04c1-424b-9868-57a2d4851a1d" relativeResultsDirectory="000073fb-8659-46f0-bd1f-ebfd83dcb23e" />
  </Results>
  <TestDefinitions>
    <UnitTest name="SonnetDB.Parity.Runner.ParityRunner.DocumentSuite_SonnetDbMatchesMongoDbSemantics" storage="/home/runner/work/sonnetdb/sonnetdb/tests/sonnetdb.parity/bin/release/net10.0/sonnetdb.parity.dll" id="da0cedfe-ae28-1d5e-524f-235c86149b72">
      <Execution id="8cc40ec3-d23e-4199-ba13-ad8049f591d2" />
      <TestMethod codeBase="/home/runner/work/SonnetDB/SonnetDB/tests/SonnetDB.Parity/bin/Release/net10.0/SonnetDB.Parity.dll" adapterTypeName="executor://xunit/VsTestRunner3/netcore/" className="SonnetDB.Parity.Runner.ParityRunner" name="DocumentSuite_SonnetDbMatchesMongoDbSemantics" />
    </UnitTest>
    <UnitTest name="SonnetDB.Parity.Runner.ParityRunner.TsdbSuite_SonnetDbMatchesInfluxDbAndVictoriaMetrics" storage="/home/runner/work/sonnetdb/sonnetdb/tests/sonnetdb.parity/bin/release/net10.0/sonnetdb.parity.dll" id="da7990f2-5dd5-68c9-cd8b-83165d59ca0a">
      <Execution id="c0cdfc03-ff8e-44fd-b8ec-e7bea72707d6" />
      <TestMethod codeBase="/home/runner/work/SonnetDB/SonnetDB/tests/SonnetDB.Parity/bin/Release/net10.0/SonnetDB.Parity.dll" adapterTypeName="executor://xunit/VsTestRunner3/netcore/" className="SonnetDB.Parity.Runner.ParityRunner" name="TsdbSuite_SonnetDbMatchesInfluxDbAndVictoriaMetrics" />
    </UnitTest>
    <UnitTest name="SonnetDB.Parity.Runner.ParityRunner.GraphBetaSuite_SonnetDbPassesAndExternalParityRemainsNotRun" storage="/home/runner/work/sonnetdb/sonnetdb/tests/sonnetdb.parity/bin/release/net10.0/sonnetdb.parity.dll" id="907c1091-f136-9237-2fef-0d4a35743dd3">
      <Execution id="85b7e8bb-6c9e-4d08-8eb4-0edbcc0cc7e1" />
      <TestMethod codeBase="/home/runner/work/SonnetDB/SonnetDB/tests/SonnetDB.Parity/bin/Release/net10.0/SonnetDB.Parity.dll" adapterTypeName="executor://xunit/VsTestRunner3/netcore/" className="SonnetDB.Parity.Runner.ParityRunner" name="GraphBetaSuite_SonnetDbPassesAndExternalParityRemainsNotRun" />
    </UnitTest>
    <UnitTest name="SonnetDB.Parity.Runner.ParityRunner.RelationalSuite_SonnetDbMatchesPostgres" storage="/home/runner/work/sonnetdb/sonnetdb/tests/sonnetdb.parity/bin/release/net10.0/sonnetdb.parity.dll" id="a3dce82f-2060-f755-ba41-589eaef086cf">
      <Execution id="b986e83f-c006-49bf-87ee-85bd319c6e03" />
      <TestMethod codeBase="/home/runner/work/SonnetDB/SonnetDB/tests/SonnetDB.Parity/bin/Release/net10.0/SonnetDB.Parity.dll" adapterTypeName="executor://xunit/VsTestRunner3/netcore/" className="SonnetDB.Parity.Runner.ParityRunner" name="RelationalSuite_SonnetDbMatchesPostgres" />
    </UnitTest>
    <UnitTest name="SonnetDB.Parity.Adapters.RelationalResultMaterializerTests.ReadAsync_WithIntegralDecimal_NormalizesToInt64" storage="/home/runner/work/sonnetdb/sonnetdb/tests/sonnetdb.parity/bin/release/net10.0/sonnetdb.parity.dll" id="e7b8d2f1-2350-3ae7-4d72-5c147a8fd3cb">
      <Execution id="8a85f357-e546-4d00-b76d-c33d3d9b3df5" />
      <TestMethod codeBase="/home/runner/work/SonnetDB/SonnetDB/tests/SonnetDB.Parity/bin/Release/net10.0/SonnetDB.Parity.dll" adapterTypeName="executor://xunit/VsTestRunner3/netcore/" className="SonnetDB.Parity.Adapters.RelationalResultMaterializerTests" name="ReadAsync_WithIntegralDecimal_NormalizesToInt64" />
    </UnitTest>
    <UnitTest name="SonnetDB.Parity.Runner.ProtocolIngestParitySuite.LineProtocol_HttpUdpMqttAndCoap_ProduceEquivalentRows" storage="/home/runner/work/sonnetdb/sonnetdb/tests/sonnetdb.parity/bin/release/net10.0/sonnetdb.parity.dll" id="7a2f4258-eca0-9ab2-de74-b48e51c31b91">
      <Execution id="1af76318-c2eb-404a-b826-939907131c0b" />
      <TestMethod codeBase="/home/runner/work/SonnetDB/SonnetDB/tests/SonnetDB.Parity/bin/Release/net10.0/SonnetDB.Parity.dll" adapterTypeName="executor://xunit/VsTestRunner3/netcore/" className="SonnetDB.Parity.Runner.ProtocolIngestParitySuite" name="LineProtocol_HttpUdpMqttAndCoap_ProduceEquivalentRows" />
    </UnitTest>
    <UnitTest name="SonnetDB.Parity.Adapters.VictoriaMetrics.VictoriaMetricsAdapterTests.IngestAsync_IncompleteBatch_TimesOutWithObservedCount" storage="/home/runner/work/sonnetdb/sonnetdb/tests/sonnetdb.parity/bin/release/net10.0/sonnetdb.parity.dll" id="dce1a77f-75f4-f9f3-6550-62642b421ce1">
      <Execution id="353f45ef-542b-4f3d-adbb-3a484f5582e2" />
      <TestMethod codeBase="/home/runner/work/SonnetDB/SonnetDB/tests/SonnetDB.Parity/bin/Release/net10.0/SonnetDB.Parity.dll" adapterTypeName="executor://xunit/VsTestRunner3/netcore/" className="SonnetDB.Parity.Adapters.VictoriaMetrics.VictoriaMetricsAdapterTests" name="IngestAsync_IncompleteBatch_TimesOutWithObservedCount" />
    </UnitTest>
    <UnitTest name="SonnetDB.Parity.Adapters.VictoriaMetrics.VictoriaMetricsAdapterTests.IngestAsync_CallerCancels_PropagatesCancellation" storage="/home/runner/work/sonnetdb/sonnetdb/tests/sonnetdb.parity/bin/release/net10.0/sonnetdb.parity.dll" id="18758bee-ece6-d19c-f58a-556417652e46">
      <Execution id="000073fb-8659-46f0-bd1f-ebfd83dcb23e" />
      <TestMethod codeBase="/home/runner/work/SonnetDB/SonnetDB/tests/SonnetDB.Parity/bin/Release/net10.0/SonnetDB.Parity.dll" adapterTypeName="executor://xunit/VsTestRunner3/netcore/" className="SonnetDB.Parity.Adapters.VictoriaMetrics.VictoriaMetricsAdapterTests" name="IngestAsync_CallerCancels_PropagatesCancellation" />
    </UnitTest>
    <UnitTest name="SonnetDB.Parity.Runner.FrameRestTransportParitySuite.FrameHttp2_And_Rest_AreSemanticallyEquivalent_ForAllServices" storage="/home/runner/work/sonnetdb/sonnetdb/tests/sonnetdb.parity/bin/release/net10.0/sonnetdb.parity.dll" id="66e61c5f-c702-a767-f8b5-e32fbd491049">
      <Execution id="30f8fbc1-52b8-4b5b-8915-ca3d91414cfc" />
      <TestMethod codeBase="/home/runner/work/SonnetDB/SonnetDB/tests/SonnetDB.Parity/bin/Release/net10.0/SonnetDB.Parity.dll" adapterTypeName="executor://xunit/VsTestRunner3/netcore/" className="SonnetDB.Parity.Runner.FrameRestTransportParitySuite" name="FrameHttp2_And_Rest_AreSemanticallyEquivalent_ForAllServices" />
    </UnitTest>
    <UnitTest name="SonnetDB.Parity.Runner.ResultDifferTests.DiffSqlResults_WithTimeBucketContract_KeepsValueColumnsStrict" storage="/home/runner/work/sonnetdb/sonnetdb/tests/sonnetdb.parity/bin/release/net10.0/sonnetdb.parity.dll" id="326f18ea-ff47-0d78-2a31-253eef3e3b9d">
      <Execution id="c0ba703e-29a2-4e8f-bffb-117563ac2a6f" />
      <TestMethod codeBase="/home/runner/work/SonnetDB/SonnetDB/tests/SonnetDB.Parity/bin/Release/net10.0/SonnetDB.Parity.dll" adapterTypeName="executor://xunit/VsTestRunner3/netcore/" className="SonnetDB.Parity.Runner.ResultDifferTests" name="DiffSqlResults_WithTimeBucketContract_KeepsValueColumnsStrict" />
    </UnitTest>
    <UnitTest name="SonnetDB.Parity.Runner.ParityRunner.MqSuite_SonnetMqMatchesNatsJetStream" storage="/home/runner/work/sonnetdb/sonnetdb/tests/sonnetdb.parity/bin/release/net10.0/sonnetdb.parity.dll" id="707c162a-e09a-96a2-445c-c45322d5e8e8">
      <Execution id="1874ab0e-c8fd-4041-b390-b5f472aafbf2" />
      <TestMethod codeBase="/home/runner/work/SonnetDB/SonnetDB/tests/SonnetDB.Parity/bin/Release/net10.0/SonnetDB.Parity.dll" adapterTypeName="executor://xunit/VsTestRunner3/netcore/" className="SonnetDB.Parity.Runner.ParityRunner" name="MqSuite_SonnetMqMatchesNatsJetStream" />
    </UnitTest>
    <UnitTest name="SonnetDB.Parity.Runner.ResultDifferTests.DiffSqlResults_WithTimeBucketContract_NormalizesWindowStopToBucketStart" storage="/home/runner/work/sonnetdb/sonnetdb/tests/sonnetdb.parity/bin/release/net10.0/sonnetdb.parity.dll" id="45a94119-4f7f-2202-c475-1c2e4d283298">
      <Execution id="cb87a0cb-202c-4fcf-b39a-3b278cd6d95f" />
      <TestMethod codeBase="/home/runner/work/SonnetDB/SonnetDB/tests/SonnetDB.Parity/bin/Release/net10.0/SonnetDB.Parity.dll" adapterTypeName="executor://xunit/VsTestRunner3/netcore/" className="SonnetDB.Parity.Runner.ResultDifferTests" name="DiffSqlResults_WithTimeBucketContract_NormalizesWindowStopToBucketStart" />
    </UnitTest>
    <UnitTest name="SonnetDB.Parity.Adapters.RelationalResultMaterializerTests.ReadAsync_WithFractionalDecimal_NormalizesToDouble" storage="/home/runner/work/sonnetdb/sonnetdb/tests/sonnetdb.parity/bin/release/net10.0/sonnetdb.parity.dll" id="9d48f0d2-2ffa-3aeb-e036-ad27082d0bb4">
      <Execution id="e59a4605-3d41-4721-b824-ef54935d8316" />
      <TestMethod codeBase="/home/runner/work/SonnetDB/SonnetDB/tests/SonnetDB.Parity/bin/Release/net10.0/SonnetDB.Parity.dll" adapterTypeName="executor://xunit/VsTestRunner3/netcore/" className="SonnetDB.Parity.Adapters.RelationalResultMaterializerTests" name="ReadAsync_WithFractionalDecimal_NormalizesToDouble" />
    </UnitTest>
    <UnitTest name="SonnetDB.Parity.Adapters.VictoriaMetrics.VictoriaMetricsAdapterTests.IngestAsync_MultipleMeasurements_WaitsForEveryMeasurement" storage="/home/runner/work/sonnetdb/sonnetdb/tests/sonnetdb.parity/bin/release/net10.0/sonnetdb.parity.dll" id="1d39a543-9216-307e-aa42-b1cd546885af">
      <Execution id="c8782854-f6ae-473c-aefe-f9d5f668dbae" />
      <TestMethod codeBase="/home/runner/work/SonnetDB/SonnetDB/tests/SonnetDB.Parity/bin/Release/net10.0/SonnetDB.Parity.dll" adapterTypeName="executor://xunit/VsTestRunner3/netcore/" className="SonnetDB.Parity.Adapters.VictoriaMetrics.VictoriaMetricsAdapterTests" name="IngestAsync_MultipleMeasurements_WaitsForEveryMeasurement" />
    </UnitTest>
    <UnitTest name="SonnetDB.Parity.Runner.ParityRunner.ObjectSuite_SonnetDbMatchesMinio" storage="/home/runner/work/sonnetdb/sonnetdb/tests/sonnetdb.parity/bin/release/net10.0/sonnetdb.parity.dll" id="66a88082-7872-fe6d-92d1-1ef9f0689ba7">
      <Execution id="61070cc3-cbba-4126-b033-ec3700009e15" />
      <TestMethod codeBase="/home/runner/work/SonnetDB/SonnetDB/tests/SonnetDB.Parity/bin/Release/net10.0/SonnetDB.Parity.dll" adapterTypeName="executor://xunit/VsTestRunner3/netcore/" className="SonnetDB.Parity.Runner.ParityRunner" name="ObjectSuite_SonnetDbMatchesMinio" />
    </UnitTest>
    <UnitTest name="SonnetDB.Parity.Adapters.VictoriaMetrics.VictoriaMetricsAdapterTests.IngestAsync_PartialBatchVisible_WaitsForExactPointCount" storage="/home/runner/work/sonnetdb/sonnetdb/tests/sonnetdb.parity/bin/release/net10.0/sonnetdb.parity.dll" id="4ba57b39-7c9e-9151-6726-36b4a75bd9f7">
      <Execution id="72486031-f31a-46a6-8389-ebded11d57cb" />
      <TestMethod codeBase="/home/runner/work/SonnetDB/SonnetDB/tests/SonnetDB.Parity/bin/Release/net10.0/SonnetDB.Parity.dll" adapterTypeName="executor://xunit/VsTestRunner3/netcore/" className="SonnetDB.Parity.Adapters.VictoriaMetrics.VictoriaMetricsAdapterTests" name="IngestAsync_PartialBatchVisible_WaitsForExactPointCount" />
    </UnitTest>
    <UnitTest name="SonnetDB.Parity.Runner.ParityRunner.KvSuite_SonnetDbMatchesRedis" storage="/home/runner/work/sonnetdb/sonnetdb/tests/sonnetdb.parity/bin/release/net10.0/sonnetdb.parity.dll" id="b2f087cf-30a2-36dc-426f-7c7c70967bf0">
      <Execution id="79003338-3282-4484-a2b1-facf57f55d6d" />
      <TestMethod codeBase="/home/runner/work/SonnetDB/SonnetDB/tests/SonnetDB.Parity/bin/Release/net10.0/SonnetDB.Parity.dll" adapterTypeName="executor://xunit/VsTestRunner3/netcore/" className="SonnetDB.Parity.Runner.ParityRunner" name="KvSuite_SonnetDbMatchesRedis" />
    </UnitTest>
    <UnitTest name="SonnetDB.Parity.Runner.ParityRunner.FullTextSuite_SonnetDbMatchesMeilisearch" storage="/home/runner/work/sonnetdb/sonnetdb/tests/sonnetdb.parity/bin/release/net10.0/sonnetdb.parity.dll" id="0c4b18d7-aafc-8287-45d4-75233304d011">
      <Execution id="5b2f21ca-6a5f-47bf-a25a-7d1d12377c52" />
      <TestMethod codeBase="/home/runner/work/SonnetDB/SonnetDB/tests/SonnetDB.Parity/bin/Release/net10.0/SonnetDB.Parity.dll" adapterTypeName="executor://xunit/VsTestRunner3/netcore/" className="SonnetDB.Parity.Runner.ParityRunner" name="FullTextSuite_SonnetDbMatchesMeilisearch" />
    </UnitTest>
    <UnitTest name="SonnetDB.Parity.Runner.ParityRunner.AnalyticsSuite_SonnetDbMatchesClickHouse" storage="/home/runner/work/sonnetdb/sonnetdb/tests/sonnetdb.parity/bin/release/net10.0/sonnetdb.parity.dll" id="56b0765d-9cc2-4c9e-e01f-ce69614fa9ee">
      <Execution id="440ba747-a014-45a6-a486-dc6923b7692d" />
      <TestMethod codeBase="/home/runner/work/SonnetDB/SonnetDB/tests/SonnetDB.Parity/bin/Release/net10.0/SonnetDB.Parity.dll" adapterTypeName="executor://xunit/VsTestRunner3/netcore/" className="SonnetDB.Parity.Runner.ParityRunner" name="AnalyticsSuite_SonnetDbMatchesClickHouse" />
    </UnitTest>
    <UnitTest name="SonnetDB.Parity.Runner.ResultDifferTests.DiffSqlResults_WithTimeBucketContract_NormalizesWindowStopOnEitherSide" storage="/home/runner/work/sonnetdb/sonnetdb/tests/sonnetdb.parity/bin/release/net10.0/sonnetdb.parity.dll" id="acb2f3ab-260f-16f2-daed-19b4d6b5945b">
      <Execution id="1bf0ab53-f82c-45f2-9c79-c2d9b873db5c" />
      <TestMethod codeBase="/home/runner/work/SonnetDB/SonnetDB/tests/SonnetDB.Parity/bin/Release/net10.0/SonnetDB.Parity.dll" adapterTypeName="executor://xunit/VsTestRunner3/netcore/" className="SonnetDB.Parity.Runner.ResultDifferTests" name="DiffSqlResults_WithTimeBucketContract_NormalizesWindowStopOnEitherSide" />
    </UnitTest>
    <UnitTest name="SonnetDB.Parity.Runner.ResultDifferTests.DiffSqlResults_WithBucketAlias_AcceptsEquivalentTimeColumnName" storage="/home/runner/work/sonnetdb/sonnetdb/tests/sonnetdb.parity/bin/release/net10.0/sonnetdb.parity.dll" id="ee07b8ae-2701-101a-fee5-0fb9b5b109b4">
      <Execution id="7fa12e25-8dcb-4c39-b29e-a96c547214c4" />
      <TestMethod codeBase="/home/runner/work/SonnetDB/SonnetDB/tests/SonnetDB.Parity/bin/Release/net10.0/SonnetDB.Parity.dll" adapterTypeName="executor://xunit/VsTestRunner3/netcore/" className="SonnetDB.Parity.Runner.ResultDifferTests" name="DiffSqlResults_WithBucketAlias_AcceptsEquivalentTimeColumnName" />
    </UnitTest>
    <UnitTest name="SonnetDB.Parity.Adapters.VictoriaMetrics.VictoriaMetricsAdapterTests.IngestAsync_ExtraPoint_FailsWithoutAcceptingCount" storage="/home/runner/work/sonnetdb/sonnetdb/tests/sonnetdb.parity/bin/release/net10.0/sonnetdb.parity.dll" id="1105bd56-63a9-e893-012a-36527775b0d9">
      <Execution id="e2d6f144-b1c3-446f-9a4c-930c8461c949" />
      <TestMethod codeBase="/home/runner/work/SonnetDB/SonnetDB/tests/SonnetDB.Parity/bin/Release/net10.0/SonnetDB.Parity.dll" adapterTypeName="executor://xunit/VsTestRunner3/netcore/" className="SonnetDB.Parity.Adapters.VictoriaMetrics.VictoriaMetricsAdapterTests" name="IngestAsync_ExtraPoint_FailsWithoutAcceptingCount" />
    </UnitTest>
    <UnitTest name="SonnetDB.Parity.Runner.ParityRunner.VectorSuite_SonnetDbMatchesQdrant" storage="/home/runner/work/sonnetdb/sonnetdb/tests/sonnetdb.parity/bin/release/net10.0/sonnetdb.parity.dll" id="6cfb7d90-74fc-c7a3-287d-37b4650aa54d">
      <Execution id="9020b7d7-88ef-4738-83fc-d594bd228c36" />
      <TestMethod codeBase="/home/runner/work/SonnetDB/SonnetDB/tests/SonnetDB.Parity/bin/Release/net10.0/SonnetDB.Parity.dll" adapterTypeName="executor://xunit/VsTestRunner3/netcore/" className="SonnetDB.Parity.Runner.ParityRunner" name="VectorSuite_SonnetDbMatchesQdrant" />
    </UnitTest>
  </TestDefinitions>
  <TestEntries>
    <TestEntry testId="acb2f3ab-260f-16f2-daed-19b4d6b5945b" executionId="1bf0ab53-f82c-45f2-9c79-c2d9b873db5c" testListId="8c84fa94-04c1-424b-9868-57a2d4851a1d" />
    <TestEntry testId="326f18ea-ff47-0d78-2a31-253eef3e3b9d" executionId="c0ba703e-29a2-4e8f-bffb-117563ac2a6f" testListId="8c84fa94-04c1-424b-9868-57a2d4851a1d" />
    <TestEntry testId="e7b8d2f1-2350-3ae7-4d72-5c147a8fd3cb" executionId="8a85f357-e546-4d00-b76d-c33d3d9b3df5" testListId="8c84fa94-04c1-424b-9868-57a2d4851a1d" />
    <TestEntry testId="b2f087cf-30a2-36dc-426f-7c7c70967bf0" executionId="79003338-3282-4484-a2b1-facf57f55d6d" testListId="8c84fa94-04c1-424b-9868-57a2d4851a1d" />
    <TestEntry testId="907c1091-f136-9237-2fef-0d4a35743dd3" executionId="85b7e8bb-6c9e-4d08-8eb4-0edbcc0cc7e1" testListId="8c84fa94-04c1-424b-9868-57a2d4851a1d" />
    <TestEntry testId="da7990f2-5dd5-68c9-cd8b-83165d59ca0a" executionId="c0cdfc03-ff8e-44fd-b8ec-e7bea72707d6" testListId="8c84fa94-04c1-424b-9868-57a2d4851a1d" />
    <TestEntry testId="da0cedfe-ae28-1d5e-524f-235c86149b72" executionId="8cc40ec3-d23e-4199-ba13-ad8049f591d2" testListId="8c84fa94-04c1-424b-9868-57a2d4851a1d" />
    <TestEntry testId="7a2f4258-eca0-9ab2-de74-b48e51c31b91" executionId="1af76318-c2eb-404a-b826-939907131c0b" testListId="8c84fa94-04c1-424b-9868-57a2d4851a1d" />
    <TestEntry testId="1d39a543-9216-307e-aa42-b1cd546885af" executionId="c8782854-f6ae-473c-aefe-f9d5f668dbae" testListId="8c84fa94-04c1-424b-9868-57a2d4851a1d" />
    <TestEntry testId="6cfb7d90-74fc-c7a3-287d-37b4650aa54d" executionId="9020b7d7-88ef-4738-83fc-d594bd228c36" testListId="8c84fa94-04c1-424b-9868-57a2d4851a1d" />
    <TestEntry testId="66a88082-7872-fe6d-92d1-1ef9f0689ba7" executionId="61070cc3-cbba-4126-b033-ec3700009e15" testListId="8c84fa94-04c1-424b-9868-57a2d4851a1d" />
    <TestEntry testId="66e61c5f-c702-a767-f8b5-e32fbd491049" executionId="30f8fbc1-52b8-4b5b-8915-ca3d91414cfc" testListId="8c84fa94-04c1-424b-9868-57a2d4851a1d" />
    <TestEntry testId="707c162a-e09a-96a2-445c-c45322d5e8e8" executionId="1874ab0e-c8fd-4041-b390-b5f472aafbf2" testListId="8c84fa94-04c1-424b-9868-57a2d4851a1d" />
    <TestEntry testId="4ba57b39-7c9e-9151-6726-36b4a75bd9f7" executionId="72486031-f31a-46a6-8389-ebded11d57cb" testListId="8c84fa94-04c1-424b-9868-57a2d4851a1d" />
    <TestEntry testId="0c4b18d7-aafc-8287-45d4-75233304d011" executionId="5b2f21ca-6a5f-47bf-a25a-7d1d12377c52" testListId="8c84fa94-04c1-424b-9868-57a2d4851a1d" />
    <TestEntry testId="9d48f0d2-2ffa-3aeb-e036-ad27082d0bb4" executionId="e59a4605-3d41-4721-b824-ef54935d8316" testListId="8c84fa94-04c1-424b-9868-57a2d4851a1d" />
    <TestEntry testId="ee07b8ae-2701-101a-fee5-0fb9b5b109b4" executionId="7fa12e25-8dcb-4c39-b29e-a96c547214c4" testListId="8c84fa94-04c1-424b-9868-57a2d4851a1d" />
    <TestEntry testId="a3dce82f-2060-f755-ba41-589eaef086cf" executionId="b986e83f-c006-49bf-87ee-85bd319c6e03" testListId="8c84fa94-04c1-424b-9868-57a2d4851a1d" />
    <TestEntry testId="45a94119-4f7f-2202-c475-1c2e4d283298" executionId="cb87a0cb-202c-4fcf-b39a-3b278cd6d95f" testListId="8c84fa94-04c1-424b-9868-57a2d4851a1d" />
    <TestEntry testId="dce1a77f-75f4-f9f3-6550-62642b421ce1" executionId="353f45ef-542b-4f3d-adbb-3a484f5582e2" testListId="8c84fa94-04c1-424b-9868-57a2d4851a1d" />
    <TestEntry testId="56b0765d-9cc2-4c9e-e01f-ce69614fa9ee" executionId="440ba747-a014-45a6-a486-dc6923b7692d" testListId="8c84fa94-04c1-424b-9868-57a2d4851a1d" />
    <TestEntry testId="1105bd56-63a9-e893-012a-36527775b0d9" executionId="e2d6f144-b1c3-446f-9a4c-930c8461c949" testListId="8c84fa94-04c1-424b-9868-57a2d4851a1d" />
    <TestEntry testId="18758bee-ece6-d19c-f58a-556417652e46" executionId="000073fb-8659-46f0-bd1f-ebfd83dcb23e" testListId="8c84fa94-04c1-424b-9868-57a2d4851a1d" />
  </TestEntries>
  <TestLists>
    <TestList name="Results Not in a List" id="8c84fa94-04c1-424b-9868-57a2d4851a1d" />
    <TestList name="All Loaded Results" id="19431567-8539-422a-85d7-44ee4e166bda" />
  </TestLists>
  <ResultSummary outcome="Completed">
    <Counters total="23" executed="23" passed="23" failed="0" error="0" timeout="0" aborted="0" inconclusive="0" passedButRunAborted="0" notRunnable="0" notExecuted="0" disconnected="0" warning="0" completed="0" inProgress="0" pending="0" />
    <Output>
      <StdOut>[xUnit.net 00:00:00.00] xUnit.net VSTest Adapter v4.0.0+05679a7ab5 (64-bit .NET 10.0.12)
[xUnit.net 00:00:00.20]   Discovering: SonnetDB.Parity
[xUnit.net 00:00:00.25]   Discovered:  SonnetDB.Parity
[xUnit.net 00:00:00.28]   Starting:    SonnetDB.Parity
{"Timestamp":"2026-09-26T07:20:16.678Z","EventId":5902,"LogLevel":"Information","Category":"SonnetDB.Hosting.RelationalTableWarmupService","Message":"\u5173\u7CFB\u8868\u542F\u52A8\u9884\u70ED\u8FDB\u5EA6\uFF1A\u6570\u636E\u5E93 __copilot__\uFF0C\u5DF2\u5B8C\u6210\u6570\u636E\u5E93 1/1\uFF0C\u5DF2\u5B8C\u6210\u8868 3/3\u3002","State":{"DatabaseName":"__copilot__","CompletedDatabaseCount":1,"TotalDatabaseCount":1,"CompletedTableCount":3,"TotalTableCount":3,"{OriginalFormat}":"\u5173\u7CFB\u8868\u542F\u52A8\u9884\u70ED\u8FDB\u5EA6\uFF1A\u6570\u636E\u5E93 {DatabaseName}\uFF0C\u5DF2\u5B8C\u6210\u6570\u636E\u5E93 {CompletedDatabaseCount}/{TotalDatabaseCount}\uFF0C\u5DF2\u5B8C\u6210\u8868 {CompletedTableCount}/{TotalTableCount}\u3002"},"Scopes":[]}
{"Timestamp":"2026-09-26T07:20:16.689Z","EventId":5900,"LogLevel":"Information","Category":"SonnetDB.Hosting.RelationalTableWarmupService","Message":"\u5173\u7CFB\u8868\u542F\u52A8\u9884\u70ED\u5B8C\u6210\uFF1A\u6570\u636E\u5E93 1 \u4E2A\uFF0C\u5173\u7CFB\u8868 3 \u5F20\uFF0C\u5E76\u53D1 1\uFF0C\u8017\u65F6 22 ms\u3002","State":{"DatabaseCount":1,"TableCount":3,"Concurrency":1,"ElapsedMilliseconds":22,"{OriginalFormat}":"\u5173\u7CFB\u8868\u542F\u52A8\u9884\u70ED\u5B8C\u6210\uFF1A\u6570\u636E\u5E93 {DatabaseCount} \u4E2A\uFF0C\u5173\u7CFB\u8868 {TableCount} \u5F20\uFF0C\u5E76\u53D1 {Concurrency}\uFF0C\u8017\u65F6 {ElapsedMilliseconds} ms\u3002"},"Scopes":[]}
{"Timestamp":"2026-09-26T07:20:16.735Z","EventId":14,"LogLevel":"Information","Category":"Microsoft.Hosting.Lifetime","Message":"Now listening on: http://127.0.0.1:37285","State":{"address":"http://127.0.0.1:37285","{OriginalFormat}":"Now listening on: {address}"},"Scopes":[]}
{"Timestamp":"2026-09-26T07:20:16.735Z","EventId":14,"LogLevel":"Information","Category":"Microsoft.Hosting.Lifetime","Message":"Now listening on: http://127.0.0.1:32917","State":{"address":"http://127.0.0.1:32917","{OriginalFormat}":"Now listening on: {address}"},"Scopes":[]}
{"Timestamp":"2026-09-26T07:20:16.736Z","EventId":0,"LogLevel":"Information","Category":"Microsoft.Hosting.Lifetime","Message":"Application started. Press Ctrl\u002BC to shut down.","State":{"{OriginalFormat}":"Application started. Press Ctrl\u002BC to shut down."},"Scopes":[]}
{"Timestamp":"2026-09-26T07:20:16.737Z","EventId":0,"LogLevel":"Information","Category":"Microsoft.Hosting.Lifetime","Message":"Hosting environment: Production","State":{"EnvName":"Production","{OriginalFormat}":"Hosting environment: {EnvName}"},"Scopes":[]}
{"Timestamp":"2026-09-26T07:20:16.737Z","EventId":0,"LogLevel":"Information","Category":"Microsoft.Hosting.Lifetime","Message":"Content root path: /tmp/sonnetdb-parity-host-1160b1bc7bcc4af3b7ac008344176006","State":{"ContentRoot":"/tmp/sonnetdb-parity-host-1160b1bc7bcc4af3b7ac008344176006","{OriginalFormat}":"Content root path: {ContentRoot}"},"Scopes":[]}
{"Timestamp":"2026-09-26T07:20:16.836Z","EventId":1,"LogLevel":"Information","Category":"Microsoft.AspNetCore.Hosting.Diagnostics","Message":"Request starting HTTP/1.1 GET http://127.0.0.1:32917/healthz - - -","State":{"Protocol":"HTTP/1.1","Method":"GET","ContentType":null,"ContentLength":null,"Scheme":"http","Host":"127.0.0.1:32917","PathBase":"","Path":"/healthz","QueryString":"","{OriginalFormat}":"Request starting {Protocol} {Method} {Scheme}://{Host}{PathBase}{Path}{QueryString} - {ContentType} {ContentLength}"},"Scopes":[{"Message":"SpanId:7e3dc5e1427bf73f, TraceId:11fc7639dd5617ede1be6e7943d6c8f3, ParentId:8090318592b581e6","SpanId":"7e3dc5e1427bf73f","TraceId":"11fc7639dd5617ede1be6e7943d6c8f3","ParentId":"8090318592b581e6"},{"Message":"http.request.method:GET, server.address:127.0.0.1, server.port:32917, url.scheme:http, url.path:/healthz, network.protocol.version:1.1","http.request.method":"GET","server.address":"127.0.0.1","server.port":32917,"url.scheme":"http","url.path":"/healthz","network.protocol.version":"1.1"},{"Message":"ConnectionId:0HNORJQEKP998","ConnectionId":"0HNORJQEKP998"},{"Message":"RequestPath:/healthz RequestId:0HNORJQEKP998:00000001","RequestId":"0HNORJQEKP998:00000001","RequestPath":"/healthz"}]}
{"Timestamp":"2026-09-26T07:20:16.932Z","EventId":0,"LogLevel":"Information","Category":"Microsoft.AspNetCore.Routing.EndpointMiddleware","Message":"Executing endpoint \u0027HTTP: GET /healthz\u0027","State":{"EndpointName":"HTTP: GET /healthz","{OriginalFormat}":"Executing endpoint \u0027{EndpointName}\u0027"},"Scopes":[{"Message":"SpanId:7e3dc5e1427bf73f, TraceId:11fc7639dd5617ede1be6e7943d6c8f3, ParentId:8090318592b581e6","SpanId":"7e3dc5e1427bf73f","TraceId":"11fc7639dd5617ede1be6e7943d6c8f3","ParentId":"8090318592b581e6"},{"Message":"http.request.method:GET, server.address:127.0.0.1, server.port:32917, url.scheme:http, url.path:/healthz, network.protocol.version:1.1","http.request.method":"GET","server.address":"127.0.0.1","server.port":32917,"url.scheme":"http","url.path":"/healthz","network.protocol.version":"1.1"},{"Message":"ConnectionId:0HNORJQEKP998","ConnectionId":"0HNORJQEKP998"},{"Message":"RequestPath:/healthz RequestId:0HNORJQEKP998:00000001","RequestId":"0HNORJQEKP998:00000001","RequestPath":"/healthz"}]}
{"Timestamp":"2026-09-26T07:20:16.976Z","EventId":3,"LogLevel":"Information","Category":"Microsoft.AspNetCore.Http.Result.JsonResult","Message":"Writing value of type \u0027HealthResponse\u0027 as Json.","State":{"Type":"HealthResponse","{OriginalFormat}":"Writing value of type \u0027{Type}\u0027 as Json."},"Scopes":[{"Message":"SpanId:7e3dc5e1427bf73f, TraceId:11fc7639dd5617ede1be6e7943d6c8f3, ParentId:8090318592b581e6","SpanId":"7e3dc5e1427bf73f","TraceId":"11fc7639dd5617ede1be6e7943d6c8f3","ParentId":"8090318592b581e6"},{"Message":"http.request.method:GET, server.address:127.0.0.1, server.port:32917, url.scheme:http, url.path:/healthz, network.protocol.version:1.1","http.request.method":"GET","server.address":"127.0.0.1","server.port":32917,"url.scheme":"http","url.path":"/healthz","network.protocol.version":"1.1"},{"Message":"ConnectionId:0HNORJQEKP998","ConnectionId":"0HNORJQEKP998"},{"Message":"RequestPath:/healthz RequestId:0HNORJQEKP998:00000001","RequestId":"0HNORJQEKP998:00000001","RequestPath":"/healthz"}]}
{"Timestamp":"2026-09-26T07:20:16.996Z","EventId":1,"LogLevel":"Information","Category":"Microsoft.AspNetCore.Routing.EndpointMiddleware","Message":"Executed endpoint \u0027HTTP: GET /healthz\u0027","State":{"EndpointName":"HTTP: GET /healthz","{OriginalFormat}":"Executed endpoint \u0027{EndpointName}\u0027"},"Scopes":[{"Message":"SpanId:7e3dc5e1427bf73f, TraceId:11fc7639dd5617ede1be6e7943d6c8f3, ParentId:8090318592b581e6","SpanId":"7e3dc5e1427bf73f","TraceId":"11fc7639dd5617ede1be6e7943d6c8f3","ParentId":"8090318592b581e6"},{"Message":"http.request.method:GET, server.address:127.0.0.1, server.port:32917, url.scheme:http, url.path:/healthz, network.protocol.version:1.1","http.request.method":"GET","server.address":"127.0.0.1","server.port":32917,"url.scheme":"http","url.path":"/healthz","network.protocol.version":"1.1"},{"Message":"ConnectionId:0HNORJQEKP998","ConnectionId":"0HNORJQEKP998"},{"Message":"RequestPath:/healthz RequestId:0HNORJQEKP998:00000001","RequestId":"0HNORJQEKP998:00000001","RequestPath":"/healthz"}]}
{"Timestamp":"2026-09-26T07:20:16.998Z","EventId":2,"LogLevel":"Information","Category":"Microsoft.AspNetCore.Hosting.Diagnostics","Message":"Request finished HTTP/1.1 GET http://127.0.0.1:32917/healthz - 200 - application/json;\u002Bcharset=utf-8 162.0841ms","State":{"ElapsedMilliseconds":162.0841,"StatusCode":200,"ContentType":"application/json; charset=utf-8","ContentLength":null,"Protocol":"HTTP/1.1","Method":"GET","Scheme":"http","Host":"127.0.0.1:32917","PathBase":"","Path":"/healthz","QueryString":"","{OriginalFormat}":"Request finished {Protocol} {Method} {Scheme}://{Host}{PathBase}{Path}{QueryString} - {StatusCode} {ContentLength} {ContentType} {ElapsedMilliseconds}ms"},"Scopes":[{"Message":"SpanId:7e3dc5e1427bf73f, TraceId:11fc7639dd5617ede1be6e7943d6c8f3, ParentId:8090318592b581e6","SpanId":"7e3dc5e1427bf73f","TraceId":"11fc7639dd5617ede1be6e7943d6c8f3","ParentId":"8090318592b581e6"},{"Message":"http.request.method:GET, server.address:127.0.0.1, server.port:32917, url.scheme:http, url.path:/healthz, network.protocol.version:1.1","http.request.method":"GET","server.address":"127.0.0.1","server.port":32917,"url.scheme":"http","url.path":"/healthz","network.protocol.version":"1.1"},{"Message":"ConnectionId:0HNORJQEKP998","ConnectionId":"0HNORJQEKP998"},{"Message":"RequestPath:/healthz RequestId:0HNORJQEKP998:00000001","RequestId":"0HNORJQEKP998:00000001","RequestPath":"/healthz"}]}
{"Timestamp":"2026-09-26T07:20:17.007Z","EventId":1,"LogLevel":"Information","Category":"Microsoft.AspNetCore.Hosting.Diagnostics","Message":"Request starting HTTP/1.1 POST http://127.0.0.1:32917/v1/db - application/json;\u002Bcharset=utf-8 27","State":{"Protocol":"HTTP/1.1","Method":"POST","ContentType":"application/json; charset=utf-8","ContentLength":27,"Scheme":"http","Host":"127.0.0.1:32917","PathBase":"","Path":"/v1/db","QueryString":"","{OriginalFormat}":"Request starting {Protocol} {Method} {Scheme}://{Host}{PathBase}{Path}{QueryString} - {ContentType} {ContentLength}"},"Scopes":[{"Message":"SpanId:bcacbeb6ecf45a18, TraceId:0e1dd3365c13b63af3088863e4091253, ParentId:7ca24bc28884a606","SpanId":"bcacbeb6ecf45a18","TraceId":"0e1dd3365c13b63af3088863e4091253","ParentId":"7ca24bc28884a606"},{"Message":"http.request.method:POST, server.address:127.0.0.1, server.port:32917, url.scheme:http, url.path:/v1/db, network.protocol.version:1.1","http.request.method":"POST","server.address":"127.0.0.1","server.port":32917,"url.scheme":"http","url.path":"/v1/db","network.protocol.version":"1.1"},{"Message":"ConnectionId:0HNORJQEKP999","ConnectionId":"0HNORJQEKP999"},{"Message":"RequestPath:/v1/db RequestId:0HNORJQEKP999:00000001","RequestId":"0HNORJQEKP999:00000001","RequestPath":"/v1/db"}]}
{"Timestamp":"2026-09-26T07:20:17.009Z","EventId":0,"LogLevel":"Information","Category":"Microsoft.AspNetCore.Routing.EndpointMiddleware","Message":"Executing endpoint \u0027HTTP: POST /v1/db\u0027","State":{"EndpointName":"HTTP: POST /v1/db","{OriginalFormat}":"Executing endpoint \u0027{EndpointName}\u0027"},"Scopes":[{"Message":"SpanId:bcacbeb6ecf45a18, TraceId:0e1dd3365c13b63af3088863e4091253, ParentId:7ca24bc28884a606","SpanId":"bcacbeb6ecf45a18","TraceId":"0e1dd3365c13b63af3088863e4091253","ParentId":"7ca24bc28884a606"},{"Message":"http.request.method:POST, server.address:127.0.0.1, server.port:32917, url.scheme:http, url.path:/v1/db, network.protocol.version:1.1","http.request.method":"POST","server.address":"127.0.0.1","server.port":32917,"url.scheme":"http","url.path":"/v1/db","network.protocol.version":"1.1"},{"Message":"ConnectionId:0HNORJQEKP999","ConnectionId":"0HNORJQEKP999"},{"Message":"RequestPath:/v1/db RequestId:0HNORJQEKP999:00000001","RequestId":"0HNORJQEKP999:00000001","RequestPath":"/v1/db"}]}
{"Timestamp":"2026-09-26T07:20:17.034Z","EventId":1,"LogLevel":"Information","Category":"Microsoft.AspNetCore.Http.Result.JsonResult","Message":"Setting HTTP status code 201.","State":{"StatusCode":201,"{OriginalFormat}":"Setting HTTP status code {StatusCode}."},"Scopes":[{"Message":"SpanId:bcacbeb6ecf45a18, TraceId:0e1dd3365c13b63af3088863e4091253, ParentId:7ca24bc28884a606","SpanId":"bcacbeb6ecf45a18","TraceId":"0e1dd3365c13b63af3088863e4091253","ParentId":"7ca24bc28884a606"},{"Message":"http.request.method:POST, server.address:127.0.0.1, server.port:32917, url.scheme:http, url.path:/v1/db, network.protocol.version:1.1","http.request.method":"POST","server.address":"127.0.0.1","server.port":32917,"url.scheme":"http","url.path":"/v1/db","network.protocol.version":"1.1"},{"Message":"ConnectionId:0HNORJQEKP999","ConnectionId":"0HNORJQEKP999"},{"Message":"RequestPath:/v1/db RequestId:0HNORJQEKP999:00000001","RequestId":"0HNORJQEKP999:00000001","RequestPath":"/v1/db"}]}
{"Timestamp":"2026-09-26T07:20:17.035Z","EventId":3,"LogLevel":"Information","Category":"Microsoft.AspNetCore.Http.Result.JsonResult","Message":"Writing value of type \u0027DatabaseOperationResponse\u0027 as Json.","State":{"Type":"DatabaseOperationResponse","{OriginalFormat}":"Writing value of type \u0027{Type}\u0027 as Json."},"Scopes":[{"Message":"SpanId:bcacbeb6ecf45a18, TraceId:0e1dd3365c13b63af3088863e4091253, ParentId:7ca24bc28884a606","SpanId":"bcacbeb6ecf45a18","TraceId":"0e1dd3365c13b63af3088863e4091253","ParentId":"7ca24bc28884a606"},{"Message":"http.request.method:POST, server.address:127.0.0.1, server.port:32917, url.scheme:http, url.path:/v1/db, network.protocol.version:1.1","http.request.method":"POST","server.address":"127.0.0.1","server.port":32917,"url.scheme":"http","url.path":"/v1/db","network.protocol.version":"1.1"},{"Message":"ConnectionId:0HNORJQEKP999","ConnectionId":"0HNORJQEKP999"},{"Message":"RequestPath:/v1/db RequestId:0HNORJQEKP999:00000001","RequestId":"0HNORJQEKP999:00000001","RequestPath":"/v1/db"}]}
{"Timestamp":"2026-09-26T07:20:17.036Z","EventId":1,"LogLevel":"Information","Category":"Microsoft.AspNetCore.Routing.EndpointMiddleware","Message":"Executed endpoint \u0027HTTP: POST /v1/db\u0027","State":{"EndpointName":"HTTP: POST /v1/db","{OriginalFormat}":"Executed endpoint \u0027{EndpointName}\u0027"},"Scopes":[{"Message":"SpanId:bcacbeb6ecf45a18, TraceId:0e1dd3365c13b63af3088863e4091253, ParentId:7ca24bc28884a606","SpanId":"bcacbeb6ecf45a18","TraceId":"0e1dd3365c13b63af3088863e4091253","ParentId":"7ca24bc28884a606"},{"Message":"http.request.method:POST, server.address:127.0.0.1, server.port:32917, url.scheme:http, url.path:/v1/db, network.protocol.version:1.1","http.request.method":"POST","server.address":"127.0.0.1","server.port":32917,"url.scheme":"http","url.path":"/v1/db","network.protocol.version":"1.1"},{"Message":"ConnectionId:0HNORJQEKP999","ConnectionId":"0HNORJQEKP999"},{"Message":"RequestPath:/v1/db RequestId:0HNORJQEKP999:00000001","RequestId":"0HNORJQEKP999:00000001","RequestPath":"/v1/db"}]}
{"Timestamp":"2026-09-26T07:20:17.036Z","EventId":2,"LogLevel":"Information","Category":"Microsoft.AspNetCore.Hosting.Diagnostics","Message":"Request finished HTTP/1.1 POST http://127.0.0.1:32917/v1/db - 201 - application/json;\u002Bcharset=utf-8 28.7059ms","State":{"ElapsedMilliseconds":28.7059,"StatusCode":201,"ContentType":"application/json; charset=utf-8","ContentLength":null,"Protocol":"HTTP/1.1","Method":"POST","Scheme":"http","Host":"127.0.0.1:32917","PathBase":"","Path":"/v1/db","QueryString":"","{OriginalFormat}":"Request finished {Protocol} {Method} {Scheme}://{Host}{PathBase}{Path}{QueryString} - {StatusCode} {ContentLength} {ContentType} {ElapsedMilliseconds}ms"},"Scopes":[{"Message":"SpanId:bcacbeb6ecf45a18, TraceId:0e1dd3365c13b63af3088863e4091253, ParentId:7ca24bc28884a606","SpanId":"bcacbeb6ecf45a18","TraceId":"0e1dd3365c13b63af3088863e4091253","ParentId":"7ca24bc28884a606"},{"Message":"http.request.method:POST, server.address:127.0.0.1, server.port:32917, url.scheme:http, url.path:/v1/db, network.protocol.version:1.1","http.request.method":"POST","server.address":"127.0.0.1","server.port":32917,"url.scheme":"http","url.path":"/v1/db","network.protocol.version":"1.1"},{"Message":"ConnectionId:0HNORJQEKP999","ConnectionId":"0HNORJQEKP999"},{"Message":"RequestPath:/v1/db RequestId:0HNORJQEKP999:00000001","RequestId":"0HNORJQEKP999:00000001","RequestPath":"/v1/db"}]}
{"Timestamp":"2026-09-26T07:20:17.072Z","EventId":1,"LogLevel":"Information","Category":"Microsoft.AspNetCore.Hosting.Diagnostics","Message":"Request starting HTTP/2 POST http://127.0.0.1:37285/v1/frame - application/x-sonnetdb-frame 73","State":{"Protocol":"HTTP/2","Method":"POST","ContentType":"application/x-sonnetdb-frame","ContentLength":73,"Scheme":"http","Host":"127.0.0.1:37285","PathBase":"","Path":"/v1/frame","QueryString":"","{OriginalFormat}":"Request starting {Protocol} {Method} {Scheme}://{Host}{PathBase}{Path}{QueryString} - {ContentType} {ContentLength}"},"Scopes":[{"Message":"SpanId:bd0c0e4ea1d6c77a, TraceId:376d039aaa3896f18ba8d39b4bfaf3a8, ParentId:63c8ddefd1ed666a","SpanId":"bd0c0e4ea1d6c77a","TraceId":"376d039aaa3896f18ba8d39b4bfaf3a8","ParentId":"63c8ddefd1ed666a"},{"Message":"http.request.method:POST, server.address:127.0.0.1, server.port:37285, url.scheme:http, url.path:/v1/frame, network.protocol.version:2","http.request.method":"POST","server.address":"127.0.0.1","server.port":37285,"url.scheme":"http","url.path":"/v1/frame","network.protocol.version":"2"},{"Message":"ConnectionId:0HNORJQEKP99A","ConnectionId":"0HNORJQEKP99A"},{"Message":"RequestPath:/v1/frame RequestId:0HNORJQEKP99A:00000001","RequestId":"0HNORJQEKP99A:00000001","RequestPath":"/v1/frame"}]}
{"Timestamp":"2026-09-26T07:20:17.074Z","EventId":0,"LogLevel":"Information","Category":"Microsoft.AspNetCore.Routing.EndpointMiddleware","Message":"Executing endpoint \u0027HTTP: POST /v1/frame\u0027","State":{"EndpointName":"HTTP: POST /v1/frame","{OriginalFormat}":"Executing endpoint \u0027{EndpointName}\u0027"},"Scopes":[{"Message":"SpanId:bd0c0e4ea1d6c77a, TraceId:376d039aaa3896f18ba8d39b4bfaf3a8, ParentId:63c8ddefd1ed666a","SpanId":"bd0c0e4ea1d6c77a","TraceId":"376d039aaa3896f18ba8d39b4bfaf3a8","ParentId":"63c8ddefd1ed666a"},{"Message":"http.request.method:POST, server.address:127.0.0.1, server.port:37285, url.scheme:http, url.path:/v1/frame, network.protocol.version:2","http.request.method":"POST","server.address":"127.0.0.1","server.port":37285,"url.scheme":"http","url.path":"/v1/frame","network.protocol.version":"2"},{"Message":"ConnectionId:0HNORJQEKP99A","ConnectionId":"0HNORJQEKP99A"},{"Message":"RequestPath:/v1/frame RequestId:0HNORJQEKP99A:00000001","RequestId":"0HNORJQEKP99A:00000001","RequestPath":"/v1/frame"}]}
{"Timestamp":"2026-09-26T07:20:17.108Z","EventId":1,"LogLevel":"Information","Category":"Microsoft.AspNetCore.Routing.EndpointMiddleware","Message":"Executed endpoint \u0027HTTP: POST /v1/frame\u0027","State":{"EndpointName":"HTTP: POST /v1/frame","{OriginalFormat}":"Executed endpoint \u0027{EndpointName}\u0027"},"Scopes":[{"Message":"SpanId:bd0c0e4ea1d6c77a, TraceId:376d039aaa3896f18ba8d39b4bfaf3a8, ParentId:63c8ddefd1ed666a","SpanId":"bd0c0e4ea1d6c77a","TraceId":"376d039aaa3896f18ba8d39b4bfaf3a8","ParentId":"63c8ddefd1ed666a"},{"Message":"http.request.method:POST, server.address:127.0.0.1, server.port:37285, url.scheme:http, url.path:/v1/frame, network.protocol.version:2","http.request.method":"POST","server.address":"127.0.0.1","server.port":37285,"url.scheme":"http","url.path":"/v1/frame","network.protocol.version":"2"},{"Message":"ConnectionId:0HNORJQEKP99A","ConnectionId":"0HNORJQEKP99A"},{"Message":"RequestPath:/v1/frame RequestId:0HNORJQEKP99A:00000001","RequestId":"0HNORJQEKP99A:00000001","RequestPath":"/v1/frame"}]}
{"Timestamp":"2026-09-26T07:20:17.108Z","EventId":2,"LogLevel":"Information","Category":"Microsoft.AspNetCore.Hosting.Diagnostics","Message":"Request finished HTTP/2 POST http://127.0.0.1:37285/v1/frame - 200 - application/x-sonnetdb-frame 36.2742ms","State":{"ElapsedMilliseconds":36.2742,"StatusCode":200,"ContentType":"application/x-sonnetdb-frame","ContentLength":null,"Protocol":"HTTP/2","Method":"POST","Scheme":"http","Host":"127.0.0.1:37285","PathBase":"","Path":"/v1/frame","QueryString":"","{OriginalFormat}":"Request finished {Protocol} {Method} {Scheme}://{Host}{PathBase}{Path}{QueryString} - {StatusCode} {ContentLength} {ContentType} {ElapsedMilliseconds}ms"},"Scopes":[{"Message":"SpanId:bd0c0e4ea1d6c77a, TraceId:376d039aaa3896f18ba8d39b4bfaf3a8, ParentId:63c8ddefd1ed666a","SpanId":"bd0c0e4ea1d6c77a","TraceId":"376d039aaa3896f18ba8d39b4bfaf3a8","ParentId":"63c8ddefd1ed666a"},{"Message":"http.request.method:POST, server.address:127.0.0.1, server.port:37285, url.scheme:http, url.path:/v1/frame, network.protocol.version:2","http.request.method":"POST","server.address":"127.0.0.1","server.port":37285,"url.scheme":"http","url.path":"/v1/frame","network.protocol.version":"2"},{"Message":"ConnectionId:0HNORJQEKP99A","ConnectionId":"0HNORJQEKP99A"},{"Message":"RequestPath:/v1/frame RequestId:0HNORJQEKP99A:00000001","RequestId":"0HNORJQEKP99A:00000001","RequestPath":"/v1/frame"}]}
{"Timestamp":"2026-09-26T07:20:17.123Z","EventId":1,"LogLevel":"Information","Category":"Microsoft.AspNetCore.Hosting.Diagnostics","Message":"Request starting HTTP/2 POST http://127.0.0.1:37285/v1/frame - application/x-sonnetdb-frame 61","State":{"Protocol":"HTTP/2","Method":"POST","ContentType":"application/x-sonnetdb-frame","ContentLength":61,"Scheme":"http","Host":"127.0.0.1:37285","PathBase":"","Path":"/v1/frame","QueryString":"","{OriginalFormat}":"Request starting {Protocol} {Method} {Scheme}://{Host}{PathBase}{Path}{QueryString} - {ContentType} {ContentLength}"},"Scopes":[{"Message":"SpanId:7cf3955623c68620, TraceId:cf5ae0d2d4defaeaa1945eff3c216313, ParentId:f4353a315deee3a5","SpanId":"7cf3955623c68620","TraceId":"cf5ae0d2d4defaeaa1945eff3c216313","ParentId":"f4353a315deee3a5"},{"Message":"http.request.method:POST, server.address:127.0.0.1, server.port:37285, url.scheme:http, url.path:/v1/frame, network.protocol.version:2","http.request.method":"POST","server.address":"127.0.0.1","server.port":37285,"url.scheme":"http","url.path":"/v1/frame","network.protocol.version":"2"},{"Message":"ConnectionId:0HNORJQEKP99A","ConnectionId":"0HNORJQEKP99A"},{"Message":"RequestPath:/v1/frame RequestId:0HNORJQEKP99A:00000003","RequestId":"0HNORJQEKP99A:00000003","RequestPath":"/v1/frame"}]}
{"Timestamp":"2026-09-26T07:20:17.124Z","EventId":0,"LogLevel":"Information","Category":"Microsoft.AspNetCore.Routing.EndpointMiddleware","Message":"Executing endpoint \u0027HTTP: POST /v1/frame\u0027","State":{"EndpointName":"HTTP: POST /v1/frame","{OriginalFormat}":"Executing endpoint \u0027{EndpointName}\u0027"},"Scopes":[{"Message":"SpanId:7cf3955623c68620, TraceId:cf5ae0d2d4defaeaa1945eff3c216313, ParentId:f4353a315deee3a5","SpanId":"7cf3955623c68620","TraceId":"cf5ae0d2d4defaeaa1945eff3c216313","ParentId":"f4353a315deee3a5"},{"Message":"http.request.method:POST, server.address:127.0.0.1, server.port:37285, url.scheme:http, url.path:/v1/frame, network.protocol.version:2","http.request.method":"POST","server.address":"127.0.0.1","server.port":37285,"url.scheme":"http","url.path":"/v1/frame","network.protocol.version":"2"},{"Message":"ConnectionId:0HNORJQEKP99A","ConnectionId":"0HNORJQEKP99A"},{"Message":"RequestPath:/v1/frame RequestId:0HNORJQEKP99A:00000003","RequestId":"0HNORJQEKP99A:00000003","RequestPath":"/v1/frame"}]}
{"Timestamp":"2026-09-26T07:20:17.126Z","EventId":1,"LogLevel":"Information","Category":"Microsoft.AspNetCore.Routing.EndpointMiddleware","Message":"Executed endpoint \u0027HTTP: POST /v1/frame\u0027","State":{"EndpointName":"HTTP: POST /v1/frame","{OriginalFormat}":"Executed endpoint \u0027{EndpointName}\u0027"},"Scopes":[{"Message":"SpanId:7cf3955623c68620, TraceId:cf5ae0d2d4defaeaa1945eff3c216313, ParentId:f4353a315deee3a5","SpanId":"7cf3955623c68620","TraceId":"cf5ae0d2d4defaeaa1945eff3c216313","ParentId":"f4353a315deee3a5"},{"Message":"http.request.method:POST, server.address:127.0.0.1, server.port:37285, url.scheme:http, url.path:/v1/frame, network.protocol.version:2","http.request.method":"POST","server.address":"127.0.0.1","server.port":37285,"url.scheme":"http","url.path":"/v1/frame","network.protocol.version":"2"},{"Message":"ConnectionId:0HNORJQEKP99A","ConnectionId":"0HNORJQEKP99A"},{"Message":"RequestPath:/v1/frame RequestId:0HNORJQEKP99A:00000003","RequestId":"0HNORJQEKP99A:00000003","RequestPath":"/v1/frame"}]}
{"Timestamp":"2026-09-26T07:20:17.126Z","EventId":2,"LogLevel":"Information","Category":"Microsoft.AspNetCore.Hosting.Diagnostics","Message":"Request finished HTTP/2 POST http://127.0.0.1:37285/v1/frame - 200 - application/x-sonnetdb-frame 2.5360ms","State":{"ElapsedMilliseconds":2.536,"StatusCode":200,"ContentType":"application/x-sonnetdb-frame","ContentLength":null,"Protocol":"HTTP/2","Method":"POST","Scheme":"http","Host":"127.0.0.1:37285","PathBase":"","Path":"/v1/frame","QueryString":"","{OriginalFormat}":"Request finished {Protocol} {Method} {Scheme}://{Host}{PathBase}{Path}{QueryString} - {StatusCode} {ContentLength} {ContentType} {ElapsedMilliseconds}ms"},"Scopes":[{"Message":"SpanId:7cf3955623c68620, TraceId:cf5ae0d2d4defaeaa1945eff3c216313, ParentId:f4353a315deee3a5","SpanId":"7cf3955623c68620","TraceId":"cf5ae0d2d4defaeaa1945eff3c216313","ParentId":"f4353a315deee3a5"},{"Message":"http.request.method:POST, server.address:127.0.0.1, server.port:37285, url.scheme:http, url.path:/v1/frame, network.protocol.version:2","http.request.method":"POST","server.address":"127.0.0.1","server.port":37285,"url.scheme":"http","url.path":"/v1/frame","network.protocol.version":"2"},{"Message":"ConnectionId:0HNORJQEKP99A","ConnectionId":"0HNORJQEKP99A"},{"Message":"RequestPath:/v1/frame RequestId:0HNORJQEKP99A:00000003","RequestId":"0HNORJQEKP99A:00000003","RequestPath":"/v1/frame"}]}
{"Timestamp":"2026-09-26T07:20:17.131Z","EventId":1,"LogLevel":"Information","Category":"Microsoft.AspNetCore.Hosting.Diagnostics","Message":"Request starting HTTP/2 POST http://127.0.0.1:37285/v1/frame - application/x-sonnetdb-frame 47","State":{"Protocol":"HTTP/2","Method":"POST","ContentType":"application/x-sonnetdb-frame","ContentLength":47,"Scheme":"http","Host":"127.0.0.1:37285","PathBase":"","Path":"/v1/frame","QueryString":"","{OriginalFormat}":"Request starting {Protocol} {Method} {Scheme}://{Host}{PathBase}{Path}{QueryString} - {ContentType} {ContentLength}"},"Scopes":[{"Message":"SpanId:e80ed902424454a7, TraceId:2161e2342aa8f4f0165d5929a53dc98d, ParentId:680a2a118b9acf61","SpanId":"e80ed902424454a7","TraceId":"2161e2342aa8f4f0165d5929a53dc98d","ParentId":"680a2a118b9acf61"},{"Message":"http.request.method:POST, server.address:127.0.0.1, server.port:37285, url.scheme:http, url.path:/v1/frame, network.protocol.version:2","http.request.method":"POST","server.address":"127.0.0.1","server.port":37285,"url.scheme":"http","url.path":"/v1/frame","network.protocol.version":"2"},{"Message":"ConnectionId:0HNORJQEKP99A","ConnectionId":"0HNORJQEKP99A"},{"Message":"RequestPath:/v1/frame RequestId:0HNORJQEKP99A:00000005","RequestId":"0HNORJQEKP99A:00000005","RequestPath":"/v1/frame"}]}
{"Timestamp":"2026-09-26T07:20:17.131Z","EventId":0,"LogLevel":"Information","Category":"Microsoft.AspNetCore.Routing.EndpointMiddleware","Message":"Executing endpoint \u0027HTTP: POST /v1/frame\u0027","State":{"EndpointName":"HTTP: POST /v1/frame","{OriginalFormat}":"Executing endpoint \u0027{EndpointName}\u0027"},"Scopes":[{"Message":"SpanId:e80ed902424454a7, TraceId:2161e2342aa8f4f0165d5929a53dc98d, ParentId:680a2a118b9acf61","SpanId":"e80ed902424454a7","TraceId":"2161e2342aa8f4f0165d5929a53dc98d","ParentId":"680a2a118b9acf61"},{"Message":"http.request.method:POST, server.address:127.0.0.1, server.port:37285, url.scheme:http, url.path:/v1/frame, network.protocol.version:2","http.request.method":"POST","server.address":"127.0.0.1","server.port":37285,"url.scheme":"http","url.path":"/v1/frame","network.protocol.version":"2"},{"Message":"ConnectionId:0HNORJQEKP99A","ConnectionId":"0HNORJQEKP99A"},{"Message":"RequestPath:/v1/frame RequestId:0HNORJQEKP99A:00000005","RequestId":"0HNORJQEKP99A:00000005","RequestPath":"/v1/frame"}]}
{"Timestamp":"2026-09-26T07:20:17.134Z","EventId":1,"LogLevel":"Information","Category":"Microsoft.AspNetCore.Routing.EndpointMiddleware","Message":"Executed endpoint \u0027HTTP: POST /v1/frame\u0027","State":{"EndpointName":"HTTP: POST /v1/frame","{OriginalFormat}":"Executed endpoint \u0027{EndpointName}\u0027"},"Scopes":[{"Message":"SpanId:e80ed902424454a7, TraceId:2161e2342aa8f4f0165d5929a53dc98d, ParentId:680a2a118b9acf61","SpanId":"e80ed902424454a7","TraceId":"2161e2342aa8f4f0165d5929a53dc98d","ParentId":"680a2a118b9acf61"},{"Message":"http.request.method:POST, server.address:127.0.0.1, server.port:37285, url.scheme:http, url.path:/v1/frame, network.protocol.version:2","http.request.method":"POST","server.address":"127.0.0.1","server.port":37285,"url.scheme":"http","url.path":"/v1/frame","network.protocol.version":"2"},{"Message":"ConnectionId:0HNORJQEKP99A","ConnectionId":"0HNORJQEKP99A"},{"Message":"RequestPath:/v1/frame RequestId:0HNORJQEKP99A:00000005","RequestId":"0HNORJQEKP99A:00000005","RequestPath":"/v1/frame"}]}
{"Timestamp":"2026-09-26T07:20:17.134Z","EventId":2,"LogLevel":"Information","Category":"Microsoft.AspNetCore.Hosting.Diagnostics","Message":"Request finished HTTP/2 POST http://127.0.0.1:37285/v1/frame - 200 - application/x-sonnetdb-frame 3.5245ms","State":{"ElapsedMilliseconds":3.5245,"StatusCode":200,"ContentType":"application/x-sonnetdb-frame","ContentLength":null,"Protocol":"HTTP/2","Method":"POST","Scheme":"http","Host":"127.0.0.1:37285","PathBase":"","Path":"/v1/frame","QueryString":"","{OriginalFormat}":"Request finished {Protocol} {Method} {Scheme}://{Host}{PathBase}{Path}{QueryString} - {StatusCode} {ContentLength} {ContentType} {ElapsedMilliseconds}ms"},"Scopes":[{"Message":"SpanId:e80ed902424454a7, TraceId:2161e2342aa8f4f0165d5929a53dc98d, ParentId:680a2a118b9acf61","SpanId":"e80ed902424454a7","TraceId":"2161e2342aa8f4f0165d5929a53dc98d","ParentId":"680a2a118b9acf61"},{"Message":"http.request.method:POST, server.address:127.0.0.1, server.port:37285, url.scheme:http, url.path:/v1/frame, network.protocol.version:2","http.request.method":"POST","server.address":"127.0.0.1","server.port":37285,"url.scheme":"http","url.path":"/v1/frame","network.protocol.version":"2"},{"Message":"ConnectionId:0HNORJQEKP99A","ConnectionId":"0HNORJQEKP99A"},{"Message":"RequestPath:/v1/frame RequestId:0HNORJQEKP99A:00000005","RequestId":"0HNORJQEKP99A:00000005","RequestPath":"/v1/frame"}]}
{"Timestamp":"2026-09-26T07:20:17.139Z","EventId":1,"LogLevel":"Information","Category":"Microsoft.AspNetCore.Hosting.Diagnostics","Message":"Request starting HTTP/2 POST http://127.0.0.1:37285/v1/frame - application/x-sonnetdb-frame 47","State":{"Protocol":"HTTP/2","Method":"POST","ContentType":"application/x-sonnetdb-frame","ContentLength":47,"Scheme":"http","Host":"127.0.0.1:37285","PathBase":"","Path":"/v1/frame","QueryString":"","{OriginalFormat}":"Request starting {Protocol} {Method} {Scheme}://{Host}{PathBase}{Path}{QueryString} - {ContentType} {ContentLength}"},"Scopes":[{"Message":"SpanId:c4f9890ec9c9183d, TraceId:e080020ac09da939b94840caa5a3d488, ParentId:2bc745612d744ee5","SpanId":"c4f9890ec9c9183d","TraceId":"e080020ac09da939b94840caa5a3d488","ParentId":"2bc745612d744ee5"},{"Message":"http.request.method:POST, server.address:127.0.0.1, server.port:37285, url.scheme:http, url.path:/v1/frame, network.protocol.version:2","http.request.method":"POST","server.address":"127.0.0.1","server.port":37285,"url.scheme":"http","url.path":"/v1/frame","network.protocol.version":"2"},{"Message":"ConnectionId:0HNORJQEKP99A","ConnectionId":"0HNORJQEKP99A"},{"Message":"RequestPath:/v1/frame RequestId:0HNORJQEKP99A:00000007","RequestId":"0HNORJQEKP99A:00000007","RequestPath":"/v1/frame"}]}
{"Timestamp":"2026-09-26T07:20:17.139Z","EventId":0,"LogLevel":"Information","Category":"Microsoft.AspNetCore.Routing.EndpointMiddleware","Message":"Executing endpoint \u0027HTTP: POST /v1/frame\u0027","State":{"EndpointName":"HTTP: POST /v1/frame","{OriginalFormat}":"Executing endpoint \u0027{EndpointName}\u0027"},"Scopes":[{"Message":"SpanId:c4f9890ec9c9183d, TraceId:e080020ac09da939b94840caa5a3d488, ParentId:2bc745612d744ee5","SpanId":"c4f9890ec9c9183d","TraceId":"e080020ac09da939b94840caa5a3d488","ParentId":"2bc745612d744ee5"},{"Message":"http.request.method:POST, server.address:127.0.0.1, server.port:37285, url.scheme:http, url.path:/v1/frame, network.protocol.version:2","http.request.method":"POST","server.address":"127.0.0.1","server.port":37285,"url.scheme":"http","url.path":"/v1/frame","network.protocol.version":"2"},{"Message":"ConnectionId:0HNORJQEKP99A","ConnectionId":"0HNORJQEKP99A"},{"Message":"RequestPath:/v1/frame RequestId:0HNORJQEKP99A:00000007","RequestId":"0HNORJQEKP99A:00000007","RequestPath":"/v1/frame"}]}
{"Timestamp":"2026-09-26T07:20:17.145Z","EventId":1,"LogLevel":"Information","Category":"Microsoft.AspNetCore.Routing.EndpointMiddleware","Message":"Executed endpoint \u0027HTTP: POST /v1/frame\u0027","State":{"EndpointName":"HTTP: POST /v1/frame","{OriginalFormat}":"Executed endpoint \u0027{EndpointName}\u0027"},"Scopes":[{"Message":"SpanId:c4f9890ec9c9183d, TraceId:e080020ac09da939b94840caa5a3d488, ParentId:2bc745612d744ee5","SpanId":"c4f9890ec9c9183d","TraceId":"e080020ac09da939b94840caa5a3d488","ParentId":"2bc745612d744ee5"},{"Message":"http.request.method:POST, server.address:127.0.0.1, server.port:37285, url.scheme:http, url.path:/v1/frame, network.protocol.version:2","http.request.method":"POST","server.address":"127.0.0.1","server.port":37285,"url.scheme":"http","url.path":"/v1/frame","network.protocol.version":"2"},{"Message":"ConnectionId:0HNORJQEKP99A","ConnectionId":"0HNORJQEKP99A"},{"Message":"RequestPath:/v1/frame RequestId:0HNORJQEKP99A:00000007","RequestId":"0HNORJQEKP99A:00000007","RequestPath":"/v1/frame"}]}
{"Timestamp":"2026-09-26T07:20:17.145Z","EventId":2,"LogLevel":"Information","Category":"Microsoft.AspNetCore.Hosting.Diagnostics","Message":"Request finished HTTP/2 POST http://127.0.0.1:37285/v1/frame - 200 - application/x-sonnetdb-frame 6.4107ms","State":{"ElapsedMilliseconds":6.4107,"StatusCode":200,"ContentType":"application/x-sonnetdb-frame","ContentLength":null,"Protocol":"HTTP/2","Method":"POST","Scheme":"http","Host":"127.0.0.1:37285","PathBase":"","Path":"/v1/frame","QueryString":"","{OriginalFormat}":"Request finished {Protocol} {Method} {Scheme}://{Host}{PathBase}{Path}{QueryString} - {StatusCode} {ContentLength} {ContentType} {ElapsedMilliseconds}ms"},"Scopes":[{"Message":"SpanId:c4f9890ec9c9183d, TraceId:e080020ac09da939b94840caa5a3d488, ParentId:2bc745612d744ee5","SpanId":"c4f9890ec9c9183d","TraceId":"e080020ac09da939b94840caa5a3d488","ParentId":"2bc745612d744ee5"},{"Message":"http.request.method:POST, server.address:127.0.0.1, server.port:37285, url.scheme:http, url.path:/v1/frame, network.protocol.version:2","http.request.method":"POST","server.address":"127.0.0.1","server.port":37285,"url.scheme":"http","url.path":"/v1/frame","network.protocol.version":"2"},{"Message":"ConnectionId:0HNORJQEKP99A","ConnectionId":"0HNORJQEKP99A"},{"Message":"RequestPath:/v1/frame RequestId:0HNORJQEKP99A:00000007","RequestId":"0HNORJQEKP99A:00000007","RequestPath":"/v1/frame"}]}
{"Timestamp":"2026-09-26T07:20:17.175Z","EventId":1,"LogLevel":"Information","Category":"Microsoft.AspNetCore.Hosting.Diagnostics","Message":"Request starting HTTP/2 POST http://127.0.0.1:37285/v1/db/transport_parity/mq/mq_frame/stats - application/json;\u002Bcharset=utf-8 -","State":{"Protocol":"HTTP/2","Method":"POST","ContentType":"application/json; charset=utf-8","ContentLength":null,"Scheme":"http","Host":"127.0.0.1:37285","PathBase":"","Path":"/v1/db/transport_parity/mq/mq_frame/stats","QueryString":"","{OriginalFormat}":"Request starting {Protocol} {Method} {Scheme}://{Host}{PathBase}{Path}{QueryString} - {ContentType} {ContentLength}"},"Scopes":[{"Message":"SpanId:b91a82056c0aed8d, TraceId:5e02aeb5c279f43fee21738d4be814f7, ParentId:d46cfd63bf85721f","SpanId":"b91a82056c0aed8d","TraceId":"5e02aeb5c279f43fee21738d4be814f7","ParentId":"d46cfd63bf85721f"},{"Message":"http.request.method:POST, server.address:127.0.0.1, server.port:37285, url.scheme:http, url.path:/v1/db/transport_parity/mq/mq_frame/stats, network.protocol.version:2","http.request.method":"POST","server.address":"127.0.0.1","server.port":37285,"url.scheme":"http","url.path":"/v1/db/transport_parity/mq/mq_frame/stats","network.protocol.version":"2"},{"Message":"ConnectionId:0HNORJQEKP99A","ConnectionId":"0HNORJQEKP99A"},{"Message":"RequestPath:/v1/db/transport_parity/mq/mq_frame/stats RequestId:0HNORJQEKP99A:00000009","RequestId":"0HNORJQEKP99A:00000009","RequestPath":"/v1/db/transport_parity/mq/mq_frame/stats"}]}
{"Timestamp":"2026-09-26T07:20:17.175Z","EventId":0,"LogLevel":"Information","Category":"Microsoft.AspNetCore.Routing.EndpointMiddleware","Message":"Executing endpoint \u0027HTTP: POST /v1/db/{db}/mq/{topic}/stats\u0027","State":{"EndpointName":"HTTP: POST /v1/db/{db}/mq/{topic}/stats","{OriginalFormat}":"Executing endpoint \u0027{EndpointName}\u0027"},"Scopes":[{"Message":"SpanId:b91a82056c0aed8d, TraceId:5e02aeb5c279f43fee21738d4be814f7, ParentId:d46cfd63bf85721f","SpanId":"b91a82056c0aed8d","TraceId":"5e02aeb5c279f43fee21738d4be814f7","ParentId":"d46cfd63bf85721f"},{"Message":"http.request.method:POST, server.address:127.0.0.1, server.port:37285, url.scheme:http, url.path:/v1/db/transport_parity/mq/mq_frame/stats, network.protocol.version:2","http.request.method":"POST","server.address":"127.0.0.1","server.port":37285,"url.scheme":"http","url.path":"/v1/db/transport_parity/mq/mq_frame/stats","network.protocol.version":"2"},{"Message":"ConnectionId:0HNORJQEKP99A","ConnectionId":"0HNORJQEKP99A"},{"Message":"RequestPath:/v1/db/transport_parity/mq/mq_frame/stats RequestId:0HNORJQEKP99A:00000009","RequestId":"0HNORJQEKP99A:00000009","RequestPath":"/v1/db/transport_parity/mq/mq_frame/stats"}]}
{"Timestamp":"2026-09-26T07:20:17.182Z","EventId":3,"LogLevel":"Information","Category":"Microsoft.AspNetCore.Http.Result.JsonResult","Message":"Writing value of type \u0027MqStatsResponse\u0027 as Json.","State":{"Type":"MqStatsResponse","{OriginalFormat}":"Writing value of type \u0027{Type}\u0027 as Json."},"Scopes":[{"Message":"SpanId:b91a82056c0aed8d, TraceId:5e02aeb5c279f43fee21738d4be814f7, ParentId:d46cfd63bf85721f","SpanId":"b91a82056c0aed8d","TraceId":"5e02aeb5c279f43fee21738d4be814f7","ParentId":"d46cfd63bf85721f"},{"Message":"http.request.method:POST, server.address:127.0.0.1, server.port:37285, url.scheme:http, url.path:/v1/db/transport_parity/mq/mq_frame/stats, network.protocol.version:2","http.request.method":"POST","server.address":"127.0.0.1","server.port":37285,"url.scheme":"http","url.path":"/v1/db/transport_parity/mq/mq_frame/stats","network.protocol.version":"2"},{"Message":"ConnectionId:0HNORJQEKP99A","ConnectionId":"0HNORJQEKP99A"},{"Message":"RequestPath:/v1/db/transport_parity/mq/mq_frame/stats RequestId:0HNORJQEKP99A:00000009","RequestId":"0HNORJQEKP99A:00000009","RequestPath":"/v1/db/transport_parity/mq/mq_frame/stats"}]}
{"Timestamp":"2026-09-26T07:20:17.186Z","EventId":1,"LogLevel":"Information","Category":"Microsoft.AspNetCore.Routing.EndpointMiddleware","Message":"Executed endpoint \u0027HTTP: POST /v1/db/{db}/mq/{topic}/stats\u0027","State":{"EndpointName":"HTTP: POST /v1/db/{db}/mq/{topic}/stats","{OriginalFormat}":"Executed endpoint \u0027{EndpointName}\u0027"},"Scopes":[{"Message":"SpanId:b91a82056c0aed8d, TraceId:5e02aeb5c279f43fee21738d4be814f7, ParentId:d46cfd63bf85721f","SpanId":"b91a82056c0aed8d","TraceId":"5e02aeb5c279f43fee21738d4be814f7","ParentId":"d46cfd63bf85721f"},{"Message":"http.request.method:POST, server.address:127.0.0.1, server.port:37285, url.scheme:http, url.path:/v1/db/transport_parity/mq/mq_frame/stats, network.protocol.version:2","http.request.method":"POST","server.address":"127.0.0.1","server.port":37285,"url.scheme":"http","url.path":"/v1/db/transport_parity/mq/mq_frame/stats","network.protocol.version":"2"},{"Message":"ConnectionId:0HNORJQEKP99A","ConnectionId":"0HNORJQEKP99A"},{"Message":"RequestPath:/v1/db/transport_parity/mq/mq_frame/stats RequestId:0HNORJQEKP99A:00000009","RequestId":"0HNORJQEKP99A:00000009","RequestPath":"/v1/db/transport_parity/mq/mq_frame/stats"}]}
{"Timestamp":"2026-09-26T07:20:17.186Z","EventId":2,"LogLevel":"Information","Category":"Microsoft.AspNetCore.Hosting.Diagnostics","Message":"Request finished HTTP/2 POST http://127.0.0.1:37285/v1/db/transport_parity/mq/mq_frame/stats - 200 - application/json;\u002Bcharset=utf-8 11.2076ms","State":{"ElapsedMilliseconds":11.2076,"StatusCode":200,"ContentType":"application/json; charset=utf-8","ContentLength":null,"Protocol":"HTTP/2","Method":"POST","Scheme":"http","Host":"127.0.0.1:37285","PathBase":"","Path":"/v1/db/transport_parity/mq/mq_frame/stats","QueryString":"","{OriginalFormat}":"Request finished {Protocol} {Method} {Scheme}://{Host}{PathBase}{Path}{QueryString} - {StatusCode} {ContentLength} {ContentType} {ElapsedMilliseconds}ms"},"Scopes":[{"Message":"SpanId:b91a82056c0aed8d, TraceId:5e02aeb5c279f43fee21738d4be814f7, ParentId:d46cfd63bf85721f","SpanId":"b91a82056c0aed8d","TraceId":"5e02aeb5c279f43fee21738d4be814f7","ParentId":"d46cfd63bf85721f"},{"Message":"http.request.method:POST, server.address:127.0.0.1, server.port:37285, url.scheme:http, url.path:/v1/db/transport_parity/mq/mq_frame/stats, network.protocol.version:2","http.request.method":"POST","server.address":"127.0.0.1","server.port":37285,"url.scheme":"http","url.path":"/v1/db/transport_parity/mq/mq_frame/stats","network.protocol.version":"2"},{"Message":"ConnectionId:0HNORJQEKP99A","ConnectionId":"0HNORJQEKP99A"},{"Message":"RequestPath:/v1/db/transport_parity/mq/mq_frame/stats RequestId:0HNORJQEKP99A:00000009","RequestId":"0HNORJQEKP99A:00000009","RequestPath":"/v1/db/transport_parity/mq/mq_frame/stats"}]}
{"Timestamp":"2026-09-26T07:20:17.204Z","EventId":1,"LogLevel":"Information","Category":"Microsoft.AspNetCore.Hosting.Diagnostics","Message":"Request starting HTTP/1.1 POST http://127.0.0.1:32917/v1/db/transport_parity/mq/mq_rest/publish - application/json;\u002Bcharset=utf-8 -","State":{"Protocol":"HTTP/1.1","Method":"POST","ContentType":"application/json; charset=utf-8","ContentLength":null,"Scheme":"http","Host":"127.0.0.1:32917","PathBase":"","Path":"/v1/db/transport_parity/mq/mq_rest/publish","QueryString":"","{OriginalFormat}":"Request starting {Protocol} {Method} {Scheme}://{Host}{PathBase}{Path}{QueryString} - {ContentType} {ContentLength}"},"Scopes":[{"Message":"SpanId:e3ec0f9f33421fef, TraceId:21c71831d760edb05ae196835371f674, ParentId:cc7743d8765817b5","SpanId":"e3ec0f9f33421fef","TraceId":"21c71831d760edb05ae196835371f674","ParentId":"cc7743d8765817b5"},{"Message":"http.request.method:POST, server.address:127.0.0.1, server.port:32917, url.scheme:http, url.path:/v1/db/transport_parity/mq/mq_rest/publish, network.protocol.version:1.1","http.request.method":"POST","server.address":"127.0.0.1","server.port":32917,"url.scheme":"http","url.path":"/v1/db/transport_parity/mq/mq_rest/publish","network.protocol.version":"1.1"},{"Message":"ConnectionId:0HNORJQEKP99B","ConnectionId":"0HNORJQEKP99B"},{"Message":"RequestPath:/v1/db/transport_parity/mq/mq_rest/publish RequestId:0HNORJQEKP99B:00000001","RequestId":"0HNORJQEKP99B:00000001","RequestPath":"/v1/db/transport_parity/mq/mq_rest/publish"}]}
{"Timestamp":"2026-09-26T07:20:17.207Z","EventId":0,"LogLevel":"Information","Category":"Microsoft.AspNetCore.Routing.EndpointMiddleware","Message":"Executing endpoint \u0027HTTP: POST /v1/db/{db}/mq/{topic}/publish\u0027","State":{"EndpointName":"HTTP: POST /v1/db/{db}/mq/{topic}/publish","{OriginalFormat}":"Executing endpoint \u0027{EndpointName}\u0027"},"Scopes":[{"Message":"SpanId:e3ec0f9f33421fef, TraceId:21c71831d760edb05ae196835371f674, ParentId:cc7743d8765817b5","SpanId":"e3ec0f9f33421fef","TraceId":"21c71831d760edb05ae196835371f674","ParentId":"cc7743d8765817b5"},{"Message":"http.request.method:POST, server.address:127.0.0.1, server.port:32917, url.scheme:http, url.path:/v1/db/transport_parity/mq/mq_rest/publish, network.protocol.version:1.1","http.request.method":"POST","server.address":"127.0.0.1","server.port":32917,"url.scheme":"http","url.path":"/v1/db/transport_parity/mq/mq_rest/publish","network.protocol.version":"1.1"},{"Message":"ConnectionId:0HNORJQEKP99B","ConnectionId":"0HNORJQEKP99B"},{"Message":"RequestPath:/v1/db/transport_parity/mq/mq_rest/publish RequestId:0HNORJQEKP99B:00000001","RequestId":"0HNORJQEKP99B:00000001","RequestPath":"/v1/db/transport_parity/mq/mq_rest/publish"}]}
{"Timestamp":"2026-09-26T07:20:17.216Z","EventId":1,"LogLevel":"Information","Category":"Microsoft.AspNetCore.Routing.EndpointMiddleware","Message":"Executed endpoint \u0027HTTP: POST /v1/db/{db}/mq/{topic}/publish\u0027","State":{"EndpointName":"HTTP: POST /v1/db/{db}/mq/{topic}/publish","{OriginalFormat}":"Executed endpoint \u0027{EndpointName}\u0027"},"Scopes":[{"Message":"SpanId:e3ec0f9f33421fef, TraceId:21c71831d760edb05ae196835371f674, ParentId:cc7743d8765817b5","SpanId":"e3ec0f9f33421fef","TraceId":"21c71831d760edb05ae196835371f674","ParentId":"cc7743d8765817b5"},{"Message":"http.request.method:POST, server.address:127.0.0.1, server.port:32917, url.scheme:http, url.path:/v1/db/transport_parity/mq/mq_rest/publish, network.protocol.version:1.1","http.request.method":"POST","server.address":"127.0.0.1","server.port":32917,"url.scheme":"http","url.path":"/v1/db/transport_parity/mq/mq_rest/publish","network.protocol.version":"1.1"},{"Message":"ConnectionId:0HNORJQEKP99B","ConnectionId":"0HNORJQEKP99B"},{"Message":"RequestPath:/v1/db/transport_parity/mq/mq_rest/publish RequestId:0HNORJQEKP99B:00000001","RequestId":"0HNORJQEKP99B:00000001","RequestPath":"/v1/db/transport_parity/mq/mq_rest/publish"}]}
{"Timestamp":"2026-09-26T07:20:17.216Z","EventId":2,"LogLevel":"Information","Category":"Microsoft.AspNetCore.Hosting.Diagnostics","Message":"Request finished HTTP/1.1 POST http://127.0.0.1:32917/v1/db/transport_parity/mq/mq_rest/publish - 201 - application/json;\u002Bcharset=utf-8 12.3059ms","State":{"ElapsedMilliseconds":12.3059,"StatusCode":201,"ContentType":"application/json; charset=utf-8","ContentLength":null,"Protocol":"HTTP/1.1","Method":"POST","Scheme":"http","Host":"127.0.0.1:32917","PathBase":"","Path":"/v1/db/transport_parity/mq/mq_rest/publish","QueryString":"","{OriginalFormat}":"Request finished {Protocol} {Method} {Scheme}://{Host}{PathBase}{Path}{QueryString} - {StatusCode} {ContentLength} {ContentType} {ElapsedMilliseconds}ms"},"Scopes":[{"Message":"SpanId:e3ec0f9f33421fef, TraceId:21c71831d760edb05ae196835371f674, ParentId:cc7743d8765817b5","SpanId":"e3ec0f9f33421fef","TraceId":"21c71831d760edb05ae196835371f674","ParentId":"cc7743d8765817b5"},{"Message":"http.request.method:POST, server.address:127.0.0.1, server.port:32917, url.scheme:http, url.path:/v1/db/transport_parity/mq/mq_rest/publish, network.protocol.version:1.1","http.request.method":"POST","server.address":"127.0.0.1","server.port":32917,"url.scheme":"http","url.path":"/v1/db/transport_parity/mq/mq_rest/publish","network.protocol.version":"1.1"},{"Message":"ConnectionId:0HNORJQEKP99B","ConnectionId":"0HNORJQEKP99B"},{"Message":"RequestPath:/v1/db/transport_parity/mq/mq_rest/publish RequestId:0HNORJQEKP99B:00000001","RequestId":"0HNORJQEKP99B:00000001","RequestPath":"/v1/db/transport_parity/mq/mq_rest/publish"}]}
[...]
{"Timestamp":"2026-09-26T07:21:38.934Z","EventId":0,"LogLevel":"Information","Category":"Microsoft.AspNetCore.Routing.EndpointMiddleware","Message":"Executing endpoint \u0027HTTP: POST /v1/db/{db}/sql\u0027","State":{"EndpointName":"HTTP: POST /v1/db/{db}/sql","{OriginalFormat}":"Executing endpoint \u0027{EndpointName}\u0027"},"Scopes":[{"Message":"SpanId:8f6c361701eb70c3, TraceId:02ae6c1e4eecc4ce651bf92e82de9d70, ParentId:b30aad85bd9be964","SpanId":"8f6c361701eb70c3","TraceId":"02ae6c1e4eecc4ce651bf92e82de9d70","ParentId":"b30aad85bd9be964"},{"Message":"http.request.method:POST, server.address:127.0.0.1, server.port:36119, url.scheme:http, url.path:/v1/db/protocol_http/sql, network.protocol.version:1.1","http.request.method":"POST","server.address":"127.0.0.1","server.port":36119,"url.scheme":"http","url.path":"/v1/db/protocol_http/sql","network.protocol.version":"1.1"},{"Message":"ConnectionId:0HNORJQEKP99S","ConnectionId":"0HNORJQEKP99S"},{"Message":"RequestPath:/v1/db/protocol_http/sql RequestId:0HNORJQEKP99S:00000001","RequestId":"0HNORJQEKP99S:00000001","RequestPath":"/v1/db/protocol_http/sql"}]}
{"Timestamp":"2026-09-26T07:21:38.935Z","EventId":1,"LogLevel":"Information","Category":"Microsoft.AspNetCore.Routing.EndpointMiddleware","Message":"Executed endpoint \u0027HTTP: POST /v1/db/{db}/sql\u0027","State":{"EndpointName":"HTTP: POST /v1/db/{db}/sql","{OriginalFormat}":"Executed endpoint \u0027{EndpointName}\u0027"},"Scopes":[{"Message":"SpanId:8f6c361701eb70c3, TraceId:02ae6c1e4eecc4ce651bf92e82de9d70, ParentId:b30aad85bd9be964","SpanId":"8f6c361701eb70c3","TraceId":"02ae6c1e4eecc4ce651bf92e82de9d70","ParentId":"b30aad85bd9be964"},{"Message":"http.request.method:POST, server.address:127.0.0.1, server.port:36119, url.scheme:http, url.path:/v1/db/protocol_http/sql, network.protocol.version:1.1","http.request.method":"POST","server.address":"127.0.0.1","server.port":36119,"url.scheme":"http","url.path":"/v1/db/protocol_http/sql","network.protocol.version":"1.1"},{"Message":"ConnectionId:0HNORJQEKP99S","ConnectionId":"0HNORJQEKP99S"},{"Message":"RequestPath:/v1/db/protocol_http/sql RequestId:0HNORJQEKP99S:00000001","RequestId":"0HNORJQEKP99S:00000001","RequestPath":"/v1/db/protocol_http/sql"}]}
{"Timestamp":"2026-09-26T07:21:38.935Z","EventId":2,"LogLevel":"Information","Category":"Microsoft.AspNetCore.Hosting.Diagnostics","Message":"Request finished HTTP/1.1 POST http://127.0.0.1:36119/v1/db/protocol_http/sql - 200 - application/x-ndjson;\u002Bcharset=utf-8 0.9176ms","State":{"ElapsedMilliseconds":0.9176,"StatusCode":200,"ContentType":"application/x-ndjson; charset=utf-8","ContentLength":null,"Protocol":"HTTP/1.1","Method":"POST","Scheme":"http","Host":"127.0.0.1:36119","PathBase":"","Path":"/v1/db/protocol_http/sql","QueryString":"","{OriginalFormat}":"Request finished {Protocol} {Method} {Scheme}://{Host}{PathBase}{Path}{QueryString} - {StatusCode} {ContentLength} {ContentType} {ElapsedMilliseconds}ms"},"Scopes":[{"Message":"SpanId:8f6c361701eb70c3, TraceId:02ae6c1e4eecc4ce651bf92e82de9d70, ParentId:b30aad85bd9be964","SpanId":"8f6c361701eb70c3","TraceId":"02ae6c1e4eecc4ce651bf92e82de9d70","ParentId":"b30aad85bd9be964"},{"Message":"http.request.method:POST, server.address:127.0.0.1, server.port:36119, url.scheme:http, url.path:/v1/db/protocol_http/sql, network.protocol.version:1.1","http.request.method":"POST","server.address":"127.0.0.1","server.port":36119,"url.scheme":"http","url.path":"/v1/db/protocol_http/sql","network.protocol.version":"1.1"},{"Message":"ConnectionId:0HNORJQEKP99S","ConnectionId":"0HNORJQEKP99S"},{"Message":"RequestPath:/v1/db/protocol_http/sql RequestId:0HNORJQEKP99S:00000001","RequestId":"0HNORJQEKP99S:00000001","RequestPath":"/v1/db/protocol_http/sql"}]}
{"Timestamp":"2026-09-26T07:21:38.936Z","EventId":1,"LogLevel":"Information","Category":"Microsoft.AspNetCore.Hosting.Diagnostics","Message":"Request starting HTTP/1.1 POST http://127.0.0.1:36119/v1/db/protocol_udp/sql - application/json;\u002Bcharset=utf-8 66","State":{"Protocol":"HTTP/1.1","Method":"POST","ContentType":"application/json; charset=utf-8","ContentLength":66,"Scheme":"http","Host":"127.0.0.1:36119","PathBase":"","Path":"/v1/db/protocol_udp/sql","QueryString":"","{OriginalFormat}":"Request starting {Protocol} {Method} {Scheme}://{Host}{PathBase}{Path}{QueryString} - {ContentType} {ContentLength}"},"Scopes":[{"Message":"SpanId:8c2cbbdd31d471ca, TraceId:588b57b3b1d7beec3eae7998aae33b69, ParentId:ded57f6b334af31a","SpanId":"8c2cbbdd31d471ca","TraceId":"588b57b3b1d7beec3eae7998aae33b69","ParentId":"ded57f6b334af31a"},{"Message":"http.request.method:POST, server.address:127.0.0.1, server.port:36119, url.scheme:http, url.path:/v1/db/protocol_udp/sql, network.protocol.version:1.1","http.request.method":"POST","server.address":"127.0.0.1","server.port":36119,"url.scheme":"http","url.path":"/v1/db/protocol_udp/sql","network.protocol.version":"1.1"},{"Message":"ConnectionId:0HNORJQEKP99S","ConnectionId":"0HNORJQEKP99S"},{"Message":"RequestPath:/v1/db/protocol_udp/sql RequestId:0HNORJQEKP99S:00000002","RequestId":"0HNORJQEKP99S:00000002","RequestPath":"/v1/db/protocol_udp/sql"}]}
{"Timestamp":"2026-09-26T07:21:38.937Z","EventId":0,"LogLevel":"Information","Category":"Microsoft.AspNetCore.Routing.EndpointMiddleware","Message":"Executing endpoint \u0027HTTP: POST /v1/db/{db}/sql\u0027","State":{"EndpointName":"HTTP: POST /v1/db/{db}/sql","{OriginalFormat}":"Executing endpoint \u0027{EndpointName}\u0027"},"Scopes":[{"Message":"SpanId:8c2cbbdd31d471ca, TraceId:588b57b3b1d7beec3eae7998aae33b69, ParentId:ded57f6b334af31a","SpanId":"8c2cbbdd31d471ca","TraceId":"588b57b3b1d7beec3eae7998aae33b69","ParentId":"ded57f6b334af31a"},{"Message":"http.request.method:POST, server.address:127.0.0.1, server.port:36119, url.scheme:http, url.path:/v1/db/protocol_udp/sql, network.protocol.version:1.1","http.request.method":"POST","server.address":"127.0.0.1","server.port":36119,"url.scheme":"http","url.path":"/v1/db/protocol_udp/sql","network.protocol.version":"1.1"},{"Message":"ConnectionId:0HNORJQEKP99S","ConnectionId":"0HNORJQEKP99S"},{"Message":"RequestPath:/v1/db/protocol_udp/sql RequestId:0HNORJQEKP99S:00000002","RequestId":"0HNORJQEKP99S:00000002","RequestPath":"/v1/db/protocol_udp/sql"}]}
{"Timestamp":"2026-09-26T07:21:38.937Z","EventId":1,"LogLevel":"Information","Category":"Microsoft.AspNetCore.Routing.EndpointMiddleware","Message":"Executed endpoint \u0027HTTP: POST /v1/db/{db}/sql\u0027","State":{"EndpointName":"HTTP: POST /v1/db/{db}/sql","{OriginalFormat}":"Executed endpoint \u0027{EndpointName}\u0027"},"Scopes":[{"Message":"SpanId:8c2cbbdd31d471ca, TraceId:588b57b3b1d7beec3eae7998aae33b69, ParentId:ded57f6b334af31a","SpanId":"8c2cbbdd31d471ca","TraceId":"588b57b3b1d7beec3eae7998aae33b69","ParentId":"ded57f6b334af31a"},{"Message":"http.request.method:POST, server.address:127.0.0.1, server.port:36119, url.scheme:http, url.path:/v1/db/protocol_udp/sql, network.protocol.version:1.1","http.request.method":"POST","server.address":"127.0.0.1","server.port":36119,"url.scheme":"http","url.path":"/v1/db/protocol_udp/sql","network.protocol.version":"1.1"},{"Message":"ConnectionId:0HNORJQEKP99S","ConnectionId":"0HNORJQEKP99S"},{"Message":"RequestPath:/v1/db/protocol_udp/sql RequestId:0HNORJQEKP99S:00000002","RequestId":"0HNORJQEKP99S:00000002","RequestPath":"/v1/db/protocol_udp/sql"}]}
{"Timestamp":"2026-09-26T07:21:38.937Z","EventId":2,"LogLevel":"Information","Category":"Microsoft.AspNetCore.Hosting.Diagnostics","Message":"Request finished HTTP/1.1 POST http://127.0.0.1:36119/v1/db/protocol_udp/sql - 200 - application/x-ndjson;\u002Bcharset=utf-8 0.5869ms","State":{"ElapsedMilliseconds":0.5869,"StatusCode":200,"ContentType":"application/x-ndjson; charset=utf-8","ContentLength":null,"Protocol":"HTTP/1.1","Method":"POST","Scheme":"http","Host":"127.0.0.1:36119","PathBase":"","Path":"/v1/db/protocol_udp/sql","QueryString":"","{OriginalFormat}":"Request finished {Protocol} {Method} {Scheme}://{Host}{PathBase}{Path}{QueryString} - {StatusCode} {ContentLength} {ContentType} {ElapsedMilliseconds}ms"},"Scopes":[{"Message":"SpanId:8c2cbbdd31d471ca, TraceId:588b57b3b1d7beec3eae7998aae33b69, ParentId:ded57f6b334af31a","SpanId":"8c2cbbdd31d471ca","TraceId":"588b57b3b1d7beec3eae7998aae33b69","ParentId":"ded57f6b334af31a"},{"Message":"http.request.method:POST, server.address:127.0.0.1, server.port:36119, url.scheme:http, url.path:/v1/db/protocol_udp/sql, network.protocol.version:1.1","http.request.method":"POST","server.address":"127.0.0.1","server.port":36119,"url.scheme":"http","url.path":"/v1/db/protocol_udp/sql","network.protocol.version":"1.1"},{"Message":"ConnectionId:0HNORJQEKP99S","ConnectionId":"0HNORJQEKP99S"},{"Message":"RequestPath:/v1/db/protocol_udp/sql RequestId:0HNORJQEKP99S:00000002","RequestId":"0HNORJQEKP99S:00000002","RequestPath":"/v1/db/protocol_udp/sql"}]}
{"Timestamp":"2026-09-26T07:21:38.937Z","EventId":1,"LogLevel":"Information","Category":"Microsoft.AspNetCore.Hosting.Diagnostics","Message":"Request starting HTTP/1.1 POST http://127.0.0.1:36119/v1/db/protocol_mqtt/sql - application/json;\u002Bcharset=utf-8 66","State":{"Protocol":"HTTP/1.1","Method":"POST","ContentType":"application/json; charset=utf-8","ContentLength":66,"Scheme":"http","Host":"127.0.0.1:36119","PathBase":"","Path":"/v1/db/protocol_mqtt/sql","QueryString":"","{OriginalFormat}":"Request starting {Protocol} {Method} {Scheme}://{Host}{PathBase}{Path}{QueryString} - {ContentType} {ContentLength}"},"Scopes":[{"Message":"SpanId:85df23b1abab5375, TraceId:4e42e2f56aa2cd6bab509a49d12ee8bc, ParentId:765fa0180022d777","SpanId":"85df23b1abab5375","TraceId":"4e42e2f56aa2cd6bab509a49d12ee8bc","ParentId":"765fa0180022d777"},{"Message":"http.request.method:POST, server.address:127.0.0.1, server.port:36119, url.scheme:http, url.path:/v1/db/protocol_mqtt/sql, network.protocol.version:1.1","http.request.method":"POST","server.address":"127.0.0.1","server.port":36119,"url.scheme":"http","url.path":"/v1/db/protocol_mqtt/sql","network.protocol.version":"1.1"},{"Message":"ConnectionId:0HNORJQEKP99S","ConnectionId":"0HNORJQEKP99S"},{"Message":"RequestPath:/v1/db/protocol_mqtt/sql RequestId:0HNORJQEKP99S:00000003","RequestId":"0HNORJQEKP99S:00000003","RequestPath":"/v1/db/protocol_mqtt/sql"}]}
{"Timestamp":"2026-09-26T07:21:38.937Z","EventId":0,"LogLevel":"Information","Category":"Microsoft.AspNetCore.Routing.EndpointMiddleware","Message":"Executing endpoint \u0027HTTP: POST /v1/db/{db}/sql\u0027","State":{"EndpointName":"HTTP: POST /v1/db/{db}/sql","{OriginalFormat}":"Executing endpoint \u0027{EndpointName}\u0027"},"Scopes":[{"Message":"SpanId:85df23b1abab5375, TraceId:4e42e2f56aa2cd6bab509a49d12ee8bc, ParentId:765fa0180022d777","SpanId":"85df23b1abab5375","TraceId":"4e42e2f56aa2cd6bab509a49d12ee8bc","ParentId":"765fa0180022d777"},{"Message":"http.request.method:POST, server.address:127.0.0.1, server.port:36119, url.scheme:http, url.path:/v1/db/protocol_mqtt/sql, network.protocol.version:1.1","http.request.method":"POST","server.address":"127.0.0.1","server.port":36119,"url.scheme":"http","url.path":"/v1/db/protocol_mqtt/sql","network.protocol.version":"1.1"},{"Message":"ConnectionId:0HNORJQEKP99S","ConnectionId":"0HNORJQEKP99S"},{"Message":"RequestPath:/v1/db/protocol_mqtt/sql RequestId:0HNORJQEKP99S:00000003","RequestId":"0HNORJQEKP99S:00000003","RequestPath":"/v1/db/protocol_mqtt/sql"}]}
{"Timestamp":"2026-09-26T07:21:38.938Z","EventId":1,"LogLevel":"Information","Category":"Microsoft.AspNetCore.Routing.EndpointMiddleware","Message":"Executed endpoint \u0027HTTP: POST /v1/db/{db}/sql\u0027","State":{"EndpointName":"HTTP: POST /v1/db/{db}/sql","{OriginalFormat}":"Executed endpoint \u0027{EndpointName}\u0027"},"Scopes":[{"Message":"SpanId:85df23b1abab5375, TraceId:4e42e2f56aa2cd6bab509a49d12ee8bc, ParentId:765fa0180022d777","SpanId":"85df23b1abab5375","TraceId":"4e42e2f56aa2cd6bab509a49d12ee8bc","ParentId":"765fa0180022d777"},{"Message":"http.request.method:POST, server.address:127.0.0.1, server.port:36119, url.scheme:http, url.path:/v1/db/protocol_mqtt/sql, network.protocol.version:1.1","http.request.method":"POST","server.address":"127.0.0.1","server.port":36119,"url.scheme":"http","url.path":"/v1/db/protocol_mqtt/sql","network.protocol.version":"1.1"},{"Message":"ConnectionId:0HNORJQEKP99S","ConnectionId":"0HNORJQEKP99S"},{"Message":"RequestPath:/v1/db/protocol_mqtt/sql RequestId:0HNORJQEKP99S:00000003","RequestId":"0HNORJQEKP99S:00000003","RequestPath":"/v1/db/protocol_mqtt/sql"}]}
{"Timestamp":"2026-09-26T07:21:38.938Z","EventId":2,"LogLevel":"Information","Category":"Microsoft.AspNetCore.Hosting.Diagnostics","Message":"Request finished HTTP/1.1 POST http://127.0.0.1:36119/v1/db/protocol_mqtt/sql - 200 - application/x-ndjson;\u002Bcharset=utf-8 0.5446ms","State":{"ElapsedMilliseconds":0.5446,"StatusCode":200,"ContentType":"application/x-ndjson; charset=utf-8","ContentLength":null,"Protocol":"HTTP/1.1","Method":"POST","Scheme":"http","Host":"127.0.0.1:36119","PathBase":"","Path":"/v1/db/protocol_mqtt/sql","QueryString":"","{OriginalFormat}":"Request finished {Protocol} {Method} {Scheme}://{Host}{PathBase}{Path}{QueryString} - {StatusCode} {ContentLength} {ContentType} {ElapsedMilliseconds}ms"},"Scopes":[{"Message":"SpanId:85df23b1abab5375, TraceId:4e42e2f56aa2cd6bab509a49d12ee8bc, ParentId:765fa0180022d777","SpanId":"85df23b1abab5375","TraceId":"4e42e2f56aa2cd6bab509a49d12ee8bc","ParentId":"765fa0180022d777"},{"Message":"http.request.method:POST, server.address:127.0.0.1, server.port:36119, url.scheme:http, url.path:/v1/db/protocol_mqtt/sql, network.protocol.version:1.1","http.request.method":"POST","server.address":"127.0.0.1","server.port":36119,"url.scheme":"http","url.path":"/v1/db/protocol_mqtt/sql","network.protocol.version":"1.1"},{"Message":"ConnectionId:0HNORJQEKP99S","ConnectionId":"0HNORJQEKP99S"},{"Message":"RequestPath:/v1/db/protocol_mqtt/sql RequestId:0HNORJQEKP99S:00000003","RequestId":"0HNORJQEKP99S:00000003","RequestPath":"/v1/db/protocol_mqtt/sql"}]}
{"Timestamp":"2026-09-26T07:21:38.938Z","EventId":1,"LogLevel":"Information","Category":"Microsoft.AspNetCore.Hosting.Diagnostics","Message":"Request starting HTTP/1.1 POST http://127.0.0.1:36119/v1/db/protocol_coap/sql - application/json;\u002Bcharset=utf-8 66","State":{"Protocol":"HTTP/1.1","Method":"POST","ContentType":"application/json; charset=utf-8","ContentLength":66,"Scheme":"http","Host":"127.0.0.1:36119","PathBase":"","Path":"/v1/db/protocol_coap/sql","QueryString":"","{OriginalFormat}":"Request starting {Protocol} {Method} {Scheme}://{Host}{PathBase}{Path}{QueryString} - {ContentType} {ContentLength}"},"Scopes":[{"Message":"SpanId:d5f8a9214d02115b, TraceId:f6fdc3f1131381e5cc1f80c3742395d3, ParentId:57f7e58d31f5d942","SpanId":"d5f8a9214d02115b","TraceId":"f6fdc3f1131381e5cc1f80c3742395d3","ParentId":"57f7e58d31f5d942"},{"Message":"http.request.method:POST, server.address:127.0.0.1, server.port:36119, url.scheme:http, url.path:/v1/db/protocol_coap/sql, network.protocol.version:1.1","http.request.method":"POST","server.address":"127.0.0.1","server.port":36119,"url.scheme":"http","url.path":"/v1/db/protocol_coap/sql","network.protocol.version":"1.1"},{"Message":"ConnectionId:0HNORJQEKP99S","ConnectionId":"0HNORJQEKP99S"},{"Message":"RequestPath:/v1/db/protocol_coap/sql RequestId:0HNORJQEKP99S:00000004","RequestId":"0HNORJQEKP99S:00000004","RequestPath":"/v1/db/protocol_coap/sql"}]}
{"Timestamp":"2026-09-26T07:21:38.938Z","EventId":0,"LogLevel":"Information","Category":"Microsoft.AspNetCore.Routing.EndpointMiddleware","Message":"Executing endpoint \u0027HTTP: POST /v1/db/{db}/sql\u0027","State":{"EndpointName":"HTTP: POST /v1/db/{db}/sql","{OriginalFormat}":"Executing endpoint \u0027{EndpointName}\u0027"},"Scopes":[{"Message":"SpanId:d5f8a9214d02115b, TraceId:f6fdc3f1131381e5cc1f80c3742395d3, ParentId:57f7e58d31f5d942","SpanId":"d5f8a9214d02115b","TraceId":"f6fdc3f1131381e5cc1f80c3742395d3","ParentId":"57f7e58d31f5d942"},{"Message":"http.request.method:POST, server.address:127.0.0.1, server.port:36119, url.scheme:http, url.path:/v1/db/protocol_coap/sql, network.protocol.version:1.1","http.request.method":"POST","server.address":"127.0.0.1","server.port":36119,"url.scheme":"http","url.path":"/v1/db/protocol_coap/sql","network.protocol.version":"1.1"},{"Message":"ConnectionId:0HNORJQEKP99S","ConnectionId":"0HNORJQEKP99S"},{"Message":"RequestPath:/v1/db/protocol_coap/sql RequestId:0HNORJQEKP99S:00000004","RequestId":"0HNORJQEKP99S:00000004","RequestPath":"/v1/db/protocol_coap/sql"}]}
{"Timestamp":"2026-09-26T07:21:38.939Z","EventId":1,"LogLevel":"Information","Category":"Microsoft.AspNetCore.Routing.EndpointMiddleware","Message":"Executed endpoint \u0027HTTP: POST /v1/db/{db}/sql\u0027","State":{"EndpointName":"HTTP: POST /v1/db/{db}/sql","{OriginalFormat}":"Executed endpoint \u0027{EndpointName}\u0027"},"Scopes":[{"Message":"SpanId:d5f8a9214d02115b, TraceId:f6fdc3f1131381e5cc1f80c3742395d3, ParentId:57f7e58d31f5d942","SpanId":"d5f8a9214d02115b","TraceId":"f6fdc3f1131381e5cc1f80c3742395d3","ParentId":"57f7e58d31f5d942"},{"Message":"http.request.method:POST, server.address:127.0.0.1, server.port:36119, url.scheme:http, url.path:/v1/db/protocol_coap/sql, network.protocol.version:1.1","http.request.method":"POST","server.address":"127.0.0.1","server.port":36119,"url.scheme":"http","url.path":"/v1/db/protocol_coap/sql","network.protocol.version":"1.1"},{"Message":"ConnectionId:0HNORJQEKP99S","ConnectionId":"0HNORJQEKP99S"},{"Message":"RequestPath:/v1/db/protocol_coap/sql RequestId:0HNORJQEKP99S:00000004","RequestId":"0HNORJQEKP99S:00000004","RequestPath":"/v1/db/protocol_coap/sql"}]}
{"Timestamp":"2026-09-26T07:21:38.939Z","EventId":2,"LogLevel":"Information","Category":"Microsoft.AspNetCore.Hosting.Diagnostics","Message":"Request finished HTTP/1.1 POST http://127.0.0.1:36119/v1/db/protocol_coap/sql - 200 - application/x-ndjson;\u002Bcharset=utf-8 0.4922ms","State":{"ElapsedMilliseconds":0.4922,"StatusCode":200,"ContentType":"application/x-ndjson; charset=utf-8","ContentLength":null,"Protocol":"HTTP/1.1","Method":"POST","Scheme":"http","Host":"127.0.0.1:36119","PathBase":"","Path":"/v1/db/protocol_coap/sql","QueryString":"","{OriginalFormat}":"Request finished {Protocol} {Method} {Scheme}://{Host}{PathBase}{Path}{QueryString} - {StatusCode} {ContentLength} {ContentType} {ElapsedMilliseconds}ms"},"Scopes":[{"Message":"SpanId:d5f8a9214d02115b, TraceId:f6fdc3f1131381e5cc1f80c3742395d3, ParentId:57f7e58d31f5d942","SpanId":"d5f8a9214d02115b","TraceId":"f6fdc3f1131381e5cc1f80c3742395d3","ParentId":"57f7e58d31f5d942"},{"Message":"http.request.method:POST, server.address:127.0.0.1, server.port:36119, url.scheme:http, url.path:/v1/db/protocol_coap/sql, network.protocol.version:1.1","http.request.method":"POST","server.address":"127.0.0.1","server.port":36119,"url.scheme":"http","url.path":"/v1/db/protocol_coap/sql","network.protocol.version":"1.1"},{"Message":"ConnectionId:0HNORJQEKP99S","ConnectionId":"0HNORJQEKP99S"},{"Message":"RequestPath:/v1/db/protocol_coap/sql RequestId:0HNORJQEKP99S:00000004","RequestId":"0HNORJQEKP99S:00000004","RequestPath":"/v1/db/protocol_coap/sql"}]}
{"Timestamp":"2026-09-26T07:21:38.943Z","EventId":0,"LogLevel":"Information","Category":"Microsoft.Hosting.Lifetime","Message":"Application is shutting down...","State":{"{OriginalFormat}":"Application is shutting down..."},"Scopes":[]}
[xUnit.net 00:01:24.79]   Finished:    SonnetDB.Parity
</StdOut>
    </Output>
  </ResultSummary>
</TestRun>