<?xml version="1.0" encoding="utf-8"?>
<TestRun id="1186f36d-baed-40fd-b195-65a8fd579dda" name="@runnervmvrwv9 2026-07-24 05:26:31" xmlns="http://microsoft.com/schemas/VisualStudio/TeamTest/2010">
  <Times creation="2026-07-24T05:26:31.3372012+00:00" queuing="2026-07-24T05:26:31.3372013+00:00" start="2026-07-24T05:26:29.4729070+00:00" finish="2026-07-24T05:27:06.1032229+00:00" />
  <TestSettings name="default" id="917d487e-d68c-4b7e-adef-ac312c3f32cb">
    <Deployment runDeploymentRoot="_runnervmvrwv9_2026-07-24_05_26_31" />
  </TestSettings>
  <Results>
    <UnitTestResult executionId="74e5992c-dc04-4d80-9515-0ad8eebd7b1d" testId="45a94119-4f7f-2202-c475-1c2e4d283298" testName="SonnetDB.Parity.Runner.ResultDifferTests.DiffSqlResults_WithTimeBucketContract_NormalizesWindowStopToBucketStart" computerName="runnervmvrwv9" duration="00:00:00.0006460" startTime="2026-07-24T05:26:30.1695077+00:00" endTime="2026-07-24T05:26:30.1699379+00:00" testType="13cdc9d9-ddb5-4fa4-a97d-d965ccfc6d4b" outcome="Passed" testListId="8c84fa94-04c1-424b-9868-57a2d4851a1d" relativeResultsDirectory="74e5992c-dc04-4d80-9515-0ad8eebd7b1d" />
    <UnitTestResult executionId="44dfbd4f-6457-4abd-8742-151cbdac2fe7" testId="707c162a-e09a-96a2-445c-c45322d5e8e8" testName="SonnetDB.Parity.Runner.ParityRunner.MqSuite_SonnetMqMatchesNatsJetStream" computerName="runnervmvrwv9" duration="00:00:01.0273800" startTime="2026-07-24T05:27:04.2804741+00:00" endTime="2026-07-24T05:27:05.3081021+00:00" testType="13cdc9d9-ddb5-4fa4-a97d-d965ccfc6d4b" outcome="Passed" testListId="8c84fa94-04c1-424b-9868-57a2d4851a1d" relativeResultsDirectory="44dfbd4f-6457-4abd-8742-151cbdac2fe7" />
    <UnitTestResult executionId="6bf51614-e6cb-4b22-86f3-64c0f375448f" testId="b2f087cf-30a2-36dc-426f-7c7c70967bf0" testName="SonnetDB.Parity.Runner.ParityRunner.KvSuite_SonnetDbMatchesRedis" computerName="runnervmvrwv9" duration="00:00:16.1299839" startTime="2026-07-24T05:26:30.0935861+00:00" endTime="2026-07-24T05:26:46.2274760+00:00" testType="13cdc9d9-ddb5-4fa4-a97d-d965ccfc6d4b" outcome="Passed" testListId="8c84fa94-04c1-424b-9868-57a2d4851a1d" relativeResultsDirectory="6bf51614-e6cb-4b22-86f3-64c0f375448f" />
    <UnitTestResult executionId="19825e59-b6c4-4267-a727-3deb9dc974b1" testId="a3dce82f-2060-f755-ba41-589eaef086cf" testName="SonnetDB.Parity.Runner.ParityRunner.RelationalSuite_SonnetDbMatchesPostgres" computerName="runnervmvrwv9" duration="00:00:00.5201982" startTime="2026-07-24T05:27:03.7608355+00:00" endTime="2026-07-24T05:27:04.2802318+00:00" testType="13cdc9d9-ddb5-4fa4-a97d-d965ccfc6d4b" outcome="Passed" testListId="8c84fa94-04c1-424b-9868-57a2d4851a1d" relativeResultsDirectory="19825e59-b6c4-4267-a727-3deb9dc974b1" />
    <UnitTestResult executionId="86417592-987a-4af4-90a6-ac61d22f627f" testId="e7b8d2f1-2350-3ae7-4d72-5c147a8fd3cb" testName="SonnetDB.Parity.Adapters.RelationalResultMaterializerTests.ReadAsync_WithIntegralDecimal_NormalizesToInt64" computerName="runnervmvrwv9" duration="00:00:00.0086225" startTime="2026-07-24T05:26:30.1650073+00:00" endTime="2026-07-24T05:26:30.1651643+00:00" testType="13cdc9d9-ddb5-4fa4-a97d-d965ccfc6d4b" outcome="Passed" testListId="8c84fa94-04c1-424b-9868-57a2d4851a1d" relativeResultsDirectory="86417592-987a-4af4-90a6-ac61d22f627f" />
    <UnitTestResult executionId="b624da3e-2169-47d7-9e01-f351b3d47be9" testId="da0cedfe-ae28-1d5e-524f-235c86149b72" testName="SonnetDB.Parity.Runner.ParityRunner.DocumentSuite_SonnetDbMatchesMongoDbSemantics" computerName="runnervmvrwv9" duration="00:00:01.2908559" startTime="2026-07-24T05:26:46.2280226+00:00" endTime="2026-07-24T05:26:47.5187676+00:00" testType="13cdc9d9-ddb5-4fa4-a97d-d965ccfc6d4b" outcome="Passed" testListId="8c84fa94-04c1-424b-9868-57a2d4851a1d" relativeResultsDirectory="b624da3e-2169-47d7-9e01-f351b3d47be9" />
    <UnitTestResult executionId="5f81ea9f-25ba-4e31-970d-5b55b08b42fd" testId="0c4b18d7-aafc-8287-45d4-75233304d011" testName="SonnetDB.Parity.Runner.ParityRunner.FullTextSuite_SonnetDbMatchesMeilisearch" computerName="runnervmvrwv9" duration="00:00:09.0564902" startTime="2026-07-24T05:26:54.7036850+00:00" endTime="2026-07-24T05:27:03.7596486+00:00" testType="13cdc9d9-ddb5-4fa4-a97d-d965ccfc6d4b" outcome="Failed" testListId="8c84fa94-04c1-424b-9868-57a2d4851a1d" relativeResultsDirectory="5f81ea9f-25ba-4e31-970d-5b55b08b42fd">
      <Output>
        <ErrorInfo>
          <Message>Assert.Empty() Failure: Collection was not empty
Collection: ["meilisearch 场景 index_1m_documents 自检未通过。", "meilisearch 场景 bm25_ranking_top10_overlap 自检未通过。", "meilisearch 场景 cjk_tokenize_correctness 自检未通过。", "meilisearch 场景 facet_filter_query 自检未通过。", "meilisearch 场景 incremental_update_during_query 自检未"···, ···]</Message>
          <StackTrace>   at SonnetDB.Parity.Runner.ParityRunner.FullTextSuite_SonnetDbMatchesMeilisearch() in /home/runner/work/SonnetDB/SonnetDB/tests/SonnetDB.Parity/runner/ParityRunner.cs:line 475
   at SonnetDB.Parity.Runner.ParityRunner.FullTextSuite_SonnetDbMatchesMeilisearch() in /home/runner/work/SonnetDB/SonnetDB/tests/SonnetDB.Parity/runner/ParityRunner.cs:line 475
--- End of stack trace from previous location ---</StackTrace>
        </ErrorInfo>
      </Output>
    </UnitTestResult>
    <UnitTestResult executionId="f6f03bf8-f434-4868-b62b-e654be2b8a18" testId="6cfb7d90-74fc-c7a3-287d-37b4650aa54d" testName="SonnetDB.Parity.Runner.ParityRunner.VectorSuite_SonnetDbMatchesQdrant" computerName="runnervmvrwv9" duration="00:00:01.9748480" startTime="2026-07-24T05:26:52.7283674+00:00" endTime="2026-07-24T05:26:54.7024601+00:00" testType="13cdc9d9-ddb5-4fa4-a97d-d965ccfc6d4b" outcome="Failed" testListId="8c84fa94-04c1-424b-9868-57a2d4851a1d" relativeResultsDirectory="f6f03bf8-f434-4868-b62b-e654be2b8a18">
      <Output>
        <ErrorInfo>
          <Message>Assert.Empty() Failure: Collection was not empty
Collection: ["qdrant 场景 ann_recall_at_10 自检未通过。", "qdrant 场景 filtered_search 自检未通过。", "qdrant 场景 upsert_during_query 自检未通过。"]</Message>
          <StackTrace>   at SonnetDB.Parity.Runner.ParityRunner.VectorSuite_SonnetDbMatchesQdrant() in /home/runner/work/SonnetDB/SonnetDB/tests/SonnetDB.Parity/runner/ParityRunner.cs:line 298
   at SonnetDB.Parity.Runner.ParityRunner.VectorSuite_SonnetDbMatchesQdrant() in /home/runner/work/SonnetDB/SonnetDB/tests/SonnetDB.Parity/runner/ParityRunner.cs:line 298
--- End of stack trace from previous location ---</StackTrace>
        </ErrorInfo>
      </Output>
    </UnitTestResult>
    <UnitTestResult executionId="3f9b1b21-3221-4fb4-b891-85478fabc822" testId="9d48f0d2-2ffa-3aeb-e036-ad27082d0bb4" testName="SonnetDB.Parity.Adapters.RelationalResultMaterializerTests.ReadAsync_WithFractionalDecimal_NormalizesToDouble" computerName="runnervmvrwv9" duration="00:00:00.0538953" startTime="2026-07-24T05:26:30.0915231+00:00" endTime="2026-07-24T05:26:30.1527454+00:00" testType="13cdc9d9-ddb5-4fa4-a97d-d965ccfc6d4b" outcome="Passed" testListId="8c84fa94-04c1-424b-9868-57a2d4851a1d" relativeResultsDirectory="3f9b1b21-3221-4fb4-b891-85478fabc822" />
    <UnitTestResult executionId="4f33e611-d2cc-4b73-97cb-bccdaffc5922" testId="56b0765d-9cc2-4c9e-e01f-ce69614fa9ee" testName="SonnetDB.Parity.Runner.ParityRunner.AnalyticsSuite_SonnetDbMatchesClickHouse" computerName="runnervmvrwv9" duration="00:00:00.3346890" startTime="2026-07-24T05:26:47.5191339+00:00" endTime="2026-07-24T05:26:47.8538941+00:00" testType="13cdc9d9-ddb5-4fa4-a97d-d965ccfc6d4b" outcome="Passed" testListId="8c84fa94-04c1-424b-9868-57a2d4851a1d" relativeResultsDirectory="4f33e611-d2cc-4b73-97cb-bccdaffc5922" />
    <UnitTestResult executionId="157af02b-771b-4c05-92da-4f4d831654af" testId="da7990f2-5dd5-68c9-cd8b-83165d59ca0a" testName="SonnetDB.Parity.Runner.ParityRunner.TsdbSuite_SonnetDbMatchesInfluxDbAndVictoriaMetrics" computerName="runnervmvrwv9" duration="00:00:04.1182964" startTime="2026-07-24T05:26:48.6074584+00:00" endTime="2026-07-24T05:26:52.7269897+00:00" testType="13cdc9d9-ddb5-4fa4-a97d-d965ccfc6d4b" outcome="Failed" testListId="8c84fa94-04c1-424b-9868-57a2d4851a1d" relativeResultsDirectory="157af02b-771b-4c05-92da-4f4d831654af">
      <Output>
        <ErrorInfo>
          <Message>Assert.Empty() Failure: Collection was not empty
Collection: ["victoriametrics TSDB 场景 ingest_1m_points 自检未通过。", "SonnetDB 与 victoriametrics 场景 groupby_time_window "···, "SonnetDB 与 influxdb 场景 derivative_accuracy 结果超出容差："···, "SonnetDB 与 victoriametrics 场景 derivative_accuracy "···, "SonnetDB 与 influxdb 场景 rate_irate_consistency 结果超出"···, ···]</Message>
          <StackTrace>   at SonnetDB.Parity.Runner.ParityRunner.TsdbSuite_SonnetDbMatchesInfluxDbAndVictoriaMetrics() in /home/runner/work/SonnetDB/SonnetDB/tests/SonnetDB.Parity/runner/ParityRunner.cs:line 180
   at SonnetDB.Parity.Runner.ParityRunner.TsdbSuite_SonnetDbMatchesInfluxDbAndVictoriaMetrics() in /home/runner/work/SonnetDB/SonnetDB/tests/SonnetDB.Parity/runner/ParityRunner.cs:line 180
--- End of stack trace from previous location ---</StackTrace>
        </ErrorInfo>
      </Output>
    </UnitTestResult>
    <UnitTestResult executionId="e8e78e20-738c-477a-ad2a-2614f9468fc8" testId="326f18ea-ff47-0d78-2a31-253eef3e3b9d" testName="SonnetDB.Parity.Runner.ResultDifferTests.DiffSqlResults_WithTimeBucketContract_KeepsValueColumnsStrict" computerName="runnervmvrwv9" duration="00:00:00.0038129" startTime="2026-07-24T05:26:30.1680816+00:00" endTime="2026-07-24T05:26:30.1692299+00:00" testType="13cdc9d9-ddb5-4fa4-a97d-d965ccfc6d4b" outcome="Passed" testListId="8c84fa94-04c1-424b-9868-57a2d4851a1d" relativeResultsDirectory="e8e78e20-738c-477a-ad2a-2614f9468fc8" />
    <UnitTestResult executionId="35dced2c-1787-4488-9823-866b4f828733" testId="66e61c5f-c702-a767-f8b5-e32fbd491049" testName="SonnetDB.Parity.Runner.FrameRestTransportParitySuite.FrameHttp2_And_Rest_AreSemanticallyEquivalent_ForAllServices" computerName="runnervmvrwv9" duration="00:00:00.0627662" startTime="2026-07-24T05:26:30.1712071+00:00" endTime="2026-07-24T05:26:32.0946854+00:00" testType="13cdc9d9-ddb5-4fa4-a97d-d965ccfc6d4b" outcome="Failed" testListId="8c84fa94-04c1-424b-9868-57a2d4851a1d" relativeResultsDirectory="35dced2c-1787-4488-9823-866b4f828733">
      <Output>
        <ErrorInfo>
          <Message>SonnetDB.Data.SndbServerException : [200 OK] frame_transport_error: 帧端点连接失败：The HTTP/2 server closed the connection. HTTP/2 error code 'HTTP_1_1_REQUIRED' (0xd). (HttpProtocolError)</Message>
          <StackTrace>   at SonnetDB.Data.Remote.FrameChannel.HandleTransportFailure(String message) in /home/runner/work/SonnetDB/SonnetDB/src/SonnetDB.Data/Remote/FrameChannel.cs:line 113
   at SonnetDB.Data.Remote.FrameChannel.TrySendAsync(ReadOnlyMemory`1 requestFrames, CancellationToken cancellationToken) in /home/runner/work/SonnetDB/SonnetDB/src/SonnetDB.Data/Remote/FrameChannel.cs:line 80
   at SonnetDB.Data.Remote.FrameChannel.SendUnaryAsync(ReadOnlyMemory`1 requestFrame, CancellationToken cancellationToken) in /home/runner/work/SonnetDB/SonnetDB/src/SonnetDB.Data/Remote/FrameChannel.cs:line 92
   at SonnetDB.Data.Mq.SndbMqClient.PublishAsync(String topic, Byte[] payload, IReadOnlyDictionary`2 headers, CancellationToken cancellationToken) in /home/runner/work/SonnetDB/SonnetDB/src/SonnetDB.Data/Mq/SndbMqClient.cs:line 68
   at SonnetDB.Parity.Runner.FrameRestTransportParitySuite.ExerciseMqAsync(String protocol, String topic) in /home/runner/work/SonnetDB/SonnetDB/tests/SonnetDB.Parity/runner/FrameRestTransportParitySuite.cs:line 108
   at SonnetDB.Parity.Runner.FrameRestTransportParitySuite.AssertMqParityAsync() in /home/runner/work/SonnetDB/SonnetDB/tests/SonnetDB.Parity/runner/FrameRestTransportParitySuite.cs:line 96
   at SonnetDB.Parity.Runner.FrameRestTransportParitySuite.FrameHttp2_And_Rest_AreSemanticallyEquivalent_ForAllServices() in /home/runner/work/SonnetDB/SonnetDB/tests/SonnetDB.Parity/runner/FrameRestTransportParitySuite.cs:line 85
--- End of stack trace from previous location ---</StackTrace>
        </ErrorInfo>
      </Output>
    </UnitTestResult>
    <UnitTestResult executionId="71b98498-793f-4b6b-8935-9e6bc12db5db" testId="7a2f4258-eca0-9ab2-de74-b48e51c31b91" testName="SonnetDB.Parity.Runner.ProtocolIngestParitySuite.LineProtocol_HttpUdpMqttAndCoap_ProduceEquivalentRows" computerName="runnervmvrwv9" duration="00:00:00.1717392" startTime="2026-07-24T05:27:05.3093541+00:00" endTime="2026-07-24T05:27:06.0136077+00:00" testType="13cdc9d9-ddb5-4fa4-a97d-d965ccfc6d4b" outcome="Passed" testListId="8c84fa94-04c1-424b-9868-57a2d4851a1d" relativeResultsDirectory="71b98498-793f-4b6b-8935-9e6bc12db5db" />
    <UnitTestResult executionId="13e5d5bf-3392-48fa-98a9-057a6c704eaa" testId="ee07b8ae-2701-101a-fee5-0fb9b5b109b4" testName="SonnetDB.Parity.Runner.ResultDifferTests.DiffSqlResults_WithBucketAlias_AcceptsEquivalentTimeColumnName" computerName="runnervmvrwv9" duration="00:00:00.0002489" startTime="2026-07-24T05:26:30.1702443+00:00" endTime="2026-07-24T05:26:30.1703400+00:00" testType="13cdc9d9-ddb5-4fa4-a97d-d965ccfc6d4b" outcome="Passed" testListId="8c84fa94-04c1-424b-9868-57a2d4851a1d" relativeResultsDirectory="13e5d5bf-3392-48fa-98a9-057a6c704eaa" />
    <UnitTestResult executionId="b44ab03d-88c3-4879-80d6-bb10e324297c" testId="66a88082-7872-fe6d-92d1-1ef9f0689ba7" testName="SonnetDB.Parity.Runner.ParityRunner.ObjectSuite_SonnetDbMatchesMinio" computerName="runnervmvrwv9" duration="00:00:00.7529026" startTime="2026-07-24T05:26:47.8541122+00:00" endTime="2026-07-24T05:26:48.6072374+00:00" testType="13cdc9d9-ddb5-4fa4-a97d-d965ccfc6d4b" outcome="Passed" testListId="8c84fa94-04c1-424b-9868-57a2d4851a1d" relativeResultsDirectory="b44ab03d-88c3-4879-80d6-bb10e324297c" />
    <UnitTestResult executionId="adc3af32-5a06-45bc-b031-31941c8c4de3" testId="acb2f3ab-260f-16f2-daed-19b4d6b5945b" testName="SonnetDB.Parity.Runner.ResultDifferTests.DiffSqlResults_WithTimeBucketContract_NormalizesWindowStopOnEitherSide" computerName="runnervmvrwv9" duration="00:00:00.0002387" startTime="2026-07-24T05:26:30.1706015+00:00" endTime="2026-07-24T05:26:30.1707377+00:00" testType="13cdc9d9-ddb5-4fa4-a97d-d965ccfc6d4b" outcome="Passed" testListId="8c84fa94-04c1-424b-9868-57a2d4851a1d" relativeResultsDirectory="adc3af32-5a06-45bc-b031-31941c8c4de3" />
  </Results>
  <TestDefinitions>
    <UnitTest name="SonnetDB.Parity.Runner.ParityRunner.DocumentSuite_SonnetDbMatchesMongoDbSemantics" storage="/home/runner/work/sonnetdb/sonnetdb/tests/sonnetdb.parity/bin/release/net10.0/sonnetdb.parity.dll" id="da0cedfe-ae28-1d5e-524f-235c86149b72">
      <Execution id="b624da3e-2169-47d7-9e01-f351b3d47be9" />
      <TestMethod codeBase="/home/runner/work/SonnetDB/SonnetDB/tests/SonnetDB.Parity/bin/Release/net10.0/SonnetDB.Parity.dll" adapterTypeName="executor://xunit/VsTestRunner3/netcore/" className="SonnetDB.Parity.Runner.ParityRunner" name="DocumentSuite_SonnetDbMatchesMongoDbSemantics" />
    </UnitTest>
    <UnitTest name="SonnetDB.Parity.Runner.ParityRunner.TsdbSuite_SonnetDbMatchesInfluxDbAndVictoriaMetrics" storage="/home/runner/work/sonnetdb/sonnetdb/tests/sonnetdb.parity/bin/release/net10.0/sonnetdb.parity.dll" id="da7990f2-5dd5-68c9-cd8b-83165d59ca0a">
      <Execution id="157af02b-771b-4c05-92da-4f4d831654af" />
      <TestMethod codeBase="/home/runner/work/SonnetDB/SonnetDB/tests/SonnetDB.Parity/bin/Release/net10.0/SonnetDB.Parity.dll" adapterTypeName="executor://xunit/VsTestRunner3/netcore/" className="SonnetDB.Parity.Runner.ParityRunner" name="TsdbSuite_SonnetDbMatchesInfluxDbAndVictoriaMetrics" />
    </UnitTest>
    <UnitTest name="SonnetDB.Parity.Runner.ParityRunner.RelationalSuite_SonnetDbMatchesPostgres" storage="/home/runner/work/sonnetdb/sonnetdb/tests/sonnetdb.parity/bin/release/net10.0/sonnetdb.parity.dll" id="a3dce82f-2060-f755-ba41-589eaef086cf">
      <Execution id="19825e59-b6c4-4267-a727-3deb9dc974b1" />
      <TestMethod codeBase="/home/runner/work/SonnetDB/SonnetDB/tests/SonnetDB.Parity/bin/Release/net10.0/SonnetDB.Parity.dll" adapterTypeName="executor://xunit/VsTestRunner3/netcore/" className="SonnetDB.Parity.Runner.ParityRunner" name="RelationalSuite_SonnetDbMatchesPostgres" />
    </UnitTest>
    <UnitTest name="SonnetDB.Parity.Adapters.RelationalResultMaterializerTests.ReadAsync_WithIntegralDecimal_NormalizesToInt64" storage="/home/runner/work/sonnetdb/sonnetdb/tests/sonnetdb.parity/bin/release/net10.0/sonnetdb.parity.dll" id="e7b8d2f1-2350-3ae7-4d72-5c147a8fd3cb">
      <Execution id="86417592-987a-4af4-90a6-ac61d22f627f" />
      <TestMethod codeBase="/home/runner/work/SonnetDB/SonnetDB/tests/SonnetDB.Parity/bin/Release/net10.0/SonnetDB.Parity.dll" adapterTypeName="executor://xunit/VsTestRunner3/netcore/" className="SonnetDB.Parity.Adapters.RelationalResultMaterializerTests" name="ReadAsync_WithIntegralDecimal_NormalizesToInt64" />
    </UnitTest>
    <UnitTest name="SonnetDB.Parity.Runner.ProtocolIngestParitySuite.LineProtocol_HttpUdpMqttAndCoap_ProduceEquivalentRows" storage="/home/runner/work/sonnetdb/sonnetdb/tests/sonnetdb.parity/bin/release/net10.0/sonnetdb.parity.dll" id="7a2f4258-eca0-9ab2-de74-b48e51c31b91">
      <Execution id="71b98498-793f-4b6b-8935-9e6bc12db5db" />
      <TestMethod codeBase="/home/runner/work/SonnetDB/SonnetDB/tests/SonnetDB.Parity/bin/Release/net10.0/SonnetDB.Parity.dll" adapterTypeName="executor://xunit/VsTestRunner3/netcore/" className="SonnetDB.Parity.Runner.ProtocolIngestParitySuite" name="LineProtocol_HttpUdpMqttAndCoap_ProduceEquivalentRows" />
    </UnitTest>
    <UnitTest name="SonnetDB.Parity.Runner.FrameRestTransportParitySuite.FrameHttp2_And_Rest_AreSemanticallyEquivalent_ForAllServices" storage="/home/runner/work/sonnetdb/sonnetdb/tests/sonnetdb.parity/bin/release/net10.0/sonnetdb.parity.dll" id="66e61c5f-c702-a767-f8b5-e32fbd491049">
      <Execution id="35dced2c-1787-4488-9823-866b4f828733" />
      <TestMethod codeBase="/home/runner/work/SonnetDB/SonnetDB/tests/SonnetDB.Parity/bin/Release/net10.0/SonnetDB.Parity.dll" adapterTypeName="executor://xunit/VsTestRunner3/netcore/" className="SonnetDB.Parity.Runner.FrameRestTransportParitySuite" name="FrameHttp2_And_Rest_AreSemanticallyEquivalent_ForAllServices" />
    </UnitTest>
    <UnitTest name="SonnetDB.Parity.Runner.ResultDifferTests.DiffSqlResults_WithTimeBucketContract_KeepsValueColumnsStrict" storage="/home/runner/work/sonnetdb/sonnetdb/tests/sonnetdb.parity/bin/release/net10.0/sonnetdb.parity.dll" id="326f18ea-ff47-0d78-2a31-253eef3e3b9d">
      <Execution id="e8e78e20-738c-477a-ad2a-2614f9468fc8" />
      <TestMethod codeBase="/home/runner/work/SonnetDB/SonnetDB/tests/SonnetDB.Parity/bin/Release/net10.0/SonnetDB.Parity.dll" adapterTypeName="executor://xunit/VsTestRunner3/netcore/" className="SonnetDB.Parity.Runner.ResultDifferTests" name="DiffSqlResults_WithTimeBucketContract_KeepsValueColumnsStrict" />
    </UnitTest>
    <UnitTest name="SonnetDB.Parity.Runner.ParityRunner.MqSuite_SonnetMqMatchesNatsJetStream" storage="/home/runner/work/sonnetdb/sonnetdb/tests/sonnetdb.parity/bin/release/net10.0/sonnetdb.parity.dll" id="707c162a-e09a-96a2-445c-c45322d5e8e8">
      <Execution id="44dfbd4f-6457-4abd-8742-151cbdac2fe7" />
      <TestMethod codeBase="/home/runner/work/SonnetDB/SonnetDB/tests/SonnetDB.Parity/bin/Release/net10.0/SonnetDB.Parity.dll" adapterTypeName="executor://xunit/VsTestRunner3/netcore/" className="SonnetDB.Parity.Runner.ParityRunner" name="MqSuite_SonnetMqMatchesNatsJetStream" />
    </UnitTest>
    <UnitTest name="SonnetDB.Parity.Runner.ResultDifferTests.DiffSqlResults_WithTimeBucketContract_NormalizesWindowStopToBucketStart" storage="/home/runner/work/sonnetdb/sonnetdb/tests/sonnetdb.parity/bin/release/net10.0/sonnetdb.parity.dll" id="45a94119-4f7f-2202-c475-1c2e4d283298">
      <Execution id="74e5992c-dc04-4d80-9515-0ad8eebd7b1d" />
      <TestMethod codeBase="/home/runner/work/SonnetDB/SonnetDB/tests/SonnetDB.Parity/bin/Release/net10.0/SonnetDB.Parity.dll" adapterTypeName="executor://xunit/VsTestRunner3/netcore/" className="SonnetDB.Parity.Runner.ResultDifferTests" name="DiffSqlResults_WithTimeBucketContract_NormalizesWindowStopToBucketStart" />
    </UnitTest>
    <UnitTest name="SonnetDB.Parity.Adapters.RelationalResultMaterializerTests.ReadAsync_WithFractionalDecimal_NormalizesToDouble" storage="/home/runner/work/sonnetdb/sonnetdb/tests/sonnetdb.parity/bin/release/net10.0/sonnetdb.parity.dll" id="9d48f0d2-2ffa-3aeb-e036-ad27082d0bb4">
      <Execution id="3f9b1b21-3221-4fb4-b891-85478fabc822" />
      <TestMethod codeBase="/home/runner/work/SonnetDB/SonnetDB/tests/SonnetDB.Parity/bin/Release/net10.0/SonnetDB.Parity.dll" adapterTypeName="executor://xunit/VsTestRunner3/netcore/" className="SonnetDB.Parity.Adapters.RelationalResultMaterializerTests" name="ReadAsync_WithFractionalDecimal_NormalizesToDouble" />
    </UnitTest>
    <UnitTest name="SonnetDB.Parity.Runner.ParityRunner.ObjectSuite_SonnetDbMatchesMinio" storage="/home/runner/work/sonnetdb/sonnetdb/tests/sonnetdb.parity/bin/release/net10.0/sonnetdb.parity.dll" id="66a88082-7872-fe6d-92d1-1ef9f0689ba7">
      <Execution id="b44ab03d-88c3-4879-80d6-bb10e324297c" />
      <TestMethod codeBase="/home/runner/work/SonnetDB/SonnetDB/tests/SonnetDB.Parity/bin/Release/net10.0/SonnetDB.Parity.dll" adapterTypeName="executor://xunit/VsTestRunner3/netcore/" className="SonnetDB.Parity.Runner.ParityRunner" name="ObjectSuite_SonnetDbMatchesMinio" />
    </UnitTest>
    <UnitTest name="SonnetDB.Parity.Runner.ParityRunner.KvSuite_SonnetDbMatchesRedis" storage="/home/runner/work/sonnetdb/sonnetdb/tests/sonnetdb.parity/bin/release/net10.0/sonnetdb.parity.dll" id="b2f087cf-30a2-36dc-426f-7c7c70967bf0">
      <Execution id="6bf51614-e6cb-4b22-86f3-64c0f375448f" />
      <TestMethod codeBase="/home/runner/work/SonnetDB/SonnetDB/tests/SonnetDB.Parity/bin/Release/net10.0/SonnetDB.Parity.dll" adapterTypeName="executor://xunit/VsTestRunner3/netcore/" className="SonnetDB.Parity.Runner.ParityRunner" name="KvSuite_SonnetDbMatchesRedis" />
    </UnitTest>
    <UnitTest name="SonnetDB.Parity.Runner.ParityRunner.FullTextSuite_SonnetDbMatchesMeilisearch" storage="/home/runner/work/sonnetdb/sonnetdb/tests/sonnetdb.parity/bin/release/net10.0/sonnetdb.parity.dll" id="0c4b18d7-aafc-8287-45d4-75233304d011">
      <Execution id="5f81ea9f-25ba-4e31-970d-5b55b08b42fd" />
      <TestMethod codeBase="/home/runner/work/SonnetDB/SonnetDB/tests/SonnetDB.Parity/bin/Release/net10.0/SonnetDB.Parity.dll" adapterTypeName="executor://xunit/VsTestRunner3/netcore/" className="SonnetDB.Parity.Runner.ParityRunner" name="FullTextSuite_SonnetDbMatchesMeilisearch" />
    </UnitTest>
    <UnitTest name="SonnetDB.Parity.Runner.ParityRunner.AnalyticsSuite_SonnetDbMatchesClickHouse" storage="/home/runner/work/sonnetdb/sonnetdb/tests/sonnetdb.parity/bin/release/net10.0/sonnetdb.parity.dll" id="56b0765d-9cc2-4c9e-e01f-ce69614fa9ee">
      <Execution id="4f33e611-d2cc-4b73-97cb-bccdaffc5922" />
      <TestMethod codeBase="/home/runner/work/SonnetDB/SonnetDB/tests/SonnetDB.Parity/bin/Release/net10.0/SonnetDB.Parity.dll" adapterTypeName="executor://xunit/VsTestRunner3/netcore/" className="SonnetDB.Parity.Runner.ParityRunner" name="AnalyticsSuite_SonnetDbMatchesClickHouse" />
    </UnitTest>
    <UnitTest name="SonnetDB.Parity.Runner.ResultDifferTests.DiffSqlResults_WithTimeBucketContract_NormalizesWindowStopOnEitherSide" storage="/home/runner/work/sonnetdb/sonnetdb/tests/sonnetdb.parity/bin/release/net10.0/sonnetdb.parity.dll" id="acb2f3ab-260f-16f2-daed-19b4d6b5945b">
      <Execution id="adc3af32-5a06-45bc-b031-31941c8c4de3" />
      <TestMethod codeBase="/home/runner/work/SonnetDB/SonnetDB/tests/SonnetDB.Parity/bin/Release/net10.0/SonnetDB.Parity.dll" adapterTypeName="executor://xunit/VsTestRunner3/netcore/" className="SonnetDB.Parity.Runner.ResultDifferTests" name="DiffSqlResults_WithTimeBucketContract_NormalizesWindowStopOnEitherSide" />
    </UnitTest>
    <UnitTest name="SonnetDB.Parity.Runner.ResultDifferTests.DiffSqlResults_WithBucketAlias_AcceptsEquivalentTimeColumnName" storage="/home/runner/work/sonnetdb/sonnetdb/tests/sonnetdb.parity/bin/release/net10.0/sonnetdb.parity.dll" id="ee07b8ae-2701-101a-fee5-0fb9b5b109b4">
      <Execution id="13e5d5bf-3392-48fa-98a9-057a6c704eaa" />
      <TestMethod codeBase="/home/runner/work/SonnetDB/SonnetDB/tests/SonnetDB.Parity/bin/Release/net10.0/SonnetDB.Parity.dll" adapterTypeName="executor://xunit/VsTestRunner3/netcore/" className="SonnetDB.Parity.Runner.ResultDifferTests" name="DiffSqlResults_WithBucketAlias_AcceptsEquivalentTimeColumnName" />
    </UnitTest>
    <UnitTest name="SonnetDB.Parity.Runner.ParityRunner.VectorSuite_SonnetDbMatchesQdrant" storage="/home/runner/work/sonnetdb/sonnetdb/tests/sonnetdb.parity/bin/release/net10.0/sonnetdb.parity.dll" id="6cfb7d90-74fc-c7a3-287d-37b4650aa54d">
      <Execution id="f6f03bf8-f434-4868-b62b-e654be2b8a18" />
      <TestMethod codeBase="/home/runner/work/SonnetDB/SonnetDB/tests/SonnetDB.Parity/bin/Release/net10.0/SonnetDB.Parity.dll" adapterTypeName="executor://xunit/VsTestRunner3/netcore/" className="SonnetDB.Parity.Runner.ParityRunner" name="VectorSuite_SonnetDbMatchesQdrant" />
    </UnitTest>
  </TestDefinitions>
  <TestEntries>
    <TestEntry testId="45a94119-4f7f-2202-c475-1c2e4d283298" executionId="74e5992c-dc04-4d80-9515-0ad8eebd7b1d" testListId="8c84fa94-04c1-424b-9868-57a2d4851a1d" />
    <TestEntry testId="707c162a-e09a-96a2-445c-c45322d5e8e8" executionId="44dfbd4f-6457-4abd-8742-151cbdac2fe7" testListId="8c84fa94-04c1-424b-9868-57a2d4851a1d" />
    <TestEntry testId="b2f087cf-30a2-36dc-426f-7c7c70967bf0" executionId="6bf51614-e6cb-4b22-86f3-64c0f375448f" testListId="8c84fa94-04c1-424b-9868-57a2d4851a1d" />
    <TestEntry testId="a3dce82f-2060-f755-ba41-589eaef086cf" executionId="19825e59-b6c4-4267-a727-3deb9dc974b1" testListId="8c84fa94-04c1-424b-9868-57a2d4851a1d" />
    <TestEntry testId="e7b8d2f1-2350-3ae7-4d72-5c147a8fd3cb" executionId="86417592-987a-4af4-90a6-ac61d22f627f" testListId="8c84fa94-04c1-424b-9868-57a2d4851a1d" />
    <TestEntry testId="da0cedfe-ae28-1d5e-524f-235c86149b72" executionId="b624da3e-2169-47d7-9e01-f351b3d47be9" testListId="8c84fa94-04c1-424b-9868-57a2d4851a1d" />
    <TestEntry testId="0c4b18d7-aafc-8287-45d4-75233304d011" executionId="5f81ea9f-25ba-4e31-970d-5b55b08b42fd" testListId="8c84fa94-04c1-424b-9868-57a2d4851a1d" />
    <TestEntry testId="6cfb7d90-74fc-c7a3-287d-37b4650aa54d" executionId="f6f03bf8-f434-4868-b62b-e654be2b8a18" testListId="8c84fa94-04c1-424b-9868-57a2d4851a1d" />
    <TestEntry testId="9d48f0d2-2ffa-3aeb-e036-ad27082d0bb4" executionId="3f9b1b21-3221-4fb4-b891-85478fabc822" testListId="8c84fa94-04c1-424b-9868-57a2d4851a1d" />
    <TestEntry testId="56b0765d-9cc2-4c9e-e01f-ce69614fa9ee" executionId="4f33e611-d2cc-4b73-97cb-bccdaffc5922" testListId="8c84fa94-04c1-424b-9868-57a2d4851a1d" />
    <TestEntry testId="da7990f2-5dd5-68c9-cd8b-83165d59ca0a" executionId="157af02b-771b-4c05-92da-4f4d831654af" testListId="8c84fa94-04c1-424b-9868-57a2d4851a1d" />
    <TestEntry testId="326f18ea-ff47-0d78-2a31-253eef3e3b9d" executionId="e8e78e20-738c-477a-ad2a-2614f9468fc8" testListId="8c84fa94-04c1-424b-9868-57a2d4851a1d" />
    <TestEntry testId="66e61c5f-c702-a767-f8b5-e32fbd491049" executionId="35dced2c-1787-4488-9823-866b4f828733" testListId="8c84fa94-04c1-424b-9868-57a2d4851a1d" />
    <TestEntry testId="7a2f4258-eca0-9ab2-de74-b48e51c31b91" executionId="71b98498-793f-4b6b-8935-9e6bc12db5db" testListId="8c84fa94-04c1-424b-9868-57a2d4851a1d" />
    <TestEntry testId="ee07b8ae-2701-101a-fee5-0fb9b5b109b4" executionId="13e5d5bf-3392-48fa-98a9-057a6c704eaa" testListId="8c84fa94-04c1-424b-9868-57a2d4851a1d" />
    <TestEntry testId="66a88082-7872-fe6d-92d1-1ef9f0689ba7" executionId="b44ab03d-88c3-4879-80d6-bb10e324297c" testListId="8c84fa94-04c1-424b-9868-57a2d4851a1d" />
    <TestEntry testId="acb2f3ab-260f-16f2-daed-19b4d6b5945b" executionId="adc3af32-5a06-45bc-b031-31941c8c4de3" testListId="8c84fa94-04c1-424b-9868-57a2d4851a1d" />
  </TestEntries>
  <TestLists>
    <TestList name="Results Not in a List" id="8c84fa94-04c1-424b-9868-57a2d4851a1d" />
    <TestList name="All Loaded Results" id="19431567-8539-422a-85d7-44ee4e166bda" />
  </TestLists>
  <ResultSummary outcome="Failed">
    <Counters total="17" executed="17" passed="13" failed="4" error="0" timeout="0" aborted="0" inconclusive="0" passedButRunAborted="0" notRunnable="0" notExecuted="0" disconnected="0" warning="0" completed="0" inProgress="0" pending="0" />
    <Output>
      <StdOut>[xUnit.net 00:00:00.00] xUnit.net VSTest Adapter v3.1.5+1b188a7b0a (64-bit .NET 10.0.10)
[xUnit.net 00:00:00.13]   Discovering: SonnetDB.Parity
[xUnit.net 00:00:00.19]   Discovered:  SonnetDB.Parity
[xUnit.net 00:00:00.21]   Starting:    SonnetDB.Parity
{"Timestamp":"2026-07-24T05:26:31.490Z","EventId":14,"LogLevel":"Information","Category":"Microsoft.Hosting.Lifetime","Message":"Now listening on: http://127.0.0.1:37213","State":{"address":"http://127.0.0.1:37213","{OriginalFormat}":"Now listening on: {address}"},"Scopes":[]}
{"Timestamp":"2026-07-24T05:26:31.494Z","EventId":0,"LogLevel":"Information","Category":"Microsoft.Hosting.Lifetime","Message":"Application started. Press Ctrl\u002BC to shut down.","State":{"{OriginalFormat}":"Application started. Press Ctrl\u002BC to shut down."},"Scopes":[]}
{"Timestamp":"2026-07-24T05:26:31.494Z","EventId":0,"LogLevel":"Information","Category":"Microsoft.Hosting.Lifetime","Message":"Hosting environment: Production","State":{"EnvName":"Production","{OriginalFormat}":"Hosting environment: {EnvName}"},"Scopes":[]}
{"Timestamp":"2026-07-24T05:26:31.494Z","EventId":0,"LogLevel":"Information","Category":"Microsoft.Hosting.Lifetime","Message":"Content root path: /tmp/sonnetdb-parity-host-b3f288772a31438e94e72c77b8bd68ac","State":{"ContentRoot":"/tmp/sonnetdb-parity-host-b3f288772a31438e94e72c77b8bd68ac","{OriginalFormat}":"Content root path: {ContentRoot}"},"Scopes":[]}
{"Timestamp":"2026-07-24T05:26:31.586Z","EventId":1,"LogLevel":"Information","Category":"Microsoft.AspNetCore.Hosting.Diagnostics","Message":"Request starting HTTP/1.1 POST http://127.0.0.1:37213/v1/db - application/json;\u002Bcharset=utf-8 27","State":{"Protocol":"HTTP/1.1","Method":"POST","ContentType":"application/json; charset=utf-8","ContentLength":27,"Scheme":"http","Host":"127.0.0.1:37213","PathBase":"","Path":"/v1/db","QueryString":"","{OriginalFormat}":"Request starting {Protocol} {Method} {Scheme}://{Host}{PathBase}{Path}{QueryString} - {ContentType} {ContentLength}"},"Scopes":[{"Message":"SpanId:c1b5fa920d963c3b, TraceId:7108c915ad06fc06e18ed1f089d27180, ParentId:5a15a124e757a2e1","SpanId":"c1b5fa920d963c3b","TraceId":"7108c915ad06fc06e18ed1f089d27180","ParentId":"5a15a124e757a2e1"},{"Message":"http.request.method:POST, server.address:127.0.0.1, server.port:37213, url.scheme:http, url.path:/v1/db, network.protocol.version:1.1","http.request.method":"POST","server.address":"127.0.0.1","server.port":37213,"url.scheme":"http","url.path":"/v1/db","network.protocol.version":"1.1"},{"Message":"ConnectionId:0HNN98GFB6NR1","ConnectionId":"0HNN98GFB6NR1"},{"Message":"RequestPath:/v1/db RequestId:0HNN98GFB6NR1:00000001","RequestId":"0HNN98GFB6NR1:00000001","RequestPath":"/v1/db"}]}
{"Timestamp":"2026-07-24T05:26:31.655Z","EventId":0,"LogLevel":"Information","Category":"Microsoft.AspNetCore.Routing.EndpointMiddleware","Message":"Executing endpoint \u0027HTTP: POST /v1/db\u0027","State":{"EndpointName":"HTTP: POST /v1/db","{OriginalFormat}":"Executing endpoint \u0027{EndpointName}\u0027"},"Scopes":[{"Message":"SpanId:c1b5fa920d963c3b, TraceId:7108c915ad06fc06e18ed1f089d27180, ParentId:5a15a124e757a2e1","SpanId":"c1b5fa920d963c3b","TraceId":"7108c915ad06fc06e18ed1f089d27180","ParentId":"5a15a124e757a2e1"},{"Message":"http.request.method:POST, server.address:127.0.0.1, server.port:37213, url.scheme:http, url.path:/v1/db, network.protocol.version:1.1","http.request.method":"POST","server.address":"127.0.0.1","server.port":37213,"url.scheme":"http","url.path":"/v1/db","network.protocol.version":"1.1"},{"Message":"ConnectionId:0HNN98GFB6NR1","ConnectionId":"0HNN98GFB6NR1"},{"Message":"RequestPath:/v1/db RequestId:0HNN98GFB6NR1:00000001","RequestId":"0HNN98GFB6NR1:00000001","RequestPath":"/v1/db"}]}
{"Timestamp":"2026-07-24T05:26:31.688Z","EventId":1,"LogLevel":"Information","Category":"Microsoft.AspNetCore.Http.Result.JsonResult","Message":"Setting HTTP status code 201.","State":{"StatusCode":201,"{OriginalFormat}":"Setting HTTP status code {StatusCode}."},"Scopes":[{"Message":"SpanId:c1b5fa920d963c3b, TraceId:7108c915ad06fc06e18ed1f089d27180, ParentId:5a15a124e757a2e1","SpanId":"c1b5fa920d963c3b","TraceId":"7108c915ad06fc06e18ed1f089d27180","ParentId":"5a15a124e757a2e1"},{"Message":"http.request.method:POST, server.address:127.0.0.1, server.port:37213, url.scheme:http, url.path:/v1/db, network.protocol.version:1.1","http.request.method":"POST","server.address":"127.0.0.1","server.port":37213,"url.scheme":"http","url.path":"/v1/db","network.protocol.version":"1.1"},{"Message":"ConnectionId:0HNN98GFB6NR1","ConnectionId":"0HNN98GFB6NR1"},{"Message":"RequestPath:/v1/db RequestId:0HNN98GFB6NR1:00000001","RequestId":"0HNN98GFB6NR1:00000001","RequestPath":"/v1/db"}]}
{"Timestamp":"2026-07-24T05:26:31.690Z","EventId":3,"LogLevel":"Information","Category":"Microsoft.AspNetCore.Http.Result.JsonResult","Message":"Writing value of type \u0027DatabaseOperationResponse\u0027 as Json.","State":{"Type":"DatabaseOperationResponse","{OriginalFormat}":"Writing value of type \u0027{Type}\u0027 as Json."},"Scopes":[{"Message":"SpanId:c1b5fa920d963c3b, TraceId:7108c915ad06fc06e18ed1f089d27180, ParentId:5a15a124e757a2e1","SpanId":"c1b5fa920d963c3b","TraceId":"7108c915ad06fc06e18ed1f089d27180","ParentId":"5a15a124e757a2e1"},{"Message":"http.request.method:POST, server.address:127.0.0.1, server.port:37213, url.scheme:http, url.path:/v1/db, network.protocol.version:1.1","http.request.method":"POST","server.address":"127.0.0.1","server.port":37213,"url.scheme":"http","url.path":"/v1/db","network.protocol.version":"1.1"},{"Message":"ConnectionId:0HNN98GFB6NR1","ConnectionId":"0HNN98GFB6NR1"},{"Message":"RequestPath:/v1/db RequestId:0HNN98GFB6NR1:00000001","RequestId":"0HNN98GFB6NR1:00000001","RequestPath":"/v1/db"}]}
{"Timestamp":"2026-07-24T05:26:31.703Z","EventId":1,"LogLevel":"Information","Category":"Microsoft.AspNetCore.Routing.EndpointMiddleware","Message":"Executed endpoint \u0027HTTP: POST /v1/db\u0027","State":{"EndpointName":"HTTP: POST /v1/db","{OriginalFormat}":"Executed endpoint \u0027{EndpointName}\u0027"},"Scopes":[{"Message":"SpanId:c1b5fa920d963c3b, TraceId:7108c915ad06fc06e18ed1f089d27180, ParentId:5a15a124e757a2e1","SpanId":"c1b5fa920d963c3b","TraceId":"7108c915ad06fc06e18ed1f089d27180","ParentId":"5a15a124e757a2e1"},{"Message":"http.request.method:POST, server.address:127.0.0.1, server.port:37213, url.scheme:http, url.path:/v1/db, network.protocol.version:1.1","http.request.method":"POST","server.address":"127.0.0.1","server.port":37213,"url.scheme":"http","url.path":"/v1/db","network.protocol.version":"1.1"},{"Message":"ConnectionId:0HNN98GFB6NR1","ConnectionId":"0HNN98GFB6NR1"},{"Message":"RequestPath:/v1/db RequestId:0HNN98GFB6NR1:00000001","RequestId":"0HNN98GFB6NR1:00000001","RequestPath":"/v1/db"}]}
{"Timestamp":"2026-07-24T05:26:31.705Z","EventId":2,"LogLevel":"Information","Category":"Microsoft.AspNetCore.Hosting.Diagnostics","Message":"Request finished HTTP/1.1 POST http://127.0.0.1:37213/v1/db - 201 - application/json;\u002Bcharset=utf-8 119.9796ms","State":{"ElapsedMilliseconds":119.9796,"StatusCode":201,"ContentType":"application/json; charset=utf-8","ContentLength":null,"Protocol":"HTTP/1.1","Method":"POST","Scheme":"http","Host":"127.0.0.1:37213","PathBase":"","Path":"/v1/db","QueryString":"","{OriginalFormat}":"Request finished {Protocol} {Method} {Scheme}://{Host}{PathBase}{Path}{QueryString} - {StatusCode} {ContentLength} {ContentType} {ElapsedMilliseconds}ms"},"Scopes":[{"Message":"SpanId:c1b5fa920d963c3b, TraceId:7108c915ad06fc06e18ed1f089d27180, ParentId:5a15a124e757a2e1","SpanId":"c1b5fa920d963c3b","TraceId":"7108c915ad06fc06e18ed1f089d27180","ParentId":"5a15a124e757a2e1"},{"Message":"http.request.method:POST, server.address:127.0.0.1, server.port:37213, url.scheme:http, url.path:/v1/db, network.protocol.version:1.1","http.request.method":"POST","server.address":"127.0.0.1","server.port":37213,"url.scheme":"http","url.path":"/v1/db","network.protocol.version":"1.1"},{"Message":"ConnectionId:0HNN98GFB6NR1","ConnectionId":"0HNN98GFB6NR1"},{"Message":"RequestPath:/v1/db RequestId:0HNN98GFB6NR1:00000001","RequestId":"0HNN98GFB6NR1:00000001","RequestPath":"/v1/db"}]}
{"Timestamp":"2026-07-24T05:26:31.779Z","EventId":0,"LogLevel":"Information","Category":"Microsoft.Hosting.Lifetime","Message":"Application is shutting down...","State":{"{OriginalFormat}":"Application is shutting down..."},"Scopes":[]}
[xUnit.net 00:00:02.26]       SonnetDB.Data.SndbServerException : [200 OK] frame_transport_error: 帧端点连接失败：The HTTP/2 server closed the connection. HTTP/2 error code 'HTTP_1_1_REQUIRED' (0xd). (HttpProtocolError)
[xUnit.net 00:00:02.26]       Stack Trace:
[xUnit.net 00:00:02.26]         /home/runner/work/SonnetDB/SonnetDB/src/SonnetDB.Data/Remote/FrameChannel.cs(113,0): at SonnetDB.Data.Remote.FrameChannel.HandleTransportFailure(String message)
[xUnit.net 00:00:02.26]         /home/runner/work/SonnetDB/SonnetDB/src/SonnetDB.Data/Remote/FrameChannel.cs(80,0): at SonnetDB.Data.Remote.FrameChannel.TrySendAsync(ReadOnlyMemory`1 requestFrames, CancellationToken cancellationToken)
[xUnit.net 00:00:02.26]         /home/runner/work/SonnetDB/SonnetDB/src/SonnetDB.Data/Remote/FrameChannel.cs(92,0): at SonnetDB.Data.Remote.FrameChannel.SendUnaryAsync(ReadOnlyMemory`1 requestFrame, CancellationToken cancellationToken)
[xUnit.net 00:00:02.26]         /home/runner/work/SonnetDB/SonnetDB/src/SonnetDB.Data/Mq/SndbMqClient.cs(68,0): at SonnetDB.Data.Mq.SndbMqClient.PublishAsync(String topic, Byte[] payload, IReadOnlyDictionary`2 headers, CancellationToken cancellationToken)
[xUnit.net 00:00:02.26]         /home/runner/work/SonnetDB/SonnetDB/tests/SonnetDB.Parity/runner/FrameRestTransportParitySuite.cs(108,0): at SonnetDB.Parity.Runner.FrameRestTransportParitySuite.ExerciseMqAsync(String protocol, String topic)
[xUnit.net 00:00:02.26]         /home/runner/work/SonnetDB/SonnetDB/tests/SonnetDB.Parity/runner/FrameRestTransportParitySuite.cs(96,0): at SonnetDB.Parity.Runner.FrameRestTransportParitySuite.AssertMqParityAsync()
[xUnit.net 00:00:02.26]         /home/runner/work/SonnetDB/SonnetDB/tests/SonnetDB.Parity/runner/FrameRestTransportParitySuite.cs(85,0): at SonnetDB.Parity.Runner.FrameRestTransportParitySuite.FrameHttp2_And_Rest_AreSemanticallyEquivalent_ForAllServices()
[xUnit.net 00:00:02.26]         --- End of stack trace from previous location ---
[xUnit.net 00:00:22.88]       Assert.Empty() Failure: Collection was not empty
[xUnit.net 00:00:22.88]       Collection: ["victoriametrics TSDB 场景 ingest_1m_points 自检未通过。", "SonnetDB 与 victoriametrics 场景 groupby_time_window "···, "SonnetDB 与 influxdb 场景 derivative_accuracy 结果超出容差："···, "SonnetDB 与 victoriametrics 场景 derivative_accuracy "···, "SonnetDB 与 influxdb 场景 rate_irate_consistency 结果超出"···, ···]
[xUnit.net 00:00:22.88]       Stack Trace:
[xUnit.net 00:00:22.88]         /home/runner/work/SonnetDB/SonnetDB/tests/SonnetDB.Parity/runner/ParityRunner.cs(180,0): at SonnetDB.Parity.Runner.ParityRunner.TsdbSuite_SonnetDbMatchesInfluxDbAndVictoriaMetrics()
[xUnit.net 00:00:22.88]         /home/runner/work/SonnetDB/SonnetDB/tests/SonnetDB.Parity/runner/ParityRunner.cs(180,0): at SonnetDB.Parity.Runner.ParityRunner.TsdbSuite_SonnetDbMatchesInfluxDbAndVictoriaMetrics()
[xUnit.net 00:00:22.88]         --- End of stack trace from previous location ---
[xUnit.net 00:00:24.86]       Assert.Empty() Failure: Collection was not empty
[xUnit.net 00:00:24.86]       Collection: ["qdrant 场景 ann_recall_at_10 自检未通过。", "qdrant 场景 filtered_search 自检未通过。", "qdrant 场景 upsert_during_query 自检未通过。"]
[xUnit.net 00:00:24.86]       Stack Trace:
[xUnit.net 00:00:24.86]         /home/runner/work/SonnetDB/SonnetDB/tests/SonnetDB.Parity/runner/ParityRunner.cs(298,0): at SonnetDB.Parity.Runner.ParityRunner.VectorSuite_SonnetDbMatchesQdrant()
[xUnit.net 00:00:24.86]         /home/runner/work/SonnetDB/SonnetDB/tests/SonnetDB.Parity/runner/ParityRunner.cs(298,0): at SonnetDB.Parity.Runner.ParityRunner.VectorSuite_SonnetDbMatchesQdrant()
[xUnit.net 00:00:24.86]         --- End of stack trace from previous location ---
[xUnit.net 00:00:33.92]       Assert.Empty() Failure: Collection was not empty
[xUnit.net 00:00:33.92]       Collection: ["meilisearch 场景 index_1m_documents 自检未通过。", "meilisearch 场景 bm25_ranking_top10_overlap 自检未通过。", "meilisearch 场景 cjk_tokenize_correctness 自检未通过。", "meilisearch 场景 facet_filter_query 自检未通过。", "meilisearch 场景 incremental_update_during_query 自检未"···, ···]
[xUnit.net 00:00:33.92]       Stack Trace:
[xUnit.net 00:00:33.92]         /home/runner/work/SonnetDB/SonnetDB/tests/SonnetDB.Parity/runner/ParityRunner.cs(475,0): at SonnetDB.Parity.Runner.ParityRunner.FullTextSuite_SonnetDbMatchesMeilisearch()
[xUnit.net 00:00:33.92]         /home/runner/work/SonnetDB/SonnetDB/tests/SonnetDB.Parity/runner/ParityRunner.cs(475,0): at SonnetDB.Parity.Runner.ParityRunner.FullTextSuite_SonnetDbMatchesMeilisearch()
[xUnit.net 00:00:33.92]         --- End of stack trace from previous location ---
{"Timestamp":"2026-07-24T05:27:05.382Z","EventId":0,"LogLevel":"Information","Category":"SonnetDB.Coap","Message":"CoAP \u660E\u6587 UDP \u76D1\u542C\u5DF2\u542F\u7528\uFF1A0.0.0.0:38594","State":{"Port":38594,"{OriginalFormat}":"CoAP \u660E\u6587 UDP \u76D1\u542C\u5DF2\u542F\u7528\uFF1A0.0.0.0:{Port}"},"Scopes":[]}
{"Timestamp":"2026-07-24T05:27:05.449Z","EventId":14,"LogLevel":"Information","Category":"Microsoft.Hosting.Lifetime","Message":"Now listening on: http://[::]:37237","State":{"address":"http://[::]:37237","{OriginalFormat}":"Now listening on: {address}"},"Scopes":[]}
{"Timestamp":"2026-07-24T05:27:05.449Z","EventId":14,"LogLevel":"Information","Category":"Microsoft.Hosting.Lifetime","Message":"Now listening on: http://127.0.0.1:34663","State":{"address":"http://127.0.0.1:34663","{OriginalFormat}":"Now listening on: {address}"},"Scopes":[]}
{"Timestamp":"2026-07-24T05:27:05.449Z","EventId":1012,"LogLevel":"Information","Category":"SonnetDB.LineProtocolUdp.LineProtocolUdpListenerService","Message":"Line Protocol UDP \u76D1\u542C\u5DF2\u542F\u7528\uFF1A0.0.0.0:44718 -\u003E database \u0027protocol_udp\u0027\uFF0C\u65E0\u9274\u6743/\u65E0 ack\uFF0C\u4EC5\u9650\u53EF\u4FE1\u5185\u7F51","State":{"Port":44718,"Database":"protocol_udp","{OriginalFormat}":"Line Protocol UDP \u76D1\u542C\u5DF2\u542F\u7528\uFF1A0.0.0.0:{Port} -\u003E database \u0027{Database}\u0027\uFF0C\u65E0\u9274\u6743/\u65E0 ack\uFF0C\u4EC5\u9650\u53EF\u4FE1\u5185\u7F51"},"Scopes":[]}
{"Timestamp":"2026-07-24T05:27:05.455Z","EventId":0,"LogLevel":"Information","Category":"Microsoft.Hosting.Lifetime","Message":"Application started. Press Ctrl\u002BC to shut down.","State":{"{OriginalFormat}":"Application started. Press Ctrl\u002BC to shut down."},"Scopes":[]}
{"Timestamp":"2026-07-24T05:27:05.455Z","EventId":0,"LogLevel":"Information","Category":"Microsoft.Hosting.Lifetime","Message":"Hosting environment: Production","State":{"EnvName":"Production","{OriginalFormat}":"Hosting environment: {EnvName}"},"Scopes":[]}
{"Timestamp":"2026-07-24T05:27:05.455Z","EventId":0,"LogLevel":"Information","Category":"Microsoft.Hosting.Lifetime","Message":"Content root path: /tmp/sndb-protocol-parity-host-3497490683df4a43aa31d6332a8b53aa","State":{"ContentRoot":"/tmp/sndb-protocol-parity-host-3497490683df4a43aa31d6332a8b53aa","{OriginalFormat}":"Content root path: {ContentRoot}"},"Scopes":[]}
{"Timestamp":"2026-07-24T05:27:05.465Z","EventId":1,"LogLevel":"Information","Category":"Microsoft.AspNetCore.Hosting.Diagnostics","Message":"Request starting HTTP/1.1 GET http://127.0.0.1:34663/healthz - - -","State":{"Protocol":"HTTP/1.1","Method":"GET","ContentType":null,"ContentLength":null,"Scheme":"http","Host":"127.0.0.1:34663","PathBase":"","Path":"/healthz","QueryString":"","{OriginalFormat}":"Request starting {Protocol} {Method} {Scheme}://{Host}{PathBase}{Path}{QueryString} - {ContentType} {ContentLength}"},"Scopes":[{"Message":"SpanId:29a50c471071ff7d, TraceId:e154212258cea464e6dd50352b2a69e6, ParentId:97e62f7fe5df8f60","SpanId":"29a50c471071ff7d","TraceId":"e154212258cea464e6dd50352b2a69e6","ParentId":"97e62f7fe5df8f60"},{"Message":"http.request.method:GET, server.address:127.0.0.1, server.port:34663, url.scheme:http, url.path:/healthz, network.protocol.version:1.1","http.request.method":"GET","server.address":"127.0.0.1","server.port":34663,"url.scheme":"http","url.path":"/healthz","network.protocol.version":"1.1"},{"Message":"ConnectionId:0HNN98GFB6NR4","ConnectionId":"0HNN98GFB6NR4"},{"Message":"RequestPath:/healthz RequestId:0HNN98GFB6NR4:00000001","RequestId":"0HNN98GFB6NR4:00000001","RequestPath":"/healthz"}]}
{"Timestamp":"2026-07-24T05:27:05.470Z","EventId":0,"LogLevel":"Information","Category":"Microsoft.AspNetCore.Routing.EndpointMiddleware","Message":"Executing endpoint \u0027HTTP: GET /healthz\u0027","State":{"EndpointName":"HTTP: GET /healthz","{OriginalFormat}":"Executing endpoint \u0027{EndpointName}\u0027"},"Scopes":[{"Message":"SpanId:29a50c471071ff7d, TraceId:e154212258cea464e6dd50352b2a69e6, ParentId:97e62f7fe5df8f60","SpanId":"29a50c471071ff7d","TraceId":"e154212258cea464e6dd50352b2a69e6","ParentId":"97e62f7fe5df8f60"},{"Message":"http.request.method:GET, server.address:127.0.0.1, server.port:34663, url.scheme:http, url.path:/healthz, network.protocol.version:1.1","http.request.method":"GET","server.address":"127.0.0.1","server.port":34663,"url.scheme":"http","url.path":"/healthz","network.protocol.version":"1.1"},{"Message":"ConnectionId:0HNN98GFB6NR4","ConnectionId":"0HNN98GFB6NR4"},{"Message":"RequestPath:/healthz RequestId:0HNN98GFB6NR4:00000001","RequestId":"0HNN98GFB6NR4:00000001","RequestPath":"/healthz"}]}
{"Timestamp":"2026-07-24T05:27:05.475Z","EventId":3,"LogLevel":"Information","Category":"Microsoft.AspNetCore.Http.Result.JsonResult","Message":"Writing value of type \u0027HealthResponse\u0027 as Json.","State":{"Type":"HealthResponse","{OriginalFormat}":"Writing value of type \u0027{Type}\u0027 as Json."},"Scopes":[{"Message":"SpanId:29a50c471071ff7d, TraceId:e154212258cea464e6dd50352b2a69e6, ParentId:97e62f7fe5df8f60","SpanId":"29a50c471071ff7d","TraceId":"e154212258cea464e6dd50352b2a69e6","ParentId":"97e62f7fe5df8f60"},{"Message":"http.request.method:GET, server.address:127.0.0.1, server.port:34663, url.scheme:http, url.path:/healthz, network.protocol.version:1.1","http.request.method":"GET","server.address":"127.0.0.1","server.port":34663,"url.scheme":"http","url.path":"/healthz","network.protocol.version":"1.1"},{"Message":"ConnectionId:0HNN98GFB6NR4","ConnectionId":"0HNN98GFB6NR4"},{"Message":"RequestPath:/healthz RequestId:0HNN98GFB6NR4:00000001","RequestId":"0HNN98GFB6NR4:00000001","RequestPath":"/healthz"}]}
{"Timestamp":"2026-07-24T05:27:05.476Z","EventId":1,"LogLevel":"Information","Category":"Microsoft.AspNetCore.Routing.EndpointMiddleware","Message":"Executed endpoint \u0027HTTP: GET /healthz\u0027","State":{"EndpointName":"HTTP: GET /healthz","{OriginalFormat}":"Executed endpoint \u0027{EndpointName}\u0027"},"Scopes":[{"Message":"SpanId:29a50c471071ff7d, TraceId:e154212258cea464e6dd50352b2a69e6, ParentId:97e62f7fe5df8f60","SpanId":"29a50c471071ff7d","TraceId":"e154212258cea464e6dd50352b2a69e6","ParentId":"97e62f7fe5df8f60"},{"Message":"http.request.method:GET, server.address:127.0.0.1, server.port:34663, url.scheme:http, url.path:/healthz, network.protocol.version:1.1","http.request.method":"GET","server.address":"127.0.0.1","server.port":34663,"url.scheme":"http","url.path":"/healthz","network.protocol.version":"1.1"},{"Message":"ConnectionId:0HNN98GFB6NR4","ConnectionId":"0HNN98GFB6NR4"},{"Message":"RequestPath:/healthz RequestId:0HNN98GFB6NR4:00000001","RequestId":"0HNN98GFB6NR4:00000001","RequestPath":"/healthz"}]}
{"Timestamp":"2026-07-24T05:27:05.476Z","EventId":2,"LogLevel":"Information","Category":"Microsoft.AspNetCore.Hosting.Diagnostics","Message":"Request finished HTTP/1.1 GET http://127.0.0.1:34663/healthz - 200 - application/json;\u002Bcharset=utf-8 10.9606ms","State":{"ElapsedMilliseconds":10.9606,"StatusCode":200,"ContentType":"application/json; charset=utf-8","ContentLength":null,"Protocol":"HTTP/1.1","Method":"GET","Scheme":"http","Host":"127.0.0.1:34663","PathBase":"","Path":"/healthz","QueryString":"","{OriginalFormat}":"Request finished {Protocol} {Method} {Scheme}://{Host}{PathBase}{Path}{QueryString} - {StatusCode} {ContentLength} {ContentType} {ElapsedMilliseconds}ms"},"Scopes":[{"Message":"SpanId:29a50c471071ff7d, TraceId:e154212258cea464e6dd50352b2a69e6, ParentId:97e62f7fe5df8f60","SpanId":"29a50c471071ff7d","TraceId":"e154212258cea464e6dd50352b2a69e6","ParentId":"97e62f7fe5df8f60"},{"Message":"http.request.method:GET, server.address:127.0.0.1, server.port:34663, url.scheme:http, url.path:/healthz, network.protocol.version:1.1","http.request.method":"GET","server.address":"127.0.0.1","server.port":34663,"url.scheme":"http","url.path":"/healthz","network.protocol.version":"1.1"},{"Message":"ConnectionId:0HNN98GFB6NR4","ConnectionId":"0HNN98GFB6NR4"},{"Message":"RequestPath:/healthz RequestId:0HNN98GFB6NR4:00000001","RequestId":"0HNN98GFB6NR4:00000001","RequestPath":"/healthz"}]}
{"Timestamp":"2026-07-24T05:27:05.480Z","EventId":1,"LogLevel":"Information","Category":"Microsoft.AspNetCore.Hosting.Diagnostics","Message":"Request starting HTTP/1.1 POST http://127.0.0.1:34663/v1/db - application/json;\u002Bcharset=utf-8 24","State":{"Protocol":"HTTP/1.1","Method":"POST","ContentType":"application/json; charset=utf-8","ContentLength":24,"Scheme":"http","Host":"127.0.0.1:34663","PathBase":"","Path":"/v1/db","QueryString":"","{OriginalFormat}":"Request starting {Protocol} {Method} {Scheme}://{Host}{PathBase}{Path}{QueryString} - {ContentType} {ContentLength}"},"Scopes":[{"Message":"SpanId:f242ccf2edb2a0a9, TraceId:3e3ff691c7f1ed9dca1bd856e411eae5, ParentId:d3f2e1722e1d7e36","SpanId":"f242ccf2edb2a0a9","TraceId":"3e3ff691c7f1ed9dca1bd856e411eae5","ParentId":"d3f2e1722e1d7e36"},{"Message":"http.request.method:POST, server.address:127.0.0.1, server.port:34663, url.scheme:http, url.path:/v1/db, network.protocol.version:1.1","http.request.method":"POST","server.address":"127.0.0.1","server.port":34663,"url.scheme":"http","url.path":"/v1/db","network.protocol.version":"1.1"},{"Message":"ConnectionId:0HNN98GFB6NR5","ConnectionId":"0HNN98GFB6NR5"},{"Message":"RequestPath:/v1/db RequestId:0HNN98GFB6NR5:00000001","RequestId":"0HNN98GFB6NR5:00000001","RequestPath":"/v1/db"}]}
{"Timestamp":"2026-07-24T05:27:05.481Z","EventId":0,"LogLevel":"Information","Category":"Microsoft.AspNetCore.Routing.EndpointMiddleware","Message":"Executing endpoint \u0027HTTP: POST /v1/db\u0027","State":{"EndpointName":"HTTP: POST /v1/db","{OriginalFormat}":"Executing endpoint \u0027{EndpointName}\u0027"},"Scopes":[{"Message":"SpanId:f242ccf2edb2a0a9, TraceId:3e3ff691c7f1ed9dca1bd856e411eae5, ParentId:d3f2e1722e1d7e36","SpanId":"f242ccf2edb2a0a9","TraceId":"3e3ff691c7f1ed9dca1bd856e411eae5","ParentId":"d3f2e1722e1d7e36"},{"Message":"http.request.method:POST, server.address:127.0.0.1, server.port:34663, url.scheme:http, url.path:/v1/db, network.protocol.version:1.1","http.request.method":"POST","server.address":"127.0.0.1","server.port":34663,"url.scheme":"http","url.path":"/v1/db","network.protocol.version":"1.1"},{"Message":"ConnectionId:0HNN98GFB6NR5","ConnectionId":"0HNN98GFB6NR5"},{"Message":"RequestPath:/v1/db RequestId:0HNN98GFB6NR5:00000001","RequestId":"0HNN98GFB6NR5:00000001","RequestPath":"/v1/db"}]}
{"Timestamp":"2026-07-24T05:27:05.483Z","EventId":1,"LogLevel":"Information","Category":"Microsoft.AspNetCore.Http.Result.JsonResult","Message":"Setting HTTP status code 201.","State":{"StatusCode":201,"{OriginalFormat}":"Setting HTTP status code {StatusCode}."},"Scopes":[{"Message":"SpanId:f242ccf2edb2a0a9, TraceId:3e3ff691c7f1ed9dca1bd856e411eae5, ParentId:d3f2e1722e1d7e36","SpanId":"f242ccf2edb2a0a9","TraceId":"3e3ff691c7f1ed9dca1bd856e411eae5","ParentId":"d3f2e1722e1d7e36"},{"Message":"http.request.method:POST, server.address:127.0.0.1, server.port:34663, url.scheme:http, url.path:/v1/db, network.protocol.version:1.1","http.request.method":"POST","server.address":"127.0.0.1","server.port":34663,"url.scheme":"http","url.path":"/v1/db","network.protocol.version":"1.1"},{"Message":"ConnectionId:0HNN98GFB6NR5","ConnectionId":"0HNN98GFB6NR5"},{"Message":"RequestPath:/v1/db RequestId:0HNN98GFB6NR5:00000001","RequestId":"0HNN98GFB6NR5:00000001","RequestPath":"/v1/db"}]}
{"Timestamp":"2026-07-24T05:27:05.483Z","EventId":3,"LogLevel":"Information","Category":"Microsoft.AspNetCore.Http.Result.JsonResult","Message":"Writing value of type \u0027DatabaseOperationResponse\u0027 as Json.","State":{"Type":"DatabaseOperationResponse","{OriginalFormat}":"Writing value of type \u0027{Type}\u0027 as Json."},"Scopes":[{"Message":"SpanId:f242ccf2edb2a0a9, TraceId:3e3ff691c7f1ed9dca1bd856e411eae5, ParentId:d3f2e1722e1d7e36","SpanId":"f242ccf2edb2a0a9","TraceId":"3e3ff691c7f1ed9dca1bd856e411eae5","ParentId":"d3f2e1722e1d7e36"},{"Message":"http.request.method:POST, server.address:127.0.0.1, server.port:34663, url.scheme:http, url.path:/v1/db, network.protocol.version:1.1","http.request.method":"POST","server.address":"127.0.0.1","server.port":34663,"url.scheme":"http","url.path":"/v1/db","network.protocol.version":"1.1"},{"Message":"ConnectionId:0HNN98GFB6NR5","ConnectionId":"0HNN98GFB6NR5"},{"Message":"RequestPath:/v1/db RequestId:0HNN98GFB6NR5:00000001","RequestId":"0HNN98GFB6NR5:00000001","RequestPath":"/v1/db"}]}
{"Timestamp":"2026-07-24T05:27:05.483Z","EventId":1,"LogLevel":"Information","Category":"Microsoft.AspNetCore.Routing.EndpointMiddleware","Message":"Executed endpoint \u0027HTTP: POST /v1/db\u0027","State":{"EndpointName":"HTTP: POST /v1/db","{OriginalFormat}":"Executed endpoint \u0027{EndpointName}\u0027"},"Scopes":[{"Message":"SpanId:f242ccf2edb2a0a9, TraceId:3e3ff691c7f1ed9dca1bd856e411eae5, ParentId:d3f2e1722e1d7e36","SpanId":"f242ccf2edb2a0a9","TraceId":"3e3ff691c7f1ed9dca1bd856e411eae5","ParentId":"d3f2e1722e1d7e36"},{"Message":"http.request.method:POST, server.address:127.0.0.1, server.port:34663, url.scheme:http, url.path:/v1/db, network.protocol.version:1.1","http.request.method":"POST","server.address":"127.0.0.1","server.port":34663,"url.scheme":"http","url.path":"/v1/db","network.protocol.version":"1.1"},{"Message":"ConnectionId:0HNN98GFB6NR5","ConnectionId":"0HNN98GFB6NR5"},{"Message":"RequestPath:/v1/db RequestId:0HNN98GFB6NR5:00000001","RequestId":"0HNN98GFB6NR5:00000001","RequestPath":"/v1/db"}]}
{"Timestamp":"2026-07-24T05:27:05.483Z","EventId":2,"LogLevel":"Information","Category":"Microsoft.AspNetCore.Hosting.Diagnostics","Message":"Request finished HTTP/1.1 POST http://127.0.0.1:34663/v1/db - 201 - application/json;\u002Bcharset=utf-8 3.5426ms","State":{"ElapsedMilliseconds":3.5426,"StatusCode":201,"ContentType":"application/json; charset=utf-8","ContentLength":null,"Protocol":"HTTP/1.1","Method":"POST","Scheme":"http","Host":"127.0.0.1:34663","PathBase":"","Path":"/v1/db","QueryString":"","{OriginalFormat}":"Request finished {Protocol} {Method} {Scheme}://{Host}{PathBase}{Path}{QueryString} - {StatusCode} {ContentLength} {ContentType} {ElapsedMilliseconds}ms"},"Scopes":[{"Message":"SpanId:f242ccf2edb2a0a9, TraceId:3e3ff691c7f1ed9dca1bd856e411eae5, ParentId:d3f2e1722e1d7e36","SpanId":"f242ccf2edb2a0a9","TraceId":"3e3ff691c7f1ed9dca1bd856e411eae5","ParentId":"d3f2e1722e1d7e36"},{"Message":"http.request.method:POST, server.address:127.0.0.1, server.port:34663, url.scheme:http, url.path:/v1/db, network.protocol.version:1.1","http.request.method":"POST","server.address":"127.0.0.1","server.port":34663,"url.scheme":"http","url.path":"/v1/db","network.protocol.version":"1.1"},{"Message":"ConnectionId:0HNN98GFB6NR5","ConnectionId":"0HNN98GFB6NR5"},{"Message":"RequestPath:/v1/db RequestId:0HNN98GFB6NR5:00000001","RequestId":"0HNN98GFB6NR5:00000001","RequestPath":"/v1/db"}]}
{"Timestamp":"2026-07-24T05:27:05.486Z","EventId":1,"LogLevel":"Information","Category":"Microsoft.AspNetCore.Hosting.Diagnostics","Message":"Request starting HTTP/1.1 POST http://127.0.0.1:34663/v1/db/protocol_http/sql - application/json;\u002Bcharset=utf-8 71","State":{"Protocol":"HTTP/1.1","Method":"POST","ContentType":"application/json; charset=utf-8","ContentLength":71,"Scheme":"http","Host":"127.0.0.1:34663","PathBase":"","Path":"/v1/db/protocol_http/sql","QueryString":"","{OriginalFormat}":"Request starting {Protocol} {Method} {Scheme}://{Host}{PathBase}{Path}{QueryString} - {ContentType} {ContentLength}"},"Scopes":[{"Message":"SpanId:e38af35dbb45e440, TraceId:8ac19eb77a7c5f3878aecc34e5572bbb, ParentId:8769d4d1ea1c89d3","SpanId":"e38af35dbb45e440","TraceId":"8ac19eb77a7c5f3878aecc34e5572bbb","ParentId":"8769d4d1ea1c89d3"},{"Message":"http.request.method:POST, server.address:127.0.0.1, server.port:34663, url.scheme:http, url.path:/v1/db/protocol_http/sql, network.protocol.version:1.1","http.request.method":"POST","server.address":"127.0.0.1","server.port":34663,"url.scheme":"http","url.path":"/v1/db/protocol_http/sql","network.protocol.version":"1.1"},{"Message":"ConnectionId:0HNN98GFB6NR6","ConnectionId":"0HNN98GFB6NR6"},{"Message":"RequestPath:/v1/db/protocol_http/sql RequestId:0HNN98GFB6NR6:00000001","RequestId":"0HNN98GFB6NR6:00000001","RequestPath":"/v1/db/protocol_http/sql"}]}
{"Timestamp":"2026-07-24T05:27:05.489Z","EventId":0,"LogLevel":"Information","Category":"Microsoft.AspNetCore.Routing.EndpointMiddleware","Message":"Executing endpoint \u0027HTTP: POST /v1/db/{db}/sql\u0027","State":{"EndpointName":"HTTP: POST /v1/db/{db}/sql","{OriginalFormat}":"Executing endpoint \u0027{EndpointName}\u0027"},"Scopes":[{"Message":"SpanId:e38af35dbb45e440, TraceId:8ac19eb77a7c5f3878aecc34e5572bbb, ParentId:8769d4d1ea1c89d3","SpanId":"e38af35dbb45e440","TraceId":"8ac19eb77a7c5f3878aecc34e5572bbb","ParentId":"8769d4d1ea1c89d3"},{"Message":"http.request.method:POST, server.address:127.0.0.1, server.port:34663, url.scheme:http, url.path:/v1/db/protocol_http/sql, network.protocol.version:1.1","http.request.method":"POST","server.address":"127.0.0.1","server.port":34663,"url.scheme":"http","url.path":"/v1/db/protocol_http/sql","network.protocol.version":"1.1"},{"Message":"ConnectionId:0HNN98GFB6NR6","ConnectionId":"0HNN98GFB6NR6"},{"Message":"RequestPath:/v1/db/protocol_http/sql RequestId:0HNN98GFB6NR6:00000001","RequestId":"0HNN98GFB6NR6:00000001","RequestPath":"/v1/db/protocol_http/sql"}]}
{"Timestamp":"2026-07-24T05:27:05.520Z","EventId":1,"LogLevel":"Information","Category":"Microsoft.AspNetCore.Routing.EndpointMiddleware","Message":"Executed endpoint \u0027HTTP: POST /v1/db/{db}/sql\u0027","State":{"EndpointName":"HTTP: POST /v1/db/{db}/sql","{OriginalFormat}":"Executed endpoint \u0027{EndpointName}\u0027"},"Scopes":[{"Message":"SpanId:e38af35dbb45e440, TraceId:8ac19eb77a7c5f3878aecc34e5572bbb, ParentId:8769d4d1ea1c89d3","SpanId":"e38af35dbb45e440","TraceId":"8ac19eb77a7c5f3878aecc34e5572bbb","ParentId":"8769d4d1ea1c89d3"},{"Message":"http.request.method:POST, server.address:127.0.0.1, server.port:34663, url.scheme:http, url.path:/v1/db/protocol_http/sql, network.protocol.version:1.1","http.request.method":"POST","server.address":"127.0.0.1","server.port":34663,"url.scheme":"http","url.path":"/v1/db/protocol_http/sql","network.protocol.version":"1.1"},{"Message":"ConnectionId:0HNN98GFB6NR6","ConnectionId":"0HNN98GFB6NR6"},{"Message":"RequestPath:/v1/db/protocol_http/sql RequestId:0HNN98GFB6NR6:00000001","RequestId":"0HNN98GFB6NR6:00000001","RequestPath":"/v1/db/protocol_http/sql"}]}
{"Timestamp":"2026-07-24T05:27:05.520Z","EventId":2,"LogLevel":"Information","Category":"Microsoft.AspNetCore.Hosting.Diagnostics","Message":"Request finished HTTP/1.1 POST http://127.0.0.1:34663/v1/db/protocol_http/sql - 200 - application/x-ndjson;\u002Bcharset=utf-8 33.2379ms","State":{"ElapsedMilliseconds":33.2379,"StatusCode":200,"ContentType":"application/x-ndjson; charset=utf-8","ContentLength":null,"Protocol":"HTTP/1.1","Method":"POST","Scheme":"http","Host":"127.0.0.1:34663","PathBase":"","Path":"/v1/db/protocol_http/sql","QueryString":"","{OriginalFormat}":"Request finished {Protocol} {Method} {Scheme}://{Host}{PathBase}{Path}{QueryString} - {StatusCode} {ContentLength} {ContentType} {ElapsedMilliseconds}ms"},"Scopes":[{"Message":"SpanId:e38af35dbb45e440, TraceId:8ac19eb77a7c5f3878aecc34e5572bbb, ParentId:8769d4d1ea1c89d3","SpanId":"e38af35dbb45e440","TraceId":"8ac19eb77a7c5f3878aecc34e5572bbb","ParentId":"8769d4d1ea1c89d3"},{"Message":"http.request.method:POST, server.address:127.0.0.1, server.port:34663, url.scheme:http, url.path:/v1/db/protocol_http/sql, network.protocol.version:1.1","http.request.method":"POST","server.address":"127.0.0.1","server.port":34663,"url.scheme":"http","url.path":"/v1/db/protocol_http/sql","network.protocol.version":"1.1"},{"Message":"ConnectionId:0HNN98GFB6NR6","ConnectionId":"0HNN98GFB6NR6"},{"Message":"RequestPath:/v1/db/protocol_http/sql RequestId:0HNN98GFB6NR6:00000001","RequestId":"0HNN98GFB6NR6:00000001","RequestPath":"/v1/db/protocol_http/sql"}]}
{"Timestamp":"2026-07-24T05:27:05.522Z","EventId":1,"LogLevel":"Information","Category":"Microsoft.AspNetCore.Hosting.Diagnostics","Message":"Request starting HTTP/1.1 POST http://127.0.0.1:34663/v1/db - application/json;\u002Bcharset=utf-8 23","State":{"Protocol":"HTTP/1.1","Method":"POST","ContentType":"application/json; charset=utf-8","ContentLength":23,"Scheme":"http","Host":"127.0.0.1:34663","PathBase":"","Path":"/v1/db","QueryString":"","{OriginalFormat}":"Request starting {Protocol} {Method} {Scheme}://{Host}{PathBase}{Path}{QueryString} - {ContentType} {ContentLength}"},"Scopes":[{"Message":"SpanId:76150e222774529e, TraceId:9abfa456071a6a6465688f8decc12e84, ParentId:e64b40b1c120b65e","SpanId":"76150e222774529e","TraceId":"9abfa456071a6a6465688f8decc12e84","ParentId":"e64b40b1c120b65e"},{"Message":"http.request.method:POST, server.address:127.0.0.1, server.port:34663, url.scheme:http, url.path:/v1/db, network.protocol.version:1.1","http.request.method":"POST","server.address":"127.0.0.1","server.port":34663,"url.scheme":"http","url.path":"/v1/db","network.protocol.version":"1.1"},{"Message":"ConnectionId:0HNN98GFB6NR7","ConnectionId":"0HNN98GFB6NR7"},{"Message":"RequestPath:/v1/db RequestId:0HNN98GFB6NR7:00000001","RequestId":"0HNN98GFB6NR7:00000001","RequestPath":"/v1/db"}]}
{"Timestamp":"2026-07-24T05:27:05.522Z","EventId":0,"LogLevel":"Information","Category":"Microsoft.AspNetCore.Routing.EndpointMiddleware","Message":"Executing endpoint \u0027HTTP: POST /v1/db\u0027","State":{"EndpointName":"HTTP: POST /v1/db","{OriginalFormat}":"Executing endpoint \u0027{EndpointName}\u0027"},"Scopes":[{"Message":"SpanId:76150e222774529e, TraceId:9abfa456071a6a6465688f8decc12e84, ParentId:e64b40b1c120b65e","SpanId":"76150e222774529e","TraceId":"9abfa456071a6a6465688f8decc12e84","ParentId":"e64b40b1c120b65e"},{"Message":"http.request.method:POST, server.address:127.0.0.1, server.port:34663, url.scheme:http, url.path:/v1/db, network.protocol.version:1.1","http.request.method":"POST","server.address":"127.0.0.1","server.port":34663,"url.scheme":"http","url.path":"/v1/db","network.protocol.version":"1.1"},{"Message":"ConnectionId:0HNN98GFB6NR7","ConnectionId":"0HNN98GFB6NR7"},{"Message":"RequestPath:/v1/db RequestId:0HNN98GFB6NR7:00000001","RequestId":"0HNN98GFB6NR7:00000001","RequestPath":"/v1/db"}]}
{"Timestamp":"2026-07-24T05:27:05.525Z","EventId":1,"LogLevel":"Information","Category":"Microsoft.AspNetCore.Http.Result.JsonResult","Message":"Setting HTTP status code 201.","State":{"StatusCode":201,"{OriginalFormat}":"Setting HTTP status code {StatusCode}."},"Scopes":[{"Message":"SpanId:76150e222774529e, TraceId:9abfa456071a6a6465688f8decc12e84, ParentId:e64b40b1c120b65e","SpanId":"76150e222774529e","TraceId":"9abfa456071a6a6465688f8decc12e84","ParentId":"e64b40b1c120b65e"},{"Message":"http.request.method:POST, server.address:127.0.0.1, server.port:34663, url.scheme:http, url.path:/v1/db, network.protocol.version:1.1","http.request.method":"POST","server.address":"127.0.0.1","server.port":34663,"url.scheme":"http","url.path":"/v1/db","network.protocol.version":"1.1"},{"Message":"ConnectionId:0HNN98GFB6NR7","ConnectionId":"0HNN98GFB6NR7"},{"Message":"RequestPath:/v1/db RequestId:0HNN98GFB6NR7:00000001","RequestId":"0HNN98GFB6NR7:00000001","RequestPath":"/v1/db"}]}
{"Timestamp":"2026-07-24T05:27:05.525Z","EventId":3,"LogLevel":"Information","Category":"Microsoft.AspNetCore.Http.Result.JsonResult","Message":"Writing value of type \u0027DatabaseOperationResponse\u0027 as Json.","State":{"Type":"DatabaseOperationResponse","{OriginalFormat}":"Writing value of type \u0027{Type}\u0027 as Json."},"Scopes":[{"Message":"SpanId:76150e222774529e, TraceId:9abfa456071a6a6465688f8decc12e84, ParentId:e64b40b1c120b65e","SpanId":"76150e222774529e","TraceId":"9abfa456071a6a6465688f8decc12e84","ParentId":"e64b40b1c120b65e"},{"Message":"http.request.method:POST, server.address:127.0.0.1, server.port:34663, url.scheme:http, url.path:/v1/db, network.protocol.version:1.1","http.request.method":"POST","server.address":"127.0.0.1","server.port":34663,"url.scheme":"http","url.path":"/v1/db","network.protocol.version":"1.1"},{"Message":"ConnectionId:0HNN98GFB6NR7","ConnectionId":"0HNN98GFB6NR7"},{"Message":"RequestPath:/v1/db RequestId:0HNN98GFB6NR7:00000001","RequestId":"0HNN98GFB6NR7:00000001","RequestPath":"/v1/db"}]}
{"Timestamp":"2026-07-24T05:27:05.525Z","EventId":1,"LogLevel":"Information","Category":"Microsoft.AspNetCore.Routing.EndpointMiddleware","Message":"Executed endpoint \u0027HTTP: POST /v1/db\u0027","State":{"EndpointName":"HTTP: POST /v1/db","{OriginalFormat}":"Executed endpoint \u0027{EndpointName}\u0027"},"Scopes":[{"Message":"SpanId:76150e222774529e, TraceId:9abfa456071a6a6465688f8decc12e84, ParentId:e64b40b1c120b65e","SpanId":"76150e222774529e","TraceId":"9abfa456071a6a6465688f8decc12e84","ParentId":"e64b40b1c120b65e"},{"Message":"http.request.method:POST, server.address:127.0.0.1, server.port:34663, url.scheme:http, url.path:/v1/db, network.protocol.version:1.1","http.request.method":"POST","server.address":"127.0.0.1","server.port":34663,"url.scheme":"http","url.path":"/v1/db","network.protocol.version":"1.1"},{"Message":"ConnectionId:0HNN98GFB6NR7","ConnectionId":"0HNN98GFB6NR7"},{"Message":"RequestPath:/v1/db RequestId:0HNN98GFB6NR7:00000001","RequestId":"0HNN98GFB6NR7:00000001","RequestPath":"/v1/db"}]}
{"Timestamp":"2026-07-24T05:27:05.525Z","EventId":2,"LogLevel":"Information","Category":"Microsoft.AspNetCore.Hosting.Diagnostics","Message":"Request finished HTTP/1.1 POST http://127.0.0.1:34663/v1/db - 201 - application/json;\u002Bcharset=utf-8 3.1954ms","State":{"ElapsedMilliseconds":3.1954,"StatusCode":201,"ContentType":"application/json; charset=utf-8","ContentLength":null,"Protocol":"HTTP/1.1","Method":"POST","Scheme":"http","Host":"127.0.0.1:34663","PathBase":"","Path":"/v1/db","QueryString":"","{OriginalFormat}":"Request finished {Protocol} {Method} {Scheme}://{Host}{PathBase}{Path}{QueryString} - {StatusCode} {ContentLength} {ContentType} {ElapsedMilliseconds}ms"},"Scopes":[{"Message":"SpanId:76150e222774529e, TraceId:9abfa456071a6a6465688f8decc12e84, ParentId:e64b40b1c120b65e","SpanId":"76150e222774529e","TraceId":"9abfa456071a6a6465688f8decc12e84","ParentId":"e64b40b1c120b65e"},{"Message":"http.request.method:POST, server.address:127.0.0.1, server.port:34663, url.scheme:http, url.path:/v1/db, network.protocol.version:1.1","http.request.method":"POST","server.address":"127.0.0.1","server.port":34663,"url.scheme":"http","url.path":"/v1/db","network.protocol.version":"1.1"},{"Message":"ConnectionId:0HNN98GFB6NR7","ConnectionId":"0HNN98GFB6NR7"},{"Message":"RequestPath:/v1/db RequestId:0HNN98GFB6NR7:00000001","RequestId":"0HNN98GFB6NR7:00000001","RequestPath":"/v1/db"}]}
{"Timestamp":"2026-07-24T05:27:05.527Z","EventId":1,"LogLevel":"Information","Category":"Microsoft.AspNetCore.Hosting.Diagnostics","Message":"Request starting HTTP/1.1 POST http://127.0.0.1:34663/v1/db/protocol_udp/sql - application/json;\u002Bcharset=utf-8 71","State":{"Protocol":"HTTP/1.1","Method":"POST","ContentType":"application/json; charset=utf-8","ContentLength":71,"Scheme":"http","Host":"127.0.0.1:34663","PathBase":"","Path":"/v1/db/protocol_udp/sql","QueryString":"","{OriginalFormat}":"Request starting {Protocol} {Method} {Scheme}://{Host}{PathBase}{Path}{QueryString} - {ContentType} {ContentLength}"},"Scopes":[{"Message":"SpanId:02e0861bfe9fbf90, TraceId:d25ef5720da07f5ad48a7a5496bd72ca, ParentId:3b756129ad2f852f","SpanId":"02e0861bfe9fbf90","TraceId":"d25ef5720da07f5ad48a7a5496bd72ca","ParentId":"3b756129ad2f852f"},{"Message":"http.request.method:POST, server.address:127.0.0.1, server.port:34663, url.scheme:http, url.path:/v1/db/protocol_udp/sql, network.protocol.version:1.1","http.request.method":"POST","server.address":"127.0.0.1","server.port":34663,"url.scheme":"http","url.path":"/v1/db/protocol_udp/sql","network.protocol.version":"1.1"},{"Message":"ConnectionId:0HNN98GFB6NR8","ConnectionId":"0HNN98GFB6NR8"},{"Message":"RequestPath:/v1/db/protocol_udp/sql RequestId:0HNN98GFB6NR8:00000001","RequestId":"0HNN98GFB6NR8:00000001","RequestPath":"/v1/db/protocol_udp/sql"}]}
{"Timestamp":"2026-07-24T05:27:05.528Z","EventId":0,"LogLevel":"Information","Category":"Microsoft.AspNetCore.Routing.EndpointMiddleware","Message":"Executing endpoint \u0027HTTP: POST /v1/db/{db}/sql\u0027","State":{"EndpointName":"HTTP: POST /v1/db/{db}/sql","{OriginalFormat}":"Executing endpoint \u0027{EndpointName}\u0027"},"Scopes":[{"Message":"SpanId:02e0861bfe9fbf90, TraceId:d25ef5720da07f5ad48a7a5496bd72ca, ParentId:3b756129ad2f852f","SpanId":"02e0861bfe9fbf90","TraceId":"d25ef5720da07f5ad48a7a5496bd72ca","ParentId":"3b756129ad2f852f"},{"Message":"http.request.method:POST, server.address:127.0.0.1, server.port:34663, url.scheme:http, url.path:/v1/db/protocol_udp/sql, network.protocol.version:1.1","http.request.method":"POST","server.address":"127.0.0.1","server.port":34663,"url.scheme":"http","url.path":"/v1/db/protocol_udp/sql","network.protocol.version":"1.1"},{"Message":"ConnectionId:0HNN98GFB6NR8","ConnectionId":"0HNN98GFB6NR8"},{"Message":"RequestPath:/v1/db/protocol_udp/sql RequestId:0HNN98GFB6NR8:00000001","RequestId":"0HNN98GFB6NR8:00000001","RequestPath":"/v1/db/protocol_udp/sql"}]}
{"Timestamp":"2026-07-24T05:27:05.532Z","EventId":1,"LogLevel":"Information","Category":"Microsoft.AspNetCore.Routing.EndpointMiddleware","Message":"Executed endpoint \u0027HTTP: POST /v1/db/{db}/sql\u0027","State":{"EndpointName":"HTTP: POST /v1/db/{db}/sql","{OriginalFormat}":"Executed endpoint \u0027{EndpointName}\u0027"},"Scopes":[{"Message":"SpanId:02e0861bfe9fbf90, TraceId:d25ef5720da07f5ad48a7a5496bd72ca, ParentId:3b756129ad2f852f","SpanId":"02e0861bfe9fbf90","TraceId":"d25ef5720da07f5ad48a7a5496bd72ca","ParentId":"3b756129ad2f852f"},{"Message":"http.request.method:POST, server.address:127.0.0.1, server.port:34663, url.scheme:http, url.path:/v1/db/protocol_udp/sql, network.protocol.version:1.1","http.request.method":"POST","server.address":"127.0.0.1","server.port":34663,"url.scheme":"http","url.path":"/v1/db/protocol_udp/sql","network.protocol.version":"1.1"},{"Message":"ConnectionId:0HNN98GFB6NR8","ConnectionId":"0HNN98GFB6NR8"},{"Message":"RequestPath:/v1/db/protocol_udp/sql RequestId:0HNN98GFB6NR8:00000001","RequestId":"0HNN98GFB6NR8:00000001","RequestPath":"/v1/db/protocol_udp/sql"}]}
{"Timestamp":"2026-07-24T05:27:05.532Z","EventId":2,"LogLevel":"Information","Category":"Microsoft.AspNetCore.Hosting.Diagnostics","Message":"Request finished HTTP/1.1 POST http://127.0.0.1:34663/v1/db/protocol_udp/sql - 200 - application/x-ndjson;\u002Bcharset=utf-8 4.7261ms","State":{"ElapsedMilliseconds":4.7261,"StatusCode":200,"ContentType":"application/x-ndjson; charset=utf-8","ContentLength":null,"Protocol":"HTTP/1.1","Method":"POST","Scheme":"http","Host":"127.0.0.1:34663","PathBase":"","Path":"/v1/db/protocol_udp/sql","QueryString":"","{OriginalFormat}":"Request finished {Protocol} {Method} {Scheme}://{Host}{PathBase}{Path}{QueryString} - {StatusCode} {ContentLength} {ContentType} {ElapsedMilliseconds}ms"},"Scopes":[{"Message":"SpanId:02e0861bfe9fbf90, TraceId:d25ef5720da07f5ad48a7a5496bd72ca, ParentId:3b756129ad2f852f","SpanId":"02e0861bfe9fbf90","TraceId":"d25ef5720da07f5ad48a7a5496bd72ca","ParentId":"3b756129ad2f852f"},{"Message":"http.request.method:POST, server.address:127.0.0.1, server.port:34663, url.scheme:http, url.path:/v1/db/protocol_udp/sql, network.protocol.version:1.1","http.request.method":"POST","server.address":"127.0.0.1","server.port":34663,"url.scheme":"http","url.path":"/v1/db/protocol_udp/sql","network.protocol.version":"1.1"},{"Message":"ConnectionId:0HNN98GFB6NR8","ConnectionId":"0HNN98GFB6NR8"},{"Message":"RequestPath:/v1/db/protocol_udp/sql RequestId:0HNN98GFB6NR8:00000001","RequestId":"0HNN98GFB6NR8:00000001","RequestPath":"/v1/db/protocol_udp/sql"}]}
{"Timestamp":"2026-07-24T05:27:05.533Z","EventId":1,"LogLevel":"Information","Category":"Microsoft.AspNetCore.Hosting.Diagnostics","Message":"Request starting HTTP/1.1 POST http://127.0.0.1:34663/v1/db - application/json;\u002Bcharset=utf-8 24","State":{"Protocol":"HTTP/1.1","Method":"POST","ContentType":"application/json; charset=utf-8","ContentLength":24,"Scheme":"http","Host":"127.0.0.1:34663","PathBase":"","Path":"/v1/db","QueryString":"","{OriginalFormat}":"Request starting {Protocol} {Method} {Scheme}://{Host}{PathBase}{Path}{QueryString} - {ContentType} {ContentLength}"},"Scopes":[{"Message":"SpanId:85af76bcd145709d, TraceId:c36bc63e6beff5ae04bc19b428d8b52a, ParentId:76b2d93102ba8a7f","SpanId":"85af76bcd145709d","TraceId":"c36bc63e6beff5ae04bc19b428d8b52a","ParentId":"76b2d93102ba8a7f"},{"Message":"http.request.method:POST, server.address:127.0.0.1, server.port:34663, url.scheme:http, url.path:/v1/db, network.protocol.version:1.1","http.request.method":"POST","server.address":"127.0.0.1","server.port":34663,"url.scheme":"http","url.path":"/v1/db","network.protocol.version":"1.1"},{"Message":"ConnectionId:0HNN98GFB6NR9","ConnectionId":"0HNN98GFB6NR9"},{"Message":"RequestPath:/v1/db RequestId:0HNN98GFB6NR9:00000001","RequestId":"0HNN98GFB6NR9:00000001","RequestPath":"/v1/db"}]}
{"Timestamp":"2026-07-24T05:27:05.533Z","EventId":0,"LogLevel":"Information","Category":"Microsoft.AspNetCore.Routing.EndpointMiddleware","Message":"Executing endpoint \u0027HTTP: POST /v1/db\u0027","State":{"EndpointName":"HTTP: POST /v1/db","{OriginalFormat}":"Executing endpoint \u0027{EndpointName}\u0027"},"Scopes":[{"Message":"SpanId:85af76bcd145709d, TraceId:c36bc63e6beff5ae04bc19b428d8b52a, ParentId:76b2d93102ba8a7f","SpanId":"85af76bcd145709d","TraceId":"c36bc63e6beff5ae04bc19b428d8b52a","ParentId":"76b2d93102ba8a7f"},{"Message":"http.request.method:POST, server.address:127.0.0.1, server.port:34663, url.scheme:http, url.path:/v1/db, network.protocol.version:1.1","http.request.method":"POST","server.address":"127.0.0.1","server.port":34663,"url.scheme":"http","url.path":"/v1/db","network.protocol.version":"1.1"},{"Message":"ConnectionId:0HNN98GFB6NR9","ConnectionId":"0HNN98GFB6NR9"},{"Message":"RequestPath:/v1/db RequestId:0HNN98GFB6NR9:00000001","RequestId":"0HNN98GFB6NR9:00000001","RequestPath":"/v1/db"}]}
{"Timestamp":"2026-07-24T05:27:05.535Z","EventId":1,"LogLevel":"Information","Category":"Microsoft.AspNetCore.Http.Result.JsonResult","Message":"Setting HTTP status code 201.","State":{"StatusCode":201,"{OriginalFormat}":"Setting HTTP status code {StatusCode}."},"Scopes":[{"Message":"SpanId:85af76bcd145709d, TraceId:c36bc63e6beff5ae04bc19b428d8b52a, ParentId:76b2d93102ba8a7f","SpanId":"85af76bcd145709d","TraceId":"c36bc63e6beff5ae04bc19b428d8b52a","ParentId":"76b2d93102ba8a7f"},{"Message":"http.request.method:POST, server.address:127.0.0.1, server.port:34663, url.scheme:http, url.path:/v1/db, network.protocol.version:1.1","http.request.method":"POST","server.address":"127.0.0.1","server.port":34663,"url.scheme":"http","url.path":"/v1/db","network.protocol.version":"1.1"},{"Message":"ConnectionId:0HNN98GFB6NR9","ConnectionId":"0HNN98GFB6NR9"},{"Message":"RequestPath:/v1/db RequestId:0HNN98GFB6NR9:00000001","RequestId":"0HNN98GFB6NR9:00000001","RequestPath":"/v1/db"}]}
{"Timestamp":"2026-07-24T05:27:05.535Z","EventId":3,"LogLevel":"Information","Category":"Microsoft.AspNetCore.Http.Result.JsonResult","Message":"Writing value of type \u0027DatabaseOperationResponse\u0027 as Json.","State":{"Type":"DatabaseOperationResponse","{OriginalFormat}":"Writing value of type \u0027{Type}\u0027 as Json."},"Scopes":[{"Message":"SpanId:85af76bcd145709d, TraceId:c36bc63e6beff5ae04bc19b428d8b52a, ParentId:76b2d93102ba8a7f","SpanId":"85af76bcd145709d","TraceId":"c36bc63e6beff5ae04bc19b428d8b52a","ParentId":"76b2d93102ba8a7f"},{"Message":"http.request.method:POST, server.address:127.0.0.1, server.port:34663, url.scheme:http, url.path:/v1/db, network.protocol.version:1.1","http.request.method":"POST","server.address":"127.0.0.1","server.port":34663,"url.scheme":"http","url.path":"/v1/db","network.protocol.version":"1.1"},{"Message":"ConnectionId:0HNN98GFB6NR9","ConnectionId":"0HNN98GFB6NR9"},{"Message":"RequestPath:/v1/db RequestId:0HNN98GFB6NR9:00000001","RequestId":"0HNN98GFB6NR9:00000001","RequestPath":"/v1/db"}]}
{"Timestamp":"2026-07-24T05:27:05.535Z","EventId":1,"LogLevel":"Information","Category":"Microsoft.AspNetCore.Routing.EndpointMiddleware","Message":"Executed endpoint \u0027HTTP: POST /v1/db\u0027","State":{"EndpointName":"HTTP: POST /v1/db","{OriginalFormat}":"Executed endpoint \u0027{EndpointName}\u0027"},"Scopes":[{"Message":"SpanId:85af76bcd145709d, TraceId:c36bc63e6beff5ae04bc19b428d8b52a, ParentId:76b2d93102ba8a7f","SpanId":"85af76bcd145709d","TraceId":"c36bc63e6beff5ae04bc19b428d8b52a","ParentId":"76b2d93102ba8a7f"},{"Message":"http.request.method:POST, server.address:127.0.0.1, server.port:34663, url.scheme:http, url.path:/v1/db, network.protocol.version:1.1","http.request.method":"POST","server.address":"127.0.0.1","server.port":34663,"url.scheme":"http","url.path":"/v1/db","network.protocol.version":"1.1"},{"Message":"ConnectionId:0HNN98GFB6NR9","ConnectionId":"0HNN98GFB6NR9"},{"Message":"RequestPath:/v1/db RequestId:0HNN98GFB6NR9:00000001","RequestId":"0HNN98GFB6NR9:00000001","RequestPath":"/v1/db"}]}
[...]
{"Timestamp":"2026-07-24T05:27:05.703Z","EventId":1,"LogLevel":"Information","Category":"Microsoft.AspNetCore.Routing.EndpointMiddleware","Message":"Executed endpoint \u0027HTTP: POST /v1/db/{db}/sql\u0027","State":{"EndpointName":"HTTP: POST /v1/db/{db}/sql","{OriginalFormat}":"Executed endpoint \u0027{EndpointName}\u0027"},"Scopes":[{"Message":"SpanId:9fe30400e43962d5, TraceId:96bf952a08293406efb790f5f5056728, ParentId:5ee7a3a556400b92","SpanId":"9fe30400e43962d5","TraceId":"96bf952a08293406efb790f5f5056728","ParentId":"5ee7a3a556400b92"},{"Message":"http.request.method:POST, server.address:127.0.0.1, server.port:34663, url.scheme:http, url.path:/v1/db/protocol_http/sql, network.protocol.version:1.1","http.request.method":"POST","server.address":"127.0.0.1","server.port":34663,"url.scheme":"http","url.path":"/v1/db/protocol_http/sql","network.protocol.version":"1.1"},{"Message":"ConnectionId:0HNN98GFB6NRF","ConnectionId":"0HNN98GFB6NRF"},{"Message":"RequestPath:/v1/db/protocol_http/sql RequestId:0HNN98GFB6NRF:00000001","RequestId":"0HNN98GFB6NRF:00000001","RequestPath":"/v1/db/protocol_http/sql"}]}
{"Timestamp":"2026-07-24T05:27:05.703Z","EventId":2,"LogLevel":"Information","Category":"Microsoft.AspNetCore.Hosting.Diagnostics","Message":"Request finished HTTP/1.1 POST http://127.0.0.1:34663/v1/db/protocol_http/sql - 200 - application/x-ndjson;\u002Bcharset=utf-8 6.6003ms","State":{"ElapsedMilliseconds":6.6003,"StatusCode":200,"ContentType":"application/x-ndjson; charset=utf-8","ContentLength":null,"Protocol":"HTTP/1.1","Method":"POST","Scheme":"http","Host":"127.0.0.1:34663","PathBase":"","Path":"/v1/db/protocol_http/sql","QueryString":"","{OriginalFormat}":"Request finished {Protocol} {Method} {Scheme}://{Host}{PathBase}{Path}{QueryString} - {StatusCode} {ContentLength} {ContentType} {ElapsedMilliseconds}ms"},"Scopes":[{"Message":"SpanId:9fe30400e43962d5, TraceId:96bf952a08293406efb790f5f5056728, ParentId:5ee7a3a556400b92","SpanId":"9fe30400e43962d5","TraceId":"96bf952a08293406efb790f5f5056728","ParentId":"5ee7a3a556400b92"},{"Message":"http.request.method:POST, server.address:127.0.0.1, server.port:34663, url.scheme:http, url.path:/v1/db/protocol_http/sql, network.protocol.version:1.1","http.request.method":"POST","server.address":"127.0.0.1","server.port":34663,"url.scheme":"http","url.path":"/v1/db/protocol_http/sql","network.protocol.version":"1.1"},{"Message":"ConnectionId:0HNN98GFB6NRF","ConnectionId":"0HNN98GFB6NRF"},{"Message":"RequestPath:/v1/db/protocol_http/sql RequestId:0HNN98GFB6NRF:00000001","RequestId":"0HNN98GFB6NRF:00000001","RequestPath":"/v1/db/protocol_http/sql"}]}
{"Timestamp":"2026-07-24T05:27:05.707Z","EventId":1,"LogLevel":"Information","Category":"Microsoft.AspNetCore.Hosting.Diagnostics","Message":"Request starting HTTP/1.1 POST http://127.0.0.1:34663/v1/db/protocol_udp/sql - application/json;\u002Bcharset=utf-8 66","State":{"Protocol":"HTTP/1.1","Method":"POST","ContentType":"application/json; charset=utf-8","ContentLength":66,"Scheme":"http","Host":"127.0.0.1:34663","PathBase":"","Path":"/v1/db/protocol_udp/sql","QueryString":"","{OriginalFormat}":"Request starting {Protocol} {Method} {Scheme}://{Host}{PathBase}{Path}{QueryString} - {ContentType} {ContentLength}"},"Scopes":[{"Message":"SpanId:5b90b4eab0507a68, TraceId:6097cd2d496b81a1fec910a40841ca9d, ParentId:14522a95fe70e385","SpanId":"5b90b4eab0507a68","TraceId":"6097cd2d496b81a1fec910a40841ca9d","ParentId":"14522a95fe70e385"},{"Message":"http.request.method:POST, server.address:127.0.0.1, server.port:34663, url.scheme:http, url.path:/v1/db/protocol_udp/sql, network.protocol.version:1.1","http.request.method":"POST","server.address":"127.0.0.1","server.port":34663,"url.scheme":"http","url.path":"/v1/db/protocol_udp/sql","network.protocol.version":"1.1"},{"Message":"ConnectionId:0HNN98GFB6NRF","ConnectionId":"0HNN98GFB6NRF"},{"Message":"RequestPath:/v1/db/protocol_udp/sql RequestId:0HNN98GFB6NRF:00000002","RequestId":"0HNN98GFB6NRF:00000002","RequestPath":"/v1/db/protocol_udp/sql"}]}
{"Timestamp":"2026-07-24T05:27:05.708Z","EventId":0,"LogLevel":"Information","Category":"Microsoft.AspNetCore.Routing.EndpointMiddleware","Message":"Executing endpoint \u0027HTTP: POST /v1/db/{db}/sql\u0027","State":{"EndpointName":"HTTP: POST /v1/db/{db}/sql","{OriginalFormat}":"Executing endpoint \u0027{EndpointName}\u0027"},"Scopes":[{"Message":"SpanId:5b90b4eab0507a68, TraceId:6097cd2d496b81a1fec910a40841ca9d, ParentId:14522a95fe70e385","SpanId":"5b90b4eab0507a68","TraceId":"6097cd2d496b81a1fec910a40841ca9d","ParentId":"14522a95fe70e385"},{"Message":"http.request.method:POST, server.address:127.0.0.1, server.port:34663, url.scheme:http, url.path:/v1/db/protocol_udp/sql, network.protocol.version:1.1","http.request.method":"POST","server.address":"127.0.0.1","server.port":34663,"url.scheme":"http","url.path":"/v1/db/protocol_udp/sql","network.protocol.version":"1.1"},{"Message":"ConnectionId:0HNN98GFB6NRF","ConnectionId":"0HNN98GFB6NRF"},{"Message":"RequestPath:/v1/db/protocol_udp/sql RequestId:0HNN98GFB6NRF:00000002","RequestId":"0HNN98GFB6NRF:00000002","RequestPath":"/v1/db/protocol_udp/sql"}]}
{"Timestamp":"2026-07-24T05:27:05.708Z","EventId":1,"LogLevel":"Information","Category":"Microsoft.AspNetCore.Routing.EndpointMiddleware","Message":"Executed endpoint \u0027HTTP: POST /v1/db/{db}/sql\u0027","State":{"EndpointName":"HTTP: POST /v1/db/{db}/sql","{OriginalFormat}":"Executed endpoint \u0027{EndpointName}\u0027"},"Scopes":[{"Message":"SpanId:5b90b4eab0507a68, TraceId:6097cd2d496b81a1fec910a40841ca9d, ParentId:14522a95fe70e385","SpanId":"5b90b4eab0507a68","TraceId":"6097cd2d496b81a1fec910a40841ca9d","ParentId":"14522a95fe70e385"},{"Message":"http.request.method:POST, server.address:127.0.0.1, server.port:34663, url.scheme:http, url.path:/v1/db/protocol_udp/sql, network.protocol.version:1.1","http.request.method":"POST","server.address":"127.0.0.1","server.port":34663,"url.scheme":"http","url.path":"/v1/db/protocol_udp/sql","network.protocol.version":"1.1"},{"Message":"ConnectionId:0HNN98GFB6NRF","ConnectionId":"0HNN98GFB6NRF"},{"Message":"RequestPath:/v1/db/protocol_udp/sql RequestId:0HNN98GFB6NRF:00000002","RequestId":"0HNN98GFB6NRF:00000002","RequestPath":"/v1/db/protocol_udp/sql"}]}
{"Timestamp":"2026-07-24T05:27:05.708Z","EventId":2,"LogLevel":"Information","Category":"Microsoft.AspNetCore.Hosting.Diagnostics","Message":"Request finished HTTP/1.1 POST http://127.0.0.1:34663/v1/db/protocol_udp/sql - 200 - application/x-ndjson;\u002Bcharset=utf-8 0.5011ms","State":{"ElapsedMilliseconds":0.5011,"StatusCode":200,"ContentType":"application/x-ndjson; charset=utf-8","ContentLength":null,"Protocol":"HTTP/1.1","Method":"POST","Scheme":"http","Host":"127.0.0.1:34663","PathBase":"","Path":"/v1/db/protocol_udp/sql","QueryString":"","{OriginalFormat}":"Request finished {Protocol} {Method} {Scheme}://{Host}{PathBase}{Path}{QueryString} - {StatusCode} {ContentLength} {ContentType} {ElapsedMilliseconds}ms"},"Scopes":[{"Message":"SpanId:5b90b4eab0507a68, TraceId:6097cd2d496b81a1fec910a40841ca9d, ParentId:14522a95fe70e385","SpanId":"5b90b4eab0507a68","TraceId":"6097cd2d496b81a1fec910a40841ca9d","ParentId":"14522a95fe70e385"},{"Message":"http.request.method:POST, server.address:127.0.0.1, server.port:34663, url.scheme:http, url.path:/v1/db/protocol_udp/sql, network.protocol.version:1.1","http.request.method":"POST","server.address":"127.0.0.1","server.port":34663,"url.scheme":"http","url.path":"/v1/db/protocol_udp/sql","network.protocol.version":"1.1"},{"Message":"ConnectionId:0HNN98GFB6NRF","ConnectionId":"0HNN98GFB6NRF"},{"Message":"RequestPath:/v1/db/protocol_udp/sql RequestId:0HNN98GFB6NRF:00000002","RequestId":"0HNN98GFB6NRF:00000002","RequestPath":"/v1/db/protocol_udp/sql"}]}
{"Timestamp":"2026-07-24T05:27:05.709Z","EventId":1,"LogLevel":"Information","Category":"Microsoft.AspNetCore.Hosting.Diagnostics","Message":"Request starting HTTP/1.1 POST http://127.0.0.1:34663/v1/db/protocol_mqtt/sql - application/json;\u002Bcharset=utf-8 66","State":{"Protocol":"HTTP/1.1","Method":"POST","ContentType":"application/json; charset=utf-8","ContentLength":66,"Scheme":"http","Host":"127.0.0.1:34663","PathBase":"","Path":"/v1/db/protocol_mqtt/sql","QueryString":"","{OriginalFormat}":"Request starting {Protocol} {Method} {Scheme}://{Host}{PathBase}{Path}{QueryString} - {ContentType} {ContentLength}"},"Scopes":[{"Message":"SpanId:f711dfd2b3fd2934, TraceId:0d0e3bcb27fc19d1198c633029b64841, ParentId:8307dc439f529a63","SpanId":"f711dfd2b3fd2934","TraceId":"0d0e3bcb27fc19d1198c633029b64841","ParentId":"8307dc439f529a63"},{"Message":"http.request.method:POST, server.address:127.0.0.1, server.port:34663, url.scheme:http, url.path:/v1/db/protocol_mqtt/sql, network.protocol.version:1.1","http.request.method":"POST","server.address":"127.0.0.1","server.port":34663,"url.scheme":"http","url.path":"/v1/db/protocol_mqtt/sql","network.protocol.version":"1.1"},{"Message":"ConnectionId:0HNN98GFB6NRF","ConnectionId":"0HNN98GFB6NRF"},{"Message":"RequestPath:/v1/db/protocol_mqtt/sql RequestId:0HNN98GFB6NRF:00000003","RequestId":"0HNN98GFB6NRF:00000003","RequestPath":"/v1/db/protocol_mqtt/sql"}]}
{"Timestamp":"2026-07-24T05:27:05.709Z","EventId":0,"LogLevel":"Information","Category":"Microsoft.AspNetCore.Routing.EndpointMiddleware","Message":"Executing endpoint \u0027HTTP: POST /v1/db/{db}/sql\u0027","State":{"EndpointName":"HTTP: POST /v1/db/{db}/sql","{OriginalFormat}":"Executing endpoint \u0027{EndpointName}\u0027"},"Scopes":[{"Message":"SpanId:f711dfd2b3fd2934, TraceId:0d0e3bcb27fc19d1198c633029b64841, ParentId:8307dc439f529a63","SpanId":"f711dfd2b3fd2934","TraceId":"0d0e3bcb27fc19d1198c633029b64841","ParentId":"8307dc439f529a63"},{"Message":"http.request.method:POST, server.address:127.0.0.1, server.port:34663, url.scheme:http, url.path:/v1/db/protocol_mqtt/sql, network.protocol.version:1.1","http.request.method":"POST","server.address":"127.0.0.1","server.port":34663,"url.scheme":"http","url.path":"/v1/db/protocol_mqtt/sql","network.protocol.version":"1.1"},{"Message":"ConnectionId:0HNN98GFB6NRF","ConnectionId":"0HNN98GFB6NRF"},{"Message":"RequestPath:/v1/db/protocol_mqtt/sql RequestId:0HNN98GFB6NRF:00000003","RequestId":"0HNN98GFB6NRF:00000003","RequestPath":"/v1/db/protocol_mqtt/sql"}]}
{"Timestamp":"2026-07-24T05:27:05.709Z","EventId":1,"LogLevel":"Information","Category":"Microsoft.AspNetCore.Routing.EndpointMiddleware","Message":"Executed endpoint \u0027HTTP: POST /v1/db/{db}/sql\u0027","State":{"EndpointName":"HTTP: POST /v1/db/{db}/sql","{OriginalFormat}":"Executed endpoint \u0027{EndpointName}\u0027"},"Scopes":[{"Message":"SpanId:f711dfd2b3fd2934, TraceId:0d0e3bcb27fc19d1198c633029b64841, ParentId:8307dc439f529a63","SpanId":"f711dfd2b3fd2934","TraceId":"0d0e3bcb27fc19d1198c633029b64841","ParentId":"8307dc439f529a63"},{"Message":"http.request.method:POST, server.address:127.0.0.1, server.port:34663, url.scheme:http, url.path:/v1/db/protocol_mqtt/sql, network.protocol.version:1.1","http.request.method":"POST","server.address":"127.0.0.1","server.port":34663,"url.scheme":"http","url.path":"/v1/db/protocol_mqtt/sql","network.protocol.version":"1.1"},{"Message":"ConnectionId:0HNN98GFB6NRF","ConnectionId":"0HNN98GFB6NRF"},{"Message":"RequestPath:/v1/db/protocol_mqtt/sql RequestId:0HNN98GFB6NRF:00000003","RequestId":"0HNN98GFB6NRF:00000003","RequestPath":"/v1/db/protocol_mqtt/sql"}]}
{"Timestamp":"2026-07-24T05:27:05.709Z","EventId":2,"LogLevel":"Information","Category":"Microsoft.AspNetCore.Hosting.Diagnostics","Message":"Request finished HTTP/1.1 POST http://127.0.0.1:34663/v1/db/protocol_mqtt/sql - 200 - application/x-ndjson;\u002Bcharset=utf-8 0.3855ms","State":{"ElapsedMilliseconds":0.3855,"StatusCode":200,"ContentType":"application/x-ndjson; charset=utf-8","ContentLength":null,"Protocol":"HTTP/1.1","Method":"POST","Scheme":"http","Host":"127.0.0.1:34663","PathBase":"","Path":"/v1/db/protocol_mqtt/sql","QueryString":"","{OriginalFormat}":"Request finished {Protocol} {Method} {Scheme}://{Host}{PathBase}{Path}{QueryString} - {StatusCode} {ContentLength} {ContentType} {ElapsedMilliseconds}ms"},"Scopes":[{"Message":"SpanId:f711dfd2b3fd2934, TraceId:0d0e3bcb27fc19d1198c633029b64841, ParentId:8307dc439f529a63","SpanId":"f711dfd2b3fd2934","TraceId":"0d0e3bcb27fc19d1198c633029b64841","ParentId":"8307dc439f529a63"},{"Message":"http.request.method:POST, server.address:127.0.0.1, server.port:34663, url.scheme:http, url.path:/v1/db/protocol_mqtt/sql, network.protocol.version:1.1","http.request.method":"POST","server.address":"127.0.0.1","server.port":34663,"url.scheme":"http","url.path":"/v1/db/protocol_mqtt/sql","network.protocol.version":"1.1"},{"Message":"ConnectionId:0HNN98GFB6NRF","ConnectionId":"0HNN98GFB6NRF"},{"Message":"RequestPath:/v1/db/protocol_mqtt/sql RequestId:0HNN98GFB6NRF:00000003","RequestId":"0HNN98GFB6NRF:00000003","RequestPath":"/v1/db/protocol_mqtt/sql"}]}
{"Timestamp":"2026-07-24T05:27:05.710Z","EventId":1,"LogLevel":"Information","Category":"Microsoft.AspNetCore.Hosting.Diagnostics","Message":"Request starting HTTP/1.1 POST http://127.0.0.1:34663/v1/db/protocol_coap/sql - application/json;\u002Bcharset=utf-8 66","State":{"Protocol":"HTTP/1.1","Method":"POST","ContentType":"application/json; charset=utf-8","ContentLength":66,"Scheme":"http","Host":"127.0.0.1:34663","PathBase":"","Path":"/v1/db/protocol_coap/sql","QueryString":"","{OriginalFormat}":"Request starting {Protocol} {Method} {Scheme}://{Host}{PathBase}{Path}{QueryString} - {ContentType} {ContentLength}"},"Scopes":[{"Message":"SpanId:e5800826174be281, TraceId:94be9dd53b703a6e9da6464c8e50c59d, ParentId:c8e98fc5d81ceacd","SpanId":"e5800826174be281","TraceId":"94be9dd53b703a6e9da6464c8e50c59d","ParentId":"c8e98fc5d81ceacd"},{"Message":"http.request.method:POST, server.address:127.0.0.1, server.port:34663, url.scheme:http, url.path:/v1/db/protocol_coap/sql, network.protocol.version:1.1","http.request.method":"POST","server.address":"127.0.0.1","server.port":34663,"url.scheme":"http","url.path":"/v1/db/protocol_coap/sql","network.protocol.version":"1.1"},{"Message":"ConnectionId:0HNN98GFB6NRF","ConnectionId":"0HNN98GFB6NRF"},{"Message":"RequestPath:/v1/db/protocol_coap/sql RequestId:0HNN98GFB6NRF:00000004","RequestId":"0HNN98GFB6NRF:00000004","RequestPath":"/v1/db/protocol_coap/sql"}]}
{"Timestamp":"2026-07-24T05:27:05.710Z","EventId":0,"LogLevel":"Information","Category":"Microsoft.AspNetCore.Routing.EndpointMiddleware","Message":"Executing endpoint \u0027HTTP: POST /v1/db/{db}/sql\u0027","State":{"EndpointName":"HTTP: POST /v1/db/{db}/sql","{OriginalFormat}":"Executing endpoint \u0027{EndpointName}\u0027"},"Scopes":[{"Message":"SpanId:e5800826174be281, TraceId:94be9dd53b703a6e9da6464c8e50c59d, ParentId:c8e98fc5d81ceacd","SpanId":"e5800826174be281","TraceId":"94be9dd53b703a6e9da6464c8e50c59d","ParentId":"c8e98fc5d81ceacd"},{"Message":"http.request.method:POST, server.address:127.0.0.1, server.port:34663, url.scheme:http, url.path:/v1/db/protocol_coap/sql, network.protocol.version:1.1","http.request.method":"POST","server.address":"127.0.0.1","server.port":34663,"url.scheme":"http","url.path":"/v1/db/protocol_coap/sql","network.protocol.version":"1.1"},{"Message":"ConnectionId:0HNN98GFB6NRF","ConnectionId":"0HNN98GFB6NRF"},{"Message":"RequestPath:/v1/db/protocol_coap/sql RequestId:0HNN98GFB6NRF:00000004","RequestId":"0HNN98GFB6NRF:00000004","RequestPath":"/v1/db/protocol_coap/sql"}]}
{"Timestamp":"2026-07-24T05:27:05.710Z","EventId":1,"LogLevel":"Information","Category":"Microsoft.AspNetCore.Routing.EndpointMiddleware","Message":"Executed endpoint \u0027HTTP: POST /v1/db/{db}/sql\u0027","State":{"EndpointName":"HTTP: POST /v1/db/{db}/sql","{OriginalFormat}":"Executed endpoint \u0027{EndpointName}\u0027"},"Scopes":[{"Message":"SpanId:e5800826174be281, TraceId:94be9dd53b703a6e9da6464c8e50c59d, ParentId:c8e98fc5d81ceacd","SpanId":"e5800826174be281","TraceId":"94be9dd53b703a6e9da6464c8e50c59d","ParentId":"c8e98fc5d81ceacd"},{"Message":"http.request.method:POST, server.address:127.0.0.1, server.port:34663, url.scheme:http, url.path:/v1/db/protocol_coap/sql, network.protocol.version:1.1","http.request.method":"POST","server.address":"127.0.0.1","server.port":34663,"url.scheme":"http","url.path":"/v1/db/protocol_coap/sql","network.protocol.version":"1.1"},{"Message":"ConnectionId:0HNN98GFB6NRF","ConnectionId":"0HNN98GFB6NRF"},{"Message":"RequestPath:/v1/db/protocol_coap/sql RequestId:0HNN98GFB6NRF:00000004","RequestId":"0HNN98GFB6NRF:00000004","RequestPath":"/v1/db/protocol_coap/sql"}]}
{"Timestamp":"2026-07-24T05:27:05.710Z","EventId":2,"LogLevel":"Information","Category":"Microsoft.AspNetCore.Hosting.Diagnostics","Message":"Request finished HTTP/1.1 POST http://127.0.0.1:34663/v1/db/protocol_coap/sql - 200 - application/x-ndjson;\u002Bcharset=utf-8 0.4312ms","State":{"ElapsedMilliseconds":0.4312,"StatusCode":200,"ContentType":"application/x-ndjson; charset=utf-8","ContentLength":null,"Protocol":"HTTP/1.1","Method":"POST","Scheme":"http","Host":"127.0.0.1:34663","PathBase":"","Path":"/v1/db/protocol_coap/sql","QueryString":"","{OriginalFormat}":"Request finished {Protocol} {Method} {Scheme}://{Host}{PathBase}{Path}{QueryString} - {StatusCode} {ContentLength} {ContentType} {ElapsedMilliseconds}ms"},"Scopes":[{"Message":"SpanId:e5800826174be281, TraceId:94be9dd53b703a6e9da6464c8e50c59d, ParentId:c8e98fc5d81ceacd","SpanId":"e5800826174be281","TraceId":"94be9dd53b703a6e9da6464c8e50c59d","ParentId":"c8e98fc5d81ceacd"},{"Message":"http.request.method:POST, server.address:127.0.0.1, server.port:34663, url.scheme:http, url.path:/v1/db/protocol_coap/sql, network.protocol.version:1.1","http.request.method":"POST","server.address":"127.0.0.1","server.port":34663,"url.scheme":"http","url.path":"/v1/db/protocol_coap/sql","network.protocol.version":"1.1"},{"Message":"ConnectionId:0HNN98GFB6NRF","ConnectionId":"0HNN98GFB6NRF"},{"Message":"RequestPath:/v1/db/protocol_coap/sql RequestId:0HNN98GFB6NRF:00000004","RequestId":"0HNN98GFB6NRF:00000004","RequestPath":"/v1/db/protocol_coap/sql"}]}
{"Timestamp":"2026-07-24T05:27:05.715Z","EventId":0,"LogLevel":"Information","Category":"Microsoft.Hosting.Lifetime","Message":"Application is shutting down...","State":{"{OriginalFormat}":"Application is shutting down..."},"Scopes":[]}
[xUnit.net 00:00:36.17]   Finished:    SonnetDB.Parity
</StdOut>
    </Output>
    <RunInfos>
      <RunInfo computerName="runnervmvrwv9" outcome="Error" timestamp="2026-07-24T05:26:32.1058411+00:00">
        <Text>[xUnit.net 00:00:02.26]     SonnetDB.Parity.Runner.FrameRestTransportParitySuite.FrameHttp2_And_Rest_AreSemanticallyEquivalent_ForAllServices [FAIL]</Text>
      </RunInfo>
      <RunInfo computerName="runnervmvrwv9" outcome="Error" timestamp="2026-07-24T05:26:52.7284580+00:00">
        <Text>[xUnit.net 00:00:22.88]     SonnetDB.Parity.Runner.ParityRunner.TsdbSuite_SonnetDbMatchesInfluxDbAndVictoriaMetrics [FAIL]</Text>
      </RunInfo>
      <RunInfo computerName="runnervmvrwv9" outcome="Error" timestamp="2026-07-24T05:26:54.7029076+00:00">
        <Text>[xUnit.net 00:00:24.86]     SonnetDB.Parity.Runner.ParityRunner.VectorSuite_SonnetDbMatchesQdrant [FAIL]</Text>
      </RunInfo>
      <RunInfo computerName="runnervmvrwv9" outcome="Error" timestamp="2026-07-24T05:27:03.7600743+00:00">
        <Text>[xUnit.net 00:00:33.92]     SonnetDB.Parity.Runner.ParityRunner.FullTextSuite_SonnetDbMatchesMeilisearch [FAIL]</Text>
      </RunInfo>
    </RunInfos>
  </ResultSummary>
</TestRun>